{"C:/Users/PaoloCattani/Workspaces/Workspaces_private/calcetto/coverage-coverage/block-navigation.js": {"path":"C:/Users/PaoloCattani/Workspaces/Workspaces_private/calcetto/coverage-coverage/block-navigation.js","statementMap":{},"fnMap":{},"branchMap":{},"s":{},"f":{},"b":{}}
,"C:/Users/PaoloCattani/Workspaces/Workspaces_private/calcetto/coverage-coverage/prettify.js": {"path":"C:/Users/PaoloCattani/Workspaces/Workspaces_private/calcetto/coverage-coverage/prettify.js","statementMap":{},"fnMap":{},"branchMap":{},"s":{},"f":{},"b":{}}
,"C:/Users/PaoloCattani/Workspaces/Workspaces_private/calcetto/coverage-coverage/sorter.js": {"path":"C:/Users/PaoloCattani/Workspaces/Workspaces_private/calcetto/coverage-coverage/sorter.js","statementMap":{},"fnMap":{},"branchMap":{},"s":{},"f":{},"b":{}}
,"C:/Users/PaoloCattani/Workspaces/Workspaces_private/calcetto/coverage-coverage/lcov-report/block-navigation.js": {"path":"C:/Users/PaoloCattani/Workspaces/Workspaces_private/calcetto/coverage-coverage/lcov-report/block-navigation.js","statementMap":{},"fnMap":{},"branchMap":{},"s":{},"f":{},"b":{}}
,"C:/Users/PaoloCattani/Workspaces/Workspaces_private/calcetto/coverage-coverage/lcov-report/prettify.js": {"path":"C:/Users/PaoloCattani/Workspaces/Workspaces_private/calcetto/coverage-coverage/lcov-report/prettify.js","statementMap":{},"fnMap":{},"branchMap":{},"s":{},"f":{},"b":{}}
,"C:/Users/PaoloCattani/Workspaces/Workspaces_private/calcetto/coverage-coverage/lcov-report/sorter.js": {"path":"C:/Users/PaoloCattani/Workspaces/Workspaces_private/calcetto/coverage-coverage/lcov-report/sorter.js","statementMap":{},"fnMap":{},"branchMap":{},"s":{},"f":{},"b":{}}
,"C:\\Users\\PaoloCattani\\Workspaces\\Workspaces_private\\calcetto\\server\\server.ts": {"path":"C:\\Users\\PaoloCattani\\Workspaces\\Workspaces_private\\calcetto\\server\\server.ts","statementMap":{"0":{"start":{"line":3,"column":26},"end":{"line":3,"column":41}},"1":{"start":{"line":4,"column":26},"end":{"line":4,"column":53}},"2":{"start":{"line":5,"column":26},"end":{"line":5,"column":51}}},"fnMap":{},"branchMap":{},"s":{"0":0,"1":0,"2":0},"f":{},"b":{},"all":true}
,"C:/Users/PaoloCattani/Workspaces/Workspaces_private/calcetto/server/server.ts": {"path":"C:/Users/PaoloCattani/Workspaces/Workspaces_private/calcetto/server/server.ts","statementMap":{},"fnMap":{},"branchMap":{},"s":{},"f":{},"b":{}}
,"C:\\Users\\PaoloCattani\\Workspaces\\Workspaces_private\\calcetto\\server\\controller\\common.response.ts": {"path":"C:\\Users\\PaoloCattani\\Workspaces\\Workspaces_private\\calcetto\\server\\controller\\common.response.ts","statementMap":{"0":{"start":{"line":7,"column":30},"end":{"line":22,"column":1}},"1":{"start":{"line":15,"column":1},"end":{"line":15,"column":54}},"2":{"start":{"line":16,"column":1},"end":{"line":21,"column":4}},"3":{"start":{"line":25,"column":28},"end":{"line":38,"column":2}},"4":{"start":{"line":31,"column":1},"end":{"line":38,"column":2}},"5":{"start":{"line":39,"column":25},"end":{"line":52,"column":2}},"6":{"start":{"line":45,"column":1},"end":{"line":52,"column":2}},"7":{"start":{"line":55,"column":23},"end":{"line":69,"column":2}},"8":{"start":{"line":62,"column":1},"end":{"line":69,"column":2}},"9":{"start":{"line":72,"column":23},"end":{"line":73,"column":103}},"10":{"start":{"line":73,"column":1},"end":{"line":73,"column":103}},"11":{"start":{"line":76,"column":30},"end":{"line":77,"column":96}},"12":{"start":{"line":77,"column":1},"end":{"line":77,"column":96}},"13":{"start":{"line":80,"column":33},"end":{"line":88,"column":2}},"14":{"start":{"line":81,"column":1},"end":{"line":88,"column":2}},"15":{"start":{"line":91,"column":37},"end":{"line":99,"column":2}},"16":{"start":{"line":92,"column":1},"end":{"line":99,"column":2}},"17":{"start":{"line":102,"column":27},"end":{"line":110,"column":1}},"18":{"start":{"line":108,"column":1},"end":{"line":108,"column":45}},"19":{"start":{"line":109,"column":1},"end":{"line":109,"column":51}}},"fnMap":{"0":{"name":"(anonymous_0)","decl":{"start":{"line":7,"column":30},"end":{"line":7,"column":31}},"loc":{"start":{"line":14,"column":5},"end":{"line":22,"column":1}},"line":14},"1":{"name":"(anonymous_1)","decl":{"start":{"line":25,"column":28},"end":{"line":25,"column":29}},"loc":{"start":{"line":31,"column":1},"end":{"line":38,"column":2}},"line":31},"2":{"name":"(anonymous_2)","decl":{"start":{"line":39,"column":25},"end":{"line":39,"column":26}},"loc":{"start":{"line":45,"column":1},"end":{"line":52,"column":2}},"line":45},"3":{"name":"(anonymous_3)","decl":{"start":{"line":55,"column":23},"end":{"line":55,"column":24}},"loc":{"start":{"line":62,"column":1},"end":{"line":69,"column":2}},"line":62},"4":{"name":"(anonymous_4)","decl":{"start":{"line":72,"column":23},"end":{"line":72,"column":24}},"loc":{"start":{"line":73,"column":1},"end":{"line":73,"column":103}},"line":73},"5":{"name":"(anonymous_5)","decl":{"start":{"line":76,"column":30},"end":{"line":76,"column":31}},"loc":{"start":{"line":77,"column":1},"end":{"line":77,"column":96}},"line":77},"6":{"name":"(anonymous_6)","decl":{"start":{"line":80,"column":33},"end":{"line":80,"column":34}},"loc":{"start":{"line":81,"column":1},"end":{"line":88,"column":2}},"line":81},"7":{"name":"(anonymous_7)","decl":{"start":{"line":91,"column":37},"end":{"line":91,"column":38}},"loc":{"start":{"line":92,"column":1},"end":{"line":99,"column":2}},"line":92},"8":{"name":"(anonymous_8)","decl":{"start":{"line":102,"column":27},"end":{"line":102,"column":28}},"loc":{"start":{"line":107,"column":5},"end":{"line":110,"column":1}},"line":107}},"branchMap":{"0":{"loc":{"start":{"line":34,"column":2},"end":{"line":34,"column":37}},"type":"binary-expr","locations":[{"start":{"line":34,"column":2},"end":{"line":34,"column":17}},{"start":{"line":34,"column":21},"end":{"line":34,"column":37}}],"line":34},"1":{"loc":{"start":{"line":48,"column":2},"end":{"line":48,"column":34}},"type":"binary-expr","locations":[{"start":{"line":48,"column":2},"end":{"line":48,"column":17}},{"start":{"line":48,"column":21},"end":{"line":48,"column":34}}],"line":48},"2":{"loc":{"start":{"line":64,"column":2},"end":{"line":64,"column":37}},"type":"binary-expr","locations":[{"start":{"line":64,"column":2},"end":{"line":64,"column":8}},{"start":{"line":64,"column":12},"end":{"line":64,"column":37}}],"line":64},"3":{"loc":{"start":{"line":65,"column":2},"end":{"line":65,"column":35}},"type":"binary-expr","locations":[{"start":{"line":65,"column":2},"end":{"line":65,"column":17}},{"start":{"line":65,"column":21},"end":{"line":65,"column":35}}],"line":65}},"s":{"0":0,"1":0,"2":0,"3":0,"4":0,"5":0,"6":0,"7":0,"8":0,"9":0,"10":0,"11":0,"12":0,"13":0,"14":0,"15":0,"16":0,"17":0,"18":0,"19":0},"f":{"0":0,"1":0,"2":0,"3":0,"4":0,"5":0,"6":0,"7":0,"8":0},"b":{"0":[0,0],"1":[0,0],"2":[0,0],"3":[0,0]},"all":true}
,"C:/Users/PaoloCattani/Workspaces/Workspaces_private/calcetto/server/controller/common.response.ts": {"path":"C:/Users/PaoloCattani/Workspaces/Workspaces_private/calcetto/server/controller/common.response.ts","statementMap":{},"fnMap":{},"branchMap":{},"s":{},"f":{},"b":{}}
,"C:\\Users\\PaoloCattani\\Workspaces\\Workspaces_private\\calcetto\\server\\controller\\index.ts": {"path":"C:\\Users\\PaoloCattani\\Workspaces\\Workspaces_private\\calcetto\\server\\controller\\index.ts","statementMap":{"0":{"start":{"line":22,"column":2},"end":{"line":22,"column":58}},"1":{"start":{"line":23,"column":2},"end":{"line":23,"column":50}},"2":{"start":{"line":24,"column":2},"end":{"line":24,"column":50}},"3":{"start":{"line":25,"column":2},"end":{"line":25,"column":50}},"4":{"start":{"line":26,"column":2},"end":{"line":26,"column":46}},"5":{"start":{"line":27,"column":2},"end":{"line":27,"column":46}},"6":{"start":{"line":30,"column":2},"end":{"line":30,"column":63}},"7":{"start":{"line":34,"column":1},"end":{"line":34,"column":120}},"8":{"start":{"line":34,"column":67},"end":{"line":34,"column":118}},"9":{"start":{"line":37,"column":2},"end":{"line":41,"column":4}},"10":{"start":{"line":38,"column":4},"end":{"line":40,"column":108}}},"fnMap":{"0":{"name":"(anonymous_0)","decl":{"start":{"line":20,"column":15},"end":{"line":20,"column":16}},"loc":{"start":{"line":20,"column":58},"end":{"line":42,"column":1}},"line":20},"1":{"name":"(anonymous_1)","decl":{"start":{"line":34,"column":34},"end":{"line":34,"column":35}},"loc":{"start":{"line":34,"column":67},"end":{"line":34,"column":118}},"line":34},"2":{"name":"(anonymous_2)","decl":{"start":{"line":37,"column":29},"end":{"line":37,"column":30}},"loc":{"start":{"line":38,"column":4},"end":{"line":40,"column":108}},"line":38}},"branchMap":{"0":{"loc":{"start":{"line":34,"column":88},"end":{"line":34,"column":115}},"type":"binary-expr","locations":[{"start":{"line":34,"column":88},"end":{"line":34,"column":107}},{"start":{"line":34,"column":111},"end":{"line":34,"column":115}}],"line":34}},"s":{"0":0,"1":0,"2":0,"3":0,"4":0,"5":0,"6":0,"7":0,"8":0,"9":0,"10":0},"f":{"0":0,"1":0,"2":0},"b":{"0":[0,0]},"all":true}
,"C:/Users/PaoloCattani/Workspaces/Workspaces_private/calcetto/server/controller/index.ts": {"path":"C:/Users/PaoloCattani/Workspaces/Workspaces_private/calcetto/server/controller/index.ts","statementMap":{},"fnMap":{},"branchMap":{},"s":{},"f":{},"b":{}}
,"C:\\Users\\PaoloCattani\\Workspaces\\Workspaces_private\\calcetto\\server\\controller\\pair.controller.ts": {"path":"C:\\Users\\PaoloCattani\\Workspaces\\Workspaces_private\\calcetto\\server\\controller\\pair.controller.ts","statementMap":{"0":{"start":{"line":22,"column":15},"end":{"line":22,"column":23}},"1":{"start":{"line":23,"column":0},"end":{"line":25,"column":2}},"2":{"start":{"line":24,"column":1},"end":{"line":24,"column":63}},"3":{"start":{"line":28,"column":0},"end":{"line":46,"column":2}},"4":{"start":{"line":33,"column":2},"end":{"line":44,"column":3}},"5":{"start":{"line":34,"column":27},"end":{"line":34,"column":30}},"6":{"start":{"line":35,"column":3},"end":{"line":37,"column":4}},"7":{"start":{"line":36,"column":4},"end":{"line":36,"column":34}},"8":{"start":{"line":38,"column":15},"end":{"line":38,"column":44}},"9":{"start":{"line":39,"column":3},"end":{"line":39,"column":87}},"10":{"start":{"line":40,"column":21},"end":{"line":40,"column":55}},"11":{"start":{"line":41,"column":3},"end":{"line":41,"column":84}},"12":{"start":{"line":43,"column":3},"end":{"line":43,"column":58}},"13":{"start":{"line":48,"column":0},"end":{"line":69,"column":2}},"14":{"start":{"line":53,"column":2},"end":{"line":67,"column":3}},"15":{"start":{"line":55,"column":36},"end":{"line":55,"column":78}},"16":{"start":{"line":56,"column":3},"end":{"line":56,"column":50}},"17":{"start":{"line":57,"column":3},"end":{"line":59,"column":4}},"18":{"start":{"line":58,"column":4},"end":{"line":58,"column":34}},"19":{"start":{"line":60,"column":17},"end":{"line":63,"column":4}},"20":{"start":{"line":64,"column":3},"end":{"line":64,"column":79}},"21":{"start":{"line":66,"column":3},"end":{"line":66,"column":59}},"22":{"start":{"line":73,"column":0},"end":{"line":114,"column":2}},"23":{"start":{"line":78,"column":38},"end":{"line":78,"column":46}},"24":{"start":{"line":79,"column":36},"end":{"line":79,"column":43}},"25":{"start":{"line":80,"column":2},"end":{"line":82,"column":3}},"26":{"start":{"line":81,"column":3},"end":{"line":81,"column":33}},"27":{"start":{"line":83,"column":21},"end":{"line":83,"column":44}},"28":{"start":{"line":84,"column":22},"end":{"line":84,"column":52}},"29":{"start":{"line":85,"column":2},"end":{"line":103,"column":3}},"30":{"start":{"line":87,"column":3},"end":{"line":90,"column":5}},"31":{"start":{"line":92,"column":3},"end":{"line":98,"column":5}},"32":{"start":{"line":95,"column":92},"end":{"line":95,"column":97}},"33":{"start":{"line":99,"column":3},"end":{"line":99,"column":30}},"34":{"start":{"line":101,"column":3},"end":{"line":101,"column":32}},"35":{"start":{"line":102,"column":3},"end":{"line":102,"column":62}},"36":{"start":{"line":105,"column":2},"end":{"line":112,"column":4}},"37":{"start":{"line":117,"column":0},"end":{"line":139,"column":2}},"38":{"start":{"line":122,"column":14},"end":{"line":122,"column":44}},"39":{"start":{"line":123,"column":2},"end":{"line":137,"column":3}},"40":{"start":{"line":124,"column":27},"end":{"line":124,"column":31}},"41":{"start":{"line":125,"column":3},"end":{"line":125,"column":68}},"42":{"start":{"line":125,"column":15},"end":{"line":125,"column":68}},"43":{"start":{"line":127,"column":3},"end":{"line":133,"column":4}},"44":{"start":{"line":128,"column":4},"end":{"line":128,"column":27}},"45":{"start":{"line":129,"column":4},"end":{"line":129,"column":49}},"46":{"start":{"line":131,"column":4},"end":{"line":131,"column":34}},"47":{"start":{"line":132,"column":4},"end":{"line":132,"column":49}},"48":{"start":{"line":134,"column":3},"end":{"line":134,"column":103}},"49":{"start":{"line":136,"column":3},"end":{"line":136,"column":55}},"50":{"start":{"line":142,"column":0},"end":{"line":160,"column":2}},"51":{"start":{"line":147,"column":2},"end":{"line":158,"column":3}},"52":{"start":{"line":148,"column":39},"end":{"line":148,"column":47}},"53":{"start":{"line":149,"column":3},"end":{"line":151,"column":4}},"54":{"start":{"line":150,"column":4},"end":{"line":150,"column":34}},"55":{"start":{"line":152,"column":3},"end":{"line":152,"column":78}},"56":{"start":{"line":152,"column":66},"end":{"line":152,"column":71}},"57":{"start":{"line":153,"column":3},"end":{"line":155,"column":6}},"58":{"start":{"line":157,"column":3},"end":{"line":157,"column":63}}},"fnMap":{"0":{"name":"(anonymous_0)","decl":{"start":{"line":23,"column":16},"end":{"line":23,"column":17}},"loc":{"start":{"line":24,"column":1},"end":{"line":24,"column":63}},"line":24},"1":{"name":"(anonymous_1)","decl":{"start":{"line":32,"column":17},"end":{"line":32,"column":18}},"loc":{"start":{"line":32,"column":59},"end":{"line":45,"column":2}},"line":32},"2":{"name":"(anonymous_2)","decl":{"start":{"line":52,"column":17},"end":{"line":52,"column":18}},"loc":{"start":{"line":52,"column":59},"end":{"line":68,"column":2}},"line":52},"3":{"name":"(anonymous_3)","decl":{"start":{"line":77,"column":17},"end":{"line":77,"column":18}},"loc":{"start":{"line":77,"column":56},"end":{"line":113,"column":2}},"line":77},"4":{"name":"(anonymous_4)","decl":{"start":{"line":95,"column":85},"end":{"line":95,"column":86}},"loc":{"start":{"line":95,"column":92},"end":{"line":95,"column":97}},"line":95},"5":{"name":"(anonymous_5)","decl":{"start":{"line":121,"column":17},"end":{"line":121,"column":18}},"loc":{"start":{"line":121,"column":56},"end":{"line":138,"column":2}},"line":121},"6":{"name":"(anonymous_6)","decl":{"start":{"line":146,"column":17},"end":{"line":146,"column":18}},"loc":{"start":{"line":146,"column":56},"end":{"line":159,"column":2}},"line":146},"7":{"name":"(anonymous_7)","decl":{"start":{"line":152,"column":59},"end":{"line":152,"column":60}},"loc":{"start":{"line":152,"column":66},"end":{"line":152,"column":71}},"line":152}},"branchMap":{"0":{"loc":{"start":{"line":35,"column":3},"end":{"line":37,"column":4}},"type":"if","locations":[{"start":{"line":35,"column":3},"end":{"line":37,"column":4}},{"start":{"line":35,"column":3},"end":{"line":37,"column":4}}],"line":35},"1":{"loc":{"start":{"line":57,"column":3},"end":{"line":59,"column":4}},"type":"if","locations":[{"start":{"line":57,"column":3},"end":{"line":59,"column":4}},{"start":{"line":57,"column":3},"end":{"line":59,"column":4}}],"line":57},"2":{"loc":{"start":{"line":57,"column":7},"end":{"line":57,"column":31}},"type":"binary-expr","locations":[{"start":{"line":57,"column":7},"end":{"line":57,"column":17}},{"start":{"line":57,"column":21},"end":{"line":57,"column":31}}],"line":57},"3":{"loc":{"start":{"line":80,"column":2},"end":{"line":82,"column":3}},"type":"if","locations":[{"start":{"line":80,"column":2},"end":{"line":82,"column":3}},{"start":{"line":80,"column":2},"end":{"line":82,"column":3}}],"line":80},"4":{"loc":{"start":{"line":107,"column":12},"end":{"line":107,"column":72}},"type":"cond-expr","locations":[{"start":{"line":107,"column":35},"end":{"line":107,"column":52}},{"start":{"line":107,"column":55},"end":{"line":107,"column":72}}],"line":107},"5":{"loc":{"start":{"line":125,"column":3},"end":{"line":125,"column":68}},"type":"if","locations":[{"start":{"line":125,"column":3},"end":{"line":125,"column":68}},{"start":{"line":125,"column":3},"end":{"line":125,"column":68}}],"line":125},"6":{"loc":{"start":{"line":127,"column":3},"end":{"line":133,"column":4}},"type":"if","locations":[{"start":{"line":127,"column":3},"end":{"line":133,"column":4}},{"start":{"line":127,"column":3},"end":{"line":133,"column":4}}],"line":127},"7":{"loc":{"start":{"line":149,"column":3},"end":{"line":151,"column":4}},"type":"if","locations":[{"start":{"line":149,"column":3},"end":{"line":151,"column":4}},{"start":{"line":149,"column":3},"end":{"line":151,"column":4}}],"line":149},"8":{"loc":{"start":{"line":153,"column":33},"end":{"line":153,"column":99}},"type":"cond-expr","locations":[{"start":{"line":153,"column":64},"end":{"line":153,"column":80}},{"start":{"line":153,"column":83},"end":{"line":153,"column":99}}],"line":153}},"s":{"0":0,"1":0,"2":0,"3":0,"4":0,"5":0,"6":0,"7":0,"8":0,"9":0,"10":0,"11":0,"12":0,"13":0,"14":0,"15":0,"16":0,"17":0,"18":0,"19":0,"20":0,"21":0,"22":0,"23":0,"24":0,"25":0,"26":0,"27":0,"28":0,"29":0,"30":0,"31":0,"32":0,"33":0,"34":0,"35":0,"36":0,"37":0,"38":0,"39":0,"40":0,"41":0,"42":0,"43":0,"44":0,"45":0,"46":0,"47":0,"48":0,"49":0,"50":0,"51":0,"52":0,"53":0,"54":0,"55":0,"56":0,"57":0,"58":0},"f":{"0":0,"1":0,"2":0,"3":0,"4":0,"5":0,"6":0,"7":0},"b":{"0":[0,0],"1":[0,0],"2":[0,0],"3":[0,0],"4":[0,0],"5":[0,0],"6":[0,0],"7":[0,0],"8":[0,0]},"all":true}
,"C:/Users/PaoloCattani/Workspaces/Workspaces_private/calcetto/server/controller/pair.controller.ts": {"path":"C:/Users/PaoloCattani/Workspaces/Workspaces_private/calcetto/server/controller/pair.controller.ts","statementMap":{},"fnMap":{},"branchMap":{},"s":{},"f":{},"b":{}}
,"C:\\Users\\PaoloCattani\\Workspaces\\Workspaces_private\\calcetto\\server\\controller\\player.controller.ts": {"path":"C:\\Users\\PaoloCattani\\Workspaces\\Workspaces_private\\calcetto\\server\\controller\\player.controller.ts","statementMap":{"0":{"start":{"line":22,"column":15},"end":{"line":22,"column":23}},"1":{"start":{"line":23,"column":0},"end":{"line":25,"column":2}},"2":{"start":{"line":24,"column":1},"end":{"line":24,"column":67}},"3":{"start":{"line":27,"column":0},"end":{"line":39,"column":2}},"4":{"start":{"line":32,"column":2},"end":{"line":37,"column":3}},"5":{"start":{"line":33,"column":23},"end":{"line":33,"column":95}},"6":{"start":{"line":34,"column":3},"end":{"line":34,"column":90}},"7":{"start":{"line":36,"column":3},"end":{"line":36,"column":69}},"8":{"start":{"line":41,"column":0},"end":{"line":52,"column":2}},"9":{"start":{"line":45,"column":2},"end":{"line":50,"column":3}},"10":{"start":{"line":46,"column":23},"end":{"line":46,"column":38}},"11":{"start":{"line":47,"column":3},"end":{"line":47,"column":90}},"12":{"start":{"line":49,"column":3},"end":{"line":49,"column":65}},"13":{"start":{"line":54,"column":0},"end":{"line":76,"column":2}},"14":{"start":{"line":59,"column":26},"end":{"line":59,"column":55}},"15":{"start":{"line":60,"column":2},"end":{"line":74,"column":3}},"16":{"start":{"line":61,"column":16},"end":{"line":61,"column":39}},"17":{"start":{"line":62,"column":3},"end":{"line":64,"column":4}},"18":{"start":{"line":63,"column":4},"end":{"line":63,"column":31}},"19":{"start":{"line":66,"column":20},"end":{"line":66,"column":66}},"20":{"start":{"line":67,"column":3},"end":{"line":69,"column":4}},"21":{"start":{"line":68,"column":4},"end":{"line":68,"column":81}},"22":{"start":{"line":70,"column":3},"end":{"line":70,"column":21}},"23":{"start":{"line":71,"column":3},"end":{"line":71,"column":89}},"24":{"start":{"line":73,"column":3},"end":{"line":73,"column":66}},"25":{"start":{"line":78,"column":0},"end":{"line":98,"column":2}},"26":{"start":{"line":83,"column":28},"end":{"line":83,"column":57}},"27":{"start":{"line":84,"column":2},"end":{"line":96,"column":3}},"28":{"start":{"line":85,"column":3},"end":{"line":87,"column":4}},"29":{"start":{"line":86,"column":4},"end":{"line":86,"column":34}},"30":{"start":{"line":88,"column":16},"end":{"line":88,"column":66}},"31":{"start":{"line":89,"column":3},"end":{"line":91,"column":4}},"32":{"start":{"line":90,"column":4},"end":{"line":90,"column":81}},"33":{"start":{"line":92,"column":15},"end":{"line":92,"column":34}},"34":{"start":{"line":93,"column":3},"end":{"line":93,"column":87}},"35":{"start":{"line":95,"column":3},"end":{"line":95,"column":64}},"36":{"start":{"line":100,"column":0},"end":{"line":117,"column":2}},"37":{"start":{"line":105,"column":2},"end":{"line":115,"column":3}},"38":{"start":{"line":106,"column":41},"end":{"line":106,"column":49}},"39":{"start":{"line":107,"column":24},"end":{"line":107,"column":84}},"40":{"start":{"line":107,"column":70},"end":{"line":107,"column":82}},"41":{"start":{"line":108,"column":3},"end":{"line":112,"column":5}},"42":{"start":{"line":114,"column":3},"end":{"line":114,"column":69}}},"fnMap":{"0":{"name":"(anonymous_0)","decl":{"start":{"line":23,"column":16},"end":{"line":23,"column":17}},"loc":{"start":{"line":24,"column":1},"end":{"line":24,"column":67}},"line":24},"1":{"name":"(anonymous_1)","decl":{"start":{"line":31,"column":17},"end":{"line":31,"column":18}},"loc":{"start":{"line":31,"column":56},"end":{"line":38,"column":2}},"line":31},"2":{"name":"(anonymous_2)","decl":{"start":{"line":44,"column":17},"end":{"line":44,"column":18}},"loc":{"start":{"line":44,"column":56},"end":{"line":51,"column":2}},"line":44},"3":{"name":"(anonymous_3)","decl":{"start":{"line":58,"column":17},"end":{"line":58,"column":18}},"loc":{"start":{"line":58,"column":56},"end":{"line":75,"column":2}},"line":58},"4":{"name":"(anonymous_4)","decl":{"start":{"line":82,"column":17},"end":{"line":82,"column":18}},"loc":{"start":{"line":82,"column":56},"end":{"line":97,"column":2}},"line":82},"5":{"name":"(anonymous_5)","decl":{"start":{"line":104,"column":17},"end":{"line":104,"column":18}},"loc":{"start":{"line":104,"column":56},"end":{"line":116,"column":2}},"line":104},"6":{"name":"(anonymous_6)","decl":{"start":{"line":107,"column":63},"end":{"line":107,"column":64}},"loc":{"start":{"line":107,"column":70},"end":{"line":107,"column":82}},"line":107}},"branchMap":{"0":{"loc":{"start":{"line":33,"column":49},"end":{"line":33,"column":94}},"type":"cond-expr","locations":[{"start":{"line":33,"column":66},"end":{"line":33,"column":90}},{"start":{"line":33,"column":93},"end":{"line":33,"column":94}}],"line":33},"1":{"loc":{"start":{"line":62,"column":3},"end":{"line":64,"column":4}},"type":"if","locations":[{"start":{"line":62,"column":3},"end":{"line":64,"column":4}},{"start":{"line":62,"column":3},"end":{"line":64,"column":4}}],"line":62},"2":{"loc":{"start":{"line":67,"column":3},"end":{"line":69,"column":4}},"type":"if","locations":[{"start":{"line":67,"column":3},"end":{"line":69,"column":4}},{"start":{"line":67,"column":3},"end":{"line":69,"column":4}}],"line":67},"3":{"loc":{"start":{"line":67,"column":7},"end":{"line":67,"column":48}},"type":"binary-expr","locations":[{"start":{"line":67,"column":7},"end":{"line":67,"column":17}},{"start":{"line":67,"column":21},"end":{"line":67,"column":48}}],"line":67},"4":{"loc":{"start":{"line":85,"column":3},"end":{"line":87,"column":4}},"type":"if","locations":[{"start":{"line":85,"column":3},"end":{"line":87,"column":4}},{"start":{"line":85,"column":3},"end":{"line":87,"column":4}}],"line":85},"5":{"loc":{"start":{"line":85,"column":7},"end":{"line":85,"column":36}},"type":"binary-expr","locations":[{"start":{"line":85,"column":7},"end":{"line":85,"column":18}},{"start":{"line":85,"column":22},"end":{"line":85,"column":36}}],"line":85},"6":{"loc":{"start":{"line":89,"column":3},"end":{"line":91,"column":4}},"type":"if","locations":[{"start":{"line":89,"column":3},"end":{"line":91,"column":4}},{"start":{"line":89,"column":3},"end":{"line":91,"column":4}}],"line":89},"7":{"loc":{"start":{"line":110,"column":13},"end":{"line":110,"column":71}},"type":"cond-expr","locations":[{"start":{"line":110,"column":32},"end":{"line":110,"column":50}},{"start":{"line":110,"column":53},"end":{"line":110,"column":71}}],"line":110}},"s":{"0":0,"1":0,"2":0,"3":0,"4":0,"5":0,"6":0,"7":0,"8":0,"9":0,"10":0,"11":0,"12":0,"13":0,"14":0,"15":0,"16":0,"17":0,"18":0,"19":0,"20":0,"21":0,"22":0,"23":0,"24":0,"25":0,"26":0,"27":0,"28":0,"29":0,"30":0,"31":0,"32":0,"33":0,"34":0,"35":0,"36":0,"37":0,"38":0,"39":0,"40":0,"41":0,"42":0},"f":{"0":0,"1":0,"2":0,"3":0,"4":0,"5":0,"6":0},"b":{"0":[0,0],"1":[0,0],"2":[0,0],"3":[0,0],"4":[0,0],"5":[0,0],"6":[0,0],"7":[0,0]},"all":true}
,"C:/Users/PaoloCattani/Workspaces/Workspaces_private/calcetto/server/controller/player.controller.ts": {"path":"C:/Users/PaoloCattani/Workspaces/Workspaces_private/calcetto/server/controller/player.controller.ts","statementMap":{},"fnMap":{},"branchMap":{},"s":{},"f":{},"b":{}}
,"C:\\Users\\PaoloCattani\\Workspaces\\Workspaces_private\\calcetto\\server\\controller\\stage1.controller.ts": {"path":"C:\\Users\\PaoloCattani\\Workspaces\\Workspaces_private\\calcetto\\server\\controller\\stage1.controller.ts","statementMap":{"0":{"start":{"line":13,"column":15},"end":{"line":13,"column":23}},"1":{"start":{"line":14,"column":0},"end":{"line":16,"column":2}},"2":{"start":{"line":15,"column":1},"end":{"line":15,"column":67}},"3":{"start":{"line":21,"column":0},"end":{"line":32,"column":2}},"4":{"start":{"line":26,"column":43},"end":{"line":26,"column":51}},"5":{"start":{"line":27,"column":17},"end":{"line":27,"column":44}},"6":{"start":{"line":28,"column":2},"end":{"line":30,"column":82}},"7":{"start":{"line":37,"column":0},"end":{"line":51,"column":2}},"8":{"start":{"line":42,"column":54},"end":{"line":42,"column":62}},"9":{"start":{"line":43,"column":2},"end":{"line":49,"column":3}},"10":{"start":{"line":44,"column":3},"end":{"line":44,"column":61}},"11":{"start":{"line":45,"column":3},"end":{"line":45,"column":48}},"12":{"start":{"line":47,"column":3},"end":{"line":47,"column":38}},"13":{"start":{"line":48,"column":3},"end":{"line":48,"column":56}},"14":{"start":{"line":62,"column":0},"end":{"line":77,"column":2}},"15":{"start":{"line":66,"column":30},"end":{"line":66,"column":38}},"16":{"start":{"line":67,"column":19},"end":{"line":67,"column":22}},"17":{"start":{"line":68,"column":2},"end":{"line":75,"column":3}},"18":{"start":{"line":69,"column":18},"end":{"line":69,"column":66}},"19":{"start":{"line":71,"column":3},"end":{"line":71,"column":39}},"20":{"start":{"line":73,"column":3},"end":{"line":73,"column":56}},"21":{"start":{"line":74,"column":3},"end":{"line":74,"column":42}},"22":{"start":{"line":80,"column":0},"end":{"line":89,"column":2}},"23":{"start":{"line":85,"column":18},"end":{"line":85,"column":26}},"24":{"start":{"line":86,"column":2},"end":{"line":86,"column":26}},"25":{"start":{"line":87,"column":2},"end":{"line":87,"column":47}}},"fnMap":{"0":{"name":"(anonymous_0)","decl":{"start":{"line":14,"column":16},"end":{"line":14,"column":17}},"loc":{"start":{"line":15,"column":1},"end":{"line":15,"column":67}},"line":15},"1":{"name":"(anonymous_1)","decl":{"start":{"line":25,"column":17},"end":{"line":25,"column":18}},"loc":{"start":{"line":25,"column":59},"end":{"line":31,"column":2}},"line":25},"2":{"name":"(anonymous_2)","decl":{"start":{"line":41,"column":17},"end":{"line":41,"column":18}},"loc":{"start":{"line":41,"column":59},"end":{"line":50,"column":2}},"line":41},"3":{"name":"(anonymous_3)","decl":{"start":{"line":65,"column":17},"end":{"line":65,"column":18}},"loc":{"start":{"line":65,"column":59},"end":{"line":76,"column":2}},"line":65},"4":{"name":"(anonymous_4)","decl":{"start":{"line":84,"column":17},"end":{"line":84,"column":18}},"loc":{"start":{"line":84,"column":59},"end":{"line":88,"column":2}},"line":84}},"branchMap":{"0":{"loc":{"start":{"line":28,"column":9},"end":{"line":30,"column":81}},"type":"cond-expr","locations":[{"start":{"line":29,"column":5},"end":{"line":29,"column":77}},{"start":{"line":30,"column":5},"end":{"line":30,"column":81}}],"line":28}},"s":{"0":0,"1":0,"2":0,"3":0,"4":0,"5":0,"6":0,"7":0,"8":0,"9":0,"10":0,"11":0,"12":0,"13":0,"14":0,"15":0,"16":0,"17":0,"18":0,"19":0,"20":0,"21":0,"22":0,"23":0,"24":0,"25":0},"f":{"0":0,"1":0,"2":0,"3":0,"4":0},"b":{"0":[0,0]},"all":true}
,"C:/Users/PaoloCattani/Workspaces/Workspaces_private/calcetto/server/controller/stage1.controller.ts": {"path":"C:/Users/PaoloCattani/Workspaces/Workspaces_private/calcetto/server/controller/stage1.controller.ts","statementMap":{},"fnMap":{},"branchMap":{},"s":{},"f":{},"b":{}}
,"C:\\Users\\PaoloCattani\\Workspaces\\Workspaces_private\\calcetto\\server\\controller\\stage2.controller.ts": {"path":"C:\\Users\\PaoloCattani\\Workspaces\\Workspaces_private\\calcetto\\server\\controller\\stage2.controller.ts","statementMap":{"0":{"start":{"line":15,"column":15},"end":{"line":15,"column":23}},"1":{"start":{"line":16,"column":0},"end":{"line":18,"column":2}},"2":{"start":{"line":17,"column":1},"end":{"line":17,"column":67}},"3":{"start":{"line":21,"column":0},"end":{"line":38,"column":2}},"4":{"start":{"line":25,"column":2},"end":{"line":36,"column":3}},"5":{"start":{"line":26,"column":40},"end":{"line":26,"column":48}},"6":{"start":{"line":27,"column":15},"end":{"line":27,"column":25}},"7":{"start":{"line":28,"column":3},"end":{"line":30,"column":4}},"8":{"start":{"line":29,"column":4},"end":{"line":29,"column":44}},"9":{"start":{"line":31,"column":17},"end":{"line":31,"column":73}},"10":{"start":{"line":32,"column":3},"end":{"line":32,"column":38}},"11":{"start":{"line":34,"column":3},"end":{"line":34,"column":74}},"12":{"start":{"line":35,"column":3},"end":{"line":35,"column":37}},"13":{"start":{"line":40,"column":0},"end":{"line":53,"column":2}},"14":{"start":{"line":44,"column":2},"end":{"line":51,"column":3}},"15":{"start":{"line":45,"column":28},"end":{"line":45,"column":38}},"16":{"start":{"line":46,"column":17},"end":{"line":46,"column":63}},"17":{"start":{"line":47,"column":3},"end":{"line":47,"column":42}},"18":{"start":{"line":49,"column":3},"end":{"line":49,"column":80}},"19":{"start":{"line":50,"column":3},"end":{"line":50,"column":37}},"20":{"start":{"line":56,"column":0},"end":{"line":69,"column":2}},"21":{"start":{"line":60,"column":2},"end":{"line":67,"column":3}},"22":{"start":{"line":61,"column":28},"end":{"line":61,"column":36}},"23":{"start":{"line":62,"column":17},"end":{"line":62,"column":48}},"24":{"start":{"line":63,"column":3},"end":{"line":63,"column":42}},"25":{"start":{"line":65,"column":3},"end":{"line":65,"column":74}},"26":{"start":{"line":66,"column":3},"end":{"line":66,"column":37}},"27":{"start":{"line":72,"column":0},"end":{"line":86,"column":2}},"28":{"start":{"line":77,"column":2},"end":{"line":84,"column":3}},"29":{"start":{"line":78,"column":28},"end":{"line":78,"column":36}},"30":{"start":{"line":79,"column":17},"end":{"line":79,"column":48}},"31":{"start":{"line":80,"column":3},"end":{"line":80,"column":42}},"32":{"start":{"line":82,"column":3},"end":{"line":82,"column":67}},"33":{"start":{"line":83,"column":3},"end":{"line":83,"column":37}},"34":{"start":{"line":89,"column":0},"end":{"line":98,"column":2}},"35":{"start":{"line":94,"column":18},"end":{"line":94,"column":26}},"36":{"start":{"line":95,"column":2},"end":{"line":95,"column":26}},"37":{"start":{"line":96,"column":2},"end":{"line":96,"column":47}}},"fnMap":{"0":{"name":"(anonymous_0)","decl":{"start":{"line":16,"column":16},"end":{"line":16,"column":17}},"loc":{"start":{"line":17,"column":1},"end":{"line":17,"column":67}},"line":17},"1":{"name":"(anonymous_1)","decl":{"start":{"line":24,"column":17},"end":{"line":24,"column":18}},"loc":{"start":{"line":24,"column":59},"end":{"line":37,"column":2}},"line":24},"2":{"name":"(anonymous_2)","decl":{"start":{"line":43,"column":17},"end":{"line":43,"column":18}},"loc":{"start":{"line":43,"column":59},"end":{"line":52,"column":2}},"line":43},"3":{"name":"(anonymous_3)","decl":{"start":{"line":59,"column":17},"end":{"line":59,"column":18}},"loc":{"start":{"line":59,"column":59},"end":{"line":68,"column":2}},"line":59},"4":{"name":"(anonymous_4)","decl":{"start":{"line":76,"column":17},"end":{"line":76,"column":18}},"loc":{"start":{"line":76,"column":59},"end":{"line":85,"column":2}},"line":76},"5":{"name":"(anonymous_5)","decl":{"start":{"line":93,"column":17},"end":{"line":93,"column":18}},"loc":{"start":{"line":93,"column":59},"end":{"line":97,"column":2}},"line":93}},"branchMap":{"0":{"loc":{"start":{"line":28,"column":3},"end":{"line":30,"column":4}},"type":"if","locations":[{"start":{"line":28,"column":3},"end":{"line":30,"column":4}},{"start":{"line":28,"column":3},"end":{"line":30,"column":4}}],"line":28}},"s":{"0":0,"1":0,"2":0,"3":0,"4":0,"5":0,"6":0,"7":0,"8":0,"9":0,"10":0,"11":0,"12":0,"13":0,"14":0,"15":0,"16":0,"17":0,"18":0,"19":0,"20":0,"21":0,"22":0,"23":0,"24":0,"25":0,"26":0,"27":0,"28":0,"29":0,"30":0,"31":0,"32":0,"33":0,"34":0,"35":0,"36":0,"37":0},"f":{"0":0,"1":0,"2":0,"3":0,"4":0,"5":0},"b":{"0":[0,0]},"all":true}
,"C:/Users/PaoloCattani/Workspaces/Workspaces_private/calcetto/server/controller/stage2.controller.ts": {"path":"C:/Users/PaoloCattani/Workspaces/Workspaces_private/calcetto/server/controller/stage2.controller.ts","statementMap":{},"fnMap":{},"branchMap":{},"s":{},"f":{},"b":{}}
,"C:\\Users\\PaoloCattani\\Workspaces\\Workspaces_private\\calcetto\\server\\controller\\tournament.controller.ts": {"path":"C:\\Users\\PaoloCattani\\Workspaces\\Workspaces_private\\calcetto\\server\\controller\\tournament.controller.ts","statementMap":{"0":{"start":{"line":32,"column":15},"end":{"line":32,"column":23}},"1":{"start":{"line":33,"column":0},"end":{"line":35,"column":2}},"2":{"start":{"line":34,"column":1},"end":{"line":34,"column":75}},"3":{"start":{"line":38,"column":0},"end":{"line":53,"column":2}},"4":{"start":{"line":42,"column":2},"end":{"line":51,"column":3}},"5":{"start":{"line":43,"column":27},"end":{"line":43,"column":51}},"6":{"start":{"line":44,"column":3},"end":{"line":48,"column":5}},"7":{"start":{"line":50,"column":3},"end":{"line":50,"column":64}},"8":{"start":{"line":55,"column":0},"end":{"line":77,"column":2}},"9":{"start":{"line":59,"column":2},"end":{"line":75,"column":3}},"10":{"start":{"line":60,"column":3},"end":{"line":62,"column":4}},"11":{"start":{"line":61,"column":4},"end":{"line":61,"column":34}},"12":{"start":{"line":63,"column":13},"end":{"line":63,"column":64}},"13":{"start":{"line":64,"column":3},"end":{"line":66,"column":4}},"14":{"start":{"line":65,"column":4},"end":{"line":65,"column":31}},"15":{"start":{"line":67,"column":22},"end":{"line":67,"column":73}},"16":{"start":{"line":68,"column":3},"end":{"line":72,"column":5}},"17":{"start":{"line":74,"column":3},"end":{"line":74,"column":67}},"18":{"start":{"line":80,"column":0},"end":{"line":92,"column":2}},"19":{"start":{"line":84,"column":2},"end":{"line":90,"column":3}},"20":{"start":{"line":85,"column":44},"end":{"line":85,"column":52}},"21":{"start":{"line":86,"column":22},"end":{"line":86,"column":76}},"22":{"start":{"line":87,"column":3},"end":{"line":87,"column":96}},"23":{"start":{"line":89,"column":3},"end":{"line":89,"column":68}},"24":{"start":{"line":95,"column":0},"end":{"line":118,"column":2}},"25":{"start":{"line":100,"column":54},"end":{"line":100,"column":62}},"26":{"start":{"line":101,"column":16},"end":{"line":101,"column":45}},"27":{"start":{"line":102,"column":15},"end":{"line":102,"column":24}},"28":{"start":{"line":103,"column":2},"end":{"line":116,"column":3}},"29":{"start":{"line":104,"column":46},"end":{"line":104,"column":99}},"30":{"start":{"line":105,"column":3},"end":{"line":108,"column":4}},"31":{"start":{"line":106,"column":4},"end":{"line":106,"column":63}},"32":{"start":{"line":107,"column":4},"end":{"line":107,"column":91}},"33":{"start":{"line":109,"column":3},"end":{"line":109,"column":27}},"34":{"start":{"line":110,"column":3},"end":{"line":110,"column":38}},"35":{"start":{"line":111,"column":22},"end":{"line":111,"column":43}},"36":{"start":{"line":112,"column":3},"end":{"line":112,"column":45}},"37":{"start":{"line":113,"column":3},"end":{"line":113,"column":94}},"38":{"start":{"line":115,"column":3},"end":{"line":115,"column":66}},"39":{"start":{"line":121,"column":0},"end":{"line":138,"column":2}},"40":{"start":{"line":126,"column":2},"end":{"line":136,"column":3}},"41":{"start":{"line":127,"column":44},"end":{"line":127,"column":52}},"42":{"start":{"line":128,"column":3},"end":{"line":128,"column":57}},"43":{"start":{"line":129,"column":3},"end":{"line":133,"column":5}},"44":{"start":{"line":135,"column":3},"end":{"line":135,"column":73}}},"fnMap":{"0":{"name":"(anonymous_0)","decl":{"start":{"line":33,"column":16},"end":{"line":33,"column":17}},"loc":{"start":{"line":34,"column":1},"end":{"line":34,"column":75}},"line":34},"1":{"name":"(anonymous_1)","decl":{"start":{"line":41,"column":17},"end":{"line":41,"column":18}},"loc":{"start":{"line":41,"column":59},"end":{"line":52,"column":2}},"line":41},"2":{"name":"(anonymous_2)","decl":{"start":{"line":58,"column":17},"end":{"line":58,"column":18}},"loc":{"start":{"line":58,"column":59},"end":{"line":76,"column":2}},"line":58},"3":{"name":"(anonymous_3)","decl":{"start":{"line":83,"column":17},"end":{"line":83,"column":18}},"loc":{"start":{"line":83,"column":59},"end":{"line":91,"column":2}},"line":83},"4":{"name":"(anonymous_4)","decl":{"start":{"line":99,"column":17},"end":{"line":99,"column":18}},"loc":{"start":{"line":99,"column":59},"end":{"line":117,"column":2}},"line":99},"5":{"name":"(anonymous_5)","decl":{"start":{"line":125,"column":17},"end":{"line":125,"column":18}},"loc":{"start":{"line":125,"column":56},"end":{"line":137,"column":2}},"line":125}},"branchMap":{"0":{"loc":{"start":{"line":46,"column":13},"end":{"line":46,"column":87}},"type":"cond-expr","locations":[{"start":{"line":46,"column":42},"end":{"line":46,"column":63}},{"start":{"line":46,"column":66},"end":{"line":46,"column":87}}],"line":46},"1":{"loc":{"start":{"line":60,"column":3},"end":{"line":62,"column":4}},"type":"if","locations":[{"start":{"line":60,"column":3},"end":{"line":62,"column":4}},{"start":{"line":60,"column":3},"end":{"line":62,"column":4}}],"line":60},"2":{"loc":{"start":{"line":64,"column":3},"end":{"line":66,"column":4}},"type":"if","locations":[{"start":{"line":64,"column":3},"end":{"line":66,"column":4}},{"start":{"line":64,"column":3},"end":{"line":66,"column":4}}],"line":64},"3":{"loc":{"start":{"line":105,"column":3},"end":{"line":108,"column":4}},"type":"if","locations":[{"start":{"line":105,"column":3},"end":{"line":108,"column":4}},{"start":{"line":105,"column":3},"end":{"line":108,"column":4}}],"line":105}},"s":{"0":0,"1":0,"2":0,"3":0,"4":0,"5":0,"6":0,"7":0,"8":0,"9":0,"10":0,"11":0,"12":0,"13":0,"14":0,"15":0,"16":0,"17":0,"18":0,"19":0,"20":0,"21":0,"22":0,"23":0,"24":0,"25":0,"26":0,"27":0,"28":0,"29":0,"30":0,"31":0,"32":0,"33":0,"34":0,"35":0,"36":0,"37":0,"38":0,"39":0,"40":0,"41":0,"42":0,"43":0,"44":0},"f":{"0":0,"1":0,"2":0,"3":0,"4":0,"5":0},"b":{"0":[0,0],"1":[0,0],"2":[0,0],"3":[0,0]},"all":true}
,"C:/Users/PaoloCattani/Workspaces/Workspaces_private/calcetto/server/controller/tournament.controller.ts": {"path":"C:/Users/PaoloCattani/Workspaces/Workspaces_private/calcetto/server/controller/tournament.controller.ts","statementMap":{},"fnMap":{},"branchMap":{},"s":{},"f":{},"b":{}}
,"C:\\Users\\PaoloCattani\\Workspaces\\Workspaces_private\\calcetto\\server\\controller\\auth\\auth.controller.ts": {"path":"C:\\Users\\PaoloCattani\\Workspaces\\Workspaces_private\\calcetto\\server\\controller\\auth\\auth.controller.ts","statementMap":{"0":{"start":{"line":39,"column":15},"end":{"line":39,"column":23}},"1":{"start":{"line":41,"column":25},"end":{"line":42,"column":112}},"2":{"start":{"line":42,"column":1},"end":{"line":42,"column":112}},"3":{"start":{"line":44,"column":0},"end":{"line":46,"column":2}},"4":{"start":{"line":45,"column":1},"end":{"line":45,"column":63}},"5":{"start":{"line":48,"column":0},"end":{"line":62,"column":2}},"6":{"start":{"line":52,"column":58},"end":{"line":52,"column":76}},"7":{"start":{"line":53,"column":2},"end":{"line":60,"column":4}},"8":{"start":{"line":64,"column":0},"end":{"line":71,"column":2}},"9":{"start":{"line":68,"column":2},"end":{"line":68,"column":25}},"10":{"start":{"line":69,"column":2},"end":{"line":69,"column":48}},"11":{"start":{"line":73,"column":0},"end":{"line":124,"column":2}},"12":{"start":{"line":76,"column":2},"end":{"line":76,"column":34}},"13":{"start":{"line":77,"column":2},"end":{"line":122,"column":3}},"14":{"start":{"line":78,"column":28},"end":{"line":78,"column":72}},"15":{"start":{"line":82,"column":18},"end":{"line":82,"column":51}},"16":{"start":{"line":83,"column":3},"end":{"line":91,"column":4}},"17":{"start":{"line":84,"column":4},"end":{"line":90,"column":6}},"18":{"start":{"line":92,"column":23},"end":{"line":92,"column":50}},"19":{"start":{"line":93,"column":16},"end":{"line":93,"column":41}},"20":{"start":{"line":94,"column":3},"end":{"line":104,"column":4}},"21":{"start":{"line":95,"column":4},"end":{"line":103,"column":6}},"22":{"start":{"line":105,"column":18},"end":{"line":105,"column":72}},"23":{"start":{"line":106,"column":3},"end":{"line":116,"column":4}},"24":{"start":{"line":107,"column":4},"end":{"line":107,"column":32}},"25":{"start":{"line":108,"column":4},"end":{"line":108,"column":34}},"26":{"start":{"line":109,"column":4},"end":{"line":113,"column":6}},"27":{"start":{"line":115,"column":4},"end":{"line":115,"column":38}},"28":{"start":{"line":118,"column":3},"end":{"line":121,"column":6}},"29":{"start":{"line":126,"column":0},"end":{"line":148,"column":2}},"30":{"start":{"line":130,"column":2},"end":{"line":146,"column":3}},"31":{"start":{"line":131,"column":15},"end":{"line":131,"column":68}},"32":{"start":{"line":132,"column":3},"end":{"line":132,"column":36}},"33":{"start":{"line":133,"column":16},"end":{"line":133,"column":77}},"34":{"start":{"line":134,"column":3},"end":{"line":136,"column":4}},"35":{"start":{"line":135,"column":4},"end":{"line":135,"column":31}},"36":{"start":{"line":137,"column":3},"end":{"line":137,"column":28}},"37":{"start":{"line":139,"column":3},"end":{"line":143,"column":5}},"38":{"start":{"line":145,"column":3},"end":{"line":145,"column":64}},"39":{"start":{"line":150,"column":0},"end":{"line":180,"column":2}},"40":{"start":{"line":153,"column":33},"end":{"line":153,"column":70}},"41":{"start":{"line":154,"column":2},"end":{"line":178,"column":3}},"42":{"start":{"line":155,"column":3},"end":{"line":155,"column":32}},"43":{"start":{"line":156,"column":3},"end":{"line":158,"column":4}},"44":{"start":{"line":157,"column":4},"end":{"line":157,"column":34}},"45":{"start":{"line":159,"column":16},"end":{"line":159,"column":57}},"46":{"start":{"line":161,"column":3},"end":{"line":163,"column":4}},"47":{"start":{"line":162,"column":4},"end":{"line":162,"column":31}},"48":{"start":{"line":164,"column":19},"end":{"line":164,"column":78}},"49":{"start":{"line":165,"column":3},"end":{"line":167,"column":4}},"50":{"start":{"line":166,"column":4},"end":{"line":166,"column":33}},"51":{"start":{"line":169,"column":19},"end":{"line":169,"column":43}},"52":{"start":{"line":170,"column":3},"end":{"line":170,"column":32}},"53":{"start":{"line":171,"column":3},"end":{"line":175,"column":5}},"54":{"start":{"line":177,"column":3},"end":{"line":177,"column":64}},"55":{"start":{"line":182,"column":0},"end":{"line":206,"column":2}},"56":{"start":{"line":186,"column":23},"end":{"line":186,"column":65}},"57":{"start":{"line":187,"column":30},"end":{"line":187,"column":39}},"58":{"start":{"line":188,"column":2},"end":{"line":204,"column":3}},"59":{"start":{"line":189,"column":3},"end":{"line":189,"column":33}},"60":{"start":{"line":190,"column":16},"end":{"line":190,"column":65}},"61":{"start":{"line":191,"column":3},"end":{"line":193,"column":4}},"62":{"start":{"line":192,"column":4},"end":{"line":192,"column":31}},"63":{"start":{"line":195,"column":3},"end":{"line":196,"column":72}},"64":{"start":{"line":196,"column":4},"end":{"line":196,"column":72}},"65":{"start":{"line":198,"column":3},"end":{"line":198,"column":26}},"66":{"start":{"line":199,"column":3},"end":{"line":199,"column":31}},"67":{"start":{"line":200,"column":3},"end":{"line":200,"column":26}},"68":{"start":{"line":201,"column":3},"end":{"line":201,"column":111}},"69":{"start":{"line":203,"column":3},"end":{"line":203,"column":67}},"70":{"start":{"line":208,"column":0},"end":{"line":234,"column":2}},"71":{"start":{"line":211,"column":48},"end":{"line":211,"column":56}},"72":{"start":{"line":212,"column":2},"end":{"line":232,"column":3}},"73":{"start":{"line":213,"column":3},"end":{"line":213,"column":38}},"74":{"start":{"line":214,"column":3},"end":{"line":216,"column":4}},"75":{"start":{"line":215,"column":4},"end":{"line":215,"column":69}},"76":{"start":{"line":218,"column":16},"end":{"line":218,"column":65}},"77":{"start":{"line":219,"column":3},"end":{"line":221,"column":4}},"78":{"start":{"line":220,"column":4},"end":{"line":220,"column":31}},"79":{"start":{"line":223,"column":3},"end":{"line":224,"column":72}},"80":{"start":{"line":224,"column":4},"end":{"line":224,"column":72}},"81":{"start":{"line":226,"column":3},"end":{"line":226,"column":26}},"82":{"start":{"line":227,"column":3},"end":{"line":227,"column":36}},"83":{"start":{"line":228,"column":3},"end":{"line":228,"column":26}},"84":{"start":{"line":229,"column":3},"end":{"line":229,"column":111}},"85":{"start":{"line":231,"column":3},"end":{"line":231,"column":72}}},"fnMap":{"0":{"name":"(anonymous_0)","decl":{"start":{"line":41,"column":25},"end":{"line":41,"column":26}},"loc":{"start":{"line":42,"column":1},"end":{"line":42,"column":112}},"line":42},"1":{"name":"(anonymous_1)","decl":{"start":{"line":44,"column":16},"end":{"line":44,"column":17}},"loc":{"start":{"line":45,"column":1},"end":{"line":45,"column":63}},"line":45},"2":{"name":"(anonymous_2)","decl":{"start":{"line":51,"column":17},"end":{"line":51,"column":18}},"loc":{"start":{"line":51,"column":59},"end":{"line":61,"column":2}},"line":51},"3":{"name":"(anonymous_3)","decl":{"start":{"line":67,"column":17},"end":{"line":67,"column":18}},"loc":{"start":{"line":67,"column":59},"end":{"line":70,"column":2}},"line":67},"4":{"name":"(anonymous_4)","decl":{"start":{"line":75,"column":17},"end":{"line":75,"column":18}},"loc":{"start":{"line":75,"column":56},"end":{"line":123,"column":2}},"line":75},"5":{"name":"(anonymous_5)","decl":{"start":{"line":129,"column":17},"end":{"line":129,"column":18}},"loc":{"start":{"line":129,"column":59},"end":{"line":147,"column":2}},"line":129},"6":{"name":"(anonymous_6)","decl":{"start":{"line":152,"column":17},"end":{"line":152,"column":18}},"loc":{"start":{"line":152,"column":56},"end":{"line":179,"column":2}},"line":152},"7":{"name":"(anonymous_7)","decl":{"start":{"line":185,"column":17},"end":{"line":185,"column":18}},"loc":{"start":{"line":185,"column":59},"end":{"line":205,"column":2}},"line":185},"8":{"name":"(anonymous_8)","decl":{"start":{"line":210,"column":17},"end":{"line":210,"column":18}},"loc":{"start":{"line":210,"column":59},"end":{"line":233,"column":2}},"line":210}},"branchMap":{"0":{"loc":{"start":{"line":83,"column":3},"end":{"line":91,"column":4}},"type":"if","locations":[{"start":{"line":83,"column":3},"end":{"line":91,"column":4}},{"start":{"line":83,"column":3},"end":{"line":91,"column":4}}],"line":83},"1":{"loc":{"start":{"line":94,"column":3},"end":{"line":104,"column":4}},"type":"if","locations":[{"start":{"line":94,"column":3},"end":{"line":104,"column":4}},{"start":{"line":94,"column":3},"end":{"line":104,"column":4}}],"line":94},"2":{"loc":{"start":{"line":106,"column":3},"end":{"line":116,"column":4}},"type":"if","locations":[{"start":{"line":106,"column":3},"end":{"line":116,"column":4}},{"start":{"line":106,"column":3},"end":{"line":116,"column":4}}],"line":106},"3":{"loc":{"start":{"line":134,"column":3},"end":{"line":136,"column":4}},"type":"if","locations":[{"start":{"line":134,"column":3},"end":{"line":136,"column":4}},{"start":{"line":134,"column":3},"end":{"line":136,"column":4}}],"line":134},"4":{"loc":{"start":{"line":156,"column":3},"end":{"line":158,"column":4}},"type":"if","locations":[{"start":{"line":156,"column":3},"end":{"line":158,"column":4}},{"start":{"line":156,"column":3},"end":{"line":158,"column":4}}],"line":156},"5":{"loc":{"start":{"line":156,"column":7},"end":{"line":156,"column":29}},"type":"binary-expr","locations":[{"start":{"line":156,"column":7},"end":{"line":156,"column":16}},{"start":{"line":156,"column":20},"end":{"line":156,"column":29}}],"line":156},"6":{"loc":{"start":{"line":161,"column":3},"end":{"line":163,"column":4}},"type":"if","locations":[{"start":{"line":161,"column":3},"end":{"line":163,"column":4}},{"start":{"line":161,"column":3},"end":{"line":163,"column":4}}],"line":161},"7":{"loc":{"start":{"line":165,"column":3},"end":{"line":167,"column":4}},"type":"if","locations":[{"start":{"line":165,"column":3},"end":{"line":167,"column":4}},{"start":{"line":165,"column":3},"end":{"line":167,"column":4}}],"line":165},"8":{"loc":{"start":{"line":191,"column":3},"end":{"line":193,"column":4}},"type":"if","locations":[{"start":{"line":191,"column":3},"end":{"line":193,"column":4}},{"start":{"line":191,"column":3},"end":{"line":193,"column":4}}],"line":191},"9":{"loc":{"start":{"line":195,"column":3},"end":{"line":196,"column":72}},"type":"if","locations":[{"start":{"line":195,"column":3},"end":{"line":196,"column":72}},{"start":{"line":195,"column":3},"end":{"line":196,"column":72}}],"line":195},"10":{"loc":{"start":{"line":214,"column":3},"end":{"line":216,"column":4}},"type":"if","locations":[{"start":{"line":214,"column":3},"end":{"line":216,"column":4}},{"start":{"line":214,"column":3},"end":{"line":216,"column":4}}],"line":214},"11":{"loc":{"start":{"line":214,"column":7},"end":{"line":214,"column":78}},"type":"binary-expr","locations":[{"start":{"line":214,"column":7},"end":{"line":214,"column":38}},{"start":{"line":214,"column":42},"end":{"line":214,"column":78}}],"line":214},"12":{"loc":{"start":{"line":219,"column":3},"end":{"line":221,"column":4}},"type":"if","locations":[{"start":{"line":219,"column":3},"end":{"line":221,"column":4}},{"start":{"line":219,"column":3},"end":{"line":221,"column":4}}],"line":219},"13":{"loc":{"start":{"line":223,"column":3},"end":{"line":224,"column":72}},"type":"if","locations":[{"start":{"line":223,"column":3},"end":{"line":224,"column":72}},{"start":{"line":223,"column":3},"end":{"line":224,"column":72}}],"line":223}},"s":{"0":0,"1":0,"2":0,"3":0,"4":0,"5":0,"6":0,"7":0,"8":0,"9":0,"10":0,"11":0,"12":0,"13":0,"14":0,"15":0,"16":0,"17":0,"18":0,"19":0,"20":0,"21":0,"22":0,"23":0,"24":0,"25":0,"26":0,"27":0,"28":0,"29":0,"30":0,"31":0,"32":0,"33":0,"34":0,"35":0,"36":0,"37":0,"38":0,"39":0,"40":0,"41":0,"42":0,"43":0,"44":0,"45":0,"46":0,"47":0,"48":0,"49":0,"50":0,"51":0,"52":0,"53":0,"54":0,"55":0,"56":0,"57":0,"58":0,"59":0,"60":0,"61":0,"62":0,"63":0,"64":0,"65":0,"66":0,"67":0,"68":0,"69":0,"70":0,"71":0,"72":0,"73":0,"74":0,"75":0,"76":0,"77":0,"78":0,"79":0,"80":0,"81":0,"82":0,"83":0,"84":0,"85":0},"f":{"0":0,"1":0,"2":0,"3":0,"4":0,"5":0,"6":0,"7":0,"8":0},"b":{"0":[0,0],"1":[0,0],"2":[0,0],"3":[0,0],"4":[0,0],"5":[0,0],"6":[0,0],"7":[0,0],"8":[0,0],"9":[0,0],"10":[0,0],"11":[0,0],"12":[0,0],"13":[0,0]},"all":true}
,"C:/Users/PaoloCattani/Workspaces/Workspaces_private/calcetto/server/controller/auth/auth.controller.ts": {"path":"C:/Users/PaoloCattani/Workspaces/Workspaces_private/calcetto/server/controller/auth/auth.controller.ts","statementMap":{},"fnMap":{},"branchMap":{},"s":{},"f":{},"b":{}}
,"C:\\Users\\PaoloCattani\\Workspaces\\Workspaces_private\\calcetto\\server\\controller\\auth\\__mocks__\\auth.mocks.ts": {"path":"C:\\Users\\PaoloCattani\\Workspaces\\Workspaces_private\\calcetto\\server\\controller\\auth\\__mocks__\\auth.mocks.ts","statementMap":{"0":{"start":{"line":4,"column":27},"end":{"line":15,"column":1}},"1":{"start":{"line":17,"column":27},"end":{"line":29,"column":1}}},"fnMap":{},"branchMap":{},"s":{"0":0,"1":0},"f":{},"b":{},"all":true}
,"C:/Users/PaoloCattani/Workspaces/Workspaces_private/calcetto/server/controller/auth/__mocks__/auth.mocks.ts": {"path":"C:/Users/PaoloCattani/Workspaces/Workspaces_private/calcetto/server/controller/auth/__mocks__/auth.mocks.ts","statementMap":{},"fnMap":{},"branchMap":{},"s":{},"f":{},"b":{}}
,"C:\\Users\\PaoloCattani\\Workspaces\\Workspaces_private\\calcetto\\server\\core\\constats.ts": {"path":"C:\\Users\\PaoloCattani\\Workspaces\\Workspaces_private\\calcetto\\server\\core\\constats.ts","statementMap":{"0":{"start":{"line":1,"column":32},"end":{"line":1,"column":50}}},"fnMap":{},"branchMap":{},"s":{"0":0},"f":{},"b":{},"all":true}
,"C:/Users/PaoloCattani/Workspaces/Workspaces_private/calcetto/server/core/constats.ts": {"path":"C:/Users/PaoloCattani/Workspaces/Workspaces_private/calcetto/server/core/constats.ts","statementMap":{},"fnMap":{},"branchMap":{},"s":{},"f":{},"b":{}}
,"C:\\Users\\PaoloCattani\\Workspaces\\Workspaces_private\\calcetto\\server\\core\\debug.ts": {"path":"C:\\Users\\PaoloCattani\\Workspaces\\Workspaces_private\\calcetto\\server\\core\\debug.ts","statementMap":{"0":{"start":{"line":5,"column":2},"end":{"line":5,"column":31}},"1":{"start":{"line":13,"column":2},"end":{"line":13,"column":47}},"2":{"start":{"line":22,"column":2},"end":{"line":22,"column":84}},"3":{"start":{"line":31,"column":2},"end":{"line":31,"column":40}},"4":{"start":{"line":41,"column":2},"end":{"line":41,"column":80}}},"fnMap":{"0":{"name":"getEnv","decl":{"start":{"line":4,"column":16},"end":{"line":4,"column":22}},"loc":{"start":{"line":4,"column":33},"end":{"line":6,"column":1}},"line":4},"1":{"name":"isProductionMode","decl":{"start":{"line":12,"column":16},"end":{"line":12,"column":32}},"loc":{"start":{"line":12,"column":35},"end":{"line":14,"column":1}},"line":12},"2":{"name":"isDevMode","decl":{"start":{"line":21,"column":16},"end":{"line":21,"column":25}},"loc":{"start":{"line":21,"column":28},"end":{"line":23,"column":1}},"line":21},"3":{"name":"isTestMode","decl":{"start":{"line":30,"column":16},"end":{"line":30,"column":26}},"loc":{"start":{"line":30,"column":29},"end":{"line":32,"column":1}},"line":30},"4":{"name":"vardump","decl":{"start":{"line":40,"column":16},"end":{"line":40,"column":23}},"loc":{"start":{"line":40,"column":45},"end":{"line":42,"column":1}},"line":40}},"branchMap":{"0":{"loc":{"start":{"line":22,"column":9},"end":{"line":22,"column":83}},"type":"binary-expr","locations":[{"start":{"line":22,"column":9},"end":{"line":22,"column":42}},{"start":{"line":22,"column":46},"end":{"line":22,"column":83}}],"line":22}},"s":{"0":0,"1":0,"2":0,"3":0,"4":0},"f":{"0":0,"1":0,"2":0,"3":0,"4":0},"b":{"0":[0,0]},"all":true}
,"C:/Users/PaoloCattani/Workspaces/Workspaces_private/calcetto/server/core/debug.ts": {"path":"C:/Users/PaoloCattani/Workspaces/Workspaces_private/calcetto/server/core/debug.ts","statementMap":{},"fnMap":{},"branchMap":{},"s":{},"f":{},"b":{}}
,"C:\\Users\\PaoloCattani\\Workspaces\\Workspaces_private\\calcetto\\server\\core\\env.ts": {"path":"C:\\Users\\PaoloCattani\\Workspaces\\Workspaces_private\\calcetto\\server\\core\\env.ts","statementMap":{"0":{"start":{"line":5,"column":0},"end":{"line":9,"column":3}}},"fnMap":{},"branchMap":{},"s":{"0":0},"f":{},"b":{},"all":true}
,"C:/Users/PaoloCattani/Workspaces/Workspaces_private/calcetto/server/core/env.ts": {"path":"C:/Users/PaoloCattani/Workspaces/Workspaces_private/calcetto/server/core/env.ts","statementMap":{},"fnMap":{},"branchMap":{},"s":{},"f":{},"b":{}}
,"C:\\Users\\PaoloCattani\\Workspaces\\Workspaces_private\\calcetto\\server\\core\\logger.ts": {"path":"C:\\Users\\PaoloCattani\\Workspaces\\Workspaces_private\\calcetto\\server\\core\\logger.ts","statementMap":{"0":{"start":{"line":8,"column":0},"end":{"line":42,"column":3}},"1":{"start":{"line":44,"column":22},"end":{"line":44,"column":48}},"2":{"start":{"line":45,"column":24},"end":{"line":45,"column":52}},"3":{"start":{"line":47,"column":0},"end":{"line":56,"column":1}},"4":{"start":{"line":48,"column":2},"end":{"line":48,"column":24}},"5":{"start":{"line":49,"column":2},"end":{"line":49,"column":26}},"6":{"start":{"line":50,"column":7},"end":{"line":56,"column":1}},"7":{"start":{"line":51,"column":2},"end":{"line":51,"column":25}},"8":{"start":{"line":52,"column":2},"end":{"line":52,"column":27}},"9":{"start":{"line":53,"column":7},"end":{"line":56,"column":1}},"10":{"start":{"line":54,"column":2},"end":{"line":54,"column":25}},"11":{"start":{"line":55,"column":2},"end":{"line":55,"column":27}},"12":{"start":{"line":58,"column":26},"end":{"line":58,"column":116}},"13":{"start":{"line":58,"column":67},"end":{"line":58,"column":116}}},"fnMap":{"0":{"name":"(anonymous_0)","decl":{"start":{"line":58,"column":26},"end":{"line":58,"column":27}},"loc":{"start":{"line":58,"column":67},"end":{"line":58,"column":116}},"line":58}},"branchMap":{"0":{"loc":{"start":{"line":47,"column":0},"end":{"line":56,"column":1}},"type":"if","locations":[{"start":{"line":47,"column":0},"end":{"line":56,"column":1}},{"start":{"line":47,"column":0},"end":{"line":56,"column":1}}],"line":47},"1":{"loc":{"start":{"line":50,"column":7},"end":{"line":56,"column":1}},"type":"if","locations":[{"start":{"line":50,"column":7},"end":{"line":56,"column":1}},{"start":{"line":50,"column":7},"end":{"line":56,"column":1}}],"line":50},"2":{"loc":{"start":{"line":53,"column":7},"end":{"line":56,"column":1}},"type":"if","locations":[{"start":{"line":53,"column":7},"end":{"line":56,"column":1}},{"start":{"line":53,"column":7},"end":{"line":56,"column":1}}],"line":53}},"s":{"0":0,"1":0,"2":0,"3":0,"4":0,"5":0,"6":0,"7":0,"8":0,"9":0,"10":0,"11":0,"12":0,"13":0},"f":{"0":0},"b":{"0":[0,0],"1":[0,0],"2":[0,0]},"all":true}
,"C:/Users/PaoloCattani/Workspaces/Workspaces_private/calcetto/server/core/logger.ts": {"path":"C:/Users/PaoloCattani/Workspaces/Workspaces_private/calcetto/server/core/logger.ts","statementMap":{},"fnMap":{},"branchMap":{},"s":{},"f":{},"b":{}}
,"C:\\Users\\PaoloCattani\\Workspaces\\Workspaces_private\\calcetto\\server\\core\\middleware.ts": {"path":"C:\\Users\\PaoloCattani\\Workspaces\\Workspaces_private\\calcetto\\server\\core\\middleware.ts","statementMap":{"0":{"start":{"line":15,"column":27},"end":{"line":18,"column":1}},"1":{"start":{"line":16,"column":1},"end":{"line":16,"column":92}},"2":{"start":{"line":16,"column":18},"end":{"line":16,"column":92}},"3":{"start":{"line":17,"column":1},"end":{"line":17,"column":8}},"4":{"start":{"line":20,"column":32},"end":{"line":23,"column":1}},"5":{"start":{"line":21,"column":1},"end":{"line":21,"column":101}},"6":{"start":{"line":21,"column":18},"end":{"line":21,"column":101}},"7":{"start":{"line":22,"column":1},"end":{"line":22,"column":8}},"8":{"start":{"line":26,"column":31},"end":{"line":28,"column":1}},"9":{"start":{"line":26,"column":44},"end":{"line":28,"column":1}},"10":{"start":{"line":27,"column":1},"end":{"line":27,"column":49}},"11":{"start":{"line":31,"column":27},"end":{"line":31,"column":95}},"12":{"start":{"line":34,"column":24},"end":{"line":52,"column":1}},"13":{"start":{"line":35,"column":15},"end":{"line":35,"column":28}},"14":{"start":{"line":36,"column":1},"end":{"line":39,"column":2}},"15":{"start":{"line":37,"column":2},"end":{"line":37,"column":61}},"16":{"start":{"line":38,"column":2},"end":{"line":38,"column":67}},"17":{"start":{"line":40,"column":30},"end":{"line":40,"column":52}},"18":{"start":{"line":41,"column":1},"end":{"line":51,"column":2}},"19":{"start":{"line":43,"column":17},"end":{"line":43,"column":45}},"20":{"start":{"line":44,"column":2},"end":{"line":47,"column":3}},"21":{"start":{"line":45,"column":3},"end":{"line":45,"column":19}},"22":{"start":{"line":46,"column":3},"end":{"line":46,"column":10}},"23":{"start":{"line":49,"column":2},"end":{"line":49,"column":65}},"24":{"start":{"line":50,"column":2},"end":{"line":50,"column":54}},"25":{"start":{"line":55,"column":31},"end":{"line":59,"column":1}},"26":{"start":{"line":56,"column":1},"end":{"line":58,"column":15}},"27":{"start":{"line":57,"column":2},"end":{"line":57,"column":54}},"28":{"start":{"line":58,"column":8},"end":{"line":58,"column":15}},"29":{"start":{"line":62,"column":31},"end":{"line":70,"column":1}},"30":{"start":{"line":63,"column":15},"end":{"line":63,"column":19}},"31":{"start":{"line":64,"column":1},"end":{"line":69,"column":2}},"32":{"start":{"line":65,"column":2},"end":{"line":65,"column":55}},"33":{"start":{"line":66,"column":2},"end":{"line":66,"column":25}},"34":{"start":{"line":68,"column":2},"end":{"line":68,"column":23}},"35":{"start":{"line":73,"column":28},"end":{"line":75,"column":1}},"36":{"start":{"line":74,"column":1},"end":{"line":74,"column":8}}},"fnMap":{"0":{"name":"(anonymous_0)","decl":{"start":{"line":15,"column":27},"end":{"line":15,"column":28}},"loc":{"start":{"line":15,"column":80},"end":{"line":18,"column":1}},"line":15},"1":{"name":"(anonymous_1)","decl":{"start":{"line":20,"column":32},"end":{"line":20,"column":33}},"loc":{"start":{"line":20,"column":104},"end":{"line":23,"column":1}},"line":20},"2":{"name":"(anonymous_2)","decl":{"start":{"line":26,"column":31},"end":{"line":26,"column":32}},"loc":{"start":{"line":26,"column":44},"end":{"line":28,"column":1}},"line":26},"3":{"name":"(anonymous_3)","decl":{"start":{"line":26,"column":44},"end":{"line":26,"column":45}},"loc":{"start":{"line":26,"column":97},"end":{"line":28,"column":1}},"line":26},"4":{"name":"(anonymous_4)","decl":{"start":{"line":31,"column":27},"end":{"line":31,"column":28}},"loc":{"start":{"line":31,"column":93},"end":{"line":31,"column":95}},"line":31},"5":{"name":"(anonymous_5)","decl":{"start":{"line":34,"column":24},"end":{"line":34,"column":25}},"loc":{"start":{"line":34,"column":86},"end":{"line":52,"column":1}},"line":34},"6":{"name":"(anonymous_6)","decl":{"start":{"line":55,"column":31},"end":{"line":55,"column":32}},"loc":{"start":{"line":55,"column":87},"end":{"line":59,"column":1}},"line":55},"7":{"name":"(anonymous_7)","decl":{"start":{"line":62,"column":31},"end":{"line":62,"column":32}},"loc":{"start":{"line":62,"column":74},"end":{"line":70,"column":1}},"line":62},"8":{"name":"(anonymous_8)","decl":{"start":{"line":73,"column":28},"end":{"line":73,"column":29}},"loc":{"start":{"line":73,"column":81},"end":{"line":75,"column":1}},"line":73}},"branchMap":{"0":{"loc":{"start":{"line":16,"column":1},"end":{"line":16,"column":92}},"type":"if","locations":[{"start":{"line":16,"column":1},"end":{"line":16,"column":92}},{"start":{"line":16,"column":1},"end":{"line":16,"column":92}}],"line":16},"1":{"loc":{"start":{"line":21,"column":1},"end":{"line":21,"column":101}},"type":"if","locations":[{"start":{"line":21,"column":1},"end":{"line":21,"column":101}},{"start":{"line":21,"column":1},"end":{"line":21,"column":101}}],"line":21},"2":{"loc":{"start":{"line":36,"column":1},"end":{"line":39,"column":2}},"type":"if","locations":[{"start":{"line":36,"column":1},"end":{"line":39,"column":2}},{"start":{"line":36,"column":1},"end":{"line":39,"column":2}}],"line":36},"3":{"loc":{"start":{"line":36,"column":5},"end":{"line":36,"column":39}},"type":"binary-expr","locations":[{"start":{"line":36,"column":5},"end":{"line":36,"column":11}},{"start":{"line":36,"column":15},"end":{"line":36,"column":39}}],"line":36},"4":{"loc":{"start":{"line":41,"column":1},"end":{"line":51,"column":2}},"type":"if","locations":[{"start":{"line":41,"column":1},"end":{"line":51,"column":2}},{"start":{"line":41,"column":1},"end":{"line":51,"column":2}}],"line":41},"5":{"loc":{"start":{"line":41,"column":5},"end":{"line":41,"column":25}},"type":"binary-expr","locations":[{"start":{"line":41,"column":5},"end":{"line":41,"column":17}},{"start":{"line":41,"column":21},"end":{"line":41,"column":25}}],"line":41},"6":{"loc":{"start":{"line":44,"column":2},"end":{"line":47,"column":3}},"type":"if","locations":[{"start":{"line":44,"column":2},"end":{"line":47,"column":3}},{"start":{"line":44,"column":2},"end":{"line":47,"column":3}}],"line":44},"7":{"loc":{"start":{"line":56,"column":1},"end":{"line":58,"column":15}},"type":"if","locations":[{"start":{"line":56,"column":1},"end":{"line":58,"column":15}},{"start":{"line":56,"column":1},"end":{"line":58,"column":15}}],"line":56}},"s":{"0":0,"1":0,"2":0,"3":0,"4":0,"5":0,"6":0,"7":0,"8":0,"9":0,"10":0,"11":0,"12":0,"13":0,"14":0,"15":0,"16":0,"17":0,"18":0,"19":0,"20":0,"21":0,"22":0,"23":0,"24":0,"25":0,"26":0,"27":0,"28":0,"29":0,"30":0,"31":0,"32":0,"33":0,"34":0,"35":0,"36":0},"f":{"0":0,"1":0,"2":0,"3":0,"4":0,"5":0,"6":0,"7":0,"8":0},"b":{"0":[0,0],"1":[0,0],"2":[0,0],"3":[0,0],"4":[0,0],"5":[0,0],"6":[0,0],"7":[0,0]},"all":true}
,"C:/Users/PaoloCattani/Workspaces/Workspaces_private/calcetto/server/core/middleware.ts": {"path":"C:/Users/PaoloCattani/Workspaces/Workspaces_private/calcetto/server/core/middleware.ts","statementMap":{},"fnMap":{},"branchMap":{},"s":{},"f":{},"b":{}}
,"C:\\Users\\PaoloCattani\\Workspaces\\Workspaces_private\\calcetto\\server\\core\\utils.ts": {"path":"C:\\Users\\PaoloCattani\\Workspaces\\Workspaces_private\\calcetto\\server\\core\\utils.ts","statementMap":{"0":{"start":{"line":6,"column":37},"end":{"line":7,"column":85}},"1":{"start":{"line":7,"column":2},"end":{"line":7,"column":85}},"2":{"start":{"line":10,"column":2},"end":{"line":10,"column":35}},"3":{"start":{"line":20,"column":2},"end":{"line":22,"column":3}},"4":{"start":{"line":20,"column":19},"end":{"line":20,"column":20}},"5":{"start":{"line":21,"column":4},"end":{"line":21,"column":47}},"6":{"start":{"line":28,"column":25},"end":{"line":28,"column":98}},"7":{"start":{"line":28,"column":67},"end":{"line":28,"column":98}},"8":{"start":{"line":30,"column":31},"end":{"line":34,"column":3}},"9":{"start":{"line":31,"column":2},"end":{"line":34,"column":3}},"10":{"start":{"line":32,"column":28},"end":{"line":32,"column":94}},"11":{"start":{"line":36,"column":27},"end":{"line":37,"column":67}},"12":{"start":{"line":37,"column":2},"end":{"line":37,"column":67}},"13":{"start":{"line":39,"column":28},"end":{"line":40,"column":85}},"14":{"start":{"line":40,"column":2},"end":{"line":40,"column":85}},"15":{"start":{"line":42,"column":33},"end":{"line":55,"column":2}},"16":{"start":{"line":42,"column":119},"end":{"line":55,"column":1}},"17":{"start":{"line":62,"column":25},"end":{"line":101,"column":1}},"18":{"start":{"line":65,"column":2},"end":{"line":65,"column":39}},"19":{"start":{"line":65,"column":17},"end":{"line":65,"column":39}},"20":{"start":{"line":68,"column":2},"end":{"line":75,"column":3}},"21":{"start":{"line":69,"column":4},"end":{"line":69,"column":76}},"22":{"start":{"line":72,"column":4},"end":{"line":72,"column":67}},"23":{"start":{"line":72,"column":37},"end":{"line":72,"column":67}},"24":{"start":{"line":74,"column":4},"end":{"line":74,"column":109}},"25":{"start":{"line":77,"column":2},"end":{"line":100,"column":4}},"26":{"start":{"line":78,"column":23},"end":{"line":78,"column":55}},"27":{"start":{"line":79,"column":22},"end":{"line":79,"column":53}},"28":{"start":{"line":80,"column":21},"end":{"line":80,"column":51}},"29":{"start":{"line":81,"column":26},"end":{"line":81,"column":61}},"30":{"start":{"line":82,"column":23},"end":{"line":82,"column":55}},"31":{"start":{"line":83,"column":34},"end":{"line":83,"column":69}},"32":{"start":{"line":84,"column":39},"end":{"line":84,"column":79}},"33":{"start":{"line":85,"column":37},"end":{"line":85,"column":75}},"34":{"start":{"line":87,"column":6},"end":{"line":87,"column":76}},"35":{"start":{"line":88,"column":6},"end":{"line":88,"column":18}},"36":{"start":{"line":90,"column":20},"end":{"line":90,"column":49}},"37":{"start":{"line":95,"column":21},"end":{"line":95,"column":34}},"38":{"start":{"line":96,"column":6},"end":{"line":96,"column":30}},"39":{"start":{"line":97,"column":21},"end":{"line":97,"column":39}},"40":{"start":{"line":98,"column":6},"end":{"line":98,"column":67}}},"fnMap":{"0":{"name":"(anonymous_0)","decl":{"start":{"line":6,"column":37},"end":{"line":6,"column":38}},"loc":{"start":{"line":7,"column":2},"end":{"line":7,"column":85}},"line":7},"1":{"name":"getBaseLog","decl":{"start":{"line":9,"column":16},"end":{"line":9,"column":26}},"loc":{"start":{"line":9,"column":49},"end":{"line":11,"column":1}},"line":9},"2":{"name":"asyncForEach","decl":{"start":{"line":16,"column":22},"end":{"line":16,"column":34}},"loc":{"start":{"line":19,"column":17},"end":{"line":23,"column":1}},"line":19},"3":{"name":"(anonymous_3)","decl":{"start":{"line":28,"column":25},"end":{"line":28,"column":26}},"loc":{"start":{"line":28,"column":67},"end":{"line":28,"column":98}},"line":28},"4":{"name":"(anonymous_4)","decl":{"start":{"line":30,"column":31},"end":{"line":30,"column":32}},"loc":{"start":{"line":31,"column":2},"end":{"line":34,"column":3}},"line":31},"5":{"name":"(anonymous_5)","decl":{"start":{"line":32,"column":4},"end":{"line":32,"column":5}},"loc":{"start":{"line":32,"column":28},"end":{"line":32,"column":94}},"line":32},"6":{"name":"(anonymous_6)","decl":{"start":{"line":36,"column":27},"end":{"line":36,"column":28}},"loc":{"start":{"line":37,"column":2},"end":{"line":37,"column":67}},"line":37},"7":{"name":"(anonymous_7)","decl":{"start":{"line":39,"column":28},"end":{"line":39,"column":29}},"loc":{"start":{"line":40,"column":2},"end":{"line":40,"column":85}},"line":40},"8":{"name":"(anonymous_8)","decl":{"start":{"line":42,"column":33},"end":{"line":42,"column":34}},"loc":{"start":{"line":42,"column":119},"end":{"line":55,"column":1}},"line":42},"9":{"name":"(anonymous_9)","decl":{"start":{"line":62,"column":25},"end":{"line":62,"column":26}},"loc":{"start":{"line":62,"column":55},"end":{"line":101,"column":1}},"line":62},"10":{"name":"(anonymous_10)","decl":{"start":{"line":78,"column":17},"end":{"line":78,"column":18}},"loc":{"start":{"line":78,"column":23},"end":{"line":78,"column":55}},"line":78},"11":{"name":"(anonymous_11)","decl":{"start":{"line":79,"column":16},"end":{"line":79,"column":17}},"loc":{"start":{"line":79,"column":22},"end":{"line":79,"column":53}},"line":79},"12":{"name":"(anonymous_12)","decl":{"start":{"line":80,"column":15},"end":{"line":80,"column":16}},"loc":{"start":{"line":80,"column":21},"end":{"line":80,"column":51}},"line":80},"13":{"name":"(anonymous_13)","decl":{"start":{"line":81,"column":20},"end":{"line":81,"column":21}},"loc":{"start":{"line":81,"column":26},"end":{"line":81,"column":61}},"line":81},"14":{"name":"(anonymous_14)","decl":{"start":{"line":82,"column":17},"end":{"line":82,"column":18}},"loc":{"start":{"line":82,"column":23},"end":{"line":82,"column":55}},"line":82},"15":{"name":"(anonymous_15)","decl":{"start":{"line":83,"column":16},"end":{"line":83,"column":17}},"loc":{"start":{"line":83,"column":34},"end":{"line":83,"column":69}},"line":83},"16":{"name":"(anonymous_16)","decl":{"start":{"line":84,"column":20},"end":{"line":84,"column":21}},"loc":{"start":{"line":84,"column":39},"end":{"line":84,"column":79}},"line":84},"17":{"name":"(anonymous_17)","decl":{"start":{"line":85,"column":17},"end":{"line":85,"column":18}},"loc":{"start":{"line":85,"column":37},"end":{"line":85,"column":75}},"line":85},"18":{"name":"(anonymous_18)","decl":{"start":{"line":86,"column":13},"end":{"line":86,"column":14}},"loc":{"start":{"line":86,"column":37},"end":{"line":89,"column":5}},"line":86},"19":{"name":"(anonymous_19)","decl":{"start":{"line":90,"column":14},"end":{"line":90,"column":15}},"loc":{"start":{"line":90,"column":20},"end":{"line":90,"column":49}},"line":90},"20":{"name":"(anonymous_20)","decl":{"start":{"line":91,"column":24},"end":{"line":91,"column":25}},"loc":{"start":{"line":94,"column":17},"end":{"line":99,"column":5}},"line":94}},"branchMap":{"0":{"loc":{"start":{"line":32,"column":28},"end":{"line":32,"column":94}},"type":"cond-expr","locations":[{"start":{"line":32,"column":43},"end":{"line":32,"column":60}},{"start":{"line":32,"column":63},"end":{"line":32,"column":94}}],"line":32},"1":{"loc":{"start":{"line":37,"column":17},"end":{"line":37,"column":56}},"type":"cond-expr","locations":[{"start":{"line":37,"column":28},"end":{"line":37,"column":48}},{"start":{"line":37,"column":51},"end":{"line":37,"column":56}}],"line":37},"2":{"loc":{"start":{"line":65,"column":2},"end":{"line":65,"column":39}},"type":"if","locations":[{"start":{"line":65,"column":2},"end":{"line":65,"column":39}},{"start":{"line":65,"column":2},"end":{"line":65,"column":39}}],"line":65},"3":{"loc":{"start":{"line":68,"column":2},"end":{"line":75,"column":3}},"type":"if","locations":[{"start":{"line":68,"column":2},"end":{"line":75,"column":3}},{"start":{"line":68,"column":2},"end":{"line":75,"column":3}}],"line":68},"4":{"loc":{"start":{"line":68,"column":6},"end":{"line":68,"column":80}},"type":"binary-expr","locations":[{"start":{"line":68,"column":6},"end":{"line":68,"column":34}},{"start":{"line":68,"column":38},"end":{"line":68,"column":80}}],"line":68},"5":{"loc":{"start":{"line":72,"column":4},"end":{"line":72,"column":67}},"type":"if","locations":[{"start":{"line":72,"column":4},"end":{"line":72,"column":67}},{"start":{"line":72,"column":4},"end":{"line":72,"column":67}}],"line":72},"6":{"loc":{"start":{"line":95,"column":21},"end":{"line":95,"column":34}},"type":"binary-expr","locations":[{"start":{"line":95,"column":21},"end":{"line":95,"column":28}},{"start":{"line":95,"column":32},"end":{"line":95,"column":34}}],"line":95},"7":{"loc":{"start":{"line":97,"column":21},"end":{"line":97,"column":39}},"type":"binary-expr","locations":[{"start":{"line":97,"column":21},"end":{"line":97,"column":28}},{"start":{"line":97,"column":32},"end":{"line":97,"column":39}}],"line":97}},"s":{"0":0,"1":0,"2":0,"3":0,"4":0,"5":0,"6":0,"7":0,"8":0,"9":0,"10":0,"11":0,"12":0,"13":0,"14":0,"15":0,"16":0,"17":0,"18":0,"19":0,"20":0,"21":0,"22":0,"23":0,"24":0,"25":0,"26":0,"27":0,"28":0,"29":0,"30":0,"31":0,"32":0,"33":0,"34":0,"35":0,"36":0,"37":0,"38":0,"39":0,"40":0},"f":{"0":0,"1":0,"2":0,"3":0,"4":0,"5":0,"6":0,"7":0,"8":0,"9":0,"10":0,"11":0,"12":0,"13":0,"14":0,"15":0,"16":0,"17":0,"18":0,"19":0,"20":0},"b":{"0":[0,0],"1":[0,0],"2":[0,0],"3":[0,0],"4":[0,0],"5":[0,0],"6":[0,0],"7":[0,0]},"all":true}
,"C:/Users/PaoloCattani/Workspaces/Workspaces_private/calcetto/server/core/utils.ts": {"path":"C:/Users/PaoloCattani/Workspaces/Workspaces_private/calcetto/server/core/utils.ts","statementMap":{},"fnMap":{},"branchMap":{},"s":{},"f":{},"b":{}}
,"C:\\Users\\PaoloCattani\\Workspaces\\Workspaces_private\\calcetto\\server\\database\\connection.ts": {"path":"C:\\Users\\PaoloCattani\\Workspaces\\Workspaces_private\\calcetto\\server\\database\\connection.ts","statementMap":{"0":{"start":{"line":28,"column":4},"end":{"line":28,"column":98}},"1":{"start":{"line":29,"column":22},"end":{"line":29,"column":55}},"2":{"start":{"line":30,"column":2},"end":{"line":30,"column":85}},"3":{"start":{"line":30,"column":27},"end":{"line":30,"column":85}},"4":{"start":{"line":31,"column":46},"end":{"line":37,"column":3}},"5":{"start":{"line":35,"column":6},"end":{"line":35,"column":80}},"6":{"start":{"line":40,"column":1},"end":{"line":43,"column":2}},"7":{"start":{"line":42,"column":2},"end":{"line":42,"column":46}},"8":{"start":{"line":44,"column":2},"end":{"line":44,"column":47}},"9":{"start":{"line":48,"column":2},"end":{"line":51,"column":3}},"10":{"start":{"line":49,"column":4},"end":{"line":49,"column":74}},"11":{"start":{"line":50,"column":4},"end":{"line":50,"column":22}},"12":{"start":{"line":52,"column":30},"end":{"line":52,"column":48}},"13":{"start":{"line":53,"column":2},"end":{"line":53,"column":50}},"14":{"start":{"line":54,"column":2},"end":{"line":54,"column":54}},"15":{"start":{"line":55,"column":2},"end":{"line":55,"column":29}},"16":{"start":{"line":59,"column":2},"end":{"line":59,"column":36}},"17":{"start":{"line":59,"column":18},"end":{"line":59,"column":36}},"18":{"start":{"line":60,"column":30},"end":{"line":60,"column":48}},"19":{"start":{"line":61,"column":2},"end":{"line":61,"column":55}},"20":{"start":{"line":62,"column":2},"end":{"line":62,"column":69}},"21":{"start":{"line":63,"column":2},"end":{"line":63,"column":20}},"22":{"start":{"line":67,"column":1},"end":{"line":67,"column":35}},"23":{"start":{"line":67,"column":17},"end":{"line":67,"column":35}},"24":{"start":{"line":68,"column":29},"end":{"line":68,"column":53}},"25":{"start":{"line":69,"column":1},"end":{"line":69,"column":50}},"26":{"start":{"line":70,"column":1},"end":{"line":70,"column":52}},"27":{"start":{"line":71,"column":1},"end":{"line":71,"column":86}},"28":{"start":{"line":72,"column":1},"end":{"line":72,"column":69}},"29":{"start":{"line":73,"column":1},"end":{"line":73,"column":19}},"30":{"start":{"line":76,"column":31},"end":{"line":76,"column":91}},"31":{"start":{"line":76,"column":44},"end":{"line":76,"column":90}}},"fnMap":{"0":{"name":"loadModels","decl":{"start":{"line":25,"column":15},"end":{"line":25,"column":25}},"loc":{"start":{"line":25,"column":62},"end":{"line":45,"column":1}},"line":25},"1":{"name":"(anonymous_1)","decl":{"start":{"line":34,"column":16},"end":{"line":34,"column":17}},"loc":{"start":{"line":35,"column":6},"end":{"line":35,"column":80}},"line":35},"2":{"name":"authenticate","decl":{"start":{"line":47,"column":22},"end":{"line":47,"column":34}},"loc":{"start":{"line":47,"column":87},"end":{"line":56,"column":1}},"line":47},"3":{"name":"sync","decl":{"start":{"line":58,"column":22},"end":{"line":58,"column":26}},"loc":{"start":{"line":58,"column":79},"end":{"line":64,"column":1}},"line":58},"4":{"name":"createSchemaAndSync","decl":{"start":{"line":66,"column":22},"end":{"line":66,"column":41}},"loc":{"start":{"line":66,"column":109},"end":{"line":74,"column":1}},"line":66},"5":{"name":"(anonymous_5)","decl":{"start":{"line":76,"column":31},"end":{"line":76,"column":32}},"loc":{"start":{"line":76,"column":44},"end":{"line":76,"column":90}},"line":76}},"branchMap":{"0":{"loc":{"start":{"line":28,"column":11},"end":{"line":28,"column":97}},"type":"cond-expr","locations":[{"start":{"line":28,"column":35},"end":{"line":28,"column":70}},{"start":{"line":28,"column":74},"end":{"line":28,"column":97}}],"line":28},"1":{"loc":{"start":{"line":30,"column":2},"end":{"line":30,"column":85}},"type":"if","locations":[{"start":{"line":30,"column":2},"end":{"line":30,"column":85}},{"start":{"line":30,"column":2},"end":{"line":30,"column":85}}],"line":30},"2":{"loc":{"start":{"line":36,"column":10},"end":{"line":36,"column":41}},"type":"cond-expr","locations":[{"start":{"line":36,"column":19},"end":{"line":36,"column":29}},{"start":{"line":36,"column":32},"end":{"line":36,"column":41}}],"line":36},"3":{"loc":{"start":{"line":40,"column":1},"end":{"line":43,"column":2}},"type":"if","locations":[{"start":{"line":40,"column":1},"end":{"line":43,"column":2}},{"start":{"line":40,"column":1},"end":{"line":43,"column":2}}],"line":40},"4":{"loc":{"start":{"line":40,"column":4},"end":{"line":40,"column":96}},"type":"binary-expr","locations":[{"start":{"line":40,"column":4},"end":{"line":40,"column":35}},{"start":{"line":40,"column":39},"end":{"line":40,"column":60}},{"start":{"line":40,"column":64},"end":{"line":40,"column":96}}],"line":40},"5":{"loc":{"start":{"line":48,"column":2},"end":{"line":51,"column":3}},"type":"if","locations":[{"start":{"line":48,"column":2},"end":{"line":51,"column":3}},{"start":{"line":48,"column":2},"end":{"
[...]
,"C:/Users/PaoloCattani/Workspaces/Workspaces_private/calcetto/src/redux/services/auth.service.ts": {"path":"C:/Users/PaoloCattani/Workspaces/Workspaces_private/calcetto/src/redux/services/auth.service.ts","statementMap":{},"fnMap":{},"branchMap":{},"s":{},"f":{},"b":{}}
,"C:\\Users\\PaoloCattani\\Workspaces\\Workspaces_private\\calcetto\\src\\redux\\services\\pair.service.ts": {"path":"C:\\Users\\PaoloCattani\\Workspaces\\Workspaces_private\\calcetto\\src\\redux\\services\\pair.service.ts","statementMap":{"0":{"start":{"line":17,"column":20},"end":{"line":17,"column":34}},"1":{"start":{"line":18,"column":16},"end":{"line":18,"column":85}},"2":{"start":{"line":18,"column":33},"end":{"line":18,"column":85}},"3":{"start":{"line":19,"column":17},"end":{"line":20,"column":110}},"4":{"start":{"line":20,"column":2},"end":{"line":20,"column":110}},"5":{"start":{"line":21,"column":18},"end":{"line":21,"column":49}},"6":{"start":{"line":21,"column":24},"end":{"line":21,"column":49}},"7":{"start":{"line":22,"column":15},"end":{"line":22,"column":41}},"8":{"start":{"line":22,"column":21},"end":{"line":22,"column":41}},"9":{"start":{"line":23,"column":18},"end":{"line":23,"column":47}},"10":{"start":{"line":23,"column":24},"end":{"line":23,"column":47}},"11":{"start":{"line":25,"column":26},"end":{"line":26,"column":46}},"12":{"start":{"line":26,"column":2},"end":{"line":26,"column":46}},"13":{"start":{"line":27,"column":25},"end":{"line":28,"column":63}},"14":{"start":{"line":28,"column":2},"end":{"line":28,"column":63}},"15":{"start":{"line":29,"column":27},"end":{"line":30,"column":75}},"16":{"start":{"line":30,"column":2},"end":{"line":30,"column":75}},"17":{"start":{"line":32,"column":24},"end":{"line":33,"column":67}},"18":{"start":{"line":33,"column":2},"end":{"line":33,"column":67}},"19":{"start":{"line":36,"column":26},"end":{"line":37,"column":67}},"20":{"start":{"line":37,"column":2},"end":{"line":37,"column":67}},"21":{"start":{"line":39,"column":27},"end":{"line":40,"column":78}},"22":{"start":{"line":40,"column":2},"end":{"line":40,"column":78}},"23":{"start":{"line":42,"column":28},"end":{"line":53,"column":2}},"24":{"start":{"line":42,"column":58},"end":{"line":53,"column":1}}},"fnMap":{"0":{"name":"(anonymous_0)","decl":{"start":{"line":18,"column":16},"end":{"line":18,"column":17}},"loc":{"start":{"line":18,"column":33},"end":{"line":18,"column":85}},"line":18},"1":{"name":"(anonymous_1)","decl":{"start":{"line":19,"column":17},"end":{"line":19,"column":18}},"loc":{"start":{"line":20,"column":2},"end":{"line":20,"column":110}},"line":20},"2":{"name":"(anonymous_2)","decl":{"start":{"line":21,"column":18},"end":{"line":21,"column":19}},"loc":{"start":{"line":21,"column":24},"end":{"line":21,"column":49}},"line":21},"3":{"name":"(anonymous_3)","decl":{"start":{"line":22,"column":15},"end":{"line":22,"column":16}},"loc":{"start":{"line":22,"column":21},"end":{"line":22,"column":41}},"line":22},"4":{"name":"(anonymous_4)","decl":{"start":{"line":23,"column":18},"end":{"line":23,"column":19}},"loc":{"start":{"line":23,"column":24},"end":{"line":23,"column":47}},"line":23},"5":{"name":"(anonymous_5)","decl":{"start":{"line":25,"column":26},"end":{"line":25,"column":27}},"loc":{"start":{"line":26,"column":2},"end":{"line":26,"column":46}},"line":26},"6":{"name":"(anonymous_6)","decl":{"start":{"line":27,"column":25},"end":{"line":27,"column":26}},"loc":{"start":{"line":28,"column":2},"end":{"line":28,"column":63}},"line":28},"7":{"name":"(anonymous_7)","decl":{"start":{"line":29,"column":27},"end":{"line":29,"column":28}},"loc":{"start":{"line":30,"column":2},"end":{"line":30,"column":75}},"line":30},"8":{"name":"(anonymous_8)","decl":{"start":{"line":32,"column":24},"end":{"line":32,"column":25}},"loc":{"start":{"line":33,"column":2},"end":{"line":33,"column":67}},"line":33},"9":{"name":"(anonymous_9)","decl":{"start":{"line":36,"column":26},"end":{"line":36,"column":27}},"loc":{"start":{"line":37,"column":2},"end":{"line":37,"column":67}},"line":37},"10":{"name":"(anonymous_10)","decl":{"start":{"line":39,"column":27},"end":{"line":39,"column":28}},"loc":{"start":{"line":40,"column":2},"end":{"line":40,"column":78}},"line":40},"11":{"name":"(anonymous_11)","decl":{"start":{"line":42,"column":28},"end":{"line":42,"column":29}},"loc":{"start":{"line":42,"column":58},"end":{"line":53,"column":1}},"line":42}},"branchMap":{"0":{"loc":{"start":{"line":48,"column":9},"end":{"line":48,"column":20}},"type":"binary-expr","locations":[{"start":{"line":48,"column":9},"end":{"line":48,"column":14}},{"start":{"line":48,"column":18},"end":{"line":48,"column":20}}],"line":48}},"s":{"0":32,"1":32,"2":0,"3":32,"4":0,"5":32,"6":0,"7":32,"8":0,"9":32,"10":0,"11":32,"12":0,"13":32,"14":0,"15":32,"16":0,"17":32,"18":0,"19":32,"20":0,"21":32,"22":0,"23":32,"24":32},"f":{"0":0,"1":0,"2":0,"3":0,"4":0,"5":0,"6":0,"7":0,"8":0,"9":0,"10":0,"11":32},"b":{"0":[32,0]},"_coverageSchema":"1a1c01bbd47fc00a2c39e90264f33305004495a9","hash":"f5bf5d4a6f90c24fc10acf61a05f2d0675268c53"}
,"C:/Users/PaoloCattani/Workspaces/Workspaces_private/calcetto/src/redux/services/pair.service.ts": {"path":"C:/Users/PaoloCattani/Workspaces/Workspaces_private/calcetto/src/redux/services/pair.service.ts","statementMap":{},"fnMap":{},"branchMap":{},"s":{},"f":{},"b":{}}
,"C:\\Users\\PaoloCattani\\Workspaces\\Workspaces_private\\calcetto\\src\\redux\\services\\player.service.ts": {"path":"C:\\Users\\PaoloCattani\\Workspaces\\Workspaces_private\\calcetto\\src\\redux\\services\\player.service.ts","statementMap":{"0":{"start":{"line":13,"column":28},"end":{"line":27,"column":1}},"1":{"start":{"line":14,"column":2},"end":{"line":26,"column":3}},"2":{"start":{"line":15,"column":21},"end":{"line":18,"column":6}},"3":{"start":{"line":19,"column":41},"end":{"line":19,"column":62}},"4":{"start":{"line":20,"column":4},"end":{"line":23,"column":6}},"5":{"start":{"line":25,"column":4},"end":{"line":25,"column":57}},"6":{"start":{"line":29,"column":29},"end":{"line":30,"column":98}},"7":{"start":{"line":30,"column":2},"end":{"line":30,"column":98}},"8":{"start":{"line":32,"column":26},"end":{"line":33,"column":86}},"9":{"start":{"line":33,"column":2},"end":{"line":33,"column":86}},"10":{"start":{"line":35,"column":28},"end":{"line":36,"column":88}},"11":{"start":{"line":36,"column":2},"end":{"line":36,"column":88}},"12":{"start":{"line":38,"column":30},"end":{"line":52,"column":2}},"13":{"start":{"line":38,"column":62},"end":{"line":52,"column":1}}},"fnMap":{"0":{"name":"(anonymous_0)","decl":{"start":{"line":13,"column":28},"end":{"line":13,"column":29}},"loc":{"start":{"line":13,"column":109},"end":{"line":27,"column":1}},"line":13},"1":{"name":"(anonymous_1)","decl":{"start":{"line":29,"column":29},"end":{"line":29,"column":30}},"loc":{"start":{"line":30,"column":2},"end":{"line":30,"column":98}},"line":30},"2":{"name":"(anonymous_2)","decl":{"start":{"line":32,"column":26},"end":{"line":32,"column":27}},"loc":{"start":{"line":33,"column":2},"end":{"line":33,"column":86}},"line":33},"3":{"name":"(anonymous_3)","decl":{"start":{"line":35,"column":28},"end":{"line":35,"column":29}},"loc":{"start":{"line":36,"column":2},"end":{"line":36,"column":88}},"line":36},"4":{"name":"(anonymous_4)","decl":{"start":{"line":38,"column":30},"end":{"line":38,"column":31}},"loc":{"start":{"line":38,"column":62},"end":{"line":52,"column":1}},"line":38}},"branchMap":{"0":{"loc":{"start":{"line":15,"column":33},"end":{"line":15,"column":111}},"type":"cond-expr","locations":[{"start":{"line":15,"column":39},"end":{"line":15,"column":87}},{"start":{"line":15,"column":90},"end":{"line":15,"column":111}}],"line":15},"1":{"loc":{"start":{"line":22,"column":19},"end":{"line":22,"column":110}},"type":"cond-expr","locations":[{"start":{"line":22,"column":30},"end":{"line":22,"column":89}},{"start":{"line":22,"column":92},"end":{"line":22,"column":110}}],"line":22},"2":{"loc":{"start":{"line":43,"column":9},"end":{"line":43,"column":20}},"type":"binary-expr","locations":[{"start":{"line":43,"column":9},"end":{"line":43,"column":14}},{"start":{"line":43,"column":18},"end":{"line":43,"column":20}}],"line":43}},"s":{"0":32,"1":0,"2":0,"3":0,"4":0,"5":0,"6":32,"7":0,"8":32,"9":0,"10":32,"11":0,"12":32,"13":64},"f":{"0":0,"1":0,"2":0,"3":0,"4":64},"b":{"0":[0,0],"1":[0,0],"2":[64,64]},"_coverageSchema":"1a1c01bbd47fc00a2c39e90264f33305004495a9","hash":"395cfca45e0e0f002c6631f21e0ff53c52301250"}
,"C:/Users/PaoloCattani/Workspaces/Workspaces_private/calcetto/src/redux/services/player.service.ts": {"path":"C:/Users/PaoloCattani/Workspaces/Workspaces_private/calcetto/src/redux/services/player.service.ts","statementMap":{},"fnMap":{},"branchMap":{},"s":{},"f":{},"b":{}}
,"C:\\Users\\PaoloCattani\\Workspaces\\Workspaces_private\\calcetto\\src\\redux\\services\\stage1.service.ts": {"path":"C:\\Users\\PaoloCattani\\Workspaces\\Workspaces_private\\calcetto\\src\\redux\\services\\stage1.service.ts","statementMap":{"0":{"start":{"line":14,"column":27},"end":{"line":20,"column":4}},"1":{"start":{"line":15,"column":2},"end":{"line":20,"column":4}},"2":{"start":{"line":22,"column":31},"end":{"line":23,"column":105}},"3":{"start":{"line":23,"column":2},"end":{"line":23,"column":105}},"4":{"start":{"line":25,"column":32},"end":{"line":26,"column":90}},"5":{"start":{"line":26,"column":2},"end":{"line":26,"column":90}},"6":{"start":{"line":28,"column":35},"end":{"line":60,"column":25}},"7":{"start":{"line":29,"column":2},"end":{"line":60,"column":25}},"8":{"start":{"line":31,"column":25},"end":{"line":31,"column":85}},"9":{"start":{"line":31,"column":43},"end":{"line":31,"column":85}},"10":{"start":{"line":34,"column":28},"end":{"line":42,"column":5}},"11":{"start":{"line":35,"column":6},"end":{"line":41,"column":7}},"12":{"start":{"line":36,"column":24},"end":{"line":36,"column":64}},"13":{"start":{"line":37,"column":8},"end":{"line":40,"column":9}},"14":{"start":{"line":38,"column":10},"end":{"line":38,"column":27}},"15":{"start":{"line":39,"column":10},"end":{"line":39,"column":28}},"16":{"start":{"line":44,"column":26},"end":{"line":48,"column":5}},"17":{"start":{"line":45,"column":6},"end":{"line":45,"column":47}},"18":{"start":{"line":46,"column":6},"end":{"line":46,"column":19}},"19":{"start":{"line":47,"column":6},"end":{"line":47,"column":24}},"20":{"start":{"line":49,"column":4},"end":{"line":49,"column":51}},"21":{"start":{"line":50,"column":4},"end":{"line":50,"column":57}},"22":{"start":{"line":51,"column":4},"end":{"line":51,"column":53}},"23":{"start":{"line":53,"column":28},"end":{"line":58,"column":5}},"24":{"start":{"line":54,"column":6},"end":{"line":54,"column":56}},"25":{"start":{"line":55,"column":6},"end":{"line":55,"column":62}},"26":{"start":{"line":56,"column":6},"end":{"line":56,"column":58}},"27":{"start":{"line":57,"column":6},"end":{"line":57,"column":22}},"28":{"start":{"line":59,"column":4},"end":{"line":59,"column":27}}},"fnMap":{"0":{"name":"(anonymous_0)","decl":{"start":{"line":14,"column":27},"end":{"line":14,"column":28}},"loc":{"start":{"line":15,"column":2},"end":{"line":20,"column":4}},"line":15},"1":{"name":"(anonymous_1)","decl":{"start":{"line":22,"column":31},"end":{"line":22,"column":32}},"loc":{"start":{"line":23,"column":2},"end":{"line":23,"column":105}},"line":23},"2":{"name":"(anonymous_2)","decl":{"start":{"line":25,"column":32},"end":{"line":25,"column":33}},"loc":{"start":{"line":26,"column":2},"end":{"line":26,"column":90}},"line":26},"3":{"name":"(anonymous_3)","decl":{"start":{"line":28,"column":35},"end":{"line":28,"column":36}},"loc":{"start":{"line":29,"column":2},"end":{"line":60,"column":25}},"line":29},"4":{"name":"(anonymous_4)","decl":{"start":{"line":29,"column":24},"end":{"line":29,"column":25}},"loc":{"start":{"line":29,"column":37},"end":{"line":60,"column":3}},"line":29},"5":{"name":"(anonymous_5)","decl":{"start":{"line":31,"column":25},"end":{"line":31,"column":26}},"loc":{"start":{"line":31,"column":43},"end":{"line":31,"column":85}},"line":31},"6":{"name":"(anonymous_6)","decl":{"start":{"line":34,"column":28},"end":{"line":34,"column":29}},"loc":{"start":{"line":34,"column":60},"end":{"line":42,"column":5}},"line":34},"7":{"name":"(anonymous_7)","decl":{"start":{"line":44,"column":26},"end":{"line":44,"column":27}},"loc":{"start":{"line":44,"column":44},"end":{"line":48,"column":5}},"line":44},"8":{"name":"(anonymous_8)","decl":{"start":{"line":53,"column":28},"end":{"line":53,"column":29}},"loc":{"start":{"line":53,"column":34},"end":{"line":58,"column":5}},"line":53}},"branchMap":{"0":{"loc":{"start":{"line":35,"column":6},"end":{"line":41,"column":7}},"type":"if","locations":[{"start":{"line":35,"column":6},"end":{"line":41,"column":7}},{"start":{"line":35,"column":6},"end":{"line":41,"column":7}}],"line":35},"1":{"loc":{"start":{"line":37,"column":8},"end":{"line":40,"column":9}},"type":"if","locations":[{"start":{"line":37,"column":8},"end":{"line":40,"column":9}},{"start":{"line":37,"column":8},"end":{"line":40,"column":9}}],"line":37}},"s":{"0":32,"1":0,"2":32,"3":0,"4":32,"5":0,"6":32,"7":0,"8":0,"9":0,"10":0,"11":0,"12":0,"13":0,"14":0,"15":0,"16":0,"17":0,"18":0,"19":0,"20":0,"21":0,"22":0,"23":0,"24":0,"25":0,"26":0,"27":0,"28":0},"f":{"0":0,"1":0,"2":0,"3":0,"4":0,"5":0,"6":0,"7":0,"8":0},"b":{"0":[0,0],"1":[0,0]},"_coverageSchema":"1a1c01bbd47fc00a2c39e90264f33305004495a9","hash":"50888e19b58fe627c1f3ecfca93c37d2a792b9e8"}
,"C:/Users/PaoloCattani/Workspaces/Workspaces_private/calcetto/src/redux/services/stage1.service.ts": {"path":"C:/Users/PaoloCattani/Workspaces/Workspaces_private/calcetto/src/redux/services/stage1.service.ts","statementMap":{},"fnMap":{},"branchMap":{},"s":{},"f":{},"b":{}}
,"C:\\Users\\PaoloCattani\\Workspaces\\Workspaces_private\\calcetto\\src\\redux\\services\\stage2.service.ts": {"path":"C:\\Users\\PaoloCattani\\Workspaces\\Workspaces_private\\calcetto\\src\\redux\\services\\stage2.service.ts","statementMap":{"0":{"start":{"line":6,"column":28},"end":{"line":13,"column":1}},"1":{"start":{"line":7,"column":19},"end":{"line":11,"column":4}},"2":{"start":{"line":12,"column":2},"end":{"line":12,"column":24}},"3":{"start":{"line":15,"column":27},"end":{"line":26,"column":1}},"4":{"start":{"line":16,"column":2},"end":{"line":25,"column":3}},"5":{"start":{"line":17,"column":21},"end":{"line":21,"column":6}},"6":{"start":{"line":22,"column":4},"end":{"line":22,"column":26}},"7":{"start":{"line":24,"column":4},"end":{"line":24,"column":41}},"8":{"start":{"line":28,"column":32},"end":{"line":37,"column":1}},"9":{"start":{"line":29,"column":2},"end":{"line":35,"column":3}},"10":{"start":{"line":30,"column":21},"end":{"line":30,"column":63}},"11":{"start":{"line":31,"column":19},"end":{"line":31,"column":40}},"12":{"start":{"line":32,"column":4},"end":{"line":32,"column":59}},"13":{"start":{"line":34,"column":4},"end":{"line":34,"column":49}},"14":{"start":{"line":36,"column":2},"end":{"line":36,"column":23}},"15":{"start":{"line":39,"column":27},"end":{"line":54,"column":1}},"16":{"start":{"line":43,"column":2},"end":{"line":53,"column":3}},"17":{"start":{"line":44,"column":21},"end":{"line":48,"column":6}},"18":{"start":{"line":49,"column":18},"end":{"line":49,"column":39}},"19":{"start":{"line":50,"column":4},"end":{"line":50,"column":33}},"20":{"start":{"line":52,"column":4},"end":{"line":52,"column":37}}},"fnMap":{"0":{"name":"(anonymous_0)","decl":{"start":{"line":6,"column":28},"end":{"line":6,"column":29}},"loc":{"start":{"line":6,"column":51},"end":{"line":13,"column":1}},"line":6},"1":{"name":"(anonymous_1)","decl":{"start":{"line":15,"column":27},"end":{"line":15,"column":28}},"loc":{"start":{"line":15,"column":72},"end":{"line":26,"column":1}},"line":15},"2":{"name":"(anonymous_2)","decl":{"start":{"line":28,"column":32},"end":{"line":28,"column":33}},"loc":{"start":{"line":28,"column":55},"end":{"line":37,"column":1}},"line":28},"3":{"name":"(anonymous_3)","decl":{"start":{"line":39,"column":27},"end":{"line":39,"column":28}},"loc":{"start":{"line":42,"column":56},"end":{"line":54,"column":1}},"line":42}},"branchMap":{},"s":{"0":32,"1":0,"2":0,"3":32,"4":0,"5":0,"6":0,"7":0,"8":32,"9":0,"10":0,"11":0,"12":0,"13":0,"14":0,"15":32,"16":0,"17":0,"18":0,"19":0,"20":0},"f":{"0":0,"1":0,"2":0,"3":0},"b":{},"_coverageSchema":"1a1c01bbd47fc00a2c39e90264f33305004495a9","hash":"378e8b586140994443e746d90b39b4be22b0e4b6"}
,"C:/Users/PaoloCattani/Workspaces/Workspaces_private/calcetto/src/redux/services/stage2.service.ts": {"path":"C:/Users/PaoloCattani/Workspaces/Workspaces_private/calcetto/src/redux/services/stage2.service.ts","statementMap":{},"fnMap":{},"branchMap":{},"s":{},"f":{},"b":{}}
,"C:\\Users\\PaoloCattani\\Workspaces\\Workspaces_private\\calcetto\\src\\redux\\services\\tournament.service.ts": {"path":"C:\\Users\\PaoloCattani\\Workspaces\\Workspaces_private\\calcetto\\src\\redux\\services\\tournament.service.ts","statementMap":{"0":{"start":{"line":13,"column":32},"end":{"line":16,"column":3}},"1":{"start":{"line":14,"column":2},"end":{"line":16,"column":3}},"2":{"start":{"line":18,"column":30},"end":{"line":19,"column":95}},"3":{"start":{"line":19,"column":2},"end":{"line":19,"column":95}},"4":{"start":{"line":21,"column":32},"end":{"line":22,"column":101}},"5":{"start":{"line":22,"column":2},"end":{"line":22,"column":101}},"6":{"start":{"line":24,"column":32},"end":{"line":25,"column":104}},"7":{"start":{"line":25,"column":2},"end":{"line":25,"column":104}}},"fnMap":{"0":{"name":"(anonymous_0)","decl":{"start":{"line":13,"column":32},"end":{"line":13,"column":33}},"loc":{"start":{"line":14,"column":2},"end":{"line":16,"column":3}},"line":14},"1":{"name":"(anonymous_1)","decl":{"start":{"line":18,"column":30},"end":{"line":18,"column":31}},"loc":{"start":{"line":19,"column":2},"end":{"line":19,"column":95}},"line":19},"2":{"name":"(anonymous_2)","decl":{"start":{"line":21,"column":32},"end":{"line":21,"column":33}},"loc":{"start":{"line":22,"column":2},"end":{"line":22,"column":101}},"line":22},"3":{"name":"(anonymous_3)","decl":{"start":{"line":24,"column":32},"end":{"line":24,"column":33}},"loc":{"start":{"line":25,"column":2},"end":{"line":25,"column":104}},"line":25}},"branchMap":{"0":{"loc":{"start":{"line":15,"column":4},"end":{"line":15,"column":102}},"type":"cond-expr","locations":[{"start":{"line":15,"column":19},"end":{"line":15,"column":74}},{"start":{"line":15,"column":77},"end":{"line":15,"column":102}}],"line":15}},"s":{"0":32,"1":16,"2":32,"3":0,"4":32,"5":0,"6":32,"7":0},"f":{"0":16,"1":0,"2":0,"3":0},"b":{"0":[0,16]},"_coverageSchema":"1a1c01bbd47fc00a2c39e90264f33305004495a9","hash":"545d662dc36fc100732df175c2df0ac163ded2e6"}
,"C:/Users/PaoloCattani/Workspaces/Workspaces_private/calcetto/src/redux/services/tournament.service.ts": {"path":"C:/Users/PaoloCattani/Workspaces/Workspaces_private/calcetto/src/redux/services/tournament.service.ts","statementMap":{},"fnMap":{},"branchMap":{},"s":{},"f":{},"b":{}}
}
