TN:
SF:coverage-coverage\block-navigation.js
FNF:0
FNH:0
LF:0
LH:0
BRF:0
BRH:0
end_of_record
TN:
SF:coverage-coverage\prettify.js
FNF:0
FNH:0
LF:0
LH:0
BRF:0
BRH:0
end_of_record
TN:
SF:coverage-coverage\sorter.js
FNF:0
FNH:0
LF:0
LH:0
BRF:0
BRH:0
end_of_record
TN:
SF:coverage-coverage\lcov-report\block-navigation.js
FNF:0
FNH:0
LF:0
LH:0
BRF:0
BRH:0
end_of_record
TN:
SF:coverage-coverage\lcov-report\prettify.js
FNF:0
FNH:0
LF:0
LH:0
BRF:0
BRH:0
end_of_record
TN:
SF:coverage-coverage\lcov-report\sorter.js
FNF:0
FNH:0
LF:0
LH:0
BRF:0
BRH:0
end_of_record
TN:
SF:server\server.ts
FNF:0
FNH:0
DA:3,0
DA:4,0
DA:5,0
LF:3
LH:0
BRF:0
BRH:0
end_of_record
TN:
SF:server\server.ts
FNF:0
FNH:0
LF:0
LH:0
BRF:0
BRH:0
end_of_record
TN:
SF:server\controller\common.response.ts
FN:7,(anonymous_0)
FN:25,(anonymous_1)
FN:39,(anonymous_2)
FN:55,(anonymous_3)
FN:72,(anonymous_4)
FN:76,(anonymous_5)
FN:80,(anonymous_6)
FN:91,(anonymous_7)
FN:102,(anonymous_8)
FNF:9
FNH:0
FNDA:0,(anonymous_0)
FNDA:0,(anonymous_1)
FNDA:0,(anonymous_2)
FNDA:0,(anonymous_3)
FNDA:0,(anonymous_4)
FNDA:0,(anonymous_5)
FNDA:0,(anonymous_6)
FNDA:0,(anonymous_7)
FNDA:0,(anonymous_8)
DA:7,0
DA:15,0
DA:16,0
DA:25,0
DA:31,0
DA:39,0
DA:45,0
DA:55,0
DA:62,0
DA:72,0
DA:73,0
DA:76,0
DA:77,0
DA:80,0
DA:81,0
DA:91,0
DA:92,0
DA:102,0
DA:108,0
DA:109,0
LF:20
LH:0
BRDA:34,0,0,0
BRDA:34,0,1,0
BRDA:48,1,0,0
BRDA:48,1,1,0
BRDA:64,2,0,0
BRDA:64,2,1,0
BRDA:65,3,0,0
BRDA:65,3,1,0
BRF:8
BRH:0
end_of_record
TN:
SF:server\controller\common.response.ts
FNF:0
FNH:0
LF:0
LH:0
BRF:0
BRH:0
end_of_record
TN:
SF:server\controller\index.ts
FN:20,(anonymous_0)
FN:34,(anonymous_1)
FN:37,(anonymous_2)
FNF:3
FNH:0
FNDA:0,(anonymous_0)
FNDA:0,(anonymous_1)
FNDA:0,(anonymous_2)
DA:22,0
DA:23,0
DA:24,0
DA:25,0
DA:26,0
DA:27,0
DA:30,0
DA:34,0
DA:37,0
DA:38,0
LF:10
LH:0
BRDA:34,0,0,0
BRDA:34,0,1,0
BRF:2
BRH:0
end_of_record
TN:
SF:server\controller\index.ts
FNF:0
FNH:0
LF:0
LH:0
BRF:0
BRH:0
end_of_record
TN:
SF:server\controller\pair.controller.ts
FN:23,(anonymous_0)
FN:32,(anonymous_1)
FN:52,(anonymous_2)
FN:77,(anonymous_3)
FN:95,(anonymous_4)
FN:121,(anonymous_5)
FN:146,(anonymous_6)
FN:152,(anonymous_7)
FNF:8
FNH:0
FNDA:0,(anonymous_0)
FNDA:0,(anonymous_1)
FNDA:0,(anonymous_2)
FNDA:0,(anonymous_3)
FNDA:0,(anonymous_4)
FNDA:0,(anonymous_5)
FNDA:0,(anonymous_6)
FNDA:0,(anonymous_7)
DA:22,0
DA:23,0
DA:24,0
DA:28,0
DA:33,0
DA:34,0
DA:35,0
DA:36,0
DA:38,0
DA:39,0
DA:40,0
DA:41,0
DA:43,0
DA:48,0
DA:53,0
DA:55,0
DA:56,0
DA:57,0
DA:58,0
DA:60,0
DA:64,0
DA:66,0
DA:73,0
DA:78,0
DA:79,0
DA:80,0
DA:81,0
DA:83,0
DA:84,0
DA:85,0
DA:87,0
DA:92,0
DA:95,0
DA:99,0
DA:101,0
DA:102,0
DA:105,0
DA:117,0
DA:122,0
DA:123,0
DA:124,0
DA:125,0
DA:127,0
DA:128,0
DA:129,0
DA:131,0
DA:132,0
DA:134,0
DA:136,0
DA:142,0
DA:147,0
DA:148,0
DA:149,0
DA:150,0
DA:152,0
DA:153,0
DA:157,0
LF:57
LH:0
BRDA:35,0,0,0
BRDA:35,0,1,0
BRDA:57,1,0,0
BRDA:57,1,1,0
BRDA:57,2,0,0
BRDA:57,2,1,0
BRDA:80,3,0,0
BRDA:80,3,1,0
BRDA:107,4,0,0
BRDA:107,4,1,0
BRDA:125,5,0,0
BRDA:125,5,1,0
BRDA:127,6,0,0
BRDA:127,6,1,0
BRDA:149,7,0,0
BRDA:149,7,1,0
BRDA:153,8,0,0
BRDA:153,8,1,0
BRF:18
BRH:0
end_of_record
TN:
SF:server\controller\pair.controller.ts
FNF:0
FNH:0
LF:0
LH:0
BRF:0
BRH:0
end_of_record
TN:
SF:server\controller\player.controller.ts
FN:23,(anonymous_0)
FN:31,(anonymous_1)
FN:44,(anonymous_2)
FN:58,(anonymous_3)
FN:82,(anonymous_4)
FN:104,(anonymous_5)
FN:107,(anonymous_6)
FNF:7
FNH:0
FNDA:0,(anonymous_0)
FNDA:0,(anonymous_1)
FNDA:0,(anonymous_2)
FNDA:0,(anonymous_3)
FNDA:0,(anonymous_4)
FNDA:0,(anonymous_5)
FNDA:0,(anonymous_6)
DA:22,0
DA:23,0
DA:24,0
DA:27,0
DA:32,0
DA:33,0
DA:34,0
DA:36,0
DA:41,0
DA:45,0
DA:46,0
DA:47,0
DA:49,0
DA:54,0
DA:59,0
DA:60,0
DA:61,0
DA:62,0
DA:63,0
DA:66,0
DA:67,0
DA:68,0
DA:70,0
DA:71,0
DA:73,0
DA:78,0
DA:83,0
DA:84,0
DA:85,0
DA:86,0
DA:88,0
DA:89,0
DA:90,0
DA:92,0
DA:93,0
DA:95,0
DA:100,0
DA:105,0
DA:106,0
DA:107,0
DA:108,0
DA:114,0
LF:42
LH:0
BRDA:33,0,0,0
BRDA:33,0,1,0
BRDA:62,1,0,0
BRDA:62,1,1,0
BRDA:67,2,0,0
BRDA:67,2,1,0
BRDA:67,3,0,0
BRDA:67,3,1,0
BRDA:85,4,0,0
BRDA:85,4,1,0
BRDA:85,5,0,0
BRDA:85,5,1,0
BRDA:89,6,0,0
BRDA:89,6,1,0
BRDA:110,7,0,0
BRDA:110,7,1,0
BRF:16
BRH:0
end_of_record
TN:
SF:server\controller\player.controller.ts
FNF:0
FNH:0
LF:0
LH:0
BRF:0
BRH:0
end_of_record
TN:
SF:server\controller\stage1.controller.ts
FN:14,(anonymous_0)
FN:25,(anonymous_1)
FN:41,(anonymous_2)
FN:65,(anonymous_3)
FN:84,(anonymous_4)
FNF:5
FNH:0
FNDA:0,(anonymous_0)
FNDA:0,(anonymous_1)
FNDA:0,(anonymous_2)
FNDA:0,(anonymous_3)
FNDA:0,(anonymous_4)
DA:13,0
DA:14,0
DA:15,0
DA:21,0
DA:26,0
DA:27,0
DA:28,0
DA:37,0
DA:42,0
DA:43,0
DA:44,0
DA:45,0
DA:47,0
DA:48,0
DA:62,0
DA:66,0
DA:67,0
DA:68,0
DA:69,0
DA:71,0
DA:73,0
DA:74,0
DA:80,0
DA:85,0
DA:86,0
DA:87,0
LF:26
LH:0
BRDA:28,0,0,0
BRDA:28,0,1,0
BRF:2
BRH:0
end_of_record
TN:
SF:server\controller\stage1.controller.ts
FNF:0
FNH:0
LF:0
LH:0
BRF:0
BRH:0
end_of_record
TN:
SF:server\controller\stage2.controller.ts
FN:16,(anonymous_0)
FN:24,(anonymous_1)
FN:43,(anonymous_2)
FN:59,(anonymous_3)
FN:76,(anonymous_4)
FN:93,(anonymous_5)
FNF:6
FNH:0
FNDA:0,(anonymous_0)
FNDA:0,(anonymous_1)
FNDA:0,(anonymous_2)
FNDA:0,(anonymous_3)
FNDA:0,(anonymous_4)
FNDA:0,(anonymous_5)
DA:15,0
DA:16,0
DA:17,0
DA:21,0
DA:25,0
DA:26,0
DA:27,0
DA:28,0
DA:29,0
DA:31,0
DA:32,0
DA:34,0
DA:35,0
DA:40,0
DA:44,0
DA:45,0
DA:46,0
DA:47,0
DA:49,0
DA:50,0
DA:56,0
DA:60,0
DA:61,0
DA:62,0
DA:63,0
DA:65,0
DA:66,0
DA:72,0
DA:77,0
DA:78,0
DA:79,0
DA:80,0
DA:82,0
DA:83,0
DA:89,0
DA:94,0
DA:95,0
DA:96,0
LF:38
LH:0
BRDA:28,0,0,0
BRDA:28,0,1,0
BRF:2
BRH:0
end_of_record
TN:
SF:server\controller\stage2.controller.ts
FNF:0
FNH:0
LF:0
LH:0
BRF:0
BRH:0
end_of_record
TN:
SF:server\controller\tournament.controller.ts
FN:33,(anonymous_0)
FN:41,(anonymous_1)
FN:58,(anonymous_2)
FN:83,(anonymous_3)
FN:99,(anonymous_4)
FN:125,(anonymous_5)
FNF:6
FNH:0
FNDA:0,(anonymous_0)
FNDA:0,(anonymous_1)
FNDA:0,(anonymous_2)
FNDA:0,(anonymous_3)
FNDA:0,(anonymous_4)
FNDA:0,(anonymous_5)
DA:32,0
DA:33,0
DA:34,0
DA:38,0
DA:42,0
DA:43,0
DA:44,0
DA:50,0
DA:55,0
DA:59,0
DA:60,0
DA:61,0
DA:63,0
DA:64,0
DA:65,0
DA:67,0
DA:68,0
DA:74,0
DA:80,0
DA:84,0
DA:85,0
DA:86,0
DA:87,0
DA:89,0
DA:95,0
DA:100,0
DA:101,0
DA:102,0
DA:103,0
DA:104,0
DA:105,0
DA:106,0
DA:107,0
DA:109,0
DA:110,0
DA:111,0
DA:112,0
DA:113,0
DA:115,0
DA:121,0
DA:126,0
DA:127,0
DA:128,0
DA:129,0
DA:135,0
LF:45
LH:0
BRDA:46,0,0,0
BRDA:46,0,1,0
BRDA:60,1,0,0
BRDA:60,1,1,0
BRDA:64,2,0,0
BRDA:64,2,1,0
BRDA:105,3,0,0
BRDA:105,3,1,0
BRF:8
BRH:0
end_of_record
TN:
SF:server\controller\tournament.controller.ts
FNF:0
FNH:0
LF:0
LH:0
BRF:0
BRH:0
end_of_record
TN:
SF:server\controller\auth\auth.controller.ts
FN:41,(anonymous_0)
FN:44,(anonymous_1)
FN:51,(anonymous_2)
FN:67,(anonymous_3)
FN:75,(anonymous_4)
FN:129,(anonymous_5)
FN:152,(anonymous_6)
FN:185,(anonymous_7)
FN:210,(anonymous_8)
FNF:9
FNH:0
FNDA:0,(anonymous_0)
FNDA:0,(anonymous_1)
FNDA:0,(anonymous_2)
FNDA:0,(anonymous_3)
FNDA:0,(anonymous_4)
FNDA:0,(anonymous_5)
FNDA:0,(anonymous_6)
FNDA:0,(anonymous_7)
FNDA:0,(anonymous_8)
DA:39,0
DA:41,0
DA:42,0
DA:44,0
DA:45,0
DA:48,0
DA:52,0
DA:53,0
DA:64,0
DA:68,0
DA:69,0
DA:73,0
DA:76,0
DA:77,0
DA:78,0
DA:82,0
DA:83,0
DA:84,0
DA:92,0
DA:93,0
DA:94,0
DA:95,0
DA:105,0
DA:106,0
DA:107,0
DA:108,0
DA:109,0
DA:115,0
DA:118,0
DA:126,0
DA:130,0
DA:131,0
DA:132,0
DA:133,0
DA:134,0
DA:135,0
DA:137,0
DA:139,0
DA:145,0
DA:150,0
DA:153,0
DA:154,0
DA:155,0
DA:156,0
DA:157,0
DA:159,0
DA:161,0
DA:162,0
DA:164,0
DA:165,0
DA:166,0
DA:169,0
DA:170,0
DA:171,0
DA:177,0
DA:182,0
DA:186,0
DA:187,0
DA:188,0
DA:189,0
DA:190,0
DA:191,0
DA:192,0
DA:195,0
DA:196,0
DA:198,0
DA:199,0
DA:200,0
DA:201,0
DA:203,0
DA:208,0
DA:211,0
DA:212,0
DA:213,0
DA:214,0
DA:215,0
DA:218,0
DA:219,0
DA:220,0
DA:223,0
DA:224,0
DA:226,0
DA:227,0
DA:228,0
DA:229,0
DA:231,0
LF:86
LH:0
BRDA:83,0,0,0
BRDA:83,0,1,0
BRDA:94,1,0,0
BRDA:94,1,1,0
BRDA:106,2,0,0
BRDA:106,2,1,0
BRDA:134,3,0,0
BRDA:134,3,1,0
BRDA:156,4,0,0
BRDA:156,4,1,0
BRDA:156,5,0,0
BRDA:156,5,1,0
BRDA:161,6,0,0
BRDA:161,6,1,0
BRDA:165,7,0,0
BRDA:165,7,1,0
BRDA:191,8,0,0
BRDA:191,8,1,0
BRDA:195,9,0,0
BRDA:195,9,1,0
BRDA:214,10,0,0
BRDA:214,10,1,0
BRDA:214,11,0,0
BRDA:214,11,1,0
BRDA:219,12,0,0
BRDA:219,12,1,0
BRDA:223,13,0,0
BRDA:223,13,1,0
BRF:28
BRH:0
end_of_record
TN:
SF:server\controller\auth\auth.controller.ts
FNF:0
FNH:0
LF:0
LH:0
BRF:0
BRH:0
end_of_record
TN:
SF:server\controller\auth\__mocks__\auth.mocks.ts
FNF:0
FNH:0
DA:4,0
DA:17,0
LF:2
LH:0
BRF:0
BRH:0
end_of_record
TN:
SF:server\controller\auth\__mocks__\auth.mocks.ts
FNF:0
FNH:0
LF:0
LH:0
BRF:0
BRH:0
end_of_record
TN:
SF:server\core\constats.ts
FNF:0
FNH:0
DA:1,0
LF:1
LH:0
BRF:0
BRH:0
end_of_record
TN:
SF:server\core\constats.ts
FNF:0
FNH:0
LF:0
LH:0
BRF:0
BRH:0
end_of_record
TN:
SF:server\core\debug.ts
FN:4,getEnv
FN:12,isProductionMode
FN:21,isDevMode
FN:30,isTestMode
FN:40,vardump
FNF:5
FNH:0
FNDA:0,getEnv
FNDA:0,isProductionMode
FNDA:0,isDevMode
FNDA:0,isTestMode
FNDA:0,vardump
DA:5,0
DA:13,0
DA:22,0
DA:31,0
DA:41,0
LF:5
LH:0
BRDA:22,0,0,0
BRDA:22,0,1,0
BRF:2
BRH:0
end_of_record
TN:
SF:server\core\debug.ts
FNF:0
FNH:0
LF:0
LH:0
BRF:0
BRH:0
end_of_record
TN:
SF:server\core\env.ts
FNF:0
FNH:0
DA:5,0
LF:1
LH:0
BRF:0
BRH:0
end_of_record
TN:
SF:server\core\env.ts
FNF:0
FNH:0
LF:0
LH:0
BRF:0
BRH:0
end_of_record
TN:
SF:server\core\logger.ts
FN:58,(anonymous_0)
FNF:1
FNH:0
FNDA:0,(anonymous_0)
DA:8,0
DA:44,0
DA:45,0
DA:47,0
DA:48,0
DA:49,0
DA:50,0
DA:51,0
DA:52,0
DA:53,0
DA:54,0
DA:55,0
DA:58,0
LF:13
LH:0
BRDA:47,0,0,0
BRDA:47,0,1,0
BRDA:50,1,0,0
BRDA:50,1,1,0
BRDA:53,2,0,0
BRDA:53,2,1,0
BRF:6
BRH:0
end_of_record
TN:
SF:server\core\logger.ts
FNF:0
FNH:0
LF:0
LH:0
BRF:0
BRH:0
end_of_record
TN:
SF:server\core\middleware.ts
FN:15,(anonymous_0)
FN:20,(anonymous_1)
FN:26,(anonymous_2)
FN:26,(anonymous_3)
FN:31,(anonymous_4)
FN:34,(anonymous_5)
FN:55,(anonymous_6)
FN:62,(anonymous_7)
FN:73,(anonymous_8)
FNF:9
FNH:0
FNDA:0,(anonymous_0)
FNDA:0,(anonymous_1)
FNDA:0,(anonymous_2)
FNDA:0,(anonymous_3)
FNDA:0,(anonymous_4)
FNDA:0,(anonymous_5)
FNDA:0,(anonymous_6)
FNDA:0,(anonymous_7)
FNDA:0,(anonymous_8)
DA:15,0
DA:16,0
DA:17,0
DA:20,0
DA:21,0
DA:22,0
DA:26,0
DA:27,0
DA:31,0
DA:34,0
DA:35,0
DA:36,0
DA:37,0
DA:38,0
DA:40,0
DA:41,0
DA:43,0
DA:44,0
DA:45,0
DA:46,0
DA:49,0
DA:50,0
DA:55,0
DA:56,0
DA:57,0
DA:58,0
DA:62,0
DA:63,0
DA:64,0
DA:65,0
DA:66,0
DA:68,0
DA:73,0
DA:74,0
LF:34
LH:0
BRDA:16,0,0,0
BRDA:16,0,1,0
BRDA:21,1,0,0
BRDA:21,1,1,0
BRDA:36,2,0,0
BRDA:36,2,1,0
BRDA:36,3,0,0
BRDA:36,3,1,0
BRDA:41,4,0,0
BRDA:41,4,1,0
BRDA:41,5,0,0
BRDA:41,5,1,0
BRDA:44,6,0,0
BRDA:44,6,1,0
BRDA:56,7,0,0
BRDA:56,7,1,0
BRF:16
BRH:0
end_of_record
TN:
SF:server\core\middleware.ts
FNF:0
FNH:0
LF:0
LH:0
BRF:0
BRH:0
end_of_record
TN:
SF:server\core\utils.ts
FN:6,(anonymous_0)
FN:9,getBaseLog
FN:16,asyncForEach
FN:28,(anonymous_3)
FN:30,(anonymous_4)
FN:32,(anonymous_5)
FN:36,(anonymous_6)
FN:39,(anonymous_7)
FN:42,(anonymous_8)
FN:62,(anonymous_9)
FN:78,(anonymous_10)
FN:79,(anonymous_11)
FN:80,(anonymous_12)
FN:81,(anonymous_13)
FN:82,(anonymous_14)
FN:83,(anonymous_15)
FN:84,(anonymous_16)
FN:85,(anonymous_17)
FN:86,(anonymous_18)
FN:90,(anonymous_19)
FN:91,(anonymous_20)
FNF:21
FNH:0
FNDA:0,(anonymous_0)
FNDA:0,getBaseLog
FNDA:0,asyncForEach
FNDA:0,(anonymous_3)
FNDA:0,(anonymous_4)
FNDA:0,(anonymous_5)
FNDA:0,(anonymous_6)
FNDA:0,(anonymous_7)
FNDA:0,(anonymous_8)
FNDA:0,(anonymous_9)
FNDA:0,(anonymous_10)
FNDA:0,(anonymous_11)
FNDA:0,(anonymous_12)
FNDA:0,(anonymous_13)
FNDA:0,(anonymous_14)
FNDA:0,(anonymous_15)
FNDA:0,(anonymous_16)
FNDA:0,(anonymous_17)
FNDA:0,(anonymous_18)
FNDA:0,(anonymous_19)
FNDA:0,(anonymous_20)
DA:6,0
DA:7,0
DA:10,0
DA:20,0
DA:21,0
DA:28,0
DA:30,0
DA:31,0
DA:32,0
DA:36,0
DA:37,0
DA:39,0
DA:40,0
DA:42,0
DA:62,0
DA:65,0
DA:68,0
DA:69,0
DA:72,0
DA:74,0
DA:77,0
DA:78,0
DA:79,0
DA:80,0
DA:81,0
DA:82,0
DA:83,0
DA:84,0
DA:85,0
DA:87,0
DA:88,0
DA:90,0
DA:95,0
DA:96,0
DA:97,0
DA:98,0
LF:36
LH:0
BRDA:32,0,0,0
BRDA:32,0,1,0
BRDA:37,1,0,0
BRDA:37,1,1,0
BRDA:65,2,0,0
BRDA:65,2,1,0
BRDA:68,3,0,0
BRDA:68,3,1,0
BRDA:68,4,0,0
BRDA:68,4,1,0
BRDA:72,5,0,0
BRDA:72,5,1,0
BRDA:95,6,0,0
BRDA:95,6,1,0
BRDA:97,7,0,0
BRDA:97,7,1,0
BRF:16
BRH:0
end_of_record
TN:
SF:server\core\utils.ts
FNF:0
FNH:0
LF:0
LH:0
BRF:0
BRH:0
end_of_record
TN:
SF:server\database\connection.ts
FN:25,loadModels
FN:34,(anonymous_1)
FN:47,authenticate
FN:58,sync
FN:66,createSchemaAndSync
FN:76,(anonymous_5)
FNF:6
FNH:0
FNDA:0,loadModels
FNDA:0,(anonymous_1)
FNDA:0,authenticate
FNDA:0,sync
FNDA:0,createSchemaAndSync
FNDA:0,(anonymous_5)
DA:28,0
DA:29,0
DA:30,0
DA:31,0
DA:35,0
DA:40,0
DA:42,0
DA:44,0
DA:48,0
DA:49,0
DA:50,0
DA:52,0
DA:53,0
DA:54,0
DA:55,0
DA:59,0
DA:60,0
DA:61,0
DA:62,0
DA:63,0
DA:67,0
DA:68,0
DA:69,0
DA:70,0
DA:71,0
DA:72,0
DA:73,0
DA:76,0
LF:28
LH:0
BRDA:28,0,0,0
BRDA:28,0,1,0
BRDA:30,1,0,0
BRDA:30,1,1,0
BRDA:36,2,0,0
BRDA:36,2,1,0
BRDA:40,3,0,0
BRDA:40,3,1,0
BRDA:40,4,0,0
BRDA:40,4,1,0
BRDA:40,4,2,0
BRDA:48,5,0,0
BRDA:48,5,1,0
BRDA:59,6,0,0
BRDA:59,6,1,0
BRDA:67,7,0,0
BRDA:67,7,1,0
BRDA:76,8,0,0
BRDA:76,8,1,0
BRF:19
BRH:0
end_of_record
TN:
SF:server\database\connection.ts
FNF:0
FNH:0
LF:0
LH:0
BRF:0
BRH:0
end_of_record
TN:
SF:server\database\index.ts
FNF:0
FNH:0
LF:0
LH:0
BRF:0
BRH:0
end_of_record
TN:
SF:server\database\index.ts
FNF:0
FNH:0
LF:0
LH:0
BRF:0
BRH:0
end_of_record
TN:
SF:server\database\pair.model.ts
FNF:0
FNH:0
LF:0
LH:0
BRF:0
BRH:0
end_of_record
TN:
SF:server\database\player.model.ts
FNF:0
FNH:0
LF:0
LH:0
BRF:0
BRH:0
end_of_record
TN:
SF:server\database\reservation.model.ts
FNF:0
FNH:0
LF:0
LH:0
BRF:0
BRH:0
end_of_record
TN:
SF:server\database\stage1.model.ts
FNF:0
FNH:0
LF:0
LH:0
BRF:0
BRH:0
end_of_record
TN:
SF:server\database\stage2.model.ts
FNF:0
FNH:0
LF:0
LH:0
BRF:0
BRH:0
end_of_record
TN:
SF:server\database\tournament.model.ts
FNF:0
FNH:0
LF:0
LH:0
BRF:0
BRH:0
end_of_record
TN:
SF:server\database\user.model.ts
FNF:0
FNH:0
LF:0
LH:0
BRF:0
BRH:0
end_of_record
TN:
SF:server\database\config\config.ts
FN:28,(anonymous_0)
FN:35,(anonymous_1)
FNF:2
FNH:0
FNDA:0,(anonymous_0)
FNDA:0,(anonymous_1)
DA:23,0
DA:28,0
DA:35,0
LF:3
LH:0
BRF:0
BRH:0
end_of_record
TN:
SF:server\database\config\config.ts
FNF:0
FNH:0
LF:0
LH:0
BRF:0
BRH:0
end_of_record
TN:
SF:server\database\migrations\index.ts
FN:19,(anonymous_0)
FNF:1
FNH:0
FNDA:0,(anonymous_0)
DA:4,0
DA:19,0
LF:2
LH:0
BRF:0
BRH:0
end_of_record
TN:
SF:server\database\migrations\index.ts
FNF:0
FNH:0
LF:0
LH:0
BRF:0
BRH:0
end_of_record
TN:
SF:server\events\const.ts
FNF:0
FNH:0
DA:1,0
DA:2,0
DA:11,0
LF:3
LH:0
BRF:0
BRH:0
end_of_record
TN:
SF:server\events\const.ts
FNF:0
FNH:0
LF:0
LH:0
BRF:0
BRH:0
end_of_record
TN:
SF:server\events\events.ts
FN:14,(anonymous_0)
FN:31,(anonymous_1)
FN:39,(anonymous_2)
FN:40,(anonymous_3)
FN:50,(anonymous_4)
FN:51,(anonymous_5)
FN:55,(anonymous_6)
FNF:7
FNH:0
FNDA:0,(anonymous_0)
FNDA:0,(anonymous_1)
FNDA:0,(anonymous_2)
FNDA:0,(anonymous_3)
FNDA:0,(anonymous_4)
FNDA:0,(anonymous_5)
FNDA:0,(anonymous_6)
DA:11,0
DA:12,0
DA:14,0
DA:15,0
DA:16,0
DA:17,0
DA:20,0
DA:21,0
DA:24,0
DA:25,0
DA:26,0
DA:27,0
DA:31,0
DA:33,0
DA:34,0
DA:36,0
DA:39,0
DA:40,0
DA:41,0
DA:42,0
DA:43,0
DA:46,0
DA:50,0
DA:51,0
DA:55,0
DA:56,0
DA:57,0
DA:59,0
DA:60,0
DA:63,0
DA:64,0
DA:65,0
DA:66,0
DA:67,0
DA:68,0
DA:70,0
LF:36
LH:0
BRDA:41,0,0,0
BRDA:41,0,1,0
BRDA:42,1,0,0
BRDA:42,1,1,0
BRDA:57,2,0,0
BRDA:57,2,1,0
BRDA:59,3,0,0
BRDA:59,3,1,0
BRDA:67,4,0,0
BRDA:67,4,1,0
BRF:10
BRH:0
end_of_record
TN:
SF:server\events\events.ts
FNF:0
FNH:0
LF:0
LH:0
BRF:0
BRH:0
end_of_record
TN:
SF:server\events\types.ts
FNF:0
FNH:0
LF:0
LH:0
BRF:0
BRH:0
end_of_record
TN:
SF:server\events\types.ts
FNF:0
FNH:0
LF:0
LH:0
BRF:0
BRH:0
end_of_record
TN:
SF:server\express\AbstractServer.ts
FN:43,(anonymous_0)
FN:51,(anonymous_1)
FN:75,(anonymous_2)
FN:101,(anonymous_3)
FN:109,(anonymous_4)
FN:127,(anonymous_5)
FN:155,(anonymous_6)
FN:156,(anonymous_7)
FNF:8
FNH:0
FNDA:0,(anonymous_0)
FNDA:0,(anonymous_1)
FNDA:0,(anonymous_2)
FNDA:0,(anonymous_3)
FNDA:0,(anonymous_4)
FNDA:0,(anonymous_5)
FNDA:0,(anonymous_6)
FNDA:0,(anonymous_7)
DA:44,0
DA:45,0
DA:46,0
DA:47,0
DA:48,0
DA:68,0
DA:75,0
DA:87,0
DA:90,0
DA:91,0
DA:92,0
DA:101,0
DA:102,0
DA:109,0
DA:110,0
DA:111,0
DA:112,0
DA:113,0
DA:114,0
DA:115,0
DA:117,0
DA:118,0
DA:119,0
DA:120,0
DA:124,0
DA:127,0
DA:128,0
DA:129,0
DA:130,0
DA:149,0
DA:155,0
DA:156,0
LF:32
LH:0
BRDA:46,0,0,0
BRDA:46,0,1,0
BRDA:48,1,0,0
BRDA:48,1,1,0
BRDA:70,2,0,0
BRDA:70,2,1,0
BRDA:82,3,0,0
BRDA:82,3,1,0
BRDA:95,4,0,0
BRDA:95,4,1,0
BRF:10
BRH:0
end_of_record
TN:
SF:server\express\AbstractServer.ts
FNF:0
FNH:0
LF:0
LH:0
BRF:0
BRH:0
end_of_record
TN:
SF:server\express\AppServer.ts
FN:36,(anonymous_0)
FN:41,(anonymous_1)
FN:66,(anonymous_2)
FNF:3
FNH:0
FNDA:0,(anonymous_0)
FNDA:0,(anonymous_1)
FNDA:0,(anonymous_2)
DA:18,0
DA:19,0
DA:20,0
DA:37,0
DA:38,0
DA:42,0
DA:43,0
DA:51,0
DA:52,0
DA:53,0
DA:55,0
DA:56,0
DA:60,0
DA:63,0
DA:67,0
LF:15
LH:0
BRDA:19,0,0,0
BRDA:19,0,1,0
BRDA:36,1,0,0
BRDA:36,2,0,0
BRDA:36,3,0,0
BRDA:42,4,0,0
BRDA:42,4,1,0
BRDA:44,5,0,0
BRDA:44,5,1,0
BRDA:51,6,0,0
BRDA:51,6,1,0
BRDA:51,7,0,0
BRDA:51,7,1,0
BRDA:51,7,2,0
BRDA:55,8,0,0
BRDA:55,8,1,0
BRDA:56,9,0,0
BRDA:56,9,1,0
BRF:18
BRH:0
end_of_record
TN:
SF:server\express\AppServer.ts
FNF:0
FNH:0
LF:0
LH:0
BRF:0
BRH:0
end_of_record
TN:
SF:server\generator\generator.ts
FN:35,generator
FN:47,tournamentGenerator
FN:61,playerGenerator
FN:71,pairGenerator
FNF:4
FNH:0
FNDA:0,generator
FNDA:0,tournamentGenerator
FNDA:0,playerGenerator
FNDA:0,pairGenerator
DA:10,0
DA:12,0
DA:36,0
DA:37,0
DA:40,0
DA:41,0
DA:42,0
DA:43,0
DA:44,0
DA:48,0
DA:49,0
DA:57,0
DA:62,0
DA:63,0
DA:72,0
DA:73,0
DA:81,0
LF:17
LH:0
BRDA:36,0,0,0
BRDA:36,0,1,0
BRDA:36,1,0,0
BRDA:36,1,1,0
BRDA:78,2,0,0
BRDA:78,2,1,0
BRF:6
BRH:0
end_of_record
TN:
SF:server\generator\generator.ts
FNF:0
FNH:0
LF:0
LH:0
BRF:0
BRH:0
end_of_record
TN:
SF:server\manager\auth.manager.ts
FN:33,(anonymous_0)
FN:36,(anonymous_1)
FN:42,(anonymous_2)
FN:44,(anonymous_3)
FN:46,(anonymous_4)
FN:68,(anonymous_5)
FN:71,(anonymous_6)
FN:74,(anonymous_7)
FN:82,(anonymous_8)
FN:90,(anonymous_9)
FN:101,(anonymous_10)
FN:140,isAdmin
FN:145,findUserByEmail
FN:155,findUserDTOByEmailOrUsername
FN:170,findUserByEmailOrUsername
FN:184,findUserByEmailAndUsername
FN:198,checkIfExist
FN:212,(anonymous_17)
FN:254,(anonymous_18)
FN:272,(anonymous_19)
FNF:20
FNH:0
FNDA:0,(anonymous_0)
FNDA:0,(anonymous_1)
FNDA:0,(anonymous_2)
FNDA:0,(anonymous_3)
FNDA:0,(anonymous_4)
FNDA:0,(anonymous_5)
FNDA:0,(anonymous_6)
FNDA:0,(anonymous_7)
FNDA:0,(anonymous_8)
FNDA:0,(anonymous_9)
FNDA:0,(anonymous_10)
FNDA:0,isAdmin
FNDA:0,findUserByEmail
FNDA:0,findUserDTOByEmailOrUsername
FNDA:0,findUserByEmailOrUsername
FNDA:0,findUserByEmailAndUsername
FNDA:0,checkIfExist
FNDA:0,(anonymous_17)
FNDA:0,(anonymous_18)
FNDA:0,(anonymous_19)
DA:21,0
DA:22,0
DA:23,0
DA:24,0
DA:25,0
DA:26,0
DA:27,0
DA:33,0
DA:34,0
DA:36,0
DA:37,0
DA:39,0
DA:41,0
DA:42,0
DA:44,0
DA:46,0
DA:47,0
DA:52,0
DA:68,0
DA:69,0
DA:71,0
DA:74,0
DA:75,0
DA:76,0
DA:77,0
DA:81,0
DA:82,0
DA:84,0
DA:85,0
DA:90,0
DA:91,0
DA:92,0
DA:93,0
DA:94,0
DA:96,0
DA:101,0
DA:102,0
DA:103,0
DA:104,0
DA:105,0
DA:106,0
DA:107,0
DA:109,0
DA:112,0
DA:114,0
DA:115,0
DA:124,0
DA:125,0
DA:126,0
DA:127,0
DA:128,0
DA:131,0
DA:132,0
DA:134,0
DA:135,0
DA:141,0
DA:142,0
DA:146,0
DA:147,0
DA:148,0
DA:150,0
DA:151,0
DA:156,0
DA:157,0
DA:158,0
DA:163,0
DA:165,0
DA:166,0
DA:171,0
DA:172,0
DA:173,0
DA:179,0
DA:180,0
DA:185,0
DA:186,0
DA:187,0
DA:193,0
DA:194,0
DA:199,0
DA:200,0
DA:201,0
DA:207,0
DA:208,0
DA:212,0
DA:213,0
DA:214,0
DA:215,0
DA:217,0
DA:218,0
DA:220,0
DA:221,0
DA:223,0
DA:224,0
DA:226,0
DA:227,0
DA:229,0
DA:230,0
DA:232,0
DA:233,0
DA:235,0
DA:236,0
DA:238,0
DA:239,0
DA:241,0
DA:242,0
DA:244,0
DA:245,0
DA:247,0
DA:254,0
DA:272,0
DA:273,0
LF:111
LH:0
BRDA:39,0,0,0
BRDA:39,0,1,0
BRDA:41,1,0,0
BRDA:41,1,1,0
BRDA:56,2,0,0
BRDA:56,2,1,0
BRDA:105,3,0,0
BRDA:105,3,1,0
BRDA:114,4,0,0
BRDA:114,4,1,0
BRDA:114,5,0,0
BRDA:114,5,1,0
BRDA:126,6,0,0
BRDA:126,6,1,0
BRDA:141,7,0,0
BRDA:141,7,1,0
BRDA:142,8,0,0
BRDA:142,8,1,0
BRDA:163,9,0,0
BRDA:163,9,1,0
BRDA:214,10,0,0
BRDA:214,10,1,0
BRDA:217,11,0,0
BRDA:217,11,1,0
BRDA:220,12,0,0
BRDA:220,12,1,0
BRDA:223,13,0,0
BRDA:223,13,1,0
BRDA:226,14,0,0
BRDA:226,14,1,0
BRDA:229,15,0,0
BRDA:229,15,1,0
BRDA:232,16,0,0
BRDA:232,16,1,0
BRDA:235,17,0,0
BRDA:235,17,1,0
BRDA:238,18,0,0
BRDA:238,18,1,0
BRDA:241,19,0,0
BRDA:241,19,1,0
BRDA:244,20,0,0
BRDA:244,20,1,0
BRDA:260,21,0,0
BRDA:260,21,1,0
BRDA:274,22,0,0
BRDA:274,22,1,0
BRF:46
BRH:0
end_of_record
TN:
SF:server\manager\auth.manager.ts
FNF:0
FNH:0
LF:0
LH:0
BRF:0
BRH:0
end_of_record
TN:
SF:server\manager\pair.manager.ts
FN:9,(anonymous_0)
FN:12,(anonymous_1)
FN:24,(anonymous_2)
FN:45,(anonymous_3)
FN:56,(anonymous_4)
FN:65,(anonymous_5)
FN:76,(anonymous_6)
FN:83,(anonymous_7)
FN:91,(anonymous_8)
FN:100,(anonymous_9)
FN:114,rowToModel
FN:158,valueFormatter
FNF:12
FNH:0
FNDA:0,(anonymous_0)
FNDA:0,(anonymous_1)
FNDA:0,(anonymous_2)
FNDA:0,(anonymous_3)
FNDA:0,(anonymous_4)
FNDA:0,(anonymous_5)
FNDA:0,(anonymous_6)
FNDA:0,(anonymous_7)
FNDA:0,(anonymous_8)
FNDA:0,(anonymous_9)
FNDA:0,rowToModel
FNDA:0,valueFormatter
DA:7,0
DA:9,0
DA:10,0
DA:11,0
DA:12,0
DA:13,0
DA:16,0
DA:17,0
DA:18,0
DA:20,0
DA:21,0
DA:24,0
DA:25,0
DA:26,0
DA:27,0
DA:38,0
DA:39,0
DA:41,0
DA:42,0
DA:45,0
DA:46,0
DA:47,0
DA:48,0
DA:56,0
DA:57,0
DA:58,0
DA:60,0
DA:61,0
DA:65,0
DA:66,0
DA:67,0
DA:68,0
DA:69,0
DA:74,0
DA:76,0
DA:78,0
DA:83,0
DA:91,0
DA:93,0
DA:94,0
DA:96,0
DA:97,0
DA:100,0
DA:115,0
DA:159,0
DA:160,0
DA:161,0
DA:162,0
LF:48
LH:0
BRDA:39,0,0,0
BRDA:39,0,1,0
BRDA:108,1,0,0
BRDA:108,1,1,0
BRDA:110,2,0,0
BRDA:110,2,1,0
BRDA:127,3,0,0
BRDA:127,3,1,0
BRDA:128,4,0,0
BRDA:128,4,1,0
BRDA:129,5,0,0
BRDA:129,5,1,0
BRDA:130,6,0,0
BRDA:130,6,1,0
BRDA:131,7,0,0
BRDA:131,7,1,0
BRDA:132,8,0,0
BRDA:132,8,1,0
BRDA:133,9,0,0
BRDA:133,9,1,0
BRDA:134,10,0,0
BRDA:134,10,1,0
BRDA:135,11,0,0
BRDA:135,11,1,0
BRDA:136,12,0,0
BRDA:136,12,1,0
BRDA:137,13,0,0
BRDA:137,13,1,0
BRDA:138,14,0,0
BRDA:138,14,1,0
BRDA:142,15,0,0
BRDA:142,15,1,0
BRDA:143,16,0,0
BRDA:143,16,1,0
BRDA:144,17,0,0
BRDA:144,17,1,0
BRDA:145,18,0,0
BRDA:145,18,1,0
BRDA:146,19,0,0
BRDA:146,19,1,0
BRDA:147,20,0,0
BRDA:147,20,1,0
BRDA:148,21,0,0
BRDA:148,21,1,0
BRDA:149,22,0,0
BRDA:149,22,1,0
BRDA:150,23,0,0
BRDA:150,23,1,0
BRDA:151,24,0,0
BRDA:151,24,1,0
BRDA:152,25,0,0
BRDA:152,25,1,0
BRDA:153,26,0,0
BRDA:153,26,1,0
BRDA:160,27,0,0
BRDA:160,27,1,0
BRDA:160,28,0,0
BRDA:160,28,1,0
BRDA:161,29,0,0
BRDA:161,29,1,0
BRDA:161,30,0,0
BRDA:161,30,1,0
BRDA:162,31,0,0
BRDA:162,31,1,0
BRDA:162,32,0,0
BRDA:162,32,1,0
BRF:66
BRH:0
end_of_record
TN:
SF:server\manager\pair.manager.ts
FNF:0
FNH:0
LF:0
LH:0
BRF:0
BRH:0
end_of_record
TN:
SF:server\manager\player.manager.ts
FN:12,(anonymous_0)
FN:26,(anonymous_1)
FN:37,(anonymous_2)
FN:38,(anonymous_3)
FN:42,(anonymous_4)
FN:51,(anonymous_5)
FN:59,(anonymous_6)
FN:66,(anonymous_7)
FN:86,(anonymous_8)
FN:102,(anonymous_9)
FN:117,(anonymous_10)
FN:129,(anonymous_11)
FN:130,(anonymous_12)
FN:133,(anonymous_13)
FN:148,(anonymous_14)
FN:168,(anonymous_15)
FNF:16
FNH:0
FNDA:0,(anonymous_0)
FNDA:0,(anonymous_1)
FNDA:0,(anonymous_2)
FNDA:0,(anonymous_3)
FNDA:0,(anonymous_4)
FNDA:0,(anonymous_5)
FNDA:0,(anonymous_6)
FNDA:0,(anonymous_7)
FNDA:0,(anonymous_8)
FNDA:0,(anonymous_9)
FNDA:0,(anonymous_10)
FNDA:0,(anonymous_11)
FNDA:0,(anonymous_12)
FNDA:0,(anonymous_13)
FNDA:0,(anonymous_14)
FNDA:0,(anonymous_15)
DA:10,0
DA:12,0
DA:13,0
DA:14,0
DA:15,0
DA:23,0
DA:25,0
DA:28,0
DA:30,0
DA:36,0
DA:37,0
DA:38,0
DA:42,0
DA:43,0
DA:44,0
DA:46,0
DA:47,0
DA:51,0
DA:52,0
DA:53,0
DA:54,0
DA:58,0
DA:59,0
DA:61,0
DA:62,0
DA:66,0
DA:67,0
DA:68,0
DA:69,0
DA:70,0
DA:71,0
DA:72,0
DA:73,0
DA:74,0
DA:77,0
DA:78,0
DA:80,0
DA:82,0
DA:83,0
DA:86,0
DA:87,0
DA:88,0
DA:89,0
DA:90,0
DA:91,0
DA:92,0
DA:93,0
DA:96,0
DA:98,0
DA:99,0
DA:102,0
DA:103,0
DA:104,0
DA:105,0
DA:106,0
DA:107,0
DA:108,0
DA:109,0
DA:111,0
DA:113,0
DA:114,0
DA:117,0
DA:118,0
DA:119,0
DA:120,0
DA:121,0
DA:123,0
DA:125,0
DA:126,0
DA:129,0
DA:130,0
DA:133,0
DA:134,0
DA:135,0
DA:136,0
DA:140,0
DA:141,0
DA:143,0
DA:144,0
DA:148,0
DA:149,0
DA:168,0
LF:82
LH:0
BRDA:28,0,0,0
BRDA:28,0,1,0
BRDA:28,1,0,0
BRDA:28,1,1,0
BRDA:30,2,0,0
BRDA:30,2,1,0
BRDA:30,3,0,0
BRDA:30,3,1,0
BRDA:37,4,0,0
BRDA:37,4,1,0
BRDA:37,4,2,0
BRDA:37,4,3,0
BRDA:59,5,0,0
BRDA:59,5,1,0
BRDA:59,6,0,0
BRDA:59,6,1,0
BRDA:70,7,0,0
BRDA:70,7,1,0
BRDA:72,8,0,0
BRDA:72,8,1,0
BRDA:90,9,0,0
BRDA:90,9,1,0
BRDA:91,10,0,0
BRDA:91,10,1,0
BRDA:151,11,0,0
BRDA:151,11,1,0
BRDA:152,12,0,0
BRDA:152,12,1,0
BRDA:153,13,0,0
BRDA:153,13,1,0
BRDA:154,14,0,0
BRDA:154,14,1,0
BRDA:155,15,0,0
BRDA:155,15,1,0
BRDA:156,16,0,0
BRDA:156,16,1,0
BRDA:157,17,0,0
BRDA:157,17,1,0
BRDA:158,18,0,0
BRDA:158,18,1,0
BRDA:159,19,0,0
BRDA:159,19,1,0
BRDA:175,20,0,0
BRDA:175,20,1,0
BRDA:176,21,0,0
BRDA:176,21,1,0
BRDA:178,22,0,0
BRDA:178,22,1,0
BRDA:179,23,0,0
BRDA:179,23,1,0
BRDA:180,24,0,0
BRDA:180,24,1,0
BRF:52
BRH:0
end_of_record
TN:
SF:server\manager\player.manager.ts
FNF:0
FNH:0
LF:0
LH:0
BRF:0
BRH:0
end_of_record
TN:
SF:server\manager\stage1.manager.ts
FN:15,(anonymous_0)
FN:26,(anonymous_1)
FN:49,(anonymous_2)
FN:76,(anonymous_3)
FN:81,(anonymous_4)
FN:165,(anonymous_5)
FN:189,getOpposite
FNF:7
FNH:0
FNDA:0,(anonymous_0)
FNDA:0,(anonymous_1)
FNDA:0,(anonymous_2)
FNDA:0,(anonymous_3)
FNDA:0,(anonymous_4)
FNDA:0,(anonymous_5)
FNDA:0,getOpposite
DA:13,0
DA:15,0
DA:16,0
DA:17,0
DA:18,0
DA:20,0
DA:21,0
DA:23,0
DA:26,0
DA:32,0
DA:33,0
DA:34,0
DA:35,0
DA:43,0
DA:45,0
DA:46,0
DA:49,0
DA:56,0
DA:57,0
DA:58,0
DA:59,0
DA:60,0
DA:61,0
DA:62,0
DA:64,0
DA:67,0
DA:70,0
DA:71,0
DA:73,0
DA:76,0
DA:77,0
DA:78,0
DA:79,0
DA:80,0
DA:81,0
DA:82,0
DA:83,0
DA:84,0
DA:86,0
DA:87,0
DA:88,0
DA:90,0
DA:92,0
DA:93,0
DA:94,0
DA:95,0
DA:96,0
DA:112,0
DA:114,0
DA:115,0
DA:124,0
DA:125,0
DA:126,0
DA:127,0
DA:128,0
DA:136,0
DA:139,0
DA:140,0
DA:150,0
DA:156,0
DA:157,0
DA:158,0
DA:160,0
DA:161,0
DA:165,0
DA:173,0
DA:174,0
DA:175,0
DA:176,0
DA:179,0
DA:197,0
DA:198,0
DA:200,0
DA:202,0
DA:204,0
DA:206,0
DA:208,0
LF:77
LH:0
BRDA:60,0,0,0
BRDA:60,0,1,0
BRDA:61,1,0,0
BRDA:61,1,1,0
BRDA:62,2,0,0
BRDA:62,2,1,0
BRDA:64,3,0,0
BRDA:64,3,1,0
BRDA:84,4,0,0
BRDA:84,4,1,0
BRDA:95,5,0,0
BRDA:95,5,1,0
BRDA:127,6,0,0
BRDA:127,6,1,0
BRDA:139,7,0,0
BRDA:139,7,1,0
BRDA:139,8,0,0
BRDA:139,8,1,0
BRDA:145,9,0,0
BRDA:145,9,1,0
BRDA:146,10,0,0
BRDA:146,10,1,0
BRDA:173,11,0,0
BRDA:173,11,1,0
BRDA:174,12,0,0
BRDA:174,12,1,0
BRDA:175,13,0,0
BRDA:175,13,1,0
BRDA:175,14,0,0
BRDA:175,14,1,0
BRDA:176,15,0,0
BRDA:176,15,1,0
BRDA:197,16,0,0
BRDA:197,16,1,0
BRDA:198,17,0,0
BRDA:198,17,1,0
BRDA:198,17,2,0
BRDA:198,17,3,0
BRDA:198,17,4,0
BRF:39
BRH:0
end_of_record
TN:
SF:server\manager\stage1.manager.ts
FNF:0
FNH:0
LF:0
LH:0
BRF:0
BRH:0
end_of_record
TN:
SF:server\manager\stage2.manager.ts
FN:14,(anonymous_0)
FN:48,(anonymous_1)
FN:72,(anonymous_2)
FN:87,(anonymous_3)
FN:142,(anonymous_4)
FN:153,(anonymous_5)
FN:204,getBaseLog
FN:209,(anonymous_7)
FN:212,(anonymous_8)
FNF:9
FNH:0
FNDA:0,(anonymous_0)
FNDA:0,(anonymous_1)
FNDA:0,(anonymous_2)
FNDA:0,(anonymous_3)
FNDA:0,(anonymous_4)
FNDA:0,(anonymous_5)
FNDA:0,getBaseLog
FNDA:0,(anonymous_7)
FNDA:0,(anonymous_8)
DA:12,0
DA:14,0
DA:15,0
DA:16,0
DA:17,0
DA:19,0
DA:20,0
DA:30,0
DA:31,0
DA:39,0
DA:40,0
DA:42,0
DA:43,0
DA:44,0
DA:48,0
DA:56,0
DA:57,0
DA:59,0
DA:60,0
DA:61,0
DA:62,0
DA:63,0
DA:64,0
DA:67,0
DA:69,0
DA:72,0
DA:73,0
DA:74,0
DA:75,0
DA:76,0
DA:77,0
DA:78,0
DA:80,0
DA:81,0
DA:82,0
DA:87,0
DA:92,0
DA:93,0
DA:94,0
DA:95,0
DA:96,0
DA:97,0
DA:98,0
DA:99,0
DA:101,0
DA:102,0
DA:103,0
DA:108,0
DA:109,0
DA:113,0
DA:116,0
DA:125,0
DA:127,0
DA:130,0
DA:132,0
DA:133,0
DA:134,0
DA:135,0
DA:137,0
DA:139,0
DA:142,0
DA:143,0
DA:144,0
DA:145,0
DA:147,0
DA:148,0
DA:150,0
DA:153,0
DA:205,0
DA:209,0
DA:210,0
DA:211,0
DA:212,0
DA:213,0
DA:214,0
DA:215,0
DA:216,0
DA:217,0
DA:218,0
DA:219,0
DA:220,0
DA:230,0
LF:82
LH:0
BRDA:19,0,0,0
BRDA:19,0,1,0
BRDA:19,1,0,0
BRDA:19,1,1,0
BRDA:30,2,0,0
BRDA:30,2,1,0
BRDA:30,3,0,0
BRDA:30,3,1,0
BRDA:60,4,0,0
BRDA:60,4,1,0
BRDA:62,5,0,0
BRDA:62,5,1,0
BRDA:74,6,0,0
BRDA:74,6,1,0
BRDA:102,7,0,0
BRDA:102,7,1,0
BRDA:108,8,0,0
BRDA:108,8,1,0
BRDA:125,9,0,0
BRDA:125,9,1,0
BRDA:218,10,0,0
BRDA:218,10,1,0
BRDA:224,11,0,0
BRDA:224,11,1,0
BRF:24
BRH:0
end_of_record
TN:
SF:server\manager\stage2.manager.ts
FNF:0
FNH:0
LF:0
LH:0
BRF:0
BRH:0
end_of_record
TN:
SF:server\manager\tournament.manager.ts
FN:8,(anonymous_0)
FN:9,(anonymous_1)
FN:32,(anonymous_2)
FN:40,(anonymous_3)
FN:44,(anonymous_4)
FN:67,(anonymous_5)
FN:77,(anonymous_6)
FN:93,(anonymous_7)
FN:118,(anonymous_8)
FN:130,(anonymous_9)
FNF:10
FNH:0
FNDA:0,(anonymous_0)
FNDA:0,(anonymous_1)
FNDA:0,(anonymous_2)
FNDA:0,(anonymous_3)
FNDA:0,(anonymous_4)
FNDA:0,(anonymous_5)
FNDA:0,(anonymous_6)
FNDA:0,(anonymous_7)
FNDA:0,(anonymous_8)
FNDA:0,(anonymous_9)
DA:7,0
DA:8,0
DA:9,0
DA:10,0
DA:11,0
DA:17,0
DA:31,0
DA:32,0
DA:34,0
DA:35,0
DA:40,0
DA:41,0
DA:44,0
DA:45,0
DA:46,0
DA:47,0
DA:48,0
DA:49,0
DA:50,0
DA:51,0
DA:52,0
DA:54,0
DA:58,0
DA:59,0
DA:61,0
DA:62,0
DA:67,0
DA:68,0
DA:69,0
DA:70,0
DA:71,0
DA:72,0
DA:73,0
DA:77,0
DA:78,0
DA:79,0
DA:89,0
DA:90,0
DA:93,0
DA:97,0
DA:98,0
DA:99,0
DA:106,0
DA:107,0
DA:109,0
DA:110,0
DA:118,0
DA:119,0
DA:130,0
DA:131,0
LF:50
LH:0
BRDA:19,0,0,0
BRDA:19,0,1,0
BRDA:50,1,0,0
BRDA:50,1,1,0
BRDA:73,2,0,0
BRDA:73,2,1,0
BRDA:90,3,0,0
BRDA:90,3,1,0
BRDA:121,4,0,0
BRDA:121,4,1,0
BRDA:122,5,0,0
BRDA:122,5,1,0
BRDA:123,6,0,0
BRDA:123,6,1,0
BRDA:124,7,0,0
BRDA:124,7,1,0
BRDA:125,8,0,0
BRDA:125,8,1,0
BRDA:126,9,0,0
BRDA:126,9,1,0
BRDA:127,10,0,0
BRDA:127,10,1,0
BRDA:132,11,0,0
BRDA:132,11,1,0
BRDA:133,12,0,0
BRDA:133,12,1,0
BRDA:134,13,0,0
BRDA:134,13,1,0
BRDA:135,14,0,0
BRDA:135,14,1,0
BRDA:136,15,0,0
BRDA:136,15,1,0
BRDA:137,16,0,0
BRDA:137,16,1,0
BRDA:138,17,0,0
BRDA:138,17,1,0
BRF:36
BRH:0
end_of_record
TN:
SF:server\manager\tournament.manager.ts
FNF:0
FNH:0
LF:0
LH:0
BRF:0
BRH:0
end_of_record
TN:
SF:src\index.tsx
FNF:0
FNH:0
LF:0
LH:0
BRF:0
BRH:0
end_of_record
TN:
SF:src\index.tsx
FN:26,(anonymous_0)
FN:26,(anonymous_1)
FNF:2
FNH:0
FNDA:0,(anonymous_0)
FNDA:0,(anonymous_1)
DA:14,32
DA:15,32
DA:17,32
DA:21,32
DA:24,32
DA:25,0
DA:26,0
LF:7
LH:5
BRDA:24,0,0,0
BRDA:24,0,1,32
BRDA:25,1,0,0
BRDA:25,1,1,0
BRF:4
BRH:1
end_of_record
TN:
SF:src\react-app-env.d.ts
FNF:0
FNH:0
LF:0
LH:0
BRF:0
BRH:0
end_of_record
TN:
SF:src\react-app-env.d.ts
FNF:0
FNH:0
LF:0
LH:0
BRF:0
BRH:0
end_of_record
TN:
SF:src\setupTests.ts
FN:6,(anonymous_0)
FNF:1
FNH:0
FNDA:0,(anonymous_0)
DA:7,0
LF:1
LH:0
BRF:0
BRH:0
end_of_record
TN:
SF:src\setupTests.ts
FNF:0
FNH:0
LF:0
LH:0
BRF:0
BRH:0
end_of_record
TN:
SF:src\@common\constants\label.ts
FNF:0
FNH:0
DA:2,16
DA:5,16
DA:8,16
LF:3
LH:3
BRF:0
BRH:0
end_of_record
TN:
SF:src\@common\constants\label.ts
FNF:0
FNH:0
LF:0
LH:0
BRF:0
BRH:0
end_of_record
TN:
SF:src\@common\dto\index.ts
FNF:0
FNH:0
LF:0
LH:0
BRF:0
BRH:0
end_of_record
TN:
SF:src\@common\dto\index.ts
FNF:0
FNH:0
LF:0
LH:0
BRF:0
BRH:0
end_of_record
TN:
SF:src\@common\dto\pair.dto.ts
FNF:0
FNH:0
LF:0
LH:0
BRF:0
BRH:0
end_of_record
TN:
SF:src\@common\dto\pair.dto.ts
FNF:0
FNH:0
LF:0
LH:0
BRF:0
BRH:0
end_of_record
TN:
SF:src\@common\dto\player.dto.ts
FNF:0
FNH:0
LF:0
LH:0
BRF:0
BRH:0
end_of_record
TN:
SF:src\@common\dto\player.dto.ts
FNF:0
FNH:0
LF:0
LH:0
BRF:0
BRH:0
end_of_record
TN:
SF:src\@common\dto\stage1.dto.ts
FNF:0
FNH:0
LF:0
LH:0
BRF:0
BRH:0
end_of_record
TN:
SF:src\@common\dto\stage1.dto.ts
FNF:0
FNH:0
LF:0
LH:0
BRF:0
BRH:0
end_of_record
TN:
SF:src\@common\dto\stage2.dto.ts
FNF:0
FNH:0
LF:0
LH:0
BRF:0
BRH:0
end_of_record
TN:
SF:src\@common\dto\stage2.dto.ts
FNF:0
FNH:0
LF:0
LH:0
BRF:0
BRH:0
end_of_record
TN:
SF:src\@common\dto\tournament.dto.ts
FNF:0
FNH:0
LF:0
LH:0
BRF:0
BRH:0
end_of_record
TN:
SF:src\@common\dto\tournament.dto.ts
FNF:0
FNH:0
LF:0
LH:0
BRF:0
BRH:0
end_of_record
TN:
SF:src\@common\dto\user.dto.ts
FNF:0
FNH:0
LF:0
LH:0
BRF:0
BRH:0
end_of_record
TN:
SF:src\@common\dto\user.dto.ts
FNF:0
FNH:0
LF:0
LH:0
BRF:0
BRH:0
end_of_record
TN:
SF:src\@common\models\HttpStatusCode.ts
FNF:0
FNH:0
DA:158,32
DA:164,32
DA:177,32
DA:189,32
DA:220,32
LF:5
LH:5
BRF:0
BRH:0
end_of_record
TN:
SF:src\@common\models\HttpStatusCode.ts
FNF:0
FNH:0
LF:0
LH:0
BRF:0
BRH:0
end_of_record
TN:
SF:src\@common\models\auth.model.ts
FNF:0
FNH:0
LF:0
LH:0
BRF:0
BRH:0
end_of_record
TN:
SF:src\@common\models\auth.model.ts
FNF:0
FNH:0
LF:0
LH:0
BRF:0
BRH:0
end_of_record
TN:
SF:src\@common\models\common.models.ts
FNF:0
FNH:0
DA:41,32
DA:50,32
LF:2
LH:2
BRF:0
BRH:0
end_of_record
TN:
SF:src\@common\models\common.models.ts
FNF:0
FNH:0
LF:0
LH:0
BRF:0
BRH:0
end_of_record
TN:
SF:src\@common\models\index.ts
FNF:0
FNH:0
LF:0
LH:0
BRF:0
BRH:0
end_of_record
TN:
SF:src\@common\models\index.ts
FNF:0
FNH:0
LF:0
LH:0
BRF:0
BRH:0
end_of_record
TN:
SF:src\@common\models\pair.model.ts
FNF:0
FNH:0
LF:0
LH:0
BRF:0
BRH:0
end_of_record
TN:
SF:src\@common\models\pair.model.ts
FNF:0
FNH:0
LF:0
LH:0
BRF:0
BRH:0
end_of_record
TN:
SF:src\@common\models\player.model.ts
FNF:0
FNH:0
LF:0
LH:0
BRF:0
BRH:0
end_of_record
TN:
SF:src\@common\models\player.model.ts
FNF:0
FNH:0
LF:0
LH:0
BRF:0
BRH:0
end_of_record
TN:
SF:src\@common\models\root.model.ts
FNF:0
FNH:0
LF:0
LH:0
BRF:0
BRH:0
end_of_record
TN:
SF:src\@common\models\root.model.ts
FNF:0
FNH:0
LF:0
LH:0
BRF:0
BRH:0
end_of_record
TN:
SF:src\@common\models\stage1.model.ts
FNF:0
FNH:0
LF:0
LH:0
BRF:0
BRH:0
end_of_record
TN:
SF:src\@common\models\stage1.model.ts
FNF:0
FNH:0
LF:0
LH:0
BRF:0
BRH:0
end_of_record
TN:
SF:src\@common\models\stage2.model.ts
FNF:0
FNH:0
LF:0
LH:0
BRF:0
BRH:0
end_of_record
TN:
SF:src\@common\models\stage2.model.ts
FNF:0
FNH:0
LF:0
LH:0
BRF:0
BRH:0
end_of_record
TN:
SF:src\@common\models\tournament.model.ts
FNF:0
FNH:0
LF:0
LH:0
BRF:0
BRH:0
end_of_record
TN:
SF:src\@common\models\tournament.model.ts
FNF:0
FNH:0
LF:0
LH:0
BRF:0
BRH:0
end_of_record
TN:
SF:src\@common\models\user.model.ts
FNF:0
FNH:0
LF:0
LH:0
BRF:0
BRH:0
end_of_record
TN:
SF:src\@common\models\user.model.ts
FNF:0
FNH:0
LF:0
LH:0
BRF:0
BRH:0
end_of_record
TN:
SF:src\@common\typings\environment.d.ts
FNF:0
FNH:0
LF:0
LH:0
BRF:0
BRH:0
end_of_record
TN:
SF:src\@common\typings\environment.d.ts
FNF:0
FNH:0
LF:0
LH:0
BRF:0
BRH:0
end_of_record
TN:
SF:src\@common\typings\globals.d.ts
FNF:0
FNH:0
LF:0
LH:0
BRF:0
BRH:0
end_of_record
TN:
SF:src\@common\typings\globals.d.ts
FNF:0
FNH:0
LF:0
LH:0
BRF:0
BRH:0
end_of_record
TN:
SF:src\@common\utils\date.utils.ts
FN:1,(anonymous_0)
FN:3,formatDate
FN:16,(anonymous_2)
FN:32,(anonymous_3)
FN:33,(anonymous_4)
FN:34,(anonymous_5)
FN:35,(anonymous_6)
FN:36,(anonymous_7)
FN:37,(anonymous_8)
FN:38,(anonymous_9)
FN:39,(anonymous_10)
FN:40,(anonymous_11)
FN:43,(anonymous_12)
FN:44,(anonymous_13)
FNF:14
FNH:0
FNDA:0,(anonymous_0)
FNDA:0,formatDate
FNDA:0,(anonymous_2)
FNDA:0,(anonymous_3)
FNDA:0,(anonymous_4)
FNDA:0,(anonymous_5)
FNDA:0,(anonymous_6)
FNDA:0,(anonymous_7)
FNDA:0,(anonymous_8)
FNDA:0,(anonymous_9)
FNDA:0,(anonymous_10)
FNDA:0,(anonymous_11)
FNDA:0,(anonymous_12)
FNDA:0,(anonymous_13)
DA:1,32
DA:4,0
DA:5,0
DA:6,0
DA:7,0
DA:9,0
DA:10,0
DA:12,0
DA:16,32
DA:19,0
DA:22,0
DA:23,0
DA:26,0
DA:28,0
DA:31,0
DA:32,0
DA:33,0
DA:34,0
DA:35,0
DA:36,0
DA:37,0
DA:38,0
DA:39,0
DA:41,0
DA:43,0
DA:48,0
DA:49,0
DA:50,0
DA:51,0
LF:29
LH:2
BRDA:9,0,0,0
BRDA:9,0,1,0
BRDA:10,1,0,0
BRDA:10,1,1,0
BRDA:19,2,0,0
BRDA:19,2,1,0
BRDA:22,3,0,0
BRDA:22,3,1,0
BRDA:22,4,0,0
BRDA:22,4,1,0
BRDA:26,5,0,0
BRDA:26,5,1,0
BRDA:48,6,0,0
BRDA:48,6,1,0
BRDA:50,7,0,0
BRDA:50,7,1,0
BRF:16
BRH:0
end_of_record
TN:
SF:src\@common\utils\date.utils.ts
FNF:0
FNH:0
LF:0
LH:0
BRF:0
BRH:0
end_of_record
TN:
SF:src\@common\utils\fetch.utils.ts
FN:14,(anonymous_0)
FN:15,(anonymous_1)
FN:17,(anonymous_2)
FN:19,(anonymous_3)
FN:22,(anonymous_4)
FNF:5
FNH:3
FNDA:16,(anonymous_0)
FNDA:0,(anonymous_1)
FNDA:0,(anonymous_2)
FNDA:24,(anonymous_3)
FNDA:40,(anonymous_4)
DA:8,32
DA:14,32
DA:15,32
DA:16,0
DA:17,32
DA:18,0
DA:19,32
DA:20,24
DA:22,32
DA:27,40
DA:28,40
DA:29,40
DA:30,40
DA:35,32
DA:37,2
DA:38,2
DA:39,2
DA:40,2
DA:41,2
DA:46,2
LF:20
LH:18
BRDA:32,0,0,24
BRDA:32,0,1,16
BRDA:32,1,0,40
BRDA:32,1,1,40
BRDA:32,1,2,16
BRF:5
BRH:5
end_of_record
TN:
SF:src\@common\utils\fetch.utils.ts
FNF:0
FNH:0
LF:0
LH:0
BRF:0
BRH:0
end_of_record
TN:
SF:src\@common\utils\index.ts
FNF:0
FNH:0
LF:0
LH:0
BRF:0
BRH:0
end_of_record
TN:
SF:src\@common\utils\index.ts
FNF:0
FNH:0
LF:0
LH:0
BRF:0
BRH:0
end_of_record
TN:
SF:src\@common\utils\math.utils.ts
FN:1,getRandomIntInclusive
FN:7,getBaseLog
FNF:2
FNH:0
FNDA:0,getRandomIntInclusive
FNDA:0,getBaseLog
DA:2,0
DA:3,0
DA:4,0
DA:8,0
DA:11,32
DA:12,32
DA:13,32
LF:7
LH:3
BRF:0
BRH:0
end_of_record
TN:
SF:src\@common\utils\math.utils.ts
FNF:0
FNH:0
LF:0
LH:0
BRF:0
BRH:0
end_of_record
TN:
SF:src\components\App\App.test.tsx
FNF:0
FNH:0
LF:0
LH:0
BRF:0
BRH:0
end_of_record
TN:
SF:src\components\App\App.tsx
FNF:0
FNH:0
LF:0
LH:0
BRF:0
BRH:0
end_of_record
TN:
SF:src\components\App\App.tsx
FN:26,(anonymous_0)
FN:32,(anonymous_1)
FN:53,(anonymous_2)
FNF:3
FNH:3
FNDA:280,(anonymous_0)
FNDA:32,(anonymous_1)
FNDA:1680,(anonymous_2)
DA:25,32
DA:26,32
DA:27,280
DA:28,280
DA:29,280
DA:32,280
DA:33,32
DA:36,280
DA:54,1680
LF:9
LH:9
BRDA:46,0,0,112
BRDA:46,0,1,168
BRF:2
BRH:2
end_of_record
TN:
SF:src\components\App\Entry.tsx
FNF:0
FNH:0
LF:0
LH:0
BRF:0
BRH:0
end_of_record
TN:
SF:src\components\App\Entry.tsx
FN:9,(anonymous_0)
FN:18,(anonymous_1)
FNF:2
FNH:2
FNDA:32,(anonymous_0)
FNDA:32,(anonymous_1)
DA:9,32
DA:10,32
DA:18,32
DA:19,32
LF:4
LH:4
BRDA:19,0,0,32
BRDA:19,0,1,0
BRF:2
BRH:1
end_of_record
TN:
SF:src\components\App\badge.tsx
FNF:0
FNH:0
LF:0
LH:0
BRF:0
BRH:0
end_of_record
TN:
SF:src\components\App\badge.tsx
FN:5,(anonymous_0)
FNF:1
FNH:1
FNDA:140,(anonymous_0)
DA:5,32
DA:6,140
DA:7,140
DA:9,140
DA:14,140
LF:5
LH:5
BRF:0
BRH:0
end_of_record
TN:
SF:src\components\Auth\Delete.tsx
FNF:0
FNH:0
LF:0
LH:0
BRF:0
BRH:0
end_of_record
TN:
SF:src\components\Auth\Edit.tsx
FNF:0
FNH:0
LF:0
LH:0
BRF:0
BRH:0
end_of_record
TN:
SF:src\components\Auth\Login.tsx
FNF:0
FNH:0
LF:0
LH:0
BRF:0
BRH:0
end_of_record
TN:
SF:src\components\Auth\Login.tsx
FN:13,(anonymous_0)
FN:22,(anonymous_1)
FN:31,(anonymous_2)
FN:37,(anonymous_3)
FNF:4
FNH:4
FNDA:616,(anonymous_0)
FNDA:20,(anonymous_1)
FNDA:8,(anonymous_2)
FNDA:20,(anonymous_3)
DA:13,32
DA:14,616
DA:15,616
DA:16,616
DA:18,616
DA:19,616
DA:20,616
DA:22,616
DA:23,20
DA:24,20
DA:25,4
DA:27,20
DA:28,4
DA:30,20
DA:31,8
DA:32,4
DA:34,16
DA:37,616
DA:38,20
DA:39,20
DA:40,4
DA:42,16
DA:43,16
DA:53,616
LF:24
LH:24
BRDA:24,0,0,4
BRDA:24,0,1,16
BRDA:27,1,0,4
BRDA:27,1,1,16
BRDA:30,2,0,4
BRDA:30,2,1,16
BRDA:39,3,0,4
BRDA:39,3,1,16
BRDA:78,4,0,616
BRDA:78,4,1,520
BRF:10
BRH:10
end_of_record
TN:
SF:src\components\Auth\Register.tsx
FNF:0
FNH:0
LF:0
LH:0
BRF:0
BRH:0
end_of_record
TN:
SF:src\components\Auth\Register.tsx
FN:22,(anonymous_0)
FN:47,(anonymous_1)
FN:60,(anonymous_2)
FN:103,(anonymous_3)
FN:109,(anonymous_4)
FN:130,(anonymous_5)
FN:220,(anonymous_6)
FN:226,(anonymous_7)
FN:239,(anonymous_8)
FN:262,(anonymous_9)
FN:263,(anonymous_10)
FN:264,(anonymous_11)
FN:265,(anonymous_12)
FN:266,(anonymous_13)
FN:267,(anonymous_14)
FN:268,(anonymous_15)
FNF:16
FNH:8
FNDA:1236,(anonymous_0)
FNDA:0,(anonymous_1)
FNDA:12,(anonymous_2)
FNDA:44,(anonymous_3)
FNDA:12,(anonymous_4)
FNDA:0,(anonymous_5)
FNDA:0,(anonymous_6)
FNDA:0,(anonymous_7)
FNDA:0,(anonymous_8)
FNDA:612,(anonymous_9)
FNDA:612,(anonymous_10)
FNDA:0,(anonymous_11)
FNDA:0,(anonymous_12)
FNDA:612,(anonymous_13)
FNDA:0,(anonymous_14)
FNDA:612,(anonymous_15)
DA:22,12
DA:23,1236
DA:24,1236
DA:25,1236
DA:27,1224
DA:34,1224
DA:35,1224
DA:36,1224
DA:37,1224
DA:38,1224
DA:39,1224
DA:40,1224
DA:41,1224
DA:42,1224
DA:43,1224
DA:47,1224
DA:48,0
DA:49,0
DA:50,0
DA:51,0
DA:52,0
DA:53,0
DA:54,0
DA:55,0
DA:56,0
DA:57,0
DA:60,1224
DA:61,12
DA:62,12
DA:63,4
DA:65,12
DA:66,4
DA:68,12
DA:69,4
DA:71,12
DA:72,4
DA:74,12
DA:75,4
DA:77,12
DA:78,4
DA:80,12
DA:81,4
DA:83,12
DA:84,0
DA:86,12
DA:87,4
DA:89,12
DA:90,4
DA:92,12
DA:93,4
DA:95,12
DA:96,4
DA:98,12
DA:99,0
DA:102,12
DA:103,44
DA:104,4
DA:106,8
DA:109,1224
DA:110,12
DA:111,12
DA:113,8
DA:130,1224
DA:131,0
DA:132,0
DA:136,1224
DA:220,0
DA:226,0
DA:239,0
DA:261,12
DA:262,612
DA:263,612
DA:264,0
DA:265,0
DA:266,612
DA:267,0
DA:268,612
LF:77
LH:57
BRDA:62,0,0,4
BRDA:62,0,1,8
BRDA:65,1,0,4
BRDA:65,1,1,8
BRDA:68,2,0,4
BRDA:68,2,1,8
BRDA:71,3,0,4
BRDA:71,3,1,8
BRDA:74,4,0,4
BRDA:74,4,1,8
BRDA:77,5,0,4
BRDA:77,5,1,8
BRDA:80,6,0,4
BRDA:80,6,1,8
BRDA:83,7,0,0
BRDA:83,7,1,12
BRDA:86,8,0,4
BRDA:86,8,1,8
BRDA:89,9,0,4
BRDA:89,9,1,8
BRDA:92,10,0,4
BRDA:92,10,1,8
BRDA:95,11,0,4
BRDA:95,11,1,8
BRDA:98,12,0,0
BRDA:98,12,1,12
BRDA:102,13,0,4
BRDA:102,13,1,8
BRDA:111,14,0,4
BRDA:111,14,1,8
BRDA:131,15,0,0
BRDA:131,15,1,0
BRF:32
BRH:28
end_of_record
TN:
SF:src\components\Auth\Wrapper.tsx
FNF:0
FNH:0
LF:0
LH:0
BRF:0
BRH:0
end_of_record
TN:
SF:src\components\Auth\Wrapper.tsx
FN:6,(anonymous_0)
FN:7,(anonymous_1)
FN:9,(anonymous_2)
FN:30,(anonymous_3)
FNF:4
FNH:4
FNDA:32,(anonymous_0)
FNDA:12,(anonymous_1)
FNDA:120,(anonymous_2)
FNDA:12,(anonymous_3)
DA:6,32
DA:7,32
DA:9,32
DA:10,120
DA:12,120
DA:13,120
DA:17,120
DA:22,120
DA:30,12
LF:9
LH:9
BRDA:13,0,0,24
BRDA:13,0,1,96
BRF:2
BRH:2
end_of_record
TN:
SF:src\components\Auth\types.d.ts
FNF:0
FNH:0
LF:0
LH:0
BRF:0
BRH:0
end_of_record
TN:
SF:src\components\Auth\types.d.ts
FNF:0
FNH:0
LF:0
LH:0
BRF:0
BRH:0
end_of_record
TN:
SF:src\components\Header\Header.tsx
FNF:0
FNH:0
LF:0
LH:0
BRF:0
BRH:0
end_of_record
TN:
SF:src\components\Header\Header.tsx
FN:16,(anonymous_0)
FN:23,(anonymous_1)
FN:55,(anonymous_2)
FN:85,(anonymous_3)
FNF:4
FNH:2
FNDA:244,(anonymous_0)
FNDA:0,(anonymous_1)
FNDA:160,(anonymous_2)
FNDA:0,(anonymous_3)
DA:13,32
DA:16,32
DA:17,244
DA:18,244
DA:19,244
DA:21,184
DA:23,184
DA:26,184
DA:33,184
DA:37,184
DA:39,184
DA:56,160
DA:85,0
LF:13
LH:12
BRDA:45,0,0,16
BRDA:45,0,1,168
BRDA:56,1,0,136
BRDA:56,1,1,24
BRDA:56,2,0,160
BRDA:56,2,1,32
BRDA:56,2,2,16
BRDA:59,3,0,24
BRDA:59,3,1,0
BRDA:65,4,0,16
BRDA:65,4,1,0
BRF:11
BRH:9
end_of_record
TN:
SF:src\components\Pair\editor.js
FNF:0
FNH:0
LF:0
LH:0
BRF:0
BRH:0
end_of_record
TN:
SF:src\components\Pair\helper.ts
FN:4,(anonymous_0)
FN:7,createAlias
FN:18,(anonymous_2)
FN:27,(anonymous_3)
FN:28,(anonymous_4)
FN:29,(anonymous_5)
FN:30,(anonymous_6)
FNF:7
FNH:0
FNDA:0,(anonymous_0)
FNDA:0,createAlias
FNDA:0,(anonymous_2)
FNDA:0,(anonymous_3)
FNDA:0,(anonymous_4)
FNDA:0,(anonymous_5)
FNDA:0,(anonymous_6)
DA:4,0
DA:5,0
DA:8,0
DA:9,0
DA:10,0
DA:11,0
DA:13,0
DA:16,0
DA:18,0
DA:27,0
DA:28,0
DA:29,0
DA:30,0
LF:13
LH:0
BRDA:5,0,0,0
BRDA:5,0,1,0
BRDA:10,1,0,0
BRDA:10,1,1,0
BRDA:11,2,0,0
BRDA:11,2,1,0
BRF:6
BRH:0
end_of_record
TN:
SF:src\components\Pair\helper.ts
FNF:0
FNH:0
LF:0
LH:0
BRF:0
BRH:0
end_of_record
TN:
SF:src\components\Pair\noData.tsx
FNF:0
FNH:0
LF:0
LH:0
BRF:0
BRH:0
end_of_record
TN:
SF:src\components\Pair\select.tsx
FNF:0
FNH:0
LF:0
LH:0
BRF:0
BRH:0
end_of_record
TN:
SF:src\components\Pair\table.tsx
FNF:0
FNH:0
LF:0
LH:0
BRF:0
BRH:0
end_of_record
TN:
SF:src\components\Player\edit.tsx
FNF:0
FNH:0
LF:0
LH:0
BRF:0
BRH:0
end_of_record
TN:
SF:src\components\Player\helper.js
FNF:0
FNH:0
LF:0
LH:0
BRF:0
BRH:0
end_of_record
TN:
SF:src\components\Player\select.tsx
FNF:0
FNH:0
LF:0
LH:0
BRF:0
BRH:0
end_of_record
TN:
SF:src\components\Player\table.tsx
FNF:0
FNH:0
LF:0
LH:0
BRF:0
BRH:0
end_of_record
TN:
SF:src\components\Stage1\editor.js
FN:10,(anonymous_0)
FN:16,(anonymous_1)
FN:18,(anonymous_2)
FN:20,(anonymous_3)
FN:44,(anonymous_4)
FN:52,(anonymous_5)
FN:63,(anonymous_6)
FN:65,(anonymous_7)
FN:82,(anonymous_8)
FN:92,(anonymous_9)
FNF:10
FNH:0
FNDA:0,(anonymous_0)
FNDA:0,(anonymous_1)
FNDA:0,(anonymous_2)
FNDA:0,(anonymous_3)
FNDA:0,(anonymous_4)
FNDA:0,(anonymous_5)
FNDA:0,(anonymous_6)
FNDA:0,(anonymous_7)
FNDA:0,(anonymous_8)
FNDA:0,(anonymous_9)
DA:8,0
DA:9,0
DA:10,0
DA:11,0
DA:16,0
DA:18,0
DA:21,0
DA:22,0
DA:23,0
DA:24,0
DA:44,0
DA:45,0
DA:52,0
DA:63,0
DA:66,0
DA:72,0
DA:74,0
DA:82,0
DA:92,0
DA:96,0
LF:20
LH:0
BRDA:21,0,0,0
BRDA:21,0,1,0
BRDA:22,1,0,0
BRDA:22,1,1,0
BRDA:22,2,0,0
BRDA:22,2,1,0
BRDA:23,3,0,0
BRDA:23,3,1,0
BRDA:23,4,0,0
BRDA:23,4,1,0
BRF:10
BRH:0
end_of_record
TN:
SF:src\components\Stage1\editor.js
FNF:0
FNH:0
LF:0
LH:0
BRF:0
BRH:0
end_of_record
TN:
SF:src\components\Stage1\header.tsx
FNF:0
FNH:0
LF:0
LH:0
BRF:0
BRH:0
end_of_record
TN:
SF:src\components\Stage1\helper.ts
FN:10,getOpposite
FN:37,comparator
FN:57,(anonymous_2)
FN:58,(anonymous_3)
FNF:4
FNH:0
FNDA:0,getOpposite
FNDA:0,comparator
FNDA:0,(anonymous_2)
FNDA:0,(anonymous_3)
DA:18,0
DA:19,0
DA:21,0
DA:23,0
DA:25,0
DA:27,0
DA:29,0
DA:39,0
DA:40,0
DA:41,0
DA:43,0
DA:46,0
DA:57,32
DA:58,0
DA:59,0
DA:66,0
DA:67,0
DA:69,0
LF:18
LH:1
BRDA:18,0,0,0
BRDA:18,0,1,0
BRDA:19,1,0,0
BRDA:19,1,1,0
BRDA:19,1,2,0
BRDA:19,1,3,0
BRDA:19,1,4,0
BRDA:39,2,0,0
BRDA:39,2,1,0
BRDA:40,3,0,0
BRDA:40,3,1,0
BRDA:40,4,0,0
BRDA:40,4,1,0
BRDA:64,5,0,0
BRDA:64,5,1,0
BRF:15
BRH:0
end_of_record
TN:
SF:src\components\Stage1\helper.ts
FNF:0
FNH:0
LF:0
LH:0
BRF:0
BRH:0
end_of_record
TN:
SF:src\components\Stage1\table.jsx
FNF:0
FNH:0
LF:0
LH:0
BRF:0
BRH:0
end_of_record
TN:
SF:src\components\Stage1\wrapper.tsx
FNF:0
FNH:0
LF:0
LH:0
BRF:0
BRH:0
end_of_record
TN:
SF:src\components\Stage2\cell.tsx
FNF:0
FNH:0
LF:0
LH:0
BRF:0
BRH:0
end_of_record
TN:
SF:src\components\Stage2\handler.tsx
FNF:0
FNH:0
LF:0
LH:0
BRF:0
BRH:0
end_of_record
TN:
SF:src\components\Stage2\helper.tsx
FN:13,(anonymous_0)
FN:32,(anonymous_1)
FNF:2
FNH:0
FNDA:0,(anonymous_0)
FNDA:0,(anonymous_1)
DA:13,0
DA:14,0
DA:19,0
DA:20,0
DA:21,0
DA:22,0
DA:23,0
DA:24,0
DA:25,0
DA:26,0
DA:29,0
DA:32,0
LF:12
LH:0
BRDA:22,0,0,0
BRDA:22,0,1,0
BRF:2
BRH:0
end_of_record
TN:
SF:src\components\Stage2\helper.tsx
FNF:0
FNH:0
LF:0
LH:0
BRF:0
BRH:0
end_of_record
TN:
SF:src\components\Stage2\table.tsx
FNF:0
FNH:0
LF:0
LH:0
BRF:0
BRH:0
end_of_record
TN:
SF:src\components\Swagger\Swagger.tsx
FNF:0
FNH:0
LF:0
LH:0
BRF:0
BRH:0
end_of_record
TN:
SF:src\components\Tournament\badge.tsx
FNF:0
FNH:0
LF:0
LH:0
BRF:0
BRH:0
end_of_record
TN:
SF:src\components\Tournament\helper.tsx
FNF:0
FNH:0
LF:0
LH:0
BRF:0
BRH:0
end_of_record
TN:
SF:src\components\Tournament\helper.tsx
FN:4,getEmptyTournament
FN:21,(anonymous_1)
FNF:2
FNH:1
FNDA:0,getEmptyTournament
FNDA:9,(anonymous_1)
DA:5,0
DA:21,12
DA:22,12
DA:30,12
LF:4
LH:3
BRDA:7,0,0,0
BRDA:7,0,1,0
BRDA:13,1,0,0
BRDA:13,1,1,0
BRF:4
BRH:0
end_of_record
TN:
SF:src\components\Tournament\new.tsx
FNF:0
FNH:0
LF:0
LH:0
BRF:0
BRH:0
end_of_record
TN:
SF:src\components\Tournament\new.tsx
FN:16,(anonymous_0)
FN:25,(anonymous_1)
FN:51,(anonymous_2)
FN:59,(anonymous_3)
FN:65,(anonymous_4)
FN:75,(anonymous_5)
FNF:6
FNH:0
FNDA:0,(anonymous_0)
FNDA:0,(anonymous_1)
FNDA:0,(anonymous_2)
FNDA:0,(anonymous_3)
FNDA:0,(anonymous_4)
FNDA:0,(anonymous_5)
DA:16,12
DA:17,0
DA:18,0
DA:19,0
DA:21,0
DA:22,0
DA:23,0
DA:25,0
DA:26,0
DA:27,0
DA:28,0
DA:29,0
DA:32,0
DA:33,0
DA:34,0
DA:35,0
DA:38,0
DA:51,0
DA:60,0
DA:65,0
DA:75,0
LF:21
LH:1
BRDA:27,0,0,0
BRDA:27,0,1,0
BRDA:65,1,0,0
BRDA:65,1,1,0
BRF:4
BRH:0
end_of_record
TN:
SF:src\components\Tournament\select.tsx
FNF:0
FNH:0
LF:0
LH:0
BRF:0
BRH:0
end_of_record
TN:
SF:src\components\Tournament\select.tsx
FN:23,(anonymous_0)
FN:37,(anonymous_1)
FN:44,(anonymous_2)
FN:56,(anonymous_3)
FN:63,(anonymous_4)
FN:87,(anonymous_5)
FN:91,(anonymous_6)
FN:108,(anonymous_7)
FN:117,(anonymous_8)
FN:128,(anonymous_9)
FN:154,(anonymous_10)
FN:163,(anonymous_11)
FN:164,(anonymous_12)
FN:166,(anonymous_13)
FNF:14
FNH:6
FNDA:40,(anonymous_0)
FNDA:8,(anonymous_1)
FNDA:0,(anonymous_2)
FNDA:0,(anonymous_3)
FNDA:40,(anonymous_4)
FNDA:0,(anonymous_5)
FNDA:0,(anonymous_6)
FNDA:40,(anonymous_7)
FNDA:0,(anonymous_8)
FNDA:0,(anonymous_9)
FNDA:0,(anonymous_10)
FNDA:9,(anonymous_11)
FNDA:0,(anonymous_12)
FNDA:9,(anonymous_13)
DA:23,12
DA:25,40
DA:26,40
DA:27,40
DA:29,40
DA:32,40
DA:33,40
DA:36,40
DA:37,40
DA:38,8
DA:39,8
DA:44,40
DA:45,0
DA:46,0
DA:47,0
DA:48,0
DA:50,0
DA:51,0
DA:53,0
DA:56,40
DA:57,0
DA:58,0
DA:63,40
DA:65,40
DA:66,22
DA:72,18
DA:73,0
DA:75,18
DA:88,0
DA:91,0
DA:108,40
DA:109,40
DA:117,0
DA:128,0
DA:135,40
DA:152,12
DA:154,0
DA:163,9
DA:164,0
DA:166,9
LF:40
LH:24
BRDA:38,0,0,8
BRDA:38,0,1,0
BRDA:38,1,0,8
BRDA:38,1,1,8
BRDA:46,2,0,0
BRDA:46,2,1,0
BRDA:47,3,0,0
BRDA:47,3,1,0
BRDA:65,4,0,22
BRDA:65,4,1,18
BRDA:65,5,0,40
BRDA:65,5,1,40
BRDA:65,5,2,40
BRDA:72,6,0,0
BRDA:72,6,1,18
BRDA:72,7,0,18
BRDA:72,7,1,18
BRDA:109,8,0,18
BRDA:109,8,1,22
BRDA:110,9,0,0
BRDA:110,9,1,18
BRF:21
BRH:14
end_of_record
TN:
SF:src\components\Tournament\tournament.test.tsx
FNF:0
FNH:0
LF:0
LH:0
BRF:0
BRH:0
end_of_record
TN:
SF:src\components\core\errorBoundary.tsx
FNF:0
FNH:0
LF:0
LH:0
BRF:0
BRH:0
end_of_record
TN:
SF:src\components\core\errorBoundary.tsx
FN:15,(anonymous_0)
FN:22,(anonymous_1)
FNF:2
FNH:1
FNDA:0,(anonymous_0)
FNDA:280,(anonymous_1)
DA:13,64
DA:16,0
DA:23,280
DA:24,280
DA:25,280
DA:27,0
DA:34,0
DA:41,280
LF:8
LH:5
BRDA:25,0,0,0
BRDA:25,0,1,280
BRDA:27,1,0,0
BRDA:27,1,1,0
BRDA:29,2,0,0
BRDA:29,2,1,0
BRF:6
BRH:1
end_of_record
TN:
SF:src\components\core\icons.tsx
FNF:0
FNH:0
LF:0
LH:0
BRF:0
BRH:0
end_of_record
TN:
SF:src\components\core\icons.tsx
FN:27,(anonymous_0)
FN:67,(anonymous_1)
FN:72,(anonymous_2)
FN:75,(anonymous_3)
FN:80,(anonymous_4)
FN:83,(anonymous_5)
FN:86,(anonymous_6)
FN:89,(anonymous_7)
FN:92,(anonymous_8)
FN:95,(anonymous_9)
FN:98,(anonymous_10)
FN:101,(anonymous_11)
FN:104,(anonymous_12)
FN:107,(anonymous_13)
FN:110,(anonymous_14)
FN:113,(anonymous_15)
FN:116,(anonymous_16)
FN:119,(anonymous_17)
FN:122,(anonymous_18)
FN:125,(anonymous_19)
FN:128,(anonymous_20)
FNF:21
FNH:9
FNDA:32,(anonymous_0)
FNDA:97,(anonymous_1)
FNDA:0,(anonymous_2)
FNDA:0,(anonymous_3)
FNDA:0,(anonymous_4)
FNDA:4,(anonymous_5)
FNDA:0,(anonymous_6)
FNDA:8,(anonymous_7)
FNDA:8,(anonymous_8)
FNDA:0,(anonymous_9)
FNDA:8,(anonymous_10)
FNDA:0,(anonymous_11)
FNDA:9,(anonymous_12)
FNDA:0,(anonymous_13)
FNDA:0,(anonymous_14)
FNDA:12,(anonymous_15)
FNDA:48,(anonymous_16)
FNDA:0,(anonymous_17)
FNDA:0,(anonymous_18)
FNDA:0,(anonymous_19)
FNDA:0,(anonymous_20)
DA:27,32
DA:28,32
DA:63,32
DA:64,32
DA:67,32
DA:68,97
DA:72,32
DA:73,0
DA:75,32
DA:76,0
DA:80,32
DA:81,0
DA:83,32
DA:84,4
DA:86,32
DA:87,0
DA:89,32
DA:90,8
DA:92,32
DA:93,8
DA:95,32
DA:96,0
DA:98,32
DA:99,8
DA:101,32
DA:102,0
DA:104,32
DA:105,9
DA:107,32
DA:108,0
DA:110,32
DA:111,0
DA:113,32
DA:114,12
DA:116,32
DA:117,48
DA:119,32
DA:120,0
DA:122,32
DA:123,0
DA:125,32
DA:126,0
DA:128,32
DA:129,0
LF:44
LH:32
BRF:0
BRH:0
end_of_record
TN:
SF:src\components\core\types.ts
FNF:0
FNH:0
LF:0
LH:0
BRF:0
BRH:0
end_of_record
TN:
SF:src\components\core\types.ts
FNF:0
FNH:0
LF:0
LH:0
BRF:0
BRH:0
end_of_record
TN:
SF:src\components\core\generic\Commons.tsx
FNF:0
FNH:0
LF:0
LH:0
BRF:0
BRH:0
end_of_record
TN:
SF:src\components\core\generic\Commons.tsx
FN:27,(anonymous_0)
FN:31,(anonymous_1)
FN:52,(anonymous_2)
FN:56,(anonymous_3)
FN:74,(anonymous_4)
FN:79,(anonymous_5)
FN:98,(anonymous_6)
FN:111,RedirectionControl
FNF:8
FNH:1
FNDA:204,(anonymous_0)
FNDA:0,(anonymous_1)
FNDA:0,(anonymous_2)
FNDA:0,(anonymous_3)
FNDA:0,(anonymous_4)
FNDA:0,(anonymous_5)
FNDA:0,(anonymous_6)
FNDA:0,RedirectionControl
DA:6,32
DA:8,32
DA:27,32
DA:31,0
DA:33,204
DA:52,32
DA:56,0
DA:59,0
DA:74,0
DA:79,0
DA:98,32
DA:99,0
DA:112,0
DA:113,0
LF:14
LH:6
BRDA:28,0,0,204
BRDA:29,1,0,204
BRDA:30,2,0,172
BRDA:31,3,0,204
BRDA:56,4,0,0
BRDA:99,5,0,0
BRDA:99,5,1,0
BRDA:99,6,0,0
BRDA:99,6,1,0
BRF:9
BRH:4
end_of_record
TN:
SF:src\components\core\generic\Emoji.tsx
FNF:0
FNH:0
LF:0
LH:0
BRF:0
BRH:0
end_of_record
TN:
SF:src\components\core\generic\Input.tsx
FNF:0
FNH:0
LF:0
LH:0
BRF:0
BRH:0
end_of_record
TN:
SF:src\components\core\generic\Input.tsx
FN:16,(anonymous_0)
FNF:1
FNH:1
FNDA:5512,(anonymous_0)
DA:16,32
DA:27,5512
LF:2
LH:2
BRDA:20,0,0,2448
BRDA:28,1,0,5512
BRDA:28,1,1,0
BRDA:30,2,0,0
BRDA:30,2,1,5512
BRDA:31,3,0,0
BRDA:31,3,1,5512
BRF:7
BRH:4
end_of_record
TN:
SF:src\components\core\generic\Modal.tsx
FNF:0
FNH:0
LF:0
LH:0
BRF:0
BRH:0
end_of_record
TN:
SF:src\components\core\generic\TableHeader.tsx
FNF:0
FNH:0
LF:0
LH:0
BRF:0
BRH:0
end_of_record
TN:
SF:src\components\core\hooks\InputHook.ts
FN:6,(anonymous_0)
FN:11,(anonymous_1)
FN:14,(anonymous_2)
FNF:3
FNH:2
FNDA:13472,(anonymous_0)
FNDA:0,(anonymous_1)
FNDA:860,(anonymous_2)
DA:6,32
DA:7,13472
DA:8,13472
DA:11,0
DA:14,860
LF:5
LH:4
BRF:0
BRH:0
end_of_record
TN:
SF:src\components\core\hooks\InputHook.ts
FNF:0
FNH:0
LF:0
LH:0
BRF:0
BRH:0
end_of_record
TN:
SF:src\components\core\routing\ProtectedRoute.tsx
FNF:0
FNH:0
LF:0
LH:0
BRF:0
BRH:0
end_of_record
TN:
SF:src\components\core\routing\ProtectedRoute.tsx
FN:12,(anonymous_0)
FN:19,(anonymous_1)
FNF:2
FNH:2
FNDA:224,(anonymous_0)
FNDA:112,(anonymous_1)
DA:12,32
DA:13,224
DA:14,224
DA:15,224
DA:16,224
DA:20,112
DA:21,112
DA:23,112
DA:24,8
DA:25,8
DA:29,104
DA:30,48
DA:31,48
DA:35,56
DA:36,32
DA:37,32
DA:43,24
DA:44,24
LF:18
LH:18
BRDA:23,0,0,8
BRDA:23,0,1,104
BRDA:23,1,0,112
BRDA:23,1,1,32
BRDA:29,2,0,48
BRDA:29,2,1,56
BRDA:35,3,0,32
BRDA:35,3,1,24
BRF:8
BRH:8
end_of_record
TN:
SF:src\components\core\routing\Routes.ts
FN:4,(anonymous_0)
FN:5,(anonymous_1)
FN:6,(anonymous_2)
FN:7,(anonymous_3)
FN:8,(anonymous_4)
FN:9,(anonymous_5)
FN:10,(anonymous_6)
FN:11,(anonymous_7)
FN:12,(anonymous_8)
FN:13,(anonymous_9)
FN:14,(anonymous_10)
FN:126,getLabelByPathname
FN:127,(anonymous_12)
FN:131,getRouteByPathname
FN:132,(anonymous_14)
FNF:15
FNH:4
FNDA:0,(anonymous_0)
FNDA:0,(anonymous_1)
FNDA:0,(anonymous_2)
FNDA:12,(anonymous_3)
FNDA:0,(anonymous_4)
FNDA:0,(anonymous_5)
FNDA:0,(anonymous_6)
FNDA:32,(anonymous_7)
FNDA:0,(anonymous_8)
FNDA:0,(anonymous_9)
FNDA:0,(anonymous_10)
FNDA:24,getLabelByPathname
FNDA:48,(anonymous_12)
FNDA:0,getRouteByPathname
FNDA:0,(anonymous_14)
DA:4,32
DA:5,32
DA:6,32
DA:7,32
DA:8,32
DA:9,32
DA:10,32
DA:11,32
DA:12,32
DA:13,32
DA:14,0
DA:29,32
DA:127,48
DA:128,24
DA:132,0
LF:15
LH:13
BRDA:128,0,0,24
BRDA:128,0,1,0
BRF:2
BRH:1
end_of_record
TN:
SF:src\components\core\routing\Routes.ts
FNF:0
FNH:0
LF:0
LH:0
BRF:0
BRH:0
end_of_record
TN:
SF:src\i18n\i18n.ts
FN:50,(anonymous_0)
FNF:1
FNH:1
FNDA:184,(anonymous_0)
DA:7,32
DA:50,184
LF:2
LH:2
BRDA:50,0,0,184
BRDA:50,0,1,0
BRF:2
BRH:1
end_of_record
TN:
SF:src\i18n\i18n.ts
FNF:0
FNH:0
LF:0
LH:0
BRF:0
BRH:0
end_of_record
TN:
SF:src\redux\store.ts
FN:70,(anonymous_0)
FN:94,rootSagas
FNF:2
FNH:1
FNDA:0,(anonymous_0)
FNDA:32,rootSagas
DA:30,32
DA:38,32
DA:40,32
DA:49,32
DA:59,32
DA:70,32
DA:71,0
DA:84,32
DA:89,32
DA:90,32
DA:95,32
DA:98,32
LF:12
LH:11
BRDA:30,0,0,32
BRDA:30,0,1,32
BRDA:30,0,2,0
BRDA:30,0,3,32
BRDA:70,1,0,0
BRDA:89,2,0,32
BRDA:89,2,1,0
BRF:7
BRH:4
end_of_record
TN:
SF:src\redux\store.ts
FNF:0
FNH:0
LF:0
LH:0
BRF:0
BRH:0
end_of_record
TN:
SF:src\redux\actions\auth.action.ts
FNF:0
FNH:0
DA:15,32
DA:17,32
LF:2
LH:2
BRF:0
BRH:0
end_of_record
TN:
SF:src\redux\actions\auth.action.ts
FNF:0
FNH:0
LF:0
LH:0
BRF:0
BRH:0
end_of_record
TN:
SF:src\redux\actions\constants.ts
FN:8,(anonymous_0)
FN:14,(anonymous_1)
FNF:2
FNH:2
FNDA:736,(anonymous_0)
FNDA:160,(anonymous_1)
DA:3,32
DA:4,32
DA:5,32
DA:6,32
DA:8,736
DA:14,160
LF:6
LH:6
BRF:0
BRH:0
end_of_record
TN:
SF:src\redux\actions\constants.ts
FNF:0
FNH:0
LF:0
LH:0
BRF:0
BRH:0
end_of_record
TN:
SF:src\redux\actions\index.ts
FNF:0
FNH:0
LF:0
LH:0
BRF:0
BRH:0
end_of_record
TN:
SF:src\redux\actions\index.ts
FNF:0
FNH:0
LF:0
LH:0
BRF:0
BRH:0
end_of_record
TN:
SF:src\redux\actions\pair.action.ts
FNF:0
FNH:0
DA:5,32
DA:7,32
LF:2
LH:2
BRF:0
BRH:0
end_of_record
TN:
SF:src\redux\actions\pair.action.ts
FNF:0
FNH:0
LF:0
LH:0
BRF:0
BRH:0
end_of_record
TN:
SF:src\redux\actions\player.action.ts
FNF:0
FNH:0
DA:14,32
DA:15,32
LF:2
LH:2
BRF:0
BRH:0
end_of_record
TN:
SF:src\redux\actions\player.action.ts
FNF:0
FNH:0
LF:0
LH:0
BRF:0
BRH:0
end_of_record
TN:
SF:src\redux\actions\stage1.action.ts
FNF:0
FNH:0
DA:16,32
DA:18,32
LF:2
LH:2
BRF:0
BRH:0
end_of_record
TN:
SF:src\redux\actions\stage1.action.ts
FNF:0
FNH:0
LF:0
LH:0
BRF:0
BRH:0
end_of_record
TN:
SF:src\redux\actions\stage2.action.ts
FNF:0
FNH:0
DA:13,32
DA:15,32
LF:2
LH:2
BRF:0
BRH:0
end_of_record
TN:
SF:src\redux\actions\stage2.action.ts
FNF:0
FNH:0
LF:0
LH:0
BRF:0
BRH:0
end_of_record
TN:
SF:src\redux\actions\tournament.action.ts
FNF:0
FNH:0
DA:14,32
DA:16,32
LF:2
LH:2
BRF:0
BRH:0
end_of_record
TN:
SF:src\redux\actions\tournament.action.ts
FNF:0
FNH:0
LF:0
LH:0
BRF:0
BRH:0
end_of_record
TN:
SF:src\redux\reducers\auth.reducer.ts
FN:23,(anonymous_0)
FN:28,(anonymous_1)
FN:35,(anonymous_2)
FN:50,(anonymous_3)
FN:57,(anonymous_4)
FNF:5
FNH:3
FNDA:56,(anonymous_0)
FNDA:48,(anonymous_1)
FNDA:0,(anonymous_2)
FNDA:8,(anonymous_3)
FNDA:0,(anonymous_4)
DA:6,32
DA:12,32
DA:23,56
DA:28,48
DA:35,0
DA:50,8
DA:57,0
LF:7
LH:5
BRDA:53,0,0,8
BRDA:53,0,1,0
BRF:2
BRH:1
end_of_record
TN:
SF:src\redux\reducers\auth.reducer.ts
FNF:0
FNH:0
LF:0
LH:0
BRF:0
BRH:0
end_of_record
TN:
SF:src\redux\reducers\index.ts
FNF:0
FNH:0
LF:0
LH:0
BRF:0
BRH:0
end_of_record
TN:
SF:src\redux\reducers\index.ts
FNF:0
FNH:0
LF:0
LH:0
BRF:0
BRH:0
end_of_record
TN:
SF:src\redux\reducers\pair.reducer.ts
FN:12,(anonymous_0)
FN:17,(anonymous_1)
FN:22,(anonymous_2)
FN:27,(anonymous_3)
FNF:4
FNH:0
FNDA:0,(anonymous_0)
FNDA:0,(anonymous_1)
FNDA:0,(anonymous_2)
FNDA:0,(anonymous_3)
DA:5,32
DA:10,32
DA:12,0
DA:17,0
DA:22,0
DA:27,0
LF:6
LH:2
BRF:0
BRH:0
end_of_record
TN:
SF:src\redux\reducers\pair.reducer.ts
FNF:0
FNH:0
LF:0
LH:0
BRF:0
BRH:0
end_of_record
TN:
SF:src\redux\reducers\player.reducer.ts
FN:13,(anonymous_0)
FN:19,(anonymous_1)
FN:33,(anonymous_2)
FN:39,(anonymous_3)
FN:44,(anonymous_4)
FN:45,(anonymous_5)
FN:45,(anonymous_6)
FN:49,(anonymous_7)
FN:50,(anonymous_8)
FN:54,(anonymous_9)
FN:55,(anonymous_10)
FNF:11
FNH:0
FNDA:0,(anonymous_0)
FNDA:0,(anonymous_1)
FNDA:0,(anonymous_2)
FNDA:0,(anonymous_3)
FNDA:0,(anonymous_4)
FNDA:0,(anonymous_5)
FNDA:0,(anonymous_6)
FNDA:0,(anonymous_7)
FNDA:0,(anonymous_8)
FNDA:0,(anonymous_9)
FNDA:0,(anonymous_10)
DA:5,32
DA:11,32
DA:13,0
DA:19,0
DA:33,0
DA:39,0
DA:44,0
DA:45,0
DA:49,0
DA:50,0
DA:54,0
DA:55,0
LF:12
LH:2
BRF:0
BRH:0
end_of_record
TN:
SF:src\redux\reducers\player.reducer.ts
FNF:0
FNH:0
LF:0
LH:0
BRF:0
BRH:0
end_of_record
TN:
SF:src\redux\reducers\stage1.reducer.ts
FN:17,(anonymous_0)
FN:18,(anonymous_1)
FN:19,(anonymous_2)
FN:21,(anonymous_3)
FN:25,(anonymous_4)
FN:30,(anonymous_5)
FN:35,(anonymous_6)
FN:36,(anonymous_7)
FN:43,(anonymous_8)
FN:48,(anonymous_9)
FN:57,(anonymous_10)
FN:58,(anonymous_11)
FN:60,(anonymous_12)
FN:69,(anonymous_13)
FNF:14
FNH:0
FNDA:0,(anonymous_0)
FNDA:0,(anonymous_1)
FNDA:0,(anonymous_2)
FNDA:0,(anonymous_3)
FNDA:0,(anonymous_4)
FNDA:0,(anonymous_5)
FNDA:0,(anonymous_6)
FNDA:0,(anonymous_7)
FNDA:0,(anonymous_8)
FNDA:0,(anonymous_9)
FNDA:0,(anonymous_10)
FNDA:0,(anonymous_11)
FNDA:0,(anonymous_12)
FNDA:0,(anonymous_13)
DA:7,32
DA:14,32
DA:17,0
DA:18,0
DA:19,0
DA:21,0
DA:25,0
DA:30,0
DA:36,0
DA:38,0
DA:41,0
DA:43,0
DA:49,0
DA:50,0
DA:52,0
DA:57,0
DA:58,0
DA:60,0
DA:62,0
DA:69,0
LF:20
LH:2
BRDA:38,0,0,0
BRDA:38,0,1,0
BRDA:38,1,0,0
BRDA:38,1,1,0
BRDA:49,2,0,0
BRDA:49,2,1,0
BRDA:52,3,0,0
BRDA:52,3,1,0
BRDA:57,4,0,0
BRDA:57,4,1,0
BRF:10
BRH:0
end_of_record
TN:
SF:src\redux\reducers\stage1.reducer.ts
FNF:0
FNH:0
LF:0
LH:0
BRF:0
BRH:0
end_of_record
TN:
SF:src\redux\reducers\stage2.reducer.ts
FN:11,(anonymous_0)
FN:16,(anonymous_1)
FN:21,(anonymous_2)
FN:26,(anonymous_3)
FN:31,(anonymous_4)
FN:35,(anonymous_5)
FN:39,(anonymous_6)
FNF:7
FNH:0
FNDA:0,(anonymous_0)
FNDA:0,(anonymous_1)
FNDA:0,(anonymous_2)
FNDA:0,(anonymous_3)
FNDA:0,(anonymous_4)
FNDA:0,(anonymous_5)
FNDA:0,(anonymous_6)
DA:5,32
DA:9,32
DA:11,0
DA:16,0
DA:21,0
DA:26,0
DA:31,0
DA:35,0
DA:39,0
LF:9
LH:2
BRF:0
BRH:0
end_of_record
TN:
SF:src\redux\reducers\stage2.reducer.ts
FNF:0
FNH:0
LF:0
LH:0
BRF:0
BRH:0
end_of_record
TN:
SF:src\redux\reducers\tournament.reducer.ts
FN:15,(anonymous_0)
FN:23,(anonymous_1)
FN:27,(anonymous_2)
FN:33,(anonymous_3)
FN:41,(anonymous_4)
FN:47,(anonymous_5)
FNF:6
FNH:3
FNDA:16,(anonymous_0)
FNDA:2,(anonymous_1)
FNDA:8,(anonymous_2)
FNDA:0,(anonymous_3)
FNDA:0,(anonymous_4)
FNDA:0,(anonymous_5)
DA:5,32
DA:11,32
DA:15,16
DA:23,2
DA:27,8
DA:33,0
DA:41,0
DA:47,0
LF:8
LH:5
BRDA:28,0,0,0
BRDA:28,0,1,8
BRDA:28,1,0,8
BRDA:28,1,1,8
BRDA:29,2,0,8
BRDA:29,2,1,0
BRF:6
BRH:4
end_of_record
TN:
SF:src\redux\reducers\tournament.reducer.ts
FNF:0
FNH:0
LF:0
LH:0
BRF:0
BRH:0
end_of_record
TN:
SF:src\redux\sagas\auth.saga.ts
FN:24,checkAuthenticationSaga
FN:47,watchSessionSaga
FN:79,logoutSaga
FN:106,loginSaga
FN:131,registrationSaga
FN:147,(anonymous_5)
FN:154,updateUserSaga
FN:171,deleteUserSaga
FN:187,logger
FNF:9
FNH:5
FNDA:32,checkAuthenticationSaga
FNDA:8,watchSessionSaga
FNDA:0,logoutSaga
FNDA:16,loginSaga
FNDA:8,registrationSaga
FNDA:0,(anonymous_5)
FNDA:0,updateUserSaga
FNDA:0,deleteUserSaga
FNDA:178,logger
DA:27,32
DA:28,32
DA:29,32
DA:30,0
DA:31,0
DA:33,32
DA:36,0
DA:50,8
DA:51,8
DA:52,8
DA:53,8
DA:54,8
DA:55,0
DA:56,0
DA:57,0
DA:58,0
DA:69,0
DA:70,0
DA:74,0
DA:82,0
DA:83,0
DA:84,0
DA:85,0
DA:86,0
DA:87,0
DA:89,0
DA:90,0
DA:92,0
DA:93,0
DA:110,16
DA:111,16
DA:112,16
DA:113,16
DA:114,16
DA:115,16
DA:116,16
DA:117,0
DA:119,0
DA:121,0
DA:123,0
DA:125,16
DA:126,16
DA:135,8
DA:136,8
DA:137,8
DA:138,8
DA:140,8
DA:142,8
DA:143,8
DA:144,8
DA:146,0
DA:147,0
DA:149,0
DA:158,0
DA:159,0
DA:160,0
DA:161,0
DA:162,0
DA:163,0
DA:165,0
DA:166,0
DA:175,0
DA:176,0
DA:177,0
DA:178,0
DA:179,0
DA:180,0
DA:182,0
DA:183,0
DA:188,178
DA:189,178
DA:193,32
LF:72
LH:29
BRDA:29,0,0,0
BRDA:29,0,1,32
BRDA:55,1,0,0
BRDA:55,1,1,0
BRDA:55,2,0,0
BRDA:55,2,1,0
BRDA:84,3,0,0
BRDA:84,3,1,0
BRDA:116,4,0,0
BRDA:116,4,1,16
BRDA:137,5,0,8
BRDA:137,5,1,0
BRDA:146,6,0,0
BRDA:146,6,1,0
BRDA:160,7,0,0
BRDA:160,7,1,0
BRDA:177,8,0,0
BRDA:177,8,1,0
BRDA:188,9,0,178
BRDA:188,9,1,0
BRF:20
BRH:4
end_of_record
TN:
SF:src\redux\sagas\auth.saga.ts
FNF:0
FNH:0
LF:0
LH:0
BRF:0
BRH:0
end_of_record
TN:
SF:src\redux\sagas\index.ts
FNF:0
FNH:0
LF:0
LH:0
BRF:0
BRH:0
end_of_record
TN:
SF:src\redux\sagas\index.ts
FNF:0
FNH:0
LF:0
LH:0
BRF:0
BRH:0
end_of_record
TN:
SF:src\redux\sagas\pair.saga.ts
FN:7,getPairsSaga
FNF:1
FNH:0
FNDA:0,getPairsSaga
DA:8,0
DA:11,32
LF:2
LH:1
BRF:0
BRH:0
end_of_record
TN:
SF:src\redux\sagas\pair.saga.ts
FNF:0
FNH:0
LF:0
LH:0
BRF:0
BRH:0
end_of_record
TN:
SF:src\redux\sagas\player.saga.ts
FN:14,(anonymous_0)
FN:16,getPlayersSaga
FN:22,deletePlayersSaga
FN:29,(anonymous_3)
FN:33,savePlayerSaga
FN:36,(anonymous_5)
FN:41,updatePlayerSaga
FN:44,(anonymous_7)
FNF:8
FNH:0
FNDA:0,(anonymous_0)
FNDA:0,getPlayersSaga
FNDA:0,deletePlayersSaga
FNDA:0,(anonymous_3)
FNDA:0,savePlayerSaga
FNDA:0,(anonymous_5)
FNDA:0,updatePlayerSaga
FNDA:0,(anonymous_7)
DA:14,32
DA:19,0
DA:25,0
DA:29,0
DA:36,0
DA:37,0
DA:44,0
DA:45,0
DA:49,32
LF:9
LH:2
BRF:0
BRH:0
end_of_record
TN:
SF:src\redux\sagas\player.saga.ts
FNF:0
FNH:0
LF:0
LH:0
BRF:0
BRH:0
end_of_record
TN:
SF:src\redux\sagas\stage1.saga.ts
FN:18,watchStage1Saga
FN:34,fetchSaga
FN:40,updateCellSaga
FN:50,updatePlacementSaga
FN:60,updateSelectedPairsSaga
FNF:5
FNH:0
FNDA:0,watchStage1Saga
FNDA:0,fetchSaga
FNDA:0,updateCellSaga
FNDA:0,updatePlacementSaga
FNDA:0,updateSelectedPairsSaga
DA:21,0
DA:22,0
DA:23,0
DA:24,0
DA:25,0
DA:26,0
DA:27,0
DA:30,0
DA:37,0
DA:43,0
DA:53,0
DA:63,0
DA:70,32
LF:13
LH:1
BRF:0
BRH:0
end_of_record
TN:
SF:src\redux\sagas\stage1.saga.ts
FNF:0
FNH:0
LF:0
LH:0
BRF:0
BRH:0
end_of_record
TN:
SF:src\redux\sagas\stage2.saga.ts
FN:9,deleteStage2Saga
FN:23,fetchStage2Saga
FN:35,updateCellsSaga
FNF:3
FNH:0
FNDA:0,deleteStage2Saga
FNDA:0,fetchStage2Saga
FNDA:0,updateCellsSaga
DA:10,0
DA:11,0
DA:12,0
DA:13,0
DA:14,0
DA:15,0
DA:16,0
DA:18,0
DA:19,0
DA:26,0
DA:27,0
DA:28,0
DA:30,0
DA:31,0
DA:38,0
DA:39,0
DA:40,0
DA:42,0
DA:43,0
DA:47,32
LF:20
LH:1
BRF:0
BRH:0
end_of_record
TN:
SF:src\redux\sagas\stage2.saga.ts
FNF:0
FNH:0
LF:0
LH:0
BRF:0
BRH:0
end_of_record
TN:
SF:src\redux\sagas\tournament.saga.ts
FN:17,getTournamentsSaga
FN:27,saveTournamentSaga
FN:45,updateTournamentSaga
FNF:3
FNH:1
FNDA:16,getTournamentsSaga
FNDA:0,saveTournamentSaga
FNDA:0,updateTournamentSaga
DA:20,16
DA:30,0
DA:31,0
DA:32,0
DA:33,0
DA:34,0
DA:35,0
DA:37,0
DA:38,0
DA:41,0
DA:48,0
DA:55,32
LF:12
LH:2
BRDA:32,0,0,0
BRDA:32,0,1,0
BRF:2
BRH:0
end_of_record
TN:
SF:src\redux\sagas\tournament.saga.ts
FNF:0
FNH:0
LF:0
LH:0
BRF:0
BRH:0
end_of_record
TN:
SF:src\redux\sagas\utils.ts
FN:12,(anonymous_0)
FN:14,entityLifeCycle
FNF:2
FNH:2
FNDA:34,(anonymous_0)
FNDA:16,entityLifeCycle
DA:12,34
DA:21,16
DA:23,16
DA:24,10
DA:26,10
DA:27,10
DA:28,10
DA:30,8
DA:31,8
DA:33,0
DA:34,0
DA:36,2
DA:37,2
DA:43,10
DA:46,8
DA:48,8
DA:49,0
DA:53,2
DA:55,2
DA:56,0
DA:60,0
LF:21
LH:16
BRDA:26,0,0,10
BRDA:26,0,1,0
BRDA:28,1,0,8
BRDA:28,1,1,0
BRDA:28,1,2,2
BRDA:43,2,0,8
BRDA:43,2,1,2
BRDA:48,3,0,0
BRDA:48,3,1,8
BRDA:55,4,0,0
BRDA:55,4,1,2
BRF:11
BRH:7
end_of_record
TN:
SF:src\redux\sagas\utils.ts
FNF:0
FNH:0
LF:0
LH:0
BRF:0
BRH:0
end_of_record
TN:
SF:src\redux\selectors\auth.selector.ts
FN:5,(anonymous_0)
FN:6,(anonymous_1)
FN:7,(anonymous_2)
FN:8,(anonymous_3)
FN:9,(anonymous_4)
FNF:5
FNH:4
FNDA:458,(anonymous_0)
FNDA:74,(anonymous_1)
FNDA:414,(anonymous_2)
FNDA:0,(anonymous_3)
FNDA:724,(anonymous_4)
DA:4,32
DA:5,458
DA:6,74
DA:7,414
DA:8,0
DA:9,724
LF:6
LH:5
BRF:0
BRH:0
end_of_record
TN:
SF:src\redux\selectors\auth.selector.ts
FNF:0
FNH:0
LF:0
LH:0
BRF:0
BRH:0
end_of_record
TN:
SF:src\redux\selectors\index.ts
FNF:0
FNH:0
LF:0
LH:0
BRF:0
BRH:0
end_of_record
TN:
SF:src\redux\selectors\index.ts
FNF:0
FNH:0
LF:0
LH:0
BRF:0
BRH:0
end_of_record
TN:
SF:src\redux\selectors\pair.selector.ts
FN:5,(anonymous_0)
FN:6,(anonymous_1)
FNF:2
FNH:0
FNDA:0,(anonymous_0)
FNDA:0,(anonymous_1)
DA:4,32
DA:5,0
DA:6,0
LF:3
LH:1
BRF:0
BRH:0
end_of_record
TN:
SF:src\redux\selectors\pair.selector.ts
FNF:0
FNH:0
LF:0
LH:0
BRF:0
BRH:0
end_of_record
TN:
SF:src\redux\selectors\player.selector.ts
FN:6,(anonymous_0)
FN:7,(anonymous_1)
FN:9,(anonymous_2)
FN:10,(anonymous_3)
FNF:4
FNH:0
FNDA:0,(anonymous_0)
FNDA:0,(anonymous_1)
FNDA:0,(anonymous_2)
FNDA:0,(anonymous_3)
DA:4,32
DA:6,0
DA:7,0
DA:9,0
DA:10,0
LF:5
LH:1
BRF:0
BRH:0
end_of_record
TN:
SF:src\redux\selectors\player.selector.ts
FNF:0
FNH:0
LF:0
LH:0
BRF:0
BRH:0
end_of_record
TN:
SF:src\redux\selectors\stage1.selector.ts
FN:5,(anonymous_0)
FN:6,(anonymous_1)
FN:7,(anonymous_2)
FN:8,(anonymous_3)
FN:10,(anonymous_4)
FNF:5
FNH:0
FNDA:0,(anonymous_0)
FNDA:0,(anonymous_1)
FNDA:0,(anonymous_2)
FNDA:0,(anonymous_3)
FNDA:0,(anonymous_4)
DA:4,32
DA:5,0
DA:6,0
DA:7,0
DA:8,0
DA:10,0
LF:6
LH:1
BRDA:6,0,0,0
BRDA:6,0,1,0
BRF:2
BRH:0
end_of_record
TN:
SF:src\redux\selectors\stage1.selector.ts
FNF:0
FNH:0
LF:0
LH:0
BRF:0
BRH:0
end_of_record
TN:
SF:src\redux\selectors\stage2.selector.ts
FN:6,(anonymous_0)
FN:7,(anonymous_1)
FN:8,(anonymous_2)
FNF:3
FNH:0
FNDA:0,(anonymous_0)
FNDA:0,(anonymous_1)
FNDA:0,(anonymous_2)
DA:5,32
DA:6,0
DA:7,0
DA:8,0
LF:4
LH:1
BRF:0
BRH:0
end_of_record
TN:
SF:src\redux\selectors\stage2.selector.ts
FNF:0
FNH:0
LF:0
LH:0
BRF:0
BRH:0
end_of_record
TN:
SF:src\redux\selectors\tournament.selector.ts
FN:5,(anonymous_0)
FN:6,(anonymous_1)
FN:7,(anonymous_2)
FNF:3
FNH:2
FNDA:0,(anonymous_0)
FNDA:488,(anonymous_1)
FNDA:74,(anonymous_2)
DA:4,32
DA:5,0
DA:6,488
DA:7,74
LF:4
LH:3
BRF:0
BRH:0
end_of_record
TN:
SF:src\redux\selectors\tournament.selector.ts
FNF:0
FNH:0
LF:0
LH:0
BRF:0
BRH:0
end_of_record
TN:
SF:src\redux\services\auth.service.ts
FN:27,(anonymous_0)
FN:31,(anonymous_1)
FN:35,(anonymous_2)
FN:39,(anonymous_3)
FN:43,(anonymous_4)
FN:48,(anonymous_5)
FN:70,(anonymous_6)
FN:71,(anonymous_7)
FN:73,(anonymous_8)
FN:76,(anonymous_9)
FN:86,(anonymous_10)
FN:95,(anonymous_11)
FNF:12
FNH:7
FNDA:0,(anonymous_0)
FNDA:0,(anonymous_1)
FNDA:16,(anonymous_2)
FNDA:0,(anonymous_3)
FNDA:8,(anonymous_4)
FNDA:32,(anonymous_5)
FNDA:8,(anonymous_6)
FNDA:8,(anonymous_7)
FNDA:0,(anonymous_8)
FNDA:0,(anonymous_9)
FNDA:4,(anonymous_10)
FNDA:8,(anonymous_11)
DA:27,32
DA:28,0
DA:31,32
DA:32,0
DA:35,32
DA:36,16
DA:39,32
DA:40,0
DA:43,32
DA:46,8
DA:48,32
DA:50,32
DA:51,32
DA:52,32
DA:54,0
DA:55,0
DA:62,0
DA:70,32
DA:71,8
DA:73,8
DA:76,8
DA:77,0
DA:78,0
DA:79,0
DA:80,0
DA:81,0
DA:86,8
DA:87,4
DA:88,4
DA:89,4
DA:91,8
DA:92,8
DA:93,8
DA:95,8
DA:96,8
DA:97,8
DA:98,8
DA:99,8
DA:101,8
LF:39
LH:28
BRDA:54,0,0,0
BRDA:54,0,1,0
BRDA:77,1,0,0
BRDA:77,1,1,0
BRDA:79,2,0,0
BRDA:79,2,1,0
BRF:6
BRH:0
end_of_record
TN:
SF:src\redux\services\auth.service.ts
FNF:0
FNH:0
LF:0
LH:0
BRF:0
BRH:0
end_of_record
TN:
SF:src\redux\services\pair.service.ts
FN:18,(anonymous_0)
FN:19,(anonymous_1)
FN:21,(anonymous_2)
FN:22,(anonymous_3)
FN:23,(anonymous_4)
FN:25,(anonymous_5)
FN:27,(anonymous_6)
FN:29,(anonymous_7)
FN:32,(anonymous_8)
FN:36,(anonymous_9)
FN:39,(anonymous_10)
FN:42,(anonymous_11)
FNF:12
FNH:1
FNDA:0,(anonymous_0)
FNDA:0,(anonymous_1)
FNDA:0,(anonymous_2)
FNDA:0,(anonymous_3)
FNDA:0,(anonymous_4)
FNDA:0,(anonymous_5)
FNDA:0,(anonymous_6)
FNDA:0,(anonymous_7)
FNDA:0,(anonymous_8)
FNDA:0,(anonymous_9)
FNDA:0,(anonymous_10)
FNDA:32,(anonymous_11)
DA:17,32
DA:18,32
DA:19,32
DA:20,0
DA:21,32
DA:22,32
DA:23,32
DA:25,32
DA:26,0
DA:27,32
DA:28,0
DA:29,32
DA:30,0
DA:32,32
DA:33,0
DA:36,32
DA:37,0
DA:39,32
DA:40,0
DA:42,32
LF:20
LH:13
BRDA:48,0,0,32
BRDA:48,0,1,0
BRF:2
BRH:1
end_of_record
TN:
SF:src\redux\services\pair.service.ts
FNF:0
FNH:0
LF:0
LH:0
BRF:0
BRH:0
end_of_record
TN:
SF:src\redux\services\player.service.ts
FN:13,(anonymous_0)
FN:29,(anonymous_1)
FN:32,(anonymous_2)
FN:35,(anonymous_3)
FN:38,(anonymous_4)
FNF:5
FNH:1
FNDA:0,(anonymous_0)
FNDA:0,(anonymous_1)
FNDA:0,(anonymous_2)
FNDA:0,(anonymous_3)
FNDA:64,(anonymous_4)
DA:13,32
DA:14,0
DA:15,0
DA:19,0
DA:20,0
DA:25,0
DA:29,32
DA:30,0
DA:32,32
DA:33,0
DA:35,32
DA:36,0
DA:38,64
LF:13
LH:5
BRDA:15,0,0,0
BRDA:15,0,1,0
BRDA:22,1,0,0
BRDA:22,1,1,0
BRDA:43,2,0,64
BRDA:43,2,1,64
BRF:6
BRH:2
end_of_record
TN:
SF:src\redux\services\player.service.ts
FNF:0
FNH:0
LF:0
LH:0
BRF:0
BRH:0
end_of_record
TN:
SF:src\redux\services\stage1.service.ts
FN:14,(anonymous_0)
FN:22,(anonymous_1)
FN:25,(anonymous_2)
FN:28,(anonymous_3)
FN:29,(anonymous_4)
FN:31,(anonymous_5)
FN:34,(anonymous_6)
FN:44,(anonymous_7)
FN:53,(anonymous_8)
FNF:9
FNH:0
FNDA:0,(anonymous_0)
FNDA:0,(anonymous_1)
FNDA:0,(anonymous_2)
FNDA:0,(anonymous_3)
FNDA:0,(anonymous_4)
FNDA:0,(anonymous_5)
FNDA:0,(anonymous_6)
FNDA:0,(anonymous_7)
FNDA:0,(anonymous_8)
DA:14,32
DA:15,0
DA:22,32
DA:23,0
DA:25,32
DA:26,0
DA:28,32
DA:29,0
DA:31,0
DA:34,0
DA:35,0
DA:36,0
DA:37,0
DA:38,0
DA:39,0
DA:44,0
DA:45,0
DA:46,0
DA:47,0
DA:49,0
DA:50,0
DA:51,0
DA:53,0
DA:54,0
DA:55,0
DA:56,0
DA:57,0
DA:59,0
LF:28
LH:4
BRDA:35,0,0,0
BRDA:35,0,1,0
BRDA:37,1,0,0
BRDA:37,1,1,0
BRF:4
BRH:0
end_of_record
TN:
SF:src\redux\services\stage1.service.ts
FNF:0
FNH:0
LF:0
LH:0
BRF:0
BRH:0
end_of_record
TN:
SF:src\redux\services\stage2.service.ts
FN:6,(anonymous_0)
FN:15,(anonymous_1)
FN:28,(anonymous_2)
FN:39,(anonymous_3)
FNF:4
FNH:0
FNDA:0,(anonymous_0)
FNDA:0,(anonymous_1)
FNDA:0,(anonymous_2)
FNDA:0,(anonymous_3)
DA:6,32
DA:7,0
DA:12,0
DA:15,32
DA:16,0
DA:17,0
DA:22,0
DA:24,0
DA:28,32
DA:29,0
DA:30,0
DA:31,0
DA:32,0
DA:34,0
DA:36,0
DA:39,32
DA:43,0
DA:44,0
DA:49,0
DA:50,0
DA:52,0
LF:21
LH:4
BRF:0
BRH:0
end_of_record
TN:
SF:src\redux\services\stage2.service.ts
FNF:0
FNH:0
LF:0
LH:0
BRF:0
BRH:0
end_of_record
TN:
SF:src\redux\services\tournament.service.ts
FN:13,(anonymous_0)
FN:18,(anonymous_1)
FN:21,(anonymous_2)
FN:24,(anonymous_3)
FNF:4
FNH:1
FNDA:16,(anonymous_0)
FNDA:0,(anonymous_1)
FNDA:0,(anonymous_2)
FNDA:0,(anonymous_3)
DA:13,32
DA:14,16
DA:18,32
DA:19,0
DA:21,32
DA:22,0
DA:24,32
DA:25,0
LF:8
LH:5
BRDA:15,0,0,0
BRDA:15,0,1,16
BRF:2
BRH:1
end_of_record
TN:
SF:src\redux\services\tournament.service.ts
FNF:0
FNH:0
LF:0
LH:0
BRF:0
BRH:0
end_of_record
