{"/c/Users/PaoloCattani/Workspaces/Workspaces_private/calcetto/src/@common/dto/index.ts": {"path":"/c/Users/PaoloCattani/Workspaces/Workspaces_private/calcetto/src/@common/dto/index.ts","statementMap":{"0":{"start":{"line":1,"column":0},"end":{"line":1,"column":27}},"1":{"start":{"line":2,"column":0},"end":{"line":2,"column":29}},"2":{"start":{"line":3,"column":0},"end":{"line":3,"column":29}},"3":{"start":{"line":4,"column":0},"end":{"line":4,"column":29}},"4":{"start":{"line":5,"column":0},"end":{"line":5,"column":33}},"5":{"start":{"line":6,"column":0},"end":{"line":6,"column":27}}},"fnMap":{},"branchMap":{},"s":{"0":4,"1":4,"2":4,"3":4,"4":4,"5":4},"f":{},"b":{}}
,"/c/Users/PaoloCattani/Workspaces/Workspaces_private/calcetto/src/@common/dto/player.dto.ts": {"path":"/c/Users/PaoloCattani/Workspaces/Workspaces_private/calcetto/src/@common/dto/player.dto.ts","statementMap":{"0":{"start":{"line":18,"column":0},"end":{"line":18,"column":null}},"1":{"start":{"line":19,"column":2},"end":{"line":19,"column":null}},"2":{"start":{"line":20,"column":2},"end":{"line":20,"column":null}},"3":{"start":{"line":21,"column":2},"end":{"line":21,"column":null}},"4":{"start":{"line":22,"column":2},"end":{"line":22,"column":null}}},"fnMap":{"0":{"name":"(anonymous_0)","decl":{"start":{"line":18,"column":0},"end":{"line":18,"column":12}},"loc":{"start":{"line":18,"column":22},"end":{"line":23,"column":1}}}},"branchMap":{"0":{"loc":{"start":{"line":18,"column":12},"end":{"line":18,"column":22}},"type":"binary-expr","locations":[{"start":{"line":18,"column":12},"end":{"line":18,"column":22}},{"start":{"line":18,"column":12},"end":{"line":18,"column":null}}]}},"s":{"0":4,"1":4,"2":4,"3":4,"4":4},"f":{"0":4},"b":{"0":[4,4]}}
,"/c/Users/PaoloCattani/Workspaces/Workspaces_private/calcetto/src/@common/dto/tournament.dto.ts": {"path":"/c/Users/PaoloCattani/Workspaces/Workspaces_private/calcetto/src/@common/dto/tournament.dto.ts","statementMap":{"0":{"start":{"line":12,"column":0},"end":{"line":12,"column":null}},"1":{"start":{"line":13,"column":2},"end":{"line":13,"column":null}},"2":{"start":{"line":14,"column":2},"end":{"line":14,"column":null}},"3":{"start":{"line":15,"column":2},"end":{"line":15,"column":null}},"4":{"start":{"line":16,"column":2},"end":{"line":16,"column":null}}},"fnMap":{"0":{"name":"(anonymous_0)","decl":{"start":{"line":12,"column":0},"end":{"line":12,"column":12}},"loc":{"start":{"line":12,"column":30},"end":{"line":17,"column":1}}}},"branchMap":{"0":{"loc":{"start":{"line":12,"column":12},"end":{"line":12,"column":30}},"type":"binary-expr","locations":[{"start":{"line":12,"column":12},"end":{"line":12,"column":30}},{"start":{"line":12,"column":12},"end":{"line":12,"column":null}}]}},"s":{"0":4,"1":4,"2":4,"3":4,"4":4},"f":{"0":4},"b":{"0":[4,4]}}
,"/c/Users/PaoloCattani/Workspaces/Workspaces_private/calcetto/src/@common/dto/user.dto.ts": {"path":"/c/Users/PaoloCattani/Workspaces/Workspaces_private/calcetto/src/@common/dto/user.dto.ts","statementMap":{"0":{"start":{"line":15,"column":0},"end":{"line":15,"column":null}},"1":{"start":{"line":16,"column":2},"end":{"line":16,"column":null}},"2":{"start":{"line":17,"column":2},"end":{"line":17,"column":null}}},"fnMap":{"0":{"name":"(anonymous_0)","decl":{"start":{"line":15,"column":0},"end":{"line":15,"column":12}},"loc":{"start":{"line":15,"column":20},"end":{"line":18,"column":1}}}},"branchMap":{"0":{"loc":{"start":{"line":15,"column":12},"end":{"line":15,"column":20}},"type":"binary-expr","locations":[{"start":{"line":15,"column":12},"end":{"line":15,"column":20}},{"start":{"line":15,"column":12},"end":{"line":15,"column":null}}]}},"s":{"0":4,"1":4,"2":4},"f":{"0":4},"b":{"0":[4,4]}}
,"/c/Users/PaoloCattani/Workspaces/Workspaces_private/calcetto/src/@common/models/HttpStatusCode.ts": {"path":"/c/Users/PaoloCattani/Workspaces/Workspaces_private/calcetto/src/@common/models/HttpStatusCode.ts","statementMap":{"0":{"start":{"line":1,"column":0},"end":{"line":1,"column":null}},"1":{"start":{"line":2,"column":2},"end":{"line":2,"column":null}},"2":{"start":{"line":3,"column":2},"end":{"line":3,"column":null}},"3":{"start":{"line":4,"column":2},"end":{"line":4,"column":null}},"4":{"start":{"line":5,"column":2},"end":{"line":5,"column":null}},"5":{"start":{"line":10,"column":2},"end":{"line":10,"column":null}},"6":{"start":{"line":12,"column":2},"end":{"line":12,"column":null}},"7":{"start":{"line":13,"column":2},"end":{"line":13,"column":null}},"8":{"start":{"line":14,"column":2},"end":{"line":14,"column":null}},"9":{"start":{"line":15,"column":2},"end":{"line":15,"column":null}},"10":{"start":{"line":16,"column":2},"end":{"line":16,"column":null}},"11":{"start":{"line":17,"column":2},"end":{"line":17,"column":null}},"12":{"start":{"line":18,"column":2},"end":{"line":18,"column":null}},"13":{"start":{"line":19,"column":2},"end":{"line":19,"column":null}},"14":{"start":{"line":20,"column":2},"end":{"line":20,"column":null}},"15":{"start":{"line":21,"column":2},"end":{"line":21,"column":null}},"16":{"start":{"line":26,"column":2},"end":{"line":35,"column":null}},"17":{"start":{"line":37,"column":2},"end":{"line":37,"column":null}},"18":{"start":{"line":38,"column":2},"end":{"line":38,"column":null}},"19":{"start":{"line":39,"column":2},"end":{"line":39,"column":null}},"20":{"start":{"line":40,"column":2},"end":{"line":40,"column":null}},"21":{"start":{"line":41,"column":2},"end":{"line":41,"column":null}},"22":{"start":{"line":42,"column":2},"end":{"line":42,"column":null}},"23":{"start":{"line":43,"column":2},"end":{"line":43,"column":null}},"24":{"start":{"line":44,"column":2},"end":{"line":44,"column":null}},"25":{"start":{"line":45,"column":2},"end":{"line":45,"column":null}},"26":{"start":{"line":50,"column":2},"end":{"line":58,"column":null}},"27":{"start":{"line":60,"column":2},"end":{"line":60,"column":null}},"28":{"start":{"line":61,"column":2},"end":{"line":61,"column":null}},"29":{"start":{"line":62,"column":2},"end":{"line":62,"column":null}},"30":{"start":{"line":63,"column":2},"end":{"line":63,"column":null}},"31":{"start":{"line":64,"column":2},"end":{"line":64,"column":null}},"32":{"start":{"line":65,"column":2},"end":{"line":65,"column":null}},"33":{"start":{"line":66,"column":2},"end":{"line":66,"column":null}},"34":{"start":{"line":67,"column":2},"end":{"line":67,"column":null}},"35":{"start":{"line":68,"column":2},"end":{"line":68,"column":null}},"36":{"start":{"line":69,"column":2},"end":{"line":69,"column":null}},"37":{"start":{"line":70,"column":2},"end":{"line":70,"column":null}},"38":{"start":{"line":71,"column":2},"end":{"line":71,"column":null}},"39":{"start":{"line":72,"column":2},"end":{"line":72,"column":null}},"40":{"start":{"line":73,"column":2},"end":{"line":73,"column":null}},"41":{"start":{"line":74,"column":2},"end":{"line":74,"column":null}},"42":{"start":{"line":75,"column":2},"end":{"line":75,"column":null}},"43":{"start":{"line":76,"column":2},"end":{"line":76,"column":null}},"44":{"start":{"line":77,"column":2},"end":{"line":77,"column":null}},"45":{"start":{"line":78,"column":2},"end":{"line":78,"column":null}},"46":{"start":{"line":79,"column":2},"end":{"line":79,"column":null}},"47":{"start":{"line":80,"column":2},"end":{"line":80,"column":null}},"48":{"start":{"line":81,"column":2},"end":{"line":81,"column":null}},"49":{"start":{"line":82,"column":2},"end":{"line":82,"column":null}},"50":{"start":{"line":83,"column":2},"end":{"line":83,"column":null}},"51":{"start":{"line":84,"column":2},"end":{"line":84,"column":null}},"52":{"start":{"line":85,"column":2},"end":{"line":85,"column":null}},"53":{"start":{"line":86,"column":2},"end":{"line":86,"column":null}},"54":{"start":{"line":87,"column":2},"end":{"line":87,"column":null}},"55":{"start":{"line":92,"column":2},"end":{"line":119,"column":null}},"56":{"start":{"line":121,"column":2},"end":{"line":121,"column":null}},"57":{"start":{"line":122,"column":2},"end":{"line":122,"column":null}},"58":{"start":{"line":123,"column":2},"end":{"line":123,"column":null}},"59":{"start":{"line":124,"column":2},"end":{"line":124,"column":null}},"60":{"start":{"line":125,"column":2},"end":{"line":125,"column":null}},"61":{"start":{"line":126,"column":2},"end":{"line":126,"column":null}},"62":{"start":{"line":127,"column":2},"end":{"line":127,"column":null}},"63":{"start":{"line":128,"column":2},"end":{"line":128,"column":null}},"64":{"start":{"line":129,"column":2},"end":{"line":129,"column":null}},"65":{"start":{"line":130,"column":2},"end":{"line":130,"column":null}},"66":{"start":{"line":131,"column":2},"end":{"line":131,"column":null}},"67":{"start":{"line":136,"column":2},"end":{"line":146,"column":null}}},"fnMap":{"0":{"name":"(anonymous_0)","decl":{"start":{"line":1,"column":0},"end":{"line":1,"column":12}},"loc":{"start":{"line":1,"column":26},"end":{"line":147,"column":1}}}},"branchMap":{"0":{"loc":{"start":{"line":1,"column":12},"end":{"line":1,"column":26}},"type":"binary-expr","locations":[{"start":{"line":1,"column":12},"end":{"line":1,"column":26}},{"start":{"line":1,"column":12},"end":{"line":1,"column":null}}]}},"s":{"0":4,"1":4,"2":4,"3":4,"4":4,"5":4,"6":4,"7":4,"8":4,"9":4,"10":4,"11":4,"12":4,"13":4,"14":4,"15":4,"16":4,"17":4,"18":4,"19":4,"20":4,"21":4,"22":4,"23":4,"24":4,"25":4,"26":4,"27":4,"28":4,"29":4,"30":4,"31":4,"32":4,"33":4,"34":4,"35":4,"36":4,"37":4,"38":4,"39":4,"40":4,"41":4,"42":4,"43":4,"44":4,"45":4,"46":4,"47":4,"48":4,"49":4,"50":4,"51":4,"52":4,"53":4,"54":4,"55":4,"56":4,"57":4,"58":4,"59":4,"60":4,"61":4,"62":4,"63":4,"64":4,"65":4,"66":4,"67":4},"f":{"0":4},"b":{"0":[4,4]}}
,"/c/Users/PaoloCattani/Workspaces/Workspaces_private/calcetto/src/@common/models/common.models.ts": {"path":"/c/Users/PaoloCattani/Workspaces/Workspaces_private/calcetto/src/@common/models/common.models.ts","statementMap":{"0":{"start":{"line":1,"column":0},"end":{"line":1,"column":50}},"1":{"start":{"line":9,"column":0},"end":{"line":9,"column":null}},"2":{"start":{"line":10,"column":2},"end":{"line":10,"column":null}},"3":{"start":{"line":11,"column":2},"end":{"line":11,"column":null}},"4":{"start":{"line":12,"column":2},"end":{"line":12,"column":null}},"5":{"start":{"line":25,"column":13},"end":{"line":33,"column":2}}},"fnMap":{"0":{"name":"(anonymous_0)","decl":{"start":{"line":9,"column":0},"end":{"line":9,"column":12}},"loc":{"start":{"line":9,"column":27},"end":{"line":13,"column":1}}}},"branchMap":{"0":{"loc":{"start":{"line":9,"column":12},"end":{"line":9,"column":27}},"type":"binary-expr","locations":[{"start":{"line":9,"column":12},"end":{"line":9,"column":27}},{"start":{"line":9,"column":12},"end":{"line":9,"column":null}}]}},"s":{"0":4,"1":4,"2":4,"3":4,"4":4,"5":4},"f":{"0":4},"b":{"0":[4,4]}}
,"/c/Users/PaoloCattani/Workspaces/Workspaces_private/calcetto/src/@common/models/index.ts": {"path":"/c/Users/PaoloCattani/Workspaces/Workspaces_private/calcetto/src/@common/models/index.ts","statementMap":{"0":{"start":{"line":1,"column":0},"end":{"line":1,"column":29}},"1":{"start":{"line":2,"column":0},"end":{"line":2,"column":29}},"2":{"start":{"line":3,"column":0},"end":{"line":3,"column":31}},"3":{"start":{"line":4,"column":0},"end":{"line":4,"column":35}},"4":{"start":{"line":5,"column":0},"end":{"line":5,"column":29}},"5":{"start":{"line":6,"column":0},"end":{"line":6,"column":31}},"6":{"start":{"line":7,"column":0},"end":{"line":7,"column":31}}},"fnMap":{},"branchMap":{},"s":{"0":0,"1":0,"2":0,"3":0,"4":0,"5":0,"6":0},"f":{},"b":{}}
,"/c/Users/PaoloCattani/Workspaces/Workspaces_private/calcetto/src/@common/utils/date.utils.ts": {"path":"/c/Users/PaoloCattani/Workspaces/Workspaces_private/calcetto/src/@common/utils/date.utils.ts","statementMap":{"0":{"start":{"line":1,"column":13},"end":{"line":1,"column":57}},"1":{"start":{"line":1,"column":34},"end":{"line":1,"column":57}},"2":{"start":{"line":4,"column":10},"end":{"line":4,"column":24}},"3":{"start":{"line":5,"column":12},"end":{"line":5,"column":35}},"4":{"start":{"line":6,"column":10},"end":{"line":6,"column":26}},"5":{"start":{"line":7,"column":11},"end":{"line":7,"column":26}},"6":{"start":{"line":9,"column":2},"end":{"line":9,"column":44}},"7":{"start":{"line":9,"column":24},"end":{"line":9,"column":44}},"8":{"start":{"line":10,"column":2},"end":{"line":10,"column":38}},"9":{"start":{"line":10,"column":22},"end":{"line":10,"column":38}},"10":{"start":{"line":12,"column":2},"end":{"line":12,"column":38}},"11":{"start":{"line":3,"column":0},"end":{"line":3,"column":16}},"12":{"start":{"line":16,"column":13},"end":{"line":54,"column":2}},"13":{"start":{"line":19,"column":2},"end":{"line":19,"column":39}},"14":{"start":{"line":19,"column":17},"end":{"line":19,"column":39}},"15":{"start":{"line":22,"column":2},"end":{"line":29,"column":null}},"16":{"start":{"line":23,"column":4},"end":{"line":23,"column":76}},"17":{"start":{"line":26,"column":4},"end":{"line":26,"column":67}},"18":{"start":{"line":26,"column":37},"end":{"line":26,"column":67}},"19":{"start":{"line":28,"column":4},"end":{"line":28,"column":109}},"20":{"start":{"line":31,"column":2},"end":{"line":53,"column":4}},"21":{"start":{"line":32,"column":23},"end":{"line":32,"column":null}},"22":{"start":{"line":33,"column":22},"end":{"line":33,"column":null}},"23":{"start":{"line":34,"column":21},"end":{"line":34,"column":null}},"24":{"start":{"line":35,"column":26},"end":{"line":35,"column":null}},"25":{"start":{"line":36,"column":23},"end":{"line":36,"column":null}},"26":{"start":{"line":37,"column":34},"end":{"line":37,"column":null}},"27":{"start":{"line":38,"column":39},"end":{"line":38,"column":null}},"28":{"start":{"line":39,"column":37},"end":{"line":39,"column":null}},"29":{"start":{"line":41,"column":6},"end":{"line":41,"column":76}},"30":{"start":{"line":43,"column":20},"end":{"line":43,"column":null}},"31":{"start":{"line":48,"column":21},"end":{"line":48,"column":34}},"32":{"start":{"line":49,"column":6},"end":{"line":49,"column":30}},"33":{"start":{"line":50,"column":21},"end":{"line":50,"column":39}},"34":{"start":{"line":51,"column":6},"end":{"line":51,"column":67}}},"fnMap":{"0":{"name":"(anonymous_0)","decl":{"start":{"line":1,"column":28},"end":{"line":1,"column":34}},"loc":{"start":{"line":1,"column":28},"end":{"line":1,"column":44}}},"1":{"name":"formatDate","decl":{"start":{"line":3,"column":16},"end":{"line":3,"column":26}},"loc":{"start":{"line":3,"column":37},"end":{"line":13,"column":1}}},"2":{"name":"(anonymous_2)","decl":{"start":{"line":16,"column":25},"end":{"line":16,"column":26}},"loc":{"start":{"line":16,"column":50},"end":{"line":54,"column":1}}},"3":{"name":"(anonymous_3)","decl":{"start":{"line":32,"column":17},"end":{"line":32,"column":23}},"loc":{"start":{"line":32,"column":17},"end":{"line":32,"column":41}}},"4":{"name":"(anonymous_4)","decl":{"start":{"line":33,"column":16},"end":{"line":33,"column":22}},"loc":{"start":{"line":33,"column":16},"end":{"line":33,"column":40}}},"5":{"name":"(anonymous_5)","decl":{"start":{"line":34,"column":15},"end":{"line":34,"column":21}},"loc":{"start":{"line":34,"column":15},"end":{"line":34,"column":39}}},"6":{"name":"(anonymous_6)","decl":{"start":{"line":35,"column":20},"end":{"line":35,"column":26}},"loc":{"start":{"line":35,"column":20},"end":{"line":35,"column":44}}},"7":{"name":"(anonymous_7)","decl":{"start":{"line":36,"column":17},"end":{"line":36,"column":23}},"loc":{"start":{"line":36,"column":17},"end":{"line":36,"column":41}}},"8":{"name":"(anonymous_8)","decl":{"start":{"line":37,"column":16},"end":{"line":37,"column":17}},"loc":{"start":{"line":37,"column":29},"end":{"line":37,"column":52}}},"9":{"name":"(anonymous_9)","decl":{"start":{"line":38,"column":20},"end":{"line":38,"column":21}},"loc":{"start":{"line":38,"column":34},"end":{"line":38,"column":57}}},"10":{"name":"(anonymous_10)","decl":{"start":{"line":39,"column":17},"end":{"line":39,"column":18}},"loc":{"start":{"line":39,"column":32},"end":{"line":39,"column":55}}},"11":{"name":"(anonymous_11)","decl":{"start":{"line":40,"column":13},"end":{"line":40,"column":14}},"loc":{"start":{"line":40,"column":26},"end":{"line":42,"column":5}}},"12":{"name":"(anonymous_12)","decl":{"start":{"line":43,"column":14},"end":{"line":43,"column":20}},"loc":{"start":{"line":43,"column":14},"end":{"line":43,"column":38}}},"13":{"name":"(anonymous_13)","decl":{"start":{"line":44,"column":24},"end":{"line":44,"column":null}},"loc":{"start":{"line":46,"column":54},"end":{"line":52,"column":5}}}},"branchMap":{"0":{"loc":{"start":{"line":9,"column":2},"end":{"line":9,"column":44}},"type":"if","locations":[{"start":{"line":9,"column":2},"end":{"line":9,"column":44}},{"start":{"line":9,"column":2},"end":{"line":9,"column":44}}]},"1":{"loc":{"start":{"line":10,"column":2},"end":{"line":10,"column":38}},"type":"if","locations":[{"start":{"line":10,"column":2},"end":{"line":10,"column":38}},{"start":{"line":10,"column":2},"end":{"line":10,"column":38}}]},"2":{"loc":{"start":{"line":19,"column":2},"end":{"line":19,"column":39}},"type":"if","locations":[{"start":{"line":19,"column":2},"end":{"line":19,"column":39}},{"start":{"line":19,"column":2},"end":{"line":19,"column":39}}]},"3":{"loc":{"start":{"line":22,"column":2},"end":{"line":29,"column":null}},"type":"if","locations":[{"start":{"line":22,"column":2},"end":{"line":29,"column":null}},{"start":{"line":22,"column":2},"end":{"line":29,"column":null}}]},"4":{"loc":{"start":{"line":22,"column":6},"end":{"line":22,"column":34}},"type":"binary-expr","locations":[{"start":{"line":22,"column":6},"end":{"line":22,"column":34}},{"start":{"line":22,"column":38},"end":{"line":22,"column":80}}]},"5":{"loc":{"start":{"line":26,"column":4},"end":{"line":26,"column":67}},"type":"if","locations":[{"start":{"line":26,"column":4},"end":{"line":26,"column":67}},{"start":{"line":26,"column":4},"end":{"line":26,"column":67}}]},"6":{"loc":{"start":{"line":48,"column":21},"end":{"line":48,"column":28}},"type":"binary-expr","locations":[{"start":{"line":48,"column":21},"end":{"line":48,"column":28}},{"start":{"line":48,"column":32},"end":{"line":48,"column":34}}]},"7":{"loc":{"start":{"line":50,"column":21},"end":{"line":50,"column":28}},"type":"binary-expr","locations":[{"start":{"line":50,"column":21},"end":{"line":50,"column":28}},{"start":{"line":50,"column":32},"end":{"line":50,"column":39}}]}},"s":{"0":4,"1":0,"2":3,"3":3,"4":3,"5":3,"6":3,"7":3,"8":3,"9":3,"10":3,"11":4,"12":4,"13":0,"14":0,"15":0,"16":0,"17":0,"18":0,"19":0,"20":0,"21":0,"22":0,"23":0,"24":0,"25":0,"26":0,"27":0,"28":0,"29":0,"30":0,"31":0,"32":0,"33":0,"34":0},"f":{"0":0,"1":3,"2":0,"3":0,"4":0,"5":0,"6":0,"7":0,"8":0,"9":0,"10":0,"11":0,"12":0,"13":0},"b":{"0":[3,0],"1":[3,0],"2":[0,0],"3":[0,0],"4":[0,0],"5":[0,0],"6":[0,0],"7":[0,0]}}
,"/c/Users/PaoloCattani/Workspaces/Workspaces_private/calcetto/src/@common/utils/fetch.utils.ts": {"path":"/c/Users/PaoloCattani/Workspaces/Workspaces_private/calcetto/src/@common/utils/fetch.utils.ts","statementMap":{"0":{"start":{"line":4,"column":0},"end":{"line":4,"column":93}},"1":{"start":{"line":5,"column":0},"end":{"line":5,"column":39}},"2":{"start":{"line":8,"column":13},"end":{"line":8,"column":83}},"3":{"start":{"line":10,"column":13},"end":{"line":11,"column":53}},"4":{"start":{"line":10,"column":91},"end":{"line":11,"column":53}},"5":{"start":{"line":11,"column":2},"end":{"line":11,"column":53}},"6":{"start":{"line":12,"column":13},"end":{"line":16,"column":66}},"7":{"start":{"line":15,"column":18},"end":{"line":16,"column":66}},"8":{"start":{"line":16,"column":17},"end":{"line":16,"column":66}},"9":{"start":{"line":17,"column":13},"end":{"line":21,"column":63}},"10":{"start":{"line":20,"column":18},"end":{"line":21,"column":63}},"11":{"start":{"line":21,"column":17},"end":{"line":21,"column":63}},"12":{"start":{"line":22,"column":13},"end":{"line":26,"column":64}},"13":{"start":{"line":25,"column":18},"end":{"line":26,"column":64}},"14":{"start":{"line":26,"column":17},"end":{"line":26,"column":64}},"15":{"start":{"line":28,"column":13},"end":{"line":57,"column":2}},"16":{"start":{"line":32,"column":18},"end":{"line":57,"column":2}},"17":{"start":{"line":34,"column":6},"end":{"line":34,"column":22}},"18":{"start":{"line":36,"column":15},"end":{"line":40,"column":7}},"19":{"start":{"line":36,"column":4},"end":{"line":40,"column":7}},"20":{"start":{"line":41,"column":11},"end":{"line":41,"column":33}},"21":{"start":{"line":41,"column":4},"end":{"line":41,"column":33}},"22":{"start":{"line":43,"column":4},"end":{"line":43,"column":39}},"23":{"start":{"line":44,"column":4},"end":{"line":44,"column":34}},"24":{"start":{"line":45,"column":4},"end":{"line":45,"column":42}},"25":{"start":{"line":46,"column":4},"end":{"line":46,"column":23}},"26":{"start":{"line":48,"column":4},"end":{"line":50,"column":null}},"27":{"start":{"line":49,"column":6},"end":{"line":49,"column":56}},"28":{"start":{"line":55,"column":4},"end":{"line":55,"column":40}}},"fnMap":{"0":{"name":"(anonymous_15)","decl":{"start":{"line":10,"column":26},"end":{"line":10,"column":62}},"loc":{"start":{"line":10,"column":91},"end":{"line":11,"column":53}}},"1":{"name":"(anonymous_16)","decl":{"start":{"line":10,"column":91},"end":{"line":10,"column":null}},"loc":{"start":{"line":10,"column":91},"end":{"line":11,"column":53}}},"2":{"name":"(anonymous_18)","decl":{"start":{"line":12,"column":29},"end":{"line":12,"column":null}},"loc":{"start":{"line":15,"column":18},"end":{"line":16,"column":66}}},"3":{"name":"(anonymous_19)","decl":{"start":{"line":15,"column":18},"end":{"line":15,"column":null}},"loc":{"start":{"line":15,"column":18},"end":{"line":16,"column":66}}},"4":{"name":"(anonymous_21)","decl":{"start":{"line":17,"column":26},"end":{"line":17,"column":null}},"loc":{"start":{"line":20,"column":18},"end":{"line":21,"column":63}}},"5":{"name":"(anonymous_22)","decl":{"start":{"line":20,"column":18},"end":{"line":20,"column":null}},"loc":{"start":{"line":20,"column":18},"end":{"line":21,"column":63}}},"6":{"name":"(anonymous_24)","decl":{"start":{"line":22,"column":27},"end":{"line":22,"column":null}},"loc":{"start":{"line":25,"column":18},"end":{"line":26,"column":64}}},"7":{"name":"(anonymous_25)","decl":{"start":{"line":25,"column":18},"end":{"line":25,"column":null}},"loc":{"start":{"line":25,"column":18},"end":{"line":26,"column":64}}},"8":{"name":"(anonymous_27)","decl":{"start":{"line":28,"column":28},"end":{"line":28,"column":null}},"loc":{"start":{"line":32,"column":18},"end":{"line":57,"column":2}}},"9":{"name":"(anonymous_28)","decl":{"start":{"line":32,"column":18},"end":{"line":32,"column":null}},"loc":{"start":{"line":32,"column":18},"end":{"line":57,"column":2}}}},"branchMap":{"0":{"loc":{"start":{"line":11,"column":2},"end":{"line":11,"column":53}},"type":"switch","locations":[{"start":{"line":11,"column":2},"end":{"line":11,"column":53}},{"start":{"line":11,"column":2},"end":{"line":11,"column":53}}]},"1":{"loc":{"start":{"line":16,"column":17},"end":{"line":16,"column":66}},"type":"switch","locations":[{"start":{"line":16,"column":17},"end":{"line":16,"column":66}},{"start":{"line":16,"column":17},"end":{"line":16,"column":66}}]},"2":{"loc":{"start":{"line":21,"column":17},"end":{"line":21,"column":63}},"type":"switch","locations":[{"start":{"line":21,"column":17},"end":{"line":21,"column":63}},{"start":{"line":21,"column":17},"end":{"line":21,"column":63}}]},"3":{"loc":{"start":{"line":26,"column":17},"end":{"line":26,"column":64}},"type":"switch","locations":[{"start":{"line":26,"column":17},"end":{"line":26,"column":64}},{"start":{"line":26,"column":17},"end":{"line":26,"column":64}}]},"4":{"loc":{"start":{"line":41,"column":4},"end":{"line":41,"column":33}},"type":"switch","locations":[{"start":{"line":41,"column":4},"end":{"line":41,"column":33}}]},"5":{"loc":{"start":{"line":38,"column":75},"end":{"line":38,"column":95}},"type":"cond-expr","locations":[{"start":{"line":38,"column":75},"end":{"line":38,"column":95}},{"start":{"line":38,"column":98},"end":{"line":38,"column":107}}]},"6":{"loc":{"start":{"line":38,"column":12},"end":{"line":38,"column":28}},"type":"binary-expr","locations":[{"start":{"line":38,"column":12},"end":{"line":38,"column":28}},{"start":{"line":38,"column":32},"end":{"line":38,"column":49}},{"start":{"line":38,"column":53},"end":{"line":38,"column":72}}]},"7":{"loc":{"start":{"line":48,"column":4},"end":{"line":50,"column":null}},"type":"if","locations":[{"start":{"line":48,"column":4},"end":{"line":50,"column":null}},{"start":{"line":48,"column":4},"end":{"line":50,"column":null}}]}},"s":{"0":4,"1":4,"2":4,"3":4,"4":0,"5":0,"6":4,"7":0,"8":0,"9":4,"10":0,"11":0,"12":4,"13":0,"14":0,"15":4,"16":0,"17":0,"18":0,"19":0,"20":0,"21":0,"22":0,"23":0,"24":0,"25":0,"26":0,"27":0,"28":0},"f":{"0":0,"1":0,"2":0,"3":0,"4":0,"5":0,"6":0,"7":0,"8":0,"9":0},"b":{"0":[0,0],"1":[0,0],"2":[0,0],"3":[0,0],"4":[0],"5":[0,0],"6":[0,0,0],"7":[0,0]}}
,"/c/Users/PaoloCattani/Workspaces/Workspaces_private/calcetto/src/@common/utils/index.ts": {"path":"/c/Users/PaoloCattani/Workspaces/Workspaces_private/calcetto/src/@common/utils/index.ts","statementMap":{"0":{"start":{"line":1,"column":0},"end":{"line":1,"column":29}},"1":{"start":{"line":2,"column":0},"end":{"line":2,"column":30}},"2":{"start":{"line":3,"column":0},"end":{"line":3,"column":29}}},"fnMap":{},"branchMap":{},"s":{"0":4,"1":4,"2":4},"f":{},"b":{}}
,"/c/Users/PaoloCattani/Workspaces/Workspaces_private/calcetto/src/@common/utils/math.utils.ts": {"path":"/c/Users/PaoloCattani/Workspaces/Workspaces_private/calcetto/src/@common/utils/math.utils.ts","statementMap":{"0":{"start":{"line":2,"column":2},"end":{"line":2,"column":23}},"1":{"start":{"line":3,"column":2},"end":{"line":3,"column":24}},"2":{"start":{"line":4,"column":2},"end":{"line":4,"column":59}},"3":{"start":{"line":1,"column":0},"end":{"line":1,"column":16}},"4":{"start":{"line":8,"column":2},"end":{"line":8,"column":35}},"5":{"start":{"line":7,"column":0},"end":{"line":7,"column":16}},"6":{"start":{"line":11,"column":13},"end":{"line":11,"column":49}},"7":{"start":{"line":12,"column":13},"end":{"line":12,"column":90}},"8":{"start":{"line":13,"column":13},"end":{"line":16,"column":2}}},"fnMap":{"0":{"name":"getRandomIntInclusive","decl":{"start":{"line":1,"column":16},"end":{"line":1,"column":37}},"loc":{"start":{"line":1,"column":62},"end":{"line":5,"column":1}}},"1":{"name":"getBaseLog","decl":{"start":{"line":7,"column":16},"end":{"line":7,"column":26}},"loc":{"start":{"line":7,"column":47},"end":{"line":9,"column":1}}}},"branchMap":{},"s":{"0":0,"1":0,"2":0,"3":4,"4":0,"5":4,"6":4,"7":4,"8":4},"f":{"0":0,"1":0},"b":{}}
,"/c/Users/PaoloCattani/Workspaces/Workspaces_private/calcetto/src/components/App/App.tsx": {"path":"/c/Users/PaoloCattani/Workspaces/Workspaces_private/calcetto/src/components/App/App.tsx","statementMap":{"0":{"start":{"line":1,"column":0},"end":{"line":1,"column":51}},"1":{"start":{"line":3,"column":0},"end":{"line":3,"column":38}},"2":{"start":{"line":4,"column":0},"end":{"line":4,"column":55}},"3":{"start":{"line":6,"column":0},"end":{"line":6,"column":50}},"4":{"start":{"line":7,"column":0},"end":{"line":7,"column":44}},"5":{"start":{"line":8,"column":0},"end":{"line":8,"column":64}},"6":{"start":{"line":9,"column":0},"end":{"line":9,"column":50}},"7":{"start":{"line":11,"column":0},"end":{"line":11,"column":19}},"8":{"start":{"line":12,"column":0},"end":{"line":12,"column":44}},"9":{"start":{"line":13,"column":0},"end":{"line":13,"column":55}},"10":{"start":{"line":14,"column":0},"end":{"line":14,"column":43}},"11":{"start":{"line":15,"column":0},"end":{"line":15,"column":42}},"12":{"start":{"line":17,"column":0},"end":{"line":17,"column":48}},"13":{"start":{"line":18,"column":0},"end":{"line":18,"column":47}},"14":{"start":{"line":19,"column":0},"end":{"line":19,"column":21}},"15":{"start":{"line":20,"column":0},"end":{"line":20,"column":31}},"16":{"start":{"line":21,"column":0},"end":{"line":21,"column":47}},"17":{"start":{"line":23,"column":0},"end":{"line":23,"column":25}},"18":{"start":{"line":25,"column":0},"end":{"line":25,"column":12}},"19":{"start":{"line":26,"column":22},"end":{"line":64,"column":1}},"20":{"start":{"line":27,"column":19},"end":{"line":27,"column":32}},"21":{"start":{"line":28,"column":25},"end":{"line":28,"column":37}},"22":{"start":{"line":29,"column":20},"end":{"line":29,"column":55}},"23":{"start":{"line":32,"column":2},"end":{"line":34,"column":33}},"24":{"start":{"line":33,"column":4},"end":{"line":33,"column":82}},"25":{"start":{"line":36,"column":2},"end":{"line":63,"column":4}},"26":{"start":{"line":53,"column":39},"end":{"line":55,"column":18}},"27":{"start":{"line":66,"column":0},"end":{"line":66,"column":19}}},"fnMap":{"0":{"name":"(anonymous_9)","decl":{"start":{"line":26,"column":22},"end":{"line":26,"column":23}},"loc":{"start":{"line":26,"column":24},"end":{"line":64,"column":1}}},"1":{"name":"(anonymous_10)","decl":{"start":{"line":32,"column":12},"end":{"line":32,"column":null}},"loc":{"start":{"line":32,"column":12},"end":{"line":34,"column":3}}},"2":{"name":"(anonymous_11)","decl":{"start":{"line":53,"column":28},"end":{"line":53,"column":29}},"loc":{"start":{"line":53,"column":34},"end":{"line":53,"column":null}}}},"branchMap":{"0":{"loc":{"start":{"line":48,"column":12},"end":{"line":48,"column":28}},"type":"cond-expr","locations":[{"start":{"line":48,"column":12},"end":{"line":48,"column":28}},{"start":{"line":51,"column":12},"end":{"line":56,"column":null}}]}},"s":{"0":1,"1":1,"2":1,"3":1,"4":1,"5":1,"6":1,"7":1,"8":1,"9":1,"10":1,"11":1,"12":1,"13":1,"14":1,"15":1,"16":1,"17":1,"18":1,"19":1,"20":0,"21":0,"22":0,"23":0,"24":0,"25":0,"26":0,"27":1},"f":{"0":0,"1":0,"2":0},"b":{"0":[0,0]}}
,"/c/Users/PaoloCattani/Workspaces/Workspaces_private/calcetto/src/components/App/Entry.tsx": {"path":"/c/Users/PaoloCattani/Workspaces/Workspaces_private/calcetto/src/components/App/Entry.tsx","statementMap":{"0":{"start":{"line":1,"column":0},"end":{"line":1,"column":42}},"1":{"start":{"line":2,"column":0},"end":{"line":2,"column":62}},"2":{"start":{"line":3,"column":0},"end":{"line":3,"column":53}},"3":{"start":{"line":4,"column":0},"end":{"line":4,"column":39}},"4":{"start":{"line":5,"column":0},"end":{"line":5,"column":49}},"5":{"start":{"line":6,"column":0},"end":{"line":6,"column":24}},"6":{"start":{"line":7,"column":0},"end":{"line":7,"column":63}},"7":{"start":{"line":9,"column":30},"end":{"line":9,"column":null}},"8":{"start":{"line":9,"column":36},"end":{"line":17,"column":2}},"9":{"start":{"line":18,"column":24},"end":{"line":19,"column":9}},"10":{"start":{"line":19,"column":2},"end":{"line":25,"column":4}},"11":{"start":{"line":27,"column":0},"end":{"line":27,"column":21}}},"fnMap":{"0":{"name":"(anonymous_7)","decl":{"start":{"line":9,"column":30},"end":{"line":9,"column":36}},"loc":{"start":{"line":9,"column":30},"end":{"line":9,"column":null}}},"1":{"name":"(anonymous_8)","decl":{"start":{"line":18,"column":24},"end":{"line":18,"column":null}},"loc":{"start":{"line":18,"column":24},"end":{"line":19,"column":9}}}},"branchMap":{"0":{"loc":{"start":{"line":20,"column":4},"end":{"line":21,"column":null}},"type":"cond-expr","locations":[{"start":{"line":20,"column":4},"end":{"line":21,"column":null}},{"start":{"line":24,"column":4},"end":{"line":24,"column":19}}]}},"s":{"0":1,"1":1,"2":1,"3":1,"4":1,"5":1,"6":1,"7":1,"8":1,"9":1,"10":1,"11":1},"f":{"0":1,"1":1},"b":{"0":[0,1]}}
,"/c/Users/PaoloCattani/Workspaces/Workspaces_private/calcetto/src/components/App/badge.tsx": {"path":"/c/Users/PaoloCattani/Workspaces/Workspaces_private/calcetto/src/components/App/badge.tsx","statementMap":{"0":{"start":{"line":1,"column":0},"end":{"line":1,"column":45}},"1":{"start":{"line":2,"column":0},"end":{"line":2,"column":40}},"2":{"start":{"line":5,"column":42},"end":{"line":27,"column":1}},"3":{"start":{"line":6,"column":21},"end":{"line":6,"column":57}},"4":{"start":{"line":7,"column":21},"end":{"line":7,"column":61}},"5":{"start":{"line":9,"column":31},"end":{"line":13,"column":4}},"6":{"start":{"line":14,"column":2},"end":{"line":26,"column":4}},"7":{"start":{"line":29,"column":0},"end":{"line":29,"column":24}}},"fnMap":{"0":{"name":"(anonymous_1)","decl":{"start":{"line":5,"column":42},"end":{"line":5,"column":null}},"loc":{"start":{"line":5,"column":42},"end":{"line":27,"column":1}}}},"branchMap":{},"s":{"0":1,"1":1,"2":1,"3":0,"4":0,"5":0,"6":0,"7":1},"f":{"0":0},"b":{}}
,"/c/Users/PaoloCattani/Workspaces/Workspaces_private/calcetto/src/components/Auth/Delete.tsx": {"path":"/c/Users/PaoloCattani/Workspaces/Workspaces_private/calcetto/src/components/Auth/Delete.tsx","statementMap":{"0":{"start":{"line":1,"column":0},"end":{"line":1,"column":26}},"1":{"start":{"line":2,"column":0},"end":{"line":2,"column":46}},"2":{"start":{"line":3,"column":0},"end":{"line":3,"column":75}},"3":{"start":{"line":4,"column":0},"end":{"line":4,"column":51}},"4":{"start":{"line":5,"column":0},"end":{"line":5,"column":42}},"5":{"start":{"line":6,"column":0},"end":{"line":6,"column":47}},"6":{"start":{"line":7,"column":0},"end":{"line":7,"column":55}},"7":{"start":{"line":8,"column":0},"end":{"line":8,"column":43}},"8":{"start":{"line":9,"column":0},"end":{"line":9,"column":39}},"9":{"start":{"line":10,"column":0},"end":{"line":10,"column":47}},"10":{"start":{"line":17,"column":38},"end":{"line":106,"column":1}},"11":{"start":{"line":17,"column":45},"end":{"line":17,"column":47}},"12":{"start":{"line":17,"column":53},"end":{"line":17,"column":55}},"13":{"start":{"line":18,"column":19},"end":{"line":18,"column":32}},"14":{"start":{"line":19,"column":25},"end":{"line":19,"column":37}},"15":{"start":{"line":20,"column":16},"end":{"line":20,"column":51}},"16":{"start":{"line":23,"column":15},"end":{"line":23,"column":49}},"17":{"start":{"line":25,"column":50},"end":{"line":25,"column":70}},"18":{"start":{"line":25,"column":25},"end":{"line":25,"column":33}},"19":{"start":{"line":25,"column":45},"end":{"line":25,"column":50}},"20":{"start":{"line":27,"column":23},"end":{"line":38,"column":4}},"21":{"start":{"line":30,"column":39},"end":{"line":38,"column":4}},"22":{"start":{"line":32,"column":4},"end":{"line":32,"column":25}},"23":{"start":{"line":33,"column":4},"end":{"line":37,"column":null}},"24":{"start":{"line":34,"column":6},"end":{"line":34,"column":81}},"25":{"start":{"line":36,"column":6},"end":{"line":36,"column":44}},"26":{"start":{"line":40,"column":2},"end":{"line":105,"column":4}},"27":{"start":{"line":58,"column":71},"end":{"line":58,"column":null}},"28":{"start":{"line":108,"column":0},"end":{"line":108,"column":22}}},"fnMap":{"0":{"name":"(anonymous_16)","decl":{"start":{"line":17,"column":38},"end":{"line":17,"column":39}},"loc":{"start":{"line":17,"column":55},"end":{"line":106,"column":1}}},"1":{"name":"(anonymous_17)","decl":{"start":{"line":27,"column":23},"end":{"line":27,"column":null}},"loc":{"start":{"line":30,"column":39},"end":{"line":38,"column":4}}},"2":{"name":"(anonymous_18)","decl":{"start":{"line":30,"column":39},"end":{"line":30,"column":null}},"loc":{"start":{"line":30,"column":39},"end":{"line":38,"column":4}}},"3":{"name":"(anonymous_20)","decl":{"start":{"line":58,"column":26},"end":{"line":58,"column":27}},"loc":{"start":{"line":58,"column":66},"end":{"line":58,"column":83}}}},"branchMap":{"0":{"loc":{"start":{"line":33,"column":4},"end":{"line":37,"column":null}},"type":"if","locations":[{"start":{"line":33,"column":4},"end":{"line":37,"column":null}},{"start":{"line":33,"column":4},"end":{"line":37,"column":null}}]},"1":{"loc":{"start":{"line":33,"column":8},"end":{"line":33,"column":13}},"type":"binary-expr","locations":[{"start":{"line":33,"column":8},"end":{"line":33,"column":13}},{"start":{"line":33,"column":17},"end":{"line":33,"column":25}},{"start":{"line":33,"column":29},"end":{"line":33,"column":37}}]}},"s":{"0":0,"1":0,"2":0,"3":0,"4":0,"5":0,"6":0,"7":0,"8":0,"9":0,"10":0,"11":0,"12":0,"13":0,"14":0,"15":0,"16":0,"17":0,"18":0,"19":0,"20":0,"21":0,"22":0,"23":0,"24":0,"25":0,"26":0,"27":0,"28":0},"f":{"0":0,"1":0,"2":0,"3":0},"b":{"0":[0,0],"1":[0,0,0]}}
,"/c/Users/PaoloCattani/Workspaces/Workspaces_private/calcetto/src/components/Auth/Edit.tsx": {"path":"/c/Users/PaoloCattani/Workspaces/Workspaces_private/calcetto/src/components/Auth/Edit.tsx","statementMap":{"0":{"start":{"line":1,"column":0},"end":{"line":1,"column":72}},"1":{"start":{"line":2,"column":0},"end":{"line":2,"column":74}},"2":{"start":{"line":3,"column":0},"end":{"line":3,"column":51}},"3":{"start":{"line":4,"column":0},"end":{"line":4,"column":42}},"4":{"start":{"line":5,"column":0},"end":{"line":5,"column":63}},"5":{"start":{"line":6,"column":0},"end":{"line":6,"column":61}},"6":{"start":{"line":7,"column":0},"end":{"line":7,"column":46}},"7":{"start":{"line":8,"column":0},"end":{"line":8,"column":55}},"8":{"start":{"line":9,"column":0},"end":{"line":9,"column":43}},"9":{"start":{"line":10,"column":0},"end":{"line":10,"column":47}},"10":{"start":{"line":11,"column":15},"end":{"line":11,"column":45}},"11":{"start":{"line":11,"column":26},"end":{"line":11,"column":44}},"12":{"start":{"line":13,"column":31},"end":{"line":154,"column":1}},"13":{"start":{"line":14,"column":19},"end":{"line":14,"column":32}},"14":{"start":{"line":15,"column":25},"end":{"line":15,"column":37}},"15":{"start":{"line":16,"column":16},"end":{"line":16,"column":61}},"16":{"start":{"line":18,"column":15},"end":{"line":18,"column":49}},"17":{"start":{"line":19,"column":8},"end":{"line":19,"column":64}},"18":{"start":{"line":19,"column":24},"end":{"line":19,"column":26}},"19":{"start":{"line":19,"column":44},"end":{"line":19,"column":48}},"20":{"start":{"line":21,"column":42},"end":{"line":21,"column":69}},"21":{"start":{"line":21,"column":21},"end":{"line":21,"column":29}},"22":{"start":{"line":21,"column":37},"end":{"line":21,"column":42}},"23":{"start":{"line":22,"column":48},"end":{"line":22,"column":78}},"24":{"start":{"line":22,"column":24},"end":{"line":22,"column":32}},"25":{"start":{"line":22,"column":43},"end":{"line":22,"column":48}},"26":{"start":{"line":23,"column":44},"end":{"line":23,"column":72}},"27":{"start":{"line":23,"column":22},"end":{"line":23,"column":30}},"28":{"start":{"line":23,"column":39},"end":{"line":23,"column":44}},"29":{"start":{"line":24,"column":53},"end":{"line":24,"column":82}},"30":{"start":{"line":24,"column":25},"end":{"line":24,"column":37}},"31":{"start":{"line":24,"column":48},"end":{"line":24,"column":53}},"32":{"start":{"line":26,"column":19},"end":{"line":40,"column":4}},"33":{"start":{"line":26,"column":59},"end":{"line":40,"column":4}},"34":{"start":{"line":27,"column":4},"end":{"line":27,"column":27}},"35":{"start":{"line":28,"column":4},"end":{"line":39,"column":6}},"36":{"start":{"line":42,"column":36},"end":{"line":48,"column":4}},"37":{"start":{"line":50,"column":2},"end":{"line":153,"column":4}},"38":{"start":{"line":58,"column":89},"end":{"line":58,"column":null}},"39":{"start":{"line":127,"column":32},"end":{"line":134,"column":null}},"40":{"start":{"line":132,"column":50},"end":{"line":132,"column":null}},"41":{"start":{"line":145,"column":83},"end":{"line":145,"column":null}},"42":{"start":{"line":150,"column":53},"end":{"line":150,"column":82}},"43":{"start":{"line":156,"column":0},"end":{"line":156,"column":24}}},"fnMap":{"0":{"name":"(anonymous_23)","decl":{"start":{"line":11,"column":20},"end":{"line":11,"column":26}},"loc":{"start":{"line":11,"column":20},"end":{"line":11,"column":33}}},"1":{"name":"(anonymous_24)","decl":{"start":{"line":11,"column":26},"end":{"line":11,"column":33}},"loc":{"start":{"line":11,"column":26},"end":{"line":11,"column":44}}},"2":{"name":"(anonymous_25)","decl":{"start":{"line":13,"column":31},"end":{"line":13,"column":null}},"loc":{"start":{"line":13,"column":31},"end":{"line":154,"column":1}}},"3":{"name":"(anonymous_26)","decl":{"start":{"line":26,"column":19},"end":{"line":26,"column":26}},"loc":{"start":{"line":26,"column":59},"end":{"line":40,"column":4}}},"4":{"name":"(anonymous_27)","decl":{"start":{"line":26,"column":59},"end":{"line":26,"column":null}},"loc":{"start":{"line":26,"column":59},"end":{"line":40,"column":4}}},"5":{"name":"(anonymous_29)","decl":{"start":{"line":58,"column":83},"end":{"line":58,"column":89}},"loc":{"start":{"line":58,"column":83},"end":{"line":58,"column":103}}},"6":{"name":"(anonymous_30)","decl":{"start":{"line":127,"column":26},"end":{"line":127,"column":32}},"loc":{"start":{"line":127,"column":26},"end":{"line":127,"column":null}}},"7":{"name":"(anonymous_31)","decl":{"start":{"line":132,"column":36},"end":{"line":132,"column":37}},"loc":{"start":{"line":132,"column":45},"end":{"line":132,"column":61}}},"8":{"name":"(anonymous_32)","decl":{"start":{"line":145,"column":77},"end":{"line":145,"column":83}},"loc":{"start":{"line":145,"column":77},"end":{"line":145,"column":101}}},"9":{"name":"(anonymous_33)","decl":{"start":{"line":150,"column":47},"end":{"line":150,"column":53}},"loc":{"start":{"line":150,"column":47},"end":{"line":150,"column":71}}}},"branchMap":{"0":{"loc":{"start":{"line":132,"column":73},"end":{"line":132,"column":81}},"type":"cond-expr","locations":[{"start":{"line":132,"column":73},"end":{"line":132,"column":81}},{"start":{"line":132,"column":84},"end":{"line":132,"column":94}}]}},"s":{"0":0,"1":0,"2":0,"3":0,"4":0,"5":0,"6":0,"7":0,"8":0,"9":0,"10":0,"11":0,"12":0,"13":0,"14":0,"15":0,"16":0,"17":0,"18":0,"19":0,"20":0,"21":0,"22":0,"23":0,"24":0,"25":0,"26":0,"27":0,"28":0,"29":0,"30":0,"31":0,"32":0,"33":0,"34":0,"35":0,"36":0,"37":0,"38":0,"39":0,"40":0,"41":0,"42":0,"43":0},"f":{"0":0,"1":0,"2":0,"3":0,"4":0,"5":0,"6":0,"7":0,"8":0,"9":0},"b":{"0":[0,0]}}
,"/c/Users/PaoloCattani/Workspaces/Workspaces_private/calcetto/src/components/Auth/Login.tsx": {"path":"/c/Users/PaoloCattani/Workspaces/Workspaces_private/calcetto/src/components/Auth/Login.tsx","statementMap":{"0":{"start":{"line":1,"column":0},"end":{"line":1,"column":51}},"1":{"start":{"line":2,"column":0},"end":{"line":2,"column":57}},"2":{"start":{"line":3,"column":0},"end":{"line":3,"column":40}},"3":{"start":{"line":4,"column":0},"end":{"line":4,"column":46}},"4":{"start":{"line":5,"column":0},"end":{"line":5,"column":43}},"5":{"start":{"line":6,"column":0},"end":{"line":6,"column":42}},"6":{"start":{"line":7,"column":0},"end":{"line":7,"column":39}},"7":{"start":{"line":8,"column":0},"end":{"line":8,"column":51}},"8":{"start":{"line":9,"column":0},"end":{"line":9,"column":47}},"9":{"start":{"line":13,"column":36},"end":{"line":78,"column":1}},"10":{"start":{"line":14,"column":19},"end":{"line":14,"column":32}},"11":{"start":{"line":15,"column":16},"end":{"line":15,"column":51}},"12":{"start":{"line":16,"column":25},"end":{"line":16,"column":37}},"13":{"start":{"line":18,"column":8},"end":{"line":18,"column":61}},"14":{"start":{"line":18,"column":18},"end":{"line":18,"column":20}},"15":{"start":{"line":18,"column":32},"end":{"line":18,"column":36}},"16":{"start":{"line":19,"column":50},"end":{"line":19,"column":70}},"17":{"start":{"line":19,"column":25},"end":{"line":19,"column":33}},"18":{"start":{"line":19,"column":45},"end":{"line":19,"column":50}},"19":{"start":{"line":20,"column":50},"end":{"line":20,"column":70}},"20":{"start":{"line":20,"column":25},"end":{"line":20,"column":33}},"21":{"start":{"line":20,"column":45},"end":{"line":20,"column":50}},"22":{"start":{"line":22,"column":23},"end":{"line":40,"column":4}},"23":{"start":{"line":22,"column":55},"end":{"line":40,"column":4}},"24":{"start":{"line":23,"column":4},"end":{"line":23,"column":25}},"25":{"start":{"line":24,"column":4},"end":{"line":27,"column":null}},"26":{"start":{"line":25,"column":6},"end":{"line":25,"column":44}},"27":{"start":{"line":26,"column":6},"end":{"line":26,"column":13}},"28":{"start":{"line":28,"column":4},"end":{"line":31,"column":null}},"29":{"start":{"line":29,"column":6},"end":{"line":29,"column":53}},"30":{"start":{"line":30,"column":6},"end":{"line":30,"column":13}},"31":{"start":{"line":32,"column":4},"end":{"line":32,"column":23}},"32":{"start":{"line":33,"column":4},"end":{"line":39,"column":6}},"33":{"start":{"line":43,"column":2},"end":{"line":77,"column":4}},"34":{"start":{"line":80,"column":0},"end":{"line":80,"column":21}}},"fnMap":{"0":{"name":"(anonymous_22)","decl":{"start":{"line":13,"column":36},"end":{"line":13,"column":null}},"loc":{"start":{"line":13,"column":36},"end":{"line":78,"column":1}}},"1":{"name":"(anonymous_23)","decl":{"start":{"line":22,"column":23},"end":{"line":22,"column":30}},"loc":{"start":{"line":22,"column":55},"end":{"line":40,"column":4}}},"2":{"name":"(anonymous_24)","decl":{"start":{"line":22,"column":55},"end":{"line":22,"column":null}},"loc":{"start":{"line":22,"column":55},"end":{"line":40,"column":4}}}},"branchMap":{"0":{"loc":{"start":{"line":24,"column":4},"end":{"line":27,"column":null}},"type":"if","locations":[{"start":{"line":24,"column":4},"end":{"line":27,"column":null}},{"start":{"line":24,"column":4},"end":{"line":27,"column":null}}]},"1":{"loc":{"start":{"line":24,"column":8},"end":{"line":24,"column":17}},"type":"binary-expr","locations":[{"start":{"line":24,"column":8},"end":{"line":24,"column":17}},{"start":{"line":24,"column":21},"end":{"line":24,"column":36}}]},"2":{"loc":{"start":{"line":28,"column":4},"end":{"line":31,"column":null}},"type":"if","locations":[{"start":{"line":28,"column":4},"end":{"line":31,"column":null}},{"start":{"line":28,"column":4},"end":{"line":31,"column":null}}]},"3":{"loc":{"start":{"line":28,"column":8},"end":{"line":28,"column":17}},"type":"binary-expr","locations":[{"start":{"line":28,"column":8},"end":{"line":28,"column":17}},{"start":{"line":28,"column":21},"end":{"line":28,"column":36}}]},"4":{"loc":{"start":{"line":70,"column":22},"end":{"line":70,"column":31}},"type":"binary-expr","locations":[{"start":{"line":70,"column":22},"end":{"line":70,"column":31}},{"start":{"line":70,"column":35},"end":{"line":70,"column":44}}]}},"s":{"0":1,"1":1,"2":1,"3":1,"4":1,"5":1,"6":1,"7":1,"8":1,"9":1,"10":25,"11":25,"12":24,"13":24,"14":24,"15":24,"16":24,"17":24,"18":24,"19":24,"20":24,"21":24,"22":24,"23":0,"24":0,"25":0,"26":0,"27":0,"28":0,"29":0,"30":0,"31":0,"32":0,"33":24,"34":1},"f":{"0":25,"1":0,"2":0},"b":{"0":[0,0],"1":[0,0],"2":[0,0],"3":[0,0],"4":[24,17]}}
,"/c/Users/PaoloCattani/Workspaces/Workspaces_private/calcetto/src/components/Auth/Register.tsx": {"path":"/c/Users/PaoloCattani/Workspaces/Workspaces_private/calcetto/src/components/Auth/Register.tsx","statementMap":{"0":{"start":{"line":1,"column":0},"end":{"line":1,"column":51}},"1":{"start":{"line":2,"column":0},"end":{"line":2,"column":52}},"2":{"start":{"line":3,"column":0},"end":{"line":3,"column":26}},"3":{"start":{"line":4,"column":0},"end":{"line":4,"column":42}},"4":{"start":{"line":5,"column":0},"end":{"line":5,"column":63}},"5":{"start":{"line":6,"column":0},"end":{"line":6,"column":21}},"6":{"start":{"line":7,"column":0},"end":{"line":7,"column":77}},"7":{"start":{"line":8,"column":0},"end":{"line":8,"column":43}},"8":{"start":{"line":9,"column":0},"end":{"line":9,"column":42}},"9":{"start":{"line":10,"column":0},"end":{"line":10,"column":58}},"10":{"start":{"line":11,"column":0},"end":{"line":11,"column":39}},"11":{"start":{"line":12,"column":0},"end":{"line":12,"column":59}},"12":{"start":{"line":13,"column":0},"end":{"line":13,"column":47}},"13":{"start":{"line":15,"column":0},"end":{"line":15,"column":41}},"14":{"start":{"line":20,"column":42},"end":{"line":263,"column":1}},"15":{"start":{"line":21,"column":19},"end":{"line":21,"column":32}},"16":{"start":{"line":22,"column":25},"end":{"line":22,"column":37}},"17":{"start":{"line":23,"column":16},"end":{"line":23,"column":61}},"18":{"start":{"line":25,"column":53},"end":{"line":30,"column":4}},"19":{"start":{"line":32,"column":72},"end":{"line":32,"column":92}},"20":{"start":{"line":32,"column":25},"end":{"line":32,"column":33}},"21":{"start":{"line":32,"column":45},"end":{"line":32,"column":54}},"22":{"start":{"line":32,"column":67},"end":{"line":32,"column":72}},"23":{"start":{"line":33,"column":60},"end":{"line":33,"column":80}},"24":{"start":{"line":33,"column":21},"end":{"line":33,"column":29}},"25":{"start":{"line":33,"column":37},"end":{"line":33,"column":46}},"26":{"start":{"line":33,"column":55},"end":{"line":33,"column":60}},"27":{"start":{"line":34,"column":69},"end":{"line":34,"column":89}},"28":{"start":{"line":34,"column":24},"end":{"line":34,"column":32}},"29":{"start":{"line":34,"column":43},"end":{"line":34,"column":52}},"30":{"start":{"line":34,"column":64},"end":{"line":34,"column":69}},"31":{"start":{"line":35,"column":63},"end":{"line":35,"column":83}},"32":{"start":{"line":35,"column":22},"end":{"line":35,"column":30}},"33":{"start":{"line":35,"column":39},"end":{"line":35,"column":48}},"34":{"start":{"line":35,"column":58},"end":{"line":35,"column":63}},"35":{"start":{"line":36,"column":66},"end":{"line":36,"column":86}},"36":{"start":{"line":36,"column":23},"end":{"line":36,"column":31}},"37":{"start":{"line":36,"column":41},"end":{"line":36,"column":50}},"38":{"start":{"line":36,"column":61},"end":{"line":36,"column":66}},"39":{"start":{"line":37,"column":72},"end":{"line":37,"column":92}},"40":{"start":{"line":37,"column":25},"end":{"line":37,"column":33}},"41":{"start":{"line":37,"column":45},"end":{"line":37,"column":54}},"42":{"start":{"line":37,"column":67},"end":{"line":37,"column":72}},"43":{"start":{"line":38,"column":75},"end":{"line":38,"column":95}},"44":{"start":{"line":38,"column":26},"end":{"line":38,"column":34}},"45":{"start":{"line":38,"column":47},"end":{"line":38,"column":56}},"46":{"start":{"line":38,"column":70},"end":{"line":38,"column":75}},"47":{"start":{"line":39,"column":63},"end":{"line":39,"column":83}},"48":{"start":{"line":39,"column":22},"end":{"line":39,"column":30}},"49":{"start":{"line":39,"column":39},"end":{"line":39,"column":48}},"50":{"start":{"line":39,"column":58},"end":{"line":39,"column":63}},"51":{"start":{"line":40,"column":75},"end":{"line":40,"column":108}},"52":{"start":{"line":40,"column":25},"end":{"line":40,"column":37}},"53":{"start":{"line":40,"column":48},"end":{"line":40,"column":57}},"54":{"start":{"line":40,"column":70},"end":{"line":40,"column":75}},"55":{"start":{"line":41,"column":81},"end":{"line":42,"column":null}},"56":{"start":{"line":41,"column":27},"end":{"line":41,"column":39}},"57":{"start":{"line":41,"column":52},"end":{"line":41,"column":61}},"58":{"start":{"line":41,"column":76},"end":{"line":41,"column":81}},"59":{"start":{"line":45,"column":16},"end":{"line":56,"column":3}},"60":{"start":{"line":46,"column":4},"end":{"line":46,"column":20}},"61":{"start":{"line":47,"column":4},"end":{"line":47,"column":16}},"62":{"start":{"line":48,"column":4},"end":{"line":48,"column":19}},"63":{"start":{"line":49,"column":4},"end":{"line":49,"column":17}},"64":{"start":{"line":50,"column":4},"end":{"line":50,"column":18}},"65":{"start":{"line":51,"column":4},"end":{"line":51,"column":20}},"66":{"start":{"line":52,"column":4},"end":{"line":52,"column":21}},"67":{"start":{"line":53,"column":4},"end":{"line":53,"column":17}},"68":{"start":{"line":54,"column":4},"end":{"line":54,"column":20}},"69":{"start":{"line":55,"column":4},"end":{"line":55,"column":22}},"70":{"start":{"line":58,"column":18},"end":{"line":105,"column":3}},"71":{"start":{"line":59,"column":34},"end":{"line":59,"column":36}},"72":{"start":{"line":60,"column":4},"end":{"line":62,"column":null}},"73":{"start":{"line":61,"column":6},"end":{"line":61,"column":44}},"74":{"start":{"line":63,"column":4},"end":{"line":65,"column":null}},"75":{"start":{"line":64,"column":6},"end":{"line":64,"column":40}},"76":{"start":{"line":66,"column":4},"end":{"line":68,"column":null}},"77":{"start":{"line":67,"column":6},"end":{"line":67,"column":43}},"78":{"start":{"line":69,"column":4},"end":{"line":71,"column":null}},"79":{"start":{"line":70,"column":6},"end":{"line":70,"column":47}},"80":{"start":{"line":72,"column":4},"end":{"line":74,"column":null}},"81":{"start":{"line":73,"column":6},"end":{"line":73,"column":52}},"82":{"start":{"line":75,"column":4},"end":{"line":77,"column":null}},"83":{"start":{"line":76,"column":6},"end":{"line":76,"column":49}},"84":{"start":{"line":78,"column":4},"end":{"line":80,"column":null}},"85":{"start":{"line":79,"column":6},"end":{"line":79,"column":52}},"86":{"start":{"line":81,"column":4},"end":{"line":83,"column":null}},"87":{"start":{"line":82,"column":6},"end":{"line":82,"column":47}},"88":{"start":{"line":84,"column":4},"end":{"line":86,"column":null}},"89":{"start":{"line":85,"column":6},"end":{"line":85,"column":53}},"90":{"start":{"line":87,"column":4},"end":{"line":89,"column":null}},"91":{"start":{"line":88,"column":6},"end":{"line":88,"column":55}},"92":{"start":{"line":90,"column":4},"end":{"line":92,"column":null}},"93":{"start":{"line":91,"column":6},"end":{"line":91,"column":52}},"94":{"start":{"line":93,"column":4},"end":{"line":95,"column":null}},"95":{"start":{"line":94,"column":6},"end":{"line":94,"column":55}},"96":{"start":{"line":96,"column":4},"end":{"line":98,"column":null}},"97":{"start":{"line":97,"column":6},"end":{"line":97,"column":50}},"98":{"start":{"line":100,"column":4},"end":{"line":103,"column":null}},"99":{"start":{"line":101,"column":6},"end":{"line":101,"column":44}},"100":{"start":{"line":101,"column":28},"end":{"line":101,"column":43}},"101":{"start":{"line":102,"column":6},"end":{"line":102,"column":19}},"102":{"start":{"line":104,"column":4},"end":{"line":104,"column":16}},"103":{"start":{"line":107,"column":23},"end":{"line":126,"column":4}},"104":{"start":{"line":107,"column":55},"end":{"line":126,"column":4}},"105":{"start":{"line":108,"column":4},"end":{"line":108,"column":25}},"106":{"start":{"line":109,"column":4},"end":{"line":109,"column":27}},"107":{"start":{"line":109,"column":20},"end":{"line":109,"column":27}},"108":{"start":{"line":111,"column":4},"end":{"line":125,"column":6}},"109":{"start":{"line":128,"column":29},"end":{"line":132,"column":3}},"110":{"start":{"line":129,"column":4},"end":{"line":131,"column":null}},"111":{"start":{"line":130,"column":6},"end":{"line":130,"column":47}},"112":{"start":{"line":134,"column":2},"end":{"line":262,"column":4}},"113":{"start":{"line":232,"column":33},"end":{"line":232,"column":null}},"114":{"start":{"line":245,"column":38},"end":{"line":245,"column":null}},"115":{"start":{"line":265,"column":0},"end":{"line":265,"column":36}},"116":{"start":{"line":267,"column":35},"end":{"line":275,"column":2}},"117":{"start":{"line":268,"column":23},"end":{"line":268,"column":null}},"118":{"start":{"line":269,"column":21},"end":{"line":269,"column":null}},"119":{"start":{"line":270,"column":25},"end":{"line":270,"column":27}},"120":{"start":{"line":270,"column":37},"end":{"line":270,"column":39}},"121":{"start":{"line":270,"column":48},"end":{"line":270,"column":50}},"122":{"start":{"line":270,"column":60},"end":{"line":270,"column":62}},"123":{"start":{"line":270,"column":67},"end":{"line":270,"column":null}},"124":{"start":{"line":271,"column":27},"end":{"line":271,"column":null}},"125":{"start":{"line":272,"column":30},"end":{"line":272,"column":37}},"126":{"start":{"line":272,"column":42},"end":{"line":272,"column":null}},"127":{"start":{"line":273,"column":30},"end":{"line":273,"column":null}},"128":{"start":{"line":274,"column":34},"end":{"line":274,"column":null}}},"fnMap":{"0":{"name":"(anonymous_16)","decl":{"start":{"line":20,"column":42},"end":{"line":20,"column":null}},"loc":{"start":{"line":20,"column":42},"end":{"line":263,"column":1}}},"1":{"name":"(anonymous_17)","decl":{"start":{"line":45,"column":16},"end":{"line":45,"column":null}},"loc":{"start":{"line":45,"column":16},"end":{"line":56,"column":3}}},"2":{"name":"(anonymous_18)","decl":{"start":{"line":58,"column":18},"end":{"line":58,"column":null}},"loc":{"start":{"line":58,"column":18},"end":{"line":105,"column":3}}},"3":{"name":"(anonymous_19)","decl":{"start":{"line":101,"column":21},"end":{"line":101,"column":22}},"loc":{"start":{"line":101,"column":23},"end":{"line":101,"column":33}}},"4":{"name":"(anonymous_20)","decl":{"start":{"line":107,"column":23},"end":{"line":107,"column":30}},"loc":{"start":{"line":107,"column":55},"end":{"line":126,"column":4}}},"5":{"name":"(anonymous_21)","decl":{"start":{"line":107,"column":55},"end":{"line":107,"column":null}},"loc":{"start":{"line":107,"column":55},"end":{"line":126,"column":4}}},"6":{"name":"(anonymous_23)","decl":{"start":{"line":128,"column":29},"end":{"line":128,"column":30}},"loc":{"start":{"line":128,"column":64},"end":{"line":132,"column":3}}},"7":{"name":"(anonymous_24)","decl":{"start":{"line":232,"column":24},"end":{"line":232,"column":25}},"loc":{"start":{"line":232,"column":28},"end":{"line":232,"column":44}}},"8":{"name":"(anonymous_25)","decl":{"start":{"line":245,"column":24},"end":{"line":245,"column":25}},"loc":{"start":{"line":245,"column":33},"end":{"line":245,"column":56}}},"9":{"name":"(anonymous_26)","decl":{"start":{"line":268,"column":11},"end":{"line":268,"column":12}},"loc":{"start":{"line":268,"column":18},"end":{"line":268,"column":29}}},"10":{"name":"(anonymous_27)","decl":{"start":{"line":269,"column":9},"end":{"line":269,"column":10}},"loc":{"start":{"line":269,"column":16},"end":{"line":269,"column":27}}},"11":{"name":"(anonymous_28)","decl":{"start":{"line":270,"column":10},"end":{"line":270,"column":11}},"loc":{"start":{"line":270,"column":62},"end":{"line":270,"column":73}}},"12":{"name":"(anonymous_29)","decl":{"start":{"line":271,"column":15},"end":{"line":271,"column":16}},"loc":{"start":{"line":271,"column":22},"end":{"line":271,"column":33}}},"13":{"name":"(anonymous_30)","decl":{"start":{"line":272,"column":15},"end":{"line":272,"column":16}},"loc":{"start":{"line":272,"column":37},"end":{"line":272,"column":48}}},"14":{"name":"(anonymous_31)","decl":{"start":{"line":273,"column":18},"end":{"line":273,"column":19}},"loc":{"start":{"line":273,"column":25},"end":{"line":273,"column":36}}},"15":{"name":"(anonymous_32)","decl":{"start":{"line":274,"column":22},"end":{"line":274,"column":23}},"loc":{"start":{"line":274,"column":29},"end":{"line":274,"column":40}}}},"branchMap":{"0":{"loc":{"start":{"line":60,"column":4},"end":{"line":62,"column":null}},"type":"if","locations":[{"start":{"line":60,"column":4},"end":{"line":62,"column":null}},{"start":{"line":60,"column":4},"end":{"line":62,"column":null}}]},"1":{"loc":{"start":{"line":63,"column":4},"end":{"line":65,"column":null}},"type":"if","locations":[{"start":{"line":63,"column":4},"end":{"line":65,"column":null}},{"start":{"line":63,"column":4},"end":{"line":65,"column":null}}]},"2":{"loc":{"start":{"line":66,"column":4},"end":{"line":68,"column":null}},"type":"if","locations":[{"start":{"line":66,"column":4},"end":{"line":68,"column":null}},{"start":{"line":66,"column":4},"end":{"line":68,"column":null}}]},"3":{"loc":{"start":{"line":69,"column":4},"end":{"line":71,"column":null}},"type":"if","locations":[{"start":{"line":69,"column":4},"end":{"line":71,"column":null}},{"start":{"line":69,"column":4},"end":{"line":71,"column":null}}]},"4":{"loc":{"start":{"line":72,"column":4},"end":{"line":74,"column":null}},"type":"if","locations":[{"start":{"line":72,"column":4},"end":{"line":74,"column":null}},{"start":{"line":72,"column":4},"end":{"line":74,"column":null}}]},"5":{"loc":{"start":{"line":75,"column":4},"end":{"line":77,"column":null}},"type":"if","locations":[{"start":{"line":75,"column":4},"end":{"line":77,"column":null}},{"start":{"line":75,"column":4},"end":{"line":77,"column":null}}]},"6":{"loc":{"start":{"line":78,"column":4},"end":{"line":80,"column":null}},"type":"if","locations":[{"start":{"line":78,"column":4},"end":{"line":80,"column":null}},{"start":{"line":78,"column":4},"end":{"line":80,"column":null}}]},"7":{"loc":{"start":{"line":81,"column":4},"end":{"line":83,"column":null}},"type":"if","locations":[{"start":{"line":81,"column":4},"end":{"line":83,"column":null}},{"start":{"line":81,"column":4},"end":{"line":83,"column":null}}]},"8":{"loc":{"start":{"line":84,"column":4},"end":{"line":86,"column":null}},"type":"if","locations":[{"start":{"line":84,"column":4},"end":{"line":86,"column":null}},{"start":{"line":84,"column":4},"end":{"line":86,"column":null}}]},"9":{"loc":{"start":{"line":87,"column":4},"end":{"line":89,"column":null}},"type":"if","locations":[{"start":{"line":87,"column":4},"end":{"line":89,"column":null}},{"start":{"line":87,"column":4},"end":{"line":89,"column":null}}]},"10":{"loc":{"start":{"line":90,"column":4},"end":{"line":92,"column":null}},"type":"if","locations":[{"start":{"line":90,"column":4},"end":{"line":92,"column":null}},{"start":{"line":90,"column":4},"end":{"line":92,"column":null}}]},"11":{"loc":{"start":{"line":93,"column":4},"end":{"line":95,"column":null}},"type":"if","locations":[{"start":{"line":93,"column":4},"end":{"line":95,"column":null}},{"start":{"line":93,"column":4},"end":{"line":95,"column":null}}]},"12":{"loc":{"start":{"line":96,"column":4},"end":{"line":98,"column":null}},"type":"if","locations":[{"start":{"line":96,"column":4},"end":{"line":98,"column":null}},{"start":{"line":96,"column":4},"end":{"line":98,"column":null}}]},"13":{"loc":{"start":{"line":100,"column":4},"end":{"line":103,"column":null}},"type":"if","locations":[{"start":{"line":100,"column":4},"end":{"line":103,"column":null}},{"start":{"line":100,"column":4},"end":{"line":103,"column":null}}]},"14":{"loc":{"start":{"line":109,"column":4},"end":{"line":109,"column":27}},"type":"if","locations":[{"start":{"line":109,"column":4},"end":{"line":109,"column":27}},{"start":{"line":109,"column":4},"end":{"line":109,"column":27}}]},"15":{"loc":{"start":{"line":129,"column":4},"end":{"line":131,"column":null}},"type":"if","locations":[{"start":{"line":129,"column":4},"end":{"line":131,"column":null}},{"start":{"line":129,"column":4},"end":{"line":131,"column":null}}]}},"s":{"0":1,"1":1,"2":1,"3":1,"4":1,"5":1,"6":1,"7":1,"8":1,"9":1,"10":1,"11":1,"12":1,"13":1,"14":1,"15":3,"16":3,"17":3,"18":2,"19":2,"20":2,"21":2,"22":2,"23":2,"24":2,"25":2,"26":2,"27":2,"28":2,"29":2,"30":2,"31":2,"32":2,"33":2,"34":2,"35":2,"36":2,"37":2,"38":2,"39":2,"40":2,"41":2,"42":2,"43":2,"44":2,"45":2,"46":2,"47":2,"48":2,"49":2,"50":2,"51":2,"52":2,"53":2,"54":2,"55":2,"56":2,"57":2,"58":2,"59":2,"60":0,"61":0,"62":0,"63":0,"64":0,"65":0,"66":0,"67":0,"68":0,"69":0,"70":2,"71":0,"72":0,"73":0,"74":0,"75":0,"76":0,"77":0,"78":0,"79":0,"80":0,"81":0,"82":0,"83":0,"84":0,"85":0,"86":0,"87":0,"88":0,"89":0,"90":0,"91":0,"92":0,"93":0,"94":0,"95":0,"96":0,"97":0,"98":0,"99":0,"100":0,"101":0,"102":0,"103":2,"104":0,"105":0,"106":0,"107":0,"108":0,"109":2,"110":0,"111":0,"112":2,"113":0,"114":0,"115":1,"116":1,"117":2,"118":2,"119":0,"120":0,"121":0,"122":0,"123":0,"124":0,"125":2,"126":2,"127":0,"128":2},"f":{"0":3,"1":0,"2":0,"3":0,"4":0,"5":0,"6":0,"7":0,"8":0,"9":2,"10":2,"11":0,"12":0,"13":2,"14":0,"15":2},"b":{"0":[0,0],"1":[0,0],"2":[0,0],"3":[0,0],"4":[0,0],"5":[0,0],"6":[0,0],"7":[0,0],"8":[0,0],"9":[0,0],"10":[0,0],"11":[0,0],"12":[0,0],"13":[0,0],"14":[0,0],"15":[0,0]}}
,"/c/Users/PaoloCattani/Workspaces/Workspaces_private/calcetto/src/components/Auth/Wrapper.tsx": {"path":"/c/Users/PaoloCattani/Workspaces/Workspaces_private/calcetto/src/components/Auth/Wrapper.tsx","statementMap":{"0":{"start":{"line":1,"column":0},"end":{"line":1,"column":61}},"1":{"start":{"line":2,"column":0},"end":{"line":2,"column":63}},"2":{"start":{"line":3,"column":0},"end":{"line":3,"column":52}},"3":{"start":{"line":4,"column":0},"end":{"line":4,"column":47}},"4":{"start":{"line":6,"column":14},"end":{"line":6,"column":43}},"5":{"start":{"line":6,"column":25},"end":{"line":6,"column":42}},"6":{"start":{"line":7,"column":17},"end":{"line":7,"column":49}},"7":{"start":{"line":7,"column":28},"end":{"line":7,"column":48}},"8":{"start":{"line":9,"column":30},"end":{"line":38,"column":1}},"9":{"start":{"line":10,"column":16},"end":{"line":10,"column":41}},"10":{"start":{"line":12,"column":8},"end":{"line":12,"column":50}},"11":{"start":{"line":12,"column":17},"end":{"line":12,"column":19}},"12":{"start":{"line":12,"column":30},"end":{"line":12,"column":34}},"13":{"start":{"line":13,"column":8},"end":{"line":15,"column":70}},"14":{"start":{"line":13,"column":14},"end":{"line":13,"column":16}},"15":{"start":{"line":13,"column":20},"end":{"line":13,"column":22}},"16":{"start":{"line":13,"column":26},"end":{"line":13,"column":28}},"17":{"start":{"line":13,"column":32},"end":{"line":13,"column":36}},"18":{"start":{"line":17,"column":36},"end":{"line":20,"column":4}},"19":{"start":{"line":22,"column":2},"end":{"line":37,"column":4}},"20":{"start":{"line":30,"column":69},"end":{"line":30,"column":null}},"21":{"start":{"line":40,"column":0},"end":{"line":40,"column":27}}},"fnMap":{"0":{"name":"(anonymous_7)","decl":{"start":{"line":6,"column":19},"end":{"line":6,"column":25}},"loc":{"start":{"line":6,"column":19},"end":{"line":6,"column":32}}},"1":{"name":"(anonymous_8)","decl":{"start":{"line":6,"column":25},"end":{"line":6,"column":32}},"loc":{"start":{"line":6,"column":25},"end":{"line":6,"column":42}}},"2":{"name":"(anonymous_9)","decl":{"start":{"line":7,"column":22},"end":{"line":7,"column":28}},"loc":{"start":{"line":7,"column":22},"end":{"line":7,"column":35}}},"3":{"name":"(anonymous_10)","decl":{"start":{"line":7,"column":28},"end":{"line":7,"column":35}},"loc":{"start":{"line":7,"column":28},"end":{"line":7,"column":48}}},"4":{"name":"(anonymous_11)","decl":{"start":{"line":9,"column":30},"end":{"line":9,"column":null}},"loc":{"start":{"line":9,"column":30},"end":{"line":38,"column":1}}},"5":{"name":"(anonymous_12)","decl":{"start":{"line":30,"column":63},"end":{"line":30,"column":69}},"loc":{"start":{"line":30,"column":63},"end":{"line":30,"column":80}}}},"branchMap":{"0":{"loc":{"start":{"line":14,"column":6},"end":{"line":14,"column":71}},"type":"cond-expr","locations":[{"start":{"line":14,"column":6},"end":{"line":14,"column":71}},{"start":{"line":15,"column":6},"end":{"line":15,"column":69}}]}},"s":{"0":0,"1":0,"2":0,"3":0,"4":0,"5":0,"6":0,"7":0,"8":0,"9":0,"10":0,"11":0,"12":0,"13":0,"14":0,"15":0,"16":0,"17":0,"18":0,"19":0,"20":0,"21":0},"f":{"0":0,"1":0,"2":0,"3":0,"4":0,"5":0},"b":{"0":[0,0]}}
,"/c/Users/PaoloCattani/Workspaces/Workspaces_private/calcetto/src/components/Header/Header.tsx": {"path":"/c/Users/PaoloCattani/Workspaces/Workspaces_private/calcetto/src/components/Header/Header.tsx","statementMap":{"0":{"start":{"line":1,"column":0},"end":{"line":1,"column":45}},"1":{"start":{"line":2,"column":0},"end":{"line":2,"column":54}},"2":{"start":{"line":3,"column":0},"end":{"line":3,"column":88}},"3":{"start":{"line":4,"column":0},"end":{"line":4,"column":44}},"4":{"start":{"line":5,"column":0},"end":{"line":5,"column":52}},"5":{"start":{"line":6,"column":0},"end":{"line":6,"column":55}},"6":{"start":{"line":7,"column":0},"end":{"line":7,"column":61}},"7":{"start":{"line":8,"column":0},"end":{"line":8,"column":77}},"8":{"start":{"line":9,"column":0},"end":{"line":9,"column":43}},"9":{"start":{"line":10,"column":0},"end":{"line":10,"column":47}},"10":{"start":{"line":11,"column":0},"end":{"line":11,"column":47}},"11":{"start":{"line":13,"column":24},"end":{"line":13,"column":40}},"12":{"start":{"line":16,"column":25},"end":{"line":114,"column":1}},"13":{"start":{"line":17,"column":19},"end":{"line":17,"column":32}},"14":{"start":{"line":18,"column":25},"end":{"line":18,"column":37}},"15":{"start":{"line":19,"column":16},"end":{"line":19,"column":43}},"16":{"start":{"line":21,"column":45},"end":{"line":21,"column":81}},"17":{"start":{"line":21,"column":14},"end":{"line":21,"column":16}},"18":{"start":{"line":21,"column":31},"end":{"line":21,"column":33}},"19":{"start":{"line":21,"column":40},"end":{"line":21,"column":45}},"20":{"start":{"line":23,"column":17},"end":{"line":23,"column":31}},"21":{"start":{"line":23,"column":23},"end":{"line":23,"column":88}},"22":{"start":{"line":26,"column":36},"end":{"line":31,"column":4}},"23":{"start":{"line":33,"column":36},"end":{"line":35,"column":4}},"24":{"start":{"line":37,"column":20},"end":{"line":37,"column":34}},"25":{"start":{"line":39,"column":2},"end":{"line":113,"column":4}},"26":{"start":{"line":56,"column":18},"end":{"line":62,"column":null}},"27":{"start":{"line":85,"column":39},"end":{"line":85,"column":null}},"28":{"start":{"line":116,"column":0},"end":{"line":116,"column":22}}},"fnMap":{"0":{"name":"(anonymous_7)","decl":{"start":{"line":16,"column":25},"end":{"line":16,"column":null}},"loc":{"start":{"line":16,"column":25},"end":{"line":114,"column":1}}},"1":{"name":"(anonymous_8)","decl":{"start":{"line":23,"column":17},"end":{"line":23,"column":23}},"loc":{"start":{"line":23,"column":17},"end":{"line":23,"column":31}}},"2":{"name":"(anonymous_9)","decl":{"start":{"line":55,"column":28},"end":{"line":55,"column":29}},"loc":{"start":{"line":55,"column":34},"end":{"line":56,"column":19}}},"3":{"name":"(anonymous_10)","decl":{"start":{"line":85,"column":33},"end":{"line":85,"column":39}},"loc":{"start":{"line":85,"column":33},"end":{"line":85,"column":43}}}},"branchMap":{"0":{"loc":{"start":{"line":46,"column":10},"end":{"line":108,"column":null}},"type":"cond-expr","locations":[{"start":{"line":46,"column":10},"end":{"line":108,"column":null}},{"start":{"line":110,"column":12},"end":{"line":110,"column":16}}]},"1":{"loc":{"start":{"line":56,"column":78},"end":{"line":56,"column":82}},"type":"cond-expr","locations":[{"start":{"line":56,"column":78},"end":{"line":56,"column":82}},{"start":{"line":57,"column":20},"end":{"line":60,"column":null}}]},"2":{"loc":{"start":{"line":56,"column":18},"end":{"line":56,"column":32}},"type":"binary-expr","locations":[{"start":{"line":56,"column":18},"end":{"line":56,"column":32}},{"start":{"line":56,"column":37},"end":{"line":56,"column":62}},{"start":{"line":56,"column":66},"end":{"line":56,"column":74}}]},"3":{"loc":{"start":{"line":59,"column":38},"end":{"line":59,"column":52}},"type":"cond-expr","locations":[{"start":{"line":59,"column":38},"end":{"line":59,"column":52}},{"start":{"line":59,"column":55},"end":{"line":59,"column":59}}]},"4":{"loc":{"start":{"line":66,"column":16},"end":{"line":105,"column":null}},"type":"cond-expr","locations":[{"start":{"line":66,"column":16},"end":{"line":105,"column":null}},{"start":{"line":107,"column":18},"end":{"line":107,"column":22}}]}},"s":{"0":1,"1":1,"2":1,"3":1,"4":1,"5":1,"6":1,"7":1,"8":1,"9":1,"10":1,"11":1,"12":1,"13":0,"14":0,"15":0,"16":0,"17":0,"18":0,"19":0,"20":0,"21":0,"22":0,"23":0,"24":0,"25":0,"26":0,"27":0,"28":1},"f":{"0":0,"1":0,"2":0,"3":0},"b":{"0":[0,0],"1":[0,0],"2":[0,0,0],"3":[0,0],"4":[0,0]}}
,"/c/Users/PaoloCattani/Workspaces/Workspaces_private/calcetto/src/components/Pair/editor.js": {"path":"/c/Users/PaoloCattani/Workspaces/Workspaces_private/calcetto/src/components/Pair/editor.js","statementMap":{"0":{"start":{"line":1,"column":0},"end":{"line":1,"column":26}},"1":{"start":{"line":2,"column":0},"end":{"line":2,"column":70}},"2":{"start":{"line":3,"column":0},"end":{"line":3,"column":44}},"3":{"start":{"line":4,"column":0},"end":{"line":4,"column":40}},"4":{"start":{"line":6,"column":0},"end":{"line":6,"column":60}},"5":{"start":{"line":8,"column":21},"end":{"line":8,"column":29}},"6":{"start":{"line":9,"column":12},"end":{"line":9,"column":16}},"7":{"start":{"line":10,"column":11},"end":{"line":10,"column":15}},"8":{"start":{"line":12,"column":24},"end":{"line":12,"column":null}},"9":{"start":{"line":12,"column":95},"end":{"line":24,"column":2}},"10":{"start":{"line":26,"column":22},"end":{"line":41,"column":2}},"11":{"start":{"line":27,"column":15},"end":{"line":27,"column":null}},"12":{"start":{"line":28,"column":37},"end":{"line":28,"column":null}},"13":{"start":{"line":33,"column":55},"end":{"line":39,"column":null}},"14":{"start":{"line":43,"column":13},"end":{"line":86,"column":2}},"15":{"start":{"line":43,"column":54},"end":{"line":86,"column":2}},"16":{"start":{"line":44,"column":77},"end":{"line":44,"column":91}},"17":{"start":{"line":45,"column":70},"end":{"line":45,"column":84}},"18":{"start":{"line":49,"column":17},"end":{"line":49,"column":null}},"19":{"start":{"line":51,"column":6},"end":{"line":51,"column":null}},"20":{"start":{"line":52,"column":39},"end":{"line":52,"column":null}},"21":{"start":{"line":57,"column":17},"end":{"line":57,"column":null}},"22":{"start":{"line":59,"column":6},"end":{"line":59,"column":null}},"23":{"start":{"line":60,"column":39},"end":{"line":60,"column":null}},"24":{"start":{"line":62,"column":79},"end":{"line":62,"column":99}},"25":{"start":{"line":66,"column":17},"end":{"line":66,"column":null}},"26":{"start":{"line":67,"column":39},"end":{"line":67,"column":null}},"27":{"start":{"line":73,"column":20},"end":{"line":73,"column":45}},"28":{"start":{"line":88,"column":13},"end":{"line":104,"column":5}},"29":{"start":{"line":89,"column":2},"end":{"line":104,"column":5}},"30":{"start":{"line":94,"column":6},"end":{"line":94,"column":95}},"31":{"start":{"line":94,"column":88},"end":{"line":94,"column":95}},"32":{"start":{"line":95,"column":6},"end":{"line":102,"column":11}},"33":{"start":{"line":95,"column":7},"end":{"line":102,"column":8}},"34":{"start":{"line":96,"column":25},"end":{"line":100,"column":null}},"35":{"start":{"line":96,"column":14},"end":{"line":100,"column":null}},"36":{"start":{"line":101,"column":8},"end":{"line":101,"column":30}}},"fnMap":{"0":{"name":"(anonymous_22)","decl":{"start":{"line":12,"column":24},"end":{"line":12,"column":25}},"loc":{"start":{"line":12,"column":90},"end":{"line":12,"column":null}}},"1":{"name":"(anonymous_23)","decl":{"start":{"line":27,"column":9},"end":{"line":27,"column":15}},"loc":{"start":{"line":27,"column":9},"end":{"line":27,"column":27}}},"2":{"name":"(anonymous_24)","decl":{"start":{"line":28,"column":15},"end":{"line":28,"column":16}},"loc":{"start":{"line":28,"column":32},"end":{"line":28,"column":38}}},"3":{"name":"(anonymous_25)","decl":{"start":{"line":33,"column":13},"end":{"line":33,"column":14}},"loc":{"start":{"line":33,"column":50},"end":{"line":33,"column":null}}},"4":{"name":"(anonymous_26)","decl":{"start":{"line":43,"column":23},"end":{"line":43,"column":24}},"loc":{"start":{"line":43,"column":49},"end":{"line":43,"column":null}}},"5":{"name":"(anonymous_27)","decl":{"start":{"line":44,"column":71},"end":{"line":44,"column":77}},"loc":{"start":{"line":44,"column":71},"end":{"line":44,"column":89}}},"6":{"name":"(anonymous_28)","decl":{"start":{"line":45,"column":64},"end":{"line":45,"column":70}},"loc":{"start":{"line":45,"column":64},"end":{"line":45,"column":82}}},"7":{"name":"(anonymous_29)","decl":{"start":{"line":49,"column":11},"end":{"line":49,"column":17}},"loc":{"start":{"line":49,"column":11},"end":{"line":49,"column":29}}},"8":{"name":"(anonymous_30)","decl":{"start":{"line":50,"column":20},"end":{"line":50,"column":21}},"loc":{"start":{"line":50,"column":75},"end":{"line":51,"column":21}}},"9":{"name":"(anonymous_31)","decl":{"start":{"line":52,"column":17},"end":{"line":52,"column":18}},"loc":{"start":{"line":52,"column":34},"end":{"line":52,"column":40}}},"10":{"name":"(anonymous_32)","decl":{"start":{"line":57,"column":11},"end":{"line":57,"column":17}},"loc":{"start":{"line":57,"column":11},"end":{"line":57,"column":29}}},"11":{"name":"(anonymous_33)","decl":{"start":{"line":58,"column":20},"end":{"line":58,"column":21}},"loc":{"start":{"line":58,"column":75},"end":{"line":59,"column":21}}},"12":{"name":"(anonymous_34)","decl":{"start":{"line":60,"column":17},"end":{"line":60,"column":18}},"loc":{"start":{"line":60,"column":34},"end":{"line":60,"column":40}}},"13":{"name":"(anonymous_35)","decl":{"start":{"line":62,"column":57},"end":{"line":62,"column":58}},"loc":{"start":{"line":62,"column":74},"end":{"line":62,"column":80}}},"14":{"name":"(anonymous_36)","decl":{"start":{"line":66,"column":11},"end":{"line":66,"column":17}},"loc":{"start":{"line":66,"column":11},"end":{"line":66,"column":29}}},"15":{"name":"(anonymous_37)","decl":{"start":{"line":67,"column":17},"end":{"line":67,"column":18}},"loc":{"start":{"line":67,"column":34},"end":{"line":67,"column":40}}},"16":{"name":"(anonymous_38)","decl":{"start":{"line":73,"column":13},"end":{"line":73,"column":14}},"loc":{"start":{"line":73,"column":15},"end":{"line":73,"column":21}}},"17":{"name":"(anonymous_39)","decl":{"start":{"line":88,"column":29},"end":{"line":88,"column":30}},"loc":{"start":{"line":88,"column":38},"end":{"line":89,"column":17}}},"18":{"name":"(anonymous_40)","decl":{"start":{"line":92,"column":19},"end":{"line":92,"column":20}},"loc":{"start":{"line":92,"column":51},"end":{"line":103,"column":5}}},"19":{"name":"(anonymous_41)","decl":{"start":{"line":95,"column":7},"end":{"line":95,"column":null}},"loc":{"start":{"line":95,"column":7},"end":{"line":102,"column":8}}}},"branchMap":{"0":{"loc":{"start":{"line":35,"column":38},"end":{"line":35,"column":47}},"type":"cond-expr","locations":[{"start":{"line":35,"column":38},"end":{"line":35,"column":47}},{"start":{"line":35,"column":50},"end":{"line":35,"column":58}}]},"1":{"loc":{"start":{"line":36,"column":18},"end":{"line":36,"column":26}},"type":"cond-expr","locations":[{"start":{"line":36,"column":18},"end":{"line":36,"column":26}},{"start":{"line":36,"column":29},"end":{"line":36,"column":41}}]},"2":{"loc":{"start":{"line":90,"column":21},"end":{"line":90,"column":28}},"type":"cond-expr","locations":[{"start":{"line":90,"column":21},"end":{"line":90,"column":28}},{"start":{"line":90,"column":31},"end":{"line":90,"column":37}}]},"3":{"loc":{"start":{"line":94,"column":6},"end":{"line":94,"column":95}},"type":"if","locations":[{"start":{"line":94,"column":6},"end":{"line":94,"column":95}},{"start":{"line":94,"column":6},"end":{"line":94,"column":95}}]},"4":{"loc":{"start":{"line":94,"column":10},"end":{"line":94,"column":46}},"type":"binary-expr","locations":[{"start":{"line":94,"column":10},"end":{"line":94,"column":46}},{"start":{"line":94,"column":50},"end":{"line":94,"column":86}}]},"5":{"loc":{"start":{"line":96,"column":25},"end":{"line":100,"column":null}},"type":"switch","locations":[{"start":{"line":96,"column":25},"end":{"line":100,"column":null}}]}},"s":{"0":0,"1":0,"2":0,"3":0,"4":0,"5":0,"6":0,"7":0,"8":0,"9":0,"10":0,"11":0,"12":0,"13":0,"14":0,"15":0,"16":0,"17":0,"18":0,"19":0,"20":0,"21":0,"22":0,"23":0,"24":0,"25":0,"26":0,"27":0,"28":0,"29":0,"30":0,"31":0,"32":0,"33":0,"34":0,"35":0,"36":0},"f":{"0":0,"1":0,"2":0,"3":0,"4":0,"5":0,"6":0,"7":0,"8":0,"9":0,"10":0,"11":0,"12":0,"13":0,"14":0,"15":0,"16":0,"17":0,"18":0,"19":0},"b":{"0":[0,0],"1":[0,0],"2":[0,0],"3":[0,0],"4":[0,0],"5":[0]}}
[...]
,"/c/Users/PaoloCattani/Workspaces/Workspaces_private/calcetto/src/redux/services/stage1.service.ts": {"path":"/c/Users/PaoloCattani/Workspaces/Workspaces_private/calcetto/src/redux/services/stage1.service.ts","statementMap":{"0":{"start":{"line":1,"column":0},"end":{"line":1,"column":56}},"1":{"start":{"line":2,"column":0},"end":{"line":2,"column":56}},"2":{"start":{"line":11,"column":0},"end":{"line":11,"column":63}},"3":{"start":{"line":12,"column":0},"end":{"line":12,"column":66}},"4":{"start":{"line":14,"column":13},"end":{"line":27,"column":2}},"5":{"start":{"line":14,"column":45},"end":{"line":14,"column":47}},"6":{"start":{"line":14,"column":56},"end":{"line":14,"column":78}},"7":{"start":{"line":16,"column":10},"end":{"line":16,"column":46}},"8":{"start":{"line":17,"column":21},"end":{"line":21,"column":null}},"9":{"start":{"line":17,"column":10},"end":{"line":21,"column":null}},"10":{"start":{"line":22,"column":17},"end":{"line":22,"column":null}},"11":{"start":{"line":22,"column":10},"end":{"line":22,"column":null}},"12":{"start":{"line":23,"column":4},"end":{"line":23,"column":42}},"13":{"start":{"line":25,"column":4},"end":{"line":25,"column":46}},"14":{"start":{"line":29,"column":13},"end":{"line":40,"column":2}},"15":{"start":{"line":29,"column":44},"end":{"line":29,"column":70}},"16":{"start":{"line":31,"column":21},"end":{"line":35,"column":null}},"17":{"start":{"line":31,"column":10},"end":{"line":35,"column":null}},"18":{"start":{"line":36,"column":4},"end":{"line":36,"column":26}},"19":{"start":{"line":38,"column":4},"end":{"line":38,"column":51}},"20":{"start":{"line":42,"column":13},"end":{"line":53,"column":2}},"21":{"start":{"line":42,"column":48},"end":{"line":42,"column":50}},"22":{"start":{"line":42,"column":59},"end":{"line":42,"column":89}},"23":{"start":{"line":44,"column":21},"end":{"line":48,"column":null}},"24":{"start":{"line":47,"column":52},"end":{"line":47,"column":59}},"25":{"start":{"line":44,"column":10},"end":{"line":48,"column":null}},"26":{"start":{"line":49,"column":4},"end":{"line":49,"column":26}},"27":{"start":{"line":51,"column":4},"end":{"line":51,"column":52}},"28":{"start":{"line":55,"column":13},"end":{"line":67,"column":2}},"29":{"start":{"line":55,"column":63},"end":{"line":67,"column":2}},"30":{"start":{"line":57,"column":21},"end":{"line":61,"column":null}},"31":{"start":{"line":57,"column":10},"end":{"line":61,"column":null}},"32":{"start":{"line":62,"column":4},"end":{"line":62,"column":26}},"33":{"start":{"line":63,"column":4},"end":{"line":63,"column":14}},"34":{"start":{"line":65,"column":4},"end":{"line":65,"column":14}},"35":{"start":{"line":68,"column":13},"end":{"line":100,"column":26}},"36":{"start":{"line":69,"column":2},"end":{"line":100,"column":26}},"37":{"start":{"line":71,"column":25},"end":{"line":71,"column":50}},"38":{"start":{"line":71,"column":43},"end":{"line":71,"column":86}},"39":{"start":{"line":74,"column":28},"end":{"line":82,"column":5}},"40":{"start":{"line":75,"column":6},"end":{"line":81,"column":null}},"41":{"start":{"line":76,"column":24},"end":{"line":76,"column":64}},"42":{"start":{"line":77,"column":8},"end":{"line":80,"column":null}},"43":{"start":{"line":78,"column":10},"end":{"line":78,"column":27}},"44":{"start":{"line":79,"column":10},"end":{"line":79,"column":28}},"45":{"start":{"line":84,"column":26},"end":{"line":88,"column":5}},"46":{"start":{"line":85,"column":6},"end":{"line":85,"column":47}},"47":{"start":{"line":86,"column":6},"end":{"line":86,"column":19}},"48":{"start":{"line":87,"column":6},"end":{"line":87,"column":24}},"49":{"start":{"line":89,"column":4},"end":{"line":89,"column":51}},"50":{"start":{"line":90,"column":4},"end":{"line":90,"column":57}},"51":{"start":{"line":91,"column":4},"end":{"line":91,"column":53}},"52":{"start":{"line":93,"column":28},"end":{"line":98,"column":5}},"53":{"start":{"line":94,"column":6},"end":{"line":94,"column":56}},"54":{"start":{"line":95,"column":6},"end":{"line":95,"column":62}},"55":{"start":{"line":96,"column":6},"end":{"line":96,"column":58}},"56":{"start":{"line":97,"column":6},"end":{"line":97,"column":22}},"57":{"start":{"line":99,"column":4},"end":{"line":99,"column":27}}},"fnMap":{"0":{"name":"(anonymous_15)","decl":{"start":{"line":14,"column":27},"end":{"line":14,"column":34}},"loc":{"start":{"line":14,"column":78},"end":{"line":27,"column":2}}},"1":{"name":"(anonymous_18)","decl":{"start":{"line":29,"column":31},"end":{"line":29,"column":38}},"loc":{"start":{"line":29,"column":70},"end":{"line":40,"column":2}}},"2":{"name":"(anonymous_21)","decl":{"start":{"line":42,"column":35},"end":{"line":42,"column":42}},"loc":{"start":{"line":42,"column":89},"end":{"line":53,"column":2}}},"3":{"name":"(anonymous_24)","decl":{"start":{"line":47,"column":45},"end":{"line":47,"column":46}},"loc":{"start":{"line":47,"column":47},"end":{"line":47,"column":53}}},"4":{"name":"(anonymous_25)","decl":{"start":{"line":55,"column":32},"end":{"line":55,"column":39}},"loc":{"start":{"line":55,"column":63},"end":{"line":67,"column":2}}},"5":{"name":"(anonymous_26)","decl":{"start":{"line":55,"column":63},"end":{"line":55,"column":null}},"loc":{"start":{"line":55,"column":63},"end":{"line":67,"column":2}}},"6":{"name":"(anonymous_28)","decl":{"start":{"line":68,"column":35},"end":{"line":68,"column":36}},"loc":{"start":{"line":68,"column":56},"end":{"line":69,"column":14}}},"7":{"name":"(anonymous_29)","decl":{"start":{"line":69,"column":24},"end":{"line":69,"column":25}},"loc":{"start":{"line":69,"column":32},"end":{"line":100,"column":3}}},"8":{"name":"(anonymous_30)","decl":{"start":{"line":71,"column":25},"end":{"line":71,"column":26}},"loc":{"start":{"line":71,"column":38},"end":{"line":71,"column":50}}},"9":{"name":"(anonymous_31)","decl":{"start":{"line":74,"column":28},"end":{"line":74,"column":29}},"loc":{"start":{"line":74,"column":55},"end":{"line":82,"column":5}}},"10":{"name":"(anonymous_32)","decl":{"start":{"line":84,"column":26},"end":{"line":84,"column":27}},"loc":{"start":{"line":84,"column":39},"end":{"line":88,"column":5}}},"11":{"name":"(anonymous_33)","decl":{"start":{"line":93,"column":28},"end":{"line":93,"column":null}},"loc":{"start":{"line":93,"column":28},"end":{"line":98,"column":5}}}},"branchMap":{"0":{"loc":{"start":{"line":75,"column":6},"end":{"line":81,"column":null}},"type":"if","locations":[{"start":{"line":75,"column":6},"end":{"line":81,"column":null}},{"start":{"line":75,"column":6},"end":{"line":81,"column":null}}]},"1":{"loc":{"start":{"line":77,"column":8},"end":{"line":80,"column":null}},"type":"if","locations":[{"start":{"line":77,"column":8},"end":{"line":80,"column":null}},{"start":{"line":77,"column":8},"end":{"line":80,"column":null}}]}},"s":{"0":4,"1":4,"2":4,"3":4,"4":4,"5":0,"6":0,"7":0,"8":0,"9":0,"10":0,"11":0,"12":0,"13":0,"14":4,"15":0,"16":0,"17":0,"18":0,"19":0,"20":4,"21":0,"22":0,"23":0,"24":0,"25":0,"26":0,"27":0,"28":4,"29":0,"30":0,"31":0,"32":0,"33":0,"34":0,"35":4,"36":0,"37":0,"38":0,"39":0,"40":0,"41":0,"42":0,"43":0,"44":0,"45":0,"46":0,"47":0,"48":0,"49":0,"50":0,"51":0,"52":0,"53":0,"54":0,"55":0,"56":0,"57":0},"f":{"0":0,"1":0,"2":0,"3":0,"4":0,"5":0,"6":0,"7":0,"8":0,"9":0,"10":0,"11":0},"b":{"0":[0,0],"1":[0,0]}}
,"/c/Users/PaoloCattani/Workspaces/Workspaces_private/calcetto/src/redux/services/stage2.service.ts": {"path":"/c/Users/PaoloCattani/Workspaces/Workspaces_private/calcetto/src/redux/services/stage2.service.ts","statementMap":{"0":{"start":{"line":2,"column":0},"end":{"line":2,"column":64}},"1":{"start":{"line":4,"column":0},"end":{"line":4,"column":66}},"2":{"start":{"line":6,"column":13},"end":{"line":13,"column":2}},"3":{"start":{"line":6,"column":46},"end":{"line":13,"column":2}},"4":{"start":{"line":7,"column":19},"end":{"line":11,"column":null}},"5":{"start":{"line":7,"column":8},"end":{"line":11,"column":null}},"6":{"start":{"line":12,"column":2},"end":{"line":12,"column":24}},"7":{"start":{"line":15,"column":13},"end":{"line":26,"column":2}},"8":{"start":{"line":15,"column":67},"end":{"line":26,"column":2}},"9":{"start":{"line":17,"column":21},"end":{"line":21,"column":null}},"10":{"start":{"line":17,"column":10},"end":{"line":21,"column":null}},"11":{"start":{"line":22,"column":4},"end":{"line":22,"column":26}},"12":{"start":{"line":24,"column":4},"end":{"line":24,"column":41}},"13":{"start":{"line":28,"column":13},"end":{"line":37,"column":2}},"14":{"start":{"line":28,"column":50},"end":{"line":37,"column":2}},"15":{"start":{"line":30,"column":21},"end":{"line":30,"column":null}},"16":{"start":{"line":30,"column":10},"end":{"line":30,"column":null}},"17":{"start":{"line":31,"column":19},"end":{"line":31,"column":null}},"18":{"start":{"line":31,"column":10},"end":{"line":31,"column":null}},"19":{"start":{"line":32,"column":4},"end":{"line":32,"column":63}},"20":{"start":{"line":34,"column":4},"end":{"line":34,"column":49}},"21":{"start":{"line":36,"column":2},"end":{"line":36,"column":23}},"22":{"start":{"line":39,"column":13},"end":{"line":54,"column":2}},"23":{"start":{"line":40,"column":19},"end":{"line":40,"column":null}},"24":{"start":{"line":41,"column":14},"end":{"line":41,"column":null}},"25":{"start":{"line":44,"column":21},"end":{"line":48,"column":null}},"26":{"start":{"line":44,"column":10},"end":{"line":48,"column":null}},"27":{"start":{"line":49,"column":18},"end":{"line":49,"column":null}},"28":{"start":{"line":49,"column":10},"end":{"line":49,"column":null}},"29":{"start":{"line":50,"column":4},"end":{"line":50,"column":33}},"30":{"start":{"line":52,"column":4},"end":{"line":52,"column":37}}},"fnMap":{"0":{"name":"(anonymous_17)","decl":{"start":{"line":6,"column":28},"end":{"line":6,"column":35}},"loc":{"start":{"line":6,"column":46},"end":{"line":13,"column":2}}},"1":{"name":"(anonymous_18)","decl":{"start":{"line":6,"column":46},"end":{"line":6,"column":null}},"loc":{"start":{"line":6,"column":46},"end":{"line":13,"column":2}}},"2":{"name":"(anonymous_20)","decl":{"start":{"line":15,"column":27},"end":{"line":15,"column":34}},"loc":{"start":{"line":15,"column":67},"end":{"line":26,"column":2}}},"3":{"name":"(anonymous_21)","decl":{"start":{"line":15,"column":67},"end":{"line":15,"column":null}},"loc":{"start":{"line":15,"column":67},"end":{"line":26,"column":2}}},"4":{"name":"(anonymous_23)","decl":{"start":{"line":28,"column":32},"end":{"line":28,"column":39}},"loc":{"start":{"line":28,"column":50},"end":{"line":37,"column":2}}},"5":{"name":"(anonymous_24)","decl":{"start":{"line":28,"column":50},"end":{"line":28,"column":null}},"loc":{"start":{"line":28,"column":50},"end":{"line":37,"column":2}}},"6":{"name":"(anonymous_26)","decl":{"start":{"line":39,"column":27},"end":{"line":39,"column":34}},"loc":{"start":{"line":42,"column":21},"end":{"line":54,"column":2}}}},"branchMap":{"0":{"loc":{"start":{"line":7,"column":19},"end":{"line":11,"column":null}},"type":"switch","locations":[{"start":{"line":7,"column":19},"end":{"line":11,"column":null}}]},"1":{"loc":{"start":{"line":36,"column":2},"end":{"line":36,"column":23}},"type":"switch","locations":[{"start":{"line":36,"column":2},"end":{"line":36,"column":23}}]}},"s":{"0":4,"1":4,"2":4,"3":0,"4":0,"5":0,"6":0,"7":4,"8":0,"9":0,"10":0,"11":0,"12":0,"13":4,"14":0,"15":0,"16":0,"17":0,"18":0,"19":0,"20":0,"21":0,"22":4,"23":0,"24":0,"25":0,"26":0,"27":0,"28":0,"29":0,"30":0},"f":{"0":0,"1":0,"2":0,"3":0,"4":0,"5":0,"6":0},"b":{"0":[0],"1":[0]}}
,"/c/Users/PaoloCattani/Workspaces/Workspaces_private/calcetto/src/redux/services/tournament.service.ts": {"path":"/c/Users/PaoloCattani/Workspaces/Workspaces_private/calcetto/src/redux/services/tournament.service.ts","statementMap":{"0":{"start":{"line":9,"column":0},"end":{"line":9,"column":86}},"1":{"start":{"line":11,"column":13},"end":{"line":14,"column":4}},"2":{"start":{"line":11,"column":71},"end":{"line":14,"column":4}},"3":{"start":{"line":12,"column":2},"end":{"line":14,"column":4}},"4":{"start":{"line":16,"column":13},"end":{"line":17,"column":96}},"5":{"start":{"line":16,"column":67},"end":{"line":17,"column":96}},"6":{"start":{"line":17,"column":2},"end":{"line":17,"column":96}},"7":{"start":{"line":19,"column":13},"end":{"line":20,"column":102}},"8":{"start":{"line":19,"column":71},"end":{"line":20,"column":102}},"9":{"start":{"line":20,"column":2},"end":{"line":20,"column":102}}},"fnMap":{"0":{"name":"(anonymous_13)","decl":{"start":{"line":11,"column":32},"end":{"line":11,"column":39}},"loc":{"start":{"line":11,"column":71},"end":{"line":14,"column":4}}},"1":{"name":"(anonymous_14)","decl":{"start":{"line":11,"column":71},"end":{"line":11,"column":null}},"loc":{"start":{"line":11,"column":71},"end":{"line":14,"column":4}}},"2":{"name":"(anonymous_16)","decl":{"start":{"line":16,"column":30},"end":{"line":16,"column":37}},"loc":{"start":{"line":16,"column":67},"end":{"line":17,"column":96}}},"3":{"name":"(anonymous_17)","decl":{"start":{"line":16,"column":67},"end":{"line":16,"column":null}},"loc":{"start":{"line":16,"column":67},"end":{"line":17,"column":96}}},"4":{"name":"(anonymous_19)","decl":{"start":{"line":19,"column":32},"end":{"line":19,"column":39}},"loc":{"start":{"line":19,"column":71},"end":{"line":20,"column":102}}},"5":{"name":"(anonymous_20)","decl":{"start":{"line":19,"column":71},"end":{"line":19,"column":null}},"loc":{"start":{"line":19,"column":71},"end":{"line":20,"column":102}}}},"branchMap":{"0":{"loc":{"start":{"line":13,"column":19},"end":{"line":13,"column":54}},"type":"cond-expr","locations":[{"start":{"line":13,"column":19},"end":{"line":13,"column":54}},{"start":{"line":13,"column":57},"end":{"line":13,"column":82}}]},"1":{"loc":{"start":{"line":13,"column":11},"end":{"line":13,"column":13}},"type":"cond-expr","locations":[{"start":{"line":13,"column":11},"end":{"line":13,"column":13}},{"start":{"line":13,"column":4},"end":{"line":13,"column":16}}]},"2":{"loc":{"start":{"line":13,"column":4},"end":{"line":13,"column":13}},"type":"binary-expr","locations":[{"start":{"line":13,"column":4},"end":{"line":13,"column":13}},{"start":{"line":13,"column":4},"end":{"line":13,"column":13}}]}},"s":{"0":4,"1":4,"2":0,"3":0,"4":4,"5":0,"6":0,"7":4,"8":0,"9":0},"f":{"0":0,"1":0,"2":0,"3":0,"4":0,"5":0},"b":{"0":[0,0],"1":[0,0],"2":[0,0]}}
,"/c/Users/PaoloCattani/Workspaces/Workspaces_private/calcetto/src/test/commons.ts": {"path":"/c/Users/PaoloCattani/Workspaces/Workspaces_private/calcetto/src/test/commons.ts","statementMap":{"0":{"start":{"line":1,"column":0},"end":{"line":1,"column":71}},"1":{"start":{"line":4,"column":13},"end":{"line":73,"column":2}},"2":{"start":{"line":75,"column":13},"end":{"line":83,"column":2}},"3":{"start":{"line":76,"column":2},"end":{"line":76,"column":40}},"4":{"start":{"line":77,"column":2},"end":{"line":81,"column":4}},"5":{"start":{"line":82,"column":2},"end":{"line":82,"column":22}},"6":{"start":{"line":85,"column":13},"end":{"line":93,"column":2}},"7":{"start":{"line":86,"column":2},"end":{"line":86,"column":39}},"8":{"start":{"line":87,"column":2},"end":{"line":91,"column":4}},"9":{"start":{"line":92,"column":2},"end":{"line":92,"column":22}},"10":{"start":{"line":95,"column":13},"end":{"line":216,"column":2}},"11":{"start":{"line":218,"column":13},"end":{"line":227,"column":2}},"12":{"start":{"line":229,"column":13},"end":{"line":244,"column":2}},"13":{"start":{"line":246,"column":13},"end":{"line":261,"column":2}}},"fnMap":{"0":{"name":"(anonymous_2)","decl":{"start":{"line":75,"column":33},"end":{"line":75,"column":null}},"loc":{"start":{"line":75,"column":33},"end":{"line":83,"column":1}}},"1":{"name":"(anonymous_3)","decl":{"start":{"line":85,"column":32},"end":{"line":85,"column":null}},"loc":{"start":{"line":85,"column":32},"end":{"line":93,"column":1}}}},"branchMap":{},"s":{"0":4,"1":4,"2":4,"3":2,"4":2,"5":2,"6":4,"7":2,"8":2,"9":2,"10":4,"11":4,"12":4,"13":4},"f":{"0":2,"1":2},"b":{}}
,"/c/Users/PaoloCattani/Workspaces/Workspaces_private/calcetto/src/test/test-utils.tsx": {"path":"/c/Users/PaoloCattani/Workspaces/Workspaces_private/calcetto/src/test/test-utils.tsx","statementMap":{"0":{"start":{"line":2,"column":0},"end":{"line":2,"column":40}},"1":{"start":{"line":3,"column":0},"end":{"line":3,"column":39}},"2":{"start":{"line":4,"column":0},"end":{"line":4,"column":48}},"3":{"start":{"line":5,"column":0},"end":{"line":5,"column":62}},"4":{"start":{"line":6,"column":0},"end":{"line":6,"column":63}},"5":{"start":{"line":8,"column":0},"end":{"line":8,"column":75}},"6":{"start":{"line":9,"column":0},"end":{"line":9,"column":63}},"7":{"start":{"line":11,"column":0},"end":{"line":11,"column":22}},"8":{"start":{"line":12,"column":0},"end":{"line":12,"column":50}},"9":{"start":{"line":18,"column":0},"end":{"line":18,"column":12}},"10":{"start":{"line":19,"column":21},"end":{"line":20,"column":8}},"11":{"start":{"line":20,"column":2},"end":{"line":31,"column":5}},"12":{"start":{"line":21,"column":24},"end":{"line":21,"column":26}},"13":{"start":{"line":21,"column":31},"end":{"line":29,"column":null}},"14":{"start":{"line":37,"column":25},"end":{"line":37,"column":31}},"15":{"start":{"line":34,"column":0},"end":{"line":34,"column":39}}},"fnMap":{"0":{"name":"(anonymous_9)","decl":{"start":{"line":19,"column":21},"end":{"line":19,"column":22}},"loc":{"start":{"line":19,"column":74},"end":{"line":20,"column":8}}},"1":{"name":"(anonymous_10)","decl":{"start":{"line":21,"column":13},"end":{"line":21,"column":14}},"loc":{"start":{"line":21,"column":26},"end":{"line":21,"column":null}}}},"branchMap":{"0":{"loc":{"start":{"line":22,"column":43},"end":{"line":22,"column":45}},"type":"cond-expr","locations":[{"start":{"line":22,"column":43},"end":{"line":22,"column":45}},{"start":{"line":22,"column":36},"end":{"line":22,"column":57}}]},"1":{"loc":{"start":{"line":22,"column":36},"end":{"line":22,"column":45}},"type":"binary-expr","locations":[{"start":{"line":22,"column":36},"end":{"line":22,"column":45}},{"start":{"line":22,"column":36},"end":{"line":22,"column":45}}]}},"s":{"0":3,"1":3,"2":3,"3":3,"4":3,"5":3,"6":3,"7":3,"8":3,"9":3,"10":3,"11":13,"12":13,"13":13,"14":3,"15":3},"f":{"0":13,"1":13},"b":{"0":[9,4],"1":[13,13]}}
}
