TN:
SF:/c/Users/PaoloCattani/Workspaces/Workspaces_private/calcetto/src/@common/dto/index.ts
FNF:0
FNH:0
DA:1,4
DA:2,4
DA:3,4
DA:4,4
DA:5,4
DA:6,4
LF:6
LH:6
BRF:0
BRH:0
end_of_record
TN:
SF:/c/Users/PaoloCattani/Workspaces/Workspaces_private/calcetto/src/@common/dto/player.dto.ts
FN:18,(anonymous_0)
FNF:1
FNH:1
FNDA:4,(anonymous_0)
DA:18,4
DA:19,4
DA:20,4
DA:21,4
DA:22,4
LF:5
LH:5
BRDA:18,0,0,4
BRDA:18,0,1,4
BRF:2
BRH:2
end_of_record
TN:
SF:/c/Users/PaoloCattani/Workspaces/Workspaces_private/calcetto/src/@common/dto/tournament.dto.ts
FN:12,(anonymous_0)
FNF:1
FNH:1
FNDA:4,(anonymous_0)
DA:12,4
DA:13,4
DA:14,4
DA:15,4
DA:16,4
LF:5
LH:5
BRDA:12,0,0,4
BRDA:12,0,1,4
BRF:2
BRH:2
end_of_record
TN:
SF:/c/Users/PaoloCattani/Workspaces/Workspaces_private/calcetto/src/@common/dto/user.dto.ts
FN:15,(anonymous_0)
FNF:1
FNH:1
FNDA:4,(anonymous_0)
DA:15,4
DA:16,4
DA:17,4
LF:3
LH:3
BRDA:15,0,0,4
BRDA:15,0,1,4
BRF:2
BRH:2
end_of_record
TN:
SF:/c/Users/PaoloCattani/Workspaces/Workspaces_private/calcetto/src/@common/models/HttpStatusCode.ts
FN:1,(anonymous_0)
FNF:1
FNH:1
FNDA:4,(anonymous_0)
DA:1,4
DA:2,4
DA:3,4
DA:4,4
DA:5,4
DA:10,4
DA:12,4
DA:13,4
DA:14,4
DA:15,4
DA:16,4
DA:17,4
DA:18,4
DA:19,4
DA:20,4
DA:21,4
DA:26,4
DA:37,4
DA:38,4
DA:39,4
DA:40,4
DA:41,4
DA:42,4
DA:43,4
DA:44,4
DA:45,4
DA:50,4
DA:60,4
DA:61,4
DA:62,4
DA:63,4
DA:64,4
DA:65,4
DA:66,4
DA:67,4
DA:68,4
DA:69,4
DA:70,4
DA:71,4
DA:72,4
DA:73,4
DA:74,4
DA:75,4
DA:76,4
DA:77,4
DA:78,4
DA:79,4
DA:80,4
DA:81,4
DA:82,4
DA:83,4
DA:84,4
DA:85,4
DA:86,4
DA:87,4
DA:92,4
DA:121,4
DA:122,4
DA:123,4
DA:124,4
DA:125,4
DA:126,4
DA:127,4
DA:128,4
DA:129,4
DA:130,4
DA:131,4
DA:136,4
LF:68
LH:68
BRDA:1,0,0,4
BRDA:1,0,1,4
BRF:2
BRH:2
end_of_record
TN:
SF:/c/Users/PaoloCattani/Workspaces/Workspaces_private/calcetto/src/@common/models/common.models.ts
FN:9,(anonymous_0)
FNF:1
FNH:1
FNDA:4,(anonymous_0)
DA:1,4
DA:9,4
DA:10,4
DA:11,4
DA:12,4
DA:25,4
LF:6
LH:6
BRDA:9,0,0,4
BRDA:9,0,1,4
BRF:2
BRH:2
end_of_record
TN:
SF:/c/Users/PaoloCattani/Workspaces/Workspaces_private/calcetto/src/@common/models/index.ts
FNF:0
FNH:0
DA:1,0
DA:2,0
DA:3,0
DA:4,0
DA:5,0
DA:6,0
DA:7,0
LF:7
LH:0
BRF:0
BRH:0
end_of_record
TN:
SF:/c/Users/PaoloCattani/Workspaces/Workspaces_private/calcetto/src/@common/utils/date.utils.ts
FN:1,(anonymous_0)
FN:3,formatDate
FN:16,(anonymous_2)
FN:32,(anonymous_3)
FN:33,(anonymous_4)
FN:34,(anonymous_5)
FN:35,(anonymous_6)
FN:36,(anonymous_7)
FN:37,(anonymous_8)
FN:38,(anonymous_9)
FN:39,(anonymous_10)
FN:40,(anonymous_11)
FN:43,(anonymous_12)
FN:44,(anonymous_13)
FNF:14
FNH:1
FNDA:0,(anonymous_0)
FNDA:3,formatDate
FNDA:0,(anonymous_2)
FNDA:0,(anonymous_3)
FNDA:0,(anonymous_4)
FNDA:0,(anonymous_5)
FNDA:0,(anonymous_6)
FNDA:0,(anonymous_7)
FNDA:0,(anonymous_8)
FNDA:0,(anonymous_9)
FNDA:0,(anonymous_10)
FNDA:0,(anonymous_11)
FNDA:0,(anonymous_12)
FNDA:0,(anonymous_13)
DA:1,4
DA:3,4
DA:4,3
DA:5,3
DA:6,3
DA:7,3
DA:9,3
DA:10,3
DA:12,3
DA:16,4
DA:19,0
DA:22,0
DA:23,0
DA:26,0
DA:28,0
DA:31,0
DA:32,0
DA:33,0
DA:34,0
DA:35,0
DA:36,0
DA:37,0
DA:38,0
DA:39,0
DA:41,0
DA:43,0
DA:48,0
DA:49,0
DA:50,0
DA:51,0
LF:30
LH:10
BRDA:9,0,0,3
BRDA:9,0,1,0
BRDA:10,1,0,3
BRDA:10,1,1,0
BRDA:19,2,0,0
BRDA:19,2,1,0
BRDA:22,3,0,0
BRDA:22,3,1,0
BRDA:22,4,0,0
BRDA:22,4,1,0
BRDA:26,5,0,0
BRDA:26,5,1,0
BRDA:48,6,0,0
BRDA:48,6,1,0
BRDA:50,7,0,0
BRDA:50,7,1,0
BRF:16
BRH:2
end_of_record
TN:
SF:/c/Users/PaoloCattani/Workspaces/Workspaces_private/calcetto/src/@common/utils/fetch.utils.ts
FN:10,(anonymous_15)
FN:10,(anonymous_16)
FN:12,(anonymous_18)
FN:15,(anonymous_19)
FN:17,(anonymous_21)
FN:20,(anonymous_22)
FN:22,(anonymous_24)
FN:25,(anonymous_25)
FN:28,(anonymous_27)
FN:32,(anonymous_28)
FNF:10
FNH:0
FNDA:0,(anonymous_15)
FNDA:0,(anonymous_16)
FNDA:0,(anonymous_18)
FNDA:0,(anonymous_19)
FNDA:0,(anonymous_21)
FNDA:0,(anonymous_22)
FNDA:0,(anonymous_24)
FNDA:0,(anonymous_25)
FNDA:0,(anonymous_27)
FNDA:0,(anonymous_28)
DA:4,4
DA:5,4
DA:8,4
DA:10,4
DA:11,0
DA:12,4
DA:15,0
DA:16,0
DA:17,4
DA:20,0
DA:21,0
DA:22,4
DA:25,0
DA:26,0
DA:28,4
DA:32,0
DA:34,0
DA:36,0
DA:41,0
DA:43,0
DA:44,0
DA:45,0
DA:46,0
DA:48,0
DA:49,0
DA:55,0
LF:26
LH:8
BRDA:11,0,0,0
BRDA:11,0,1,0
BRDA:16,1,0,0
BRDA:16,1,1,0
BRDA:21,2,0,0
BRDA:21,2,1,0
BRDA:26,3,0,0
BRDA:26,3,1,0
BRDA:41,4,0,0
BRDA:38,5,0,0
BRDA:38,5,1,0
BRDA:38,6,0,0
BRDA:38,6,1,0
BRDA:38,6,2,0
BRDA:48,7,0,0
BRDA:48,7,1,0
BRF:16
BRH:0
end_of_record
TN:
SF:/c/Users/PaoloCattani/Workspaces/Workspaces_private/calcetto/src/@common/utils/index.ts
FNF:0
FNH:0
DA:1,4
DA:2,4
DA:3,4
LF:3
LH:3
BRF:0
BRH:0
end_of_record
TN:
SF:/c/Users/PaoloCattani/Workspaces/Workspaces_private/calcetto/src/@common/utils/math.utils.ts
FN:1,getRandomIntInclusive
FN:7,getBaseLog
FNF:2
FNH:0
FNDA:0,getRandomIntInclusive
FNDA:0,getBaseLog
DA:1,4
DA:2,0
DA:3,0
DA:4,0
DA:7,4
DA:8,0
DA:11,4
DA:12,4
DA:13,4
LF:9
LH:5
BRF:0
BRH:0
end_of_record
TN:
SF:/c/Users/PaoloCattani/Workspaces/Workspaces_private/calcetto/src/components/App/App.tsx
FN:26,(anonymous_9)
FN:32,(anonymous_10)
FN:53,(anonymous_11)
FNF:3
FNH:0
FNDA:0,(anonymous_9)
FNDA:0,(anonymous_10)
FNDA:0,(anonymous_11)
DA:1,1
DA:3,1
DA:4,1
DA:6,1
DA:7,1
DA:8,1
DA:9,1
DA:11,1
DA:12,1
DA:13,1
DA:14,1
DA:15,1
DA:17,1
DA:18,1
DA:19,1
DA:20,1
DA:21,1
DA:23,1
DA:25,1
DA:26,1
DA:27,0
DA:28,0
DA:29,0
DA:32,0
DA:33,0
DA:36,0
DA:53,0
DA:66,1
LF:28
LH:21
BRDA:48,0,0,0
BRDA:48,0,1,0
BRF:2
BRH:0
end_of_record
TN:
SF:/c/Users/PaoloCattani/Workspaces/Workspaces_private/calcetto/src/components/App/Entry.tsx
FN:9,(anonymous_7)
FN:18,(anonymous_8)
FNF:2
FNH:2
FNDA:1,(anonymous_7)
FNDA:1,(anonymous_8)
DA:1,1
DA:2,1
DA:3,1
DA:4,1
DA:5,1
DA:6,1
DA:7,1
DA:9,1
DA:18,1
DA:19,1
DA:27,1
LF:11
LH:11
BRDA:20,0,0,0
BRDA:20,0,1,1
BRF:2
BRH:1
end_of_record
TN:
SF:/c/Users/PaoloCattani/Workspaces/Workspaces_private/calcetto/src/components/App/badge.tsx
FN:5,(anonymous_1)
FNF:1
FNH:0
FNDA:0,(anonymous_1)
DA:1,1
DA:2,1
DA:5,1
DA:6,0
DA:7,0
DA:9,0
DA:14,0
DA:29,1
LF:8
LH:4
BRF:0
BRH:0
end_of_record
TN:
SF:/c/Users/PaoloCattani/Workspaces/Workspaces_private/calcetto/src/components/Auth/Delete.tsx
FN:17,(anonymous_16)
FN:27,(anonymous_17)
FN:30,(anonymous_18)
FN:58,(anonymous_20)
FNF:4
FNH:0
FNDA:0,(anonymous_16)
FNDA:0,(anonymous_17)
FNDA:0,(anonymous_18)
FNDA:0,(anonymous_20)
DA:1,0
DA:2,0
DA:3,0
DA:4,0
DA:5,0
DA:6,0
DA:7,0
DA:8,0
DA:9,0
DA:10,0
DA:17,0
DA:18,0
DA:19,0
DA:20,0
DA:23,0
DA:25,0
DA:27,0
DA:30,0
DA:32,0
DA:33,0
DA:34,0
DA:36,0
DA:40,0
DA:58,0
DA:108,0
LF:25
LH:0
BRDA:33,0,0,0
BRDA:33,0,1,0
BRDA:33,1,0,0
BRDA:33,1,1,0
BRDA:33,1,2,0
BRF:5
BRH:0
end_of_record
TN:
SF:/c/Users/PaoloCattani/Workspaces/Workspaces_private/calcetto/src/components/Auth/Edit.tsx
FN:11,(anonymous_23)
FN:11,(anonymous_24)
FN:13,(anonymous_25)
FN:26,(anonymous_26)
FN:26,(anonymous_27)
FN:58,(anonymous_29)
FN:127,(anonymous_30)
FN:132,(anonymous_31)
FN:145,(anonymous_32)
FN:150,(anonymous_33)
FNF:10
FNH:0
FNDA:0,(anonymous_23)
FNDA:0,(anonymous_24)
FNDA:0,(anonymous_25)
FNDA:0,(anonymous_26)
FNDA:0,(anonymous_27)
FNDA:0,(anonymous_29)
FNDA:0,(anonymous_30)
FNDA:0,(anonymous_31)
FNDA:0,(anonymous_32)
FNDA:0,(anonymous_33)
DA:1,0
DA:2,0
DA:3,0
DA:4,0
DA:5,0
DA:6,0
DA:7,0
DA:8,0
DA:9,0
DA:10,0
DA:11,0
DA:13,0
DA:14,0
DA:15,0
DA:16,0
DA:18,0
DA:19,0
DA:21,0
DA:22,0
DA:23,0
DA:24,0
DA:26,0
DA:27,0
DA:28,0
DA:42,0
DA:50,0
DA:58,0
DA:127,0
DA:132,0
DA:145,0
DA:150,0
DA:156,0
LF:32
LH:0
BRDA:132,0,0,0
BRDA:132,0,1,0
BRF:2
BRH:0
end_of_record
TN:
SF:/c/Users/PaoloCattani/Workspaces/Workspaces_private/calcetto/src/components/Auth/Login.tsx
FN:13,(anonymous_22)
FN:22,(anonymous_23)
FN:22,(anonymous_24)
FNF:3
FNH:1
FNDA:25,(anonymous_22)
FNDA:0,(anonymous_23)
FNDA:0,(anonymous_24)
DA:1,1
DA:2,1
DA:3,1
DA:4,1
DA:5,1
DA:6,1
DA:7,1
DA:8,1
DA:9,1
DA:13,1
DA:14,25
DA:15,25
DA:16,24
DA:18,24
DA:19,24
DA:20,24
DA:22,24
DA:23,0
DA:24,0
DA:25,0
DA:26,0
DA:28,0
DA:29,0
DA:30,0
DA:32,0
DA:33,0
DA:43,24
DA:80,1
LF:28
LH:19
BRDA:24,0,0,0
BRDA:24,0,1,0
BRDA:24,1,0,0
BRDA:24,1,1,0
BRDA:28,2,0,0
BRDA:28,2,1,0
BRDA:28,3,0,0
BRDA:28,3,1,0
BRDA:70,4,0,24
BRDA:70,4,1,17
BRF:10
BRH:2
end_of_record
TN:
SF:/c/Users/PaoloCattani/Workspaces/Workspaces_private/calcetto/src/components/Auth/Register.tsx
FN:20,(anonymous_16)
FN:45,(anonymous_17)
FN:58,(anonymous_18)
FN:101,(anonymous_19)
FN:107,(anonymous_20)
FN:107,(anonymous_21)
FN:128,(anonymous_23)
FN:232,(anonymous_24)
FN:245,(anonymous_25)
FN:268,(anonymous_26)
FN:269,(anonymous_27)
FN:270,(anonymous_28)
FN:271,(anonymous_29)
FN:272,(anonymous_30)
FN:273,(anonymous_31)
FN:274,(anonymous_32)
FNF:16
FNH:5
FNDA:3,(anonymous_16)
FNDA:0,(anonymous_17)
FNDA:0,(anonymous_18)
FNDA:0,(anonymous_19)
FNDA:0,(anonymous_20)
FNDA:0,(anonymous_21)
FNDA:0,(anonymous_23)
FNDA:0,(anonymous_24)
FNDA:0,(anonymous_25)
FNDA:2,(anonymous_26)
FNDA:2,(anonymous_27)
FNDA:0,(anonymous_28)
FNDA:0,(anonymous_29)
FNDA:2,(anonymous_30)
FNDA:0,(anonymous_31)
FNDA:2,(anonymous_32)
DA:1,1
DA:2,1
DA:3,1
DA:4,1
DA:5,1
DA:6,1
DA:7,1
DA:8,1
DA:9,1
DA:10,1
DA:11,1
DA:12,1
DA:13,1
DA:15,1
DA:20,1
DA:21,3
DA:22,3
DA:23,3
DA:25,2
DA:32,2
DA:33,2
DA:34,2
DA:35,2
DA:36,2
DA:37,2
DA:38,2
DA:39,2
DA:40,2
DA:41,2
DA:45,2
DA:46,0
DA:47,0
DA:48,0
DA:49,0
DA:50,0
DA:51,0
DA:52,0
DA:53,0
DA:54,0
DA:55,0
DA:58,2
DA:59,0
DA:60,0
DA:61,0
DA:63,0
DA:64,0
DA:66,0
DA:67,0
DA:69,0
DA:70,0
DA:72,0
DA:73,0
DA:75,0
DA:76,0
DA:78,0
DA:79,0
DA:81,0
DA:82,0
DA:84,0
DA:85,0
DA:87,0
DA:88,0
DA:90,0
DA:91,0
DA:93,0
DA:94,0
DA:96,0
DA:97,0
DA:100,0
DA:101,0
DA:102,0
DA:104,0
DA:107,2
DA:108,0
DA:109,0
DA:111,0
DA:128,2
DA:129,0
DA:130,0
DA:134,2
DA:232,0
DA:245,0
DA:265,1
DA:267,1
DA:268,2
DA:269,2
DA:270,0
DA:271,0
DA:272,2
DA:273,0
DA:274,2
LF:91
LH:40
BRDA:60,0,0,0
BRDA:60,0,1,0
BRDA:63,1,0,0
BRDA:63,1,1,0
BRDA:66,2,0,0
BRDA:66,2,1,0
BRDA:69,3,0,0
BRDA:69,3,1,0
BRDA:72,4,0,0
BRDA:72,4,1,0
BRDA:75,5,0,0
BRDA:75,5,1,0
BRDA:78,6,0,0
BRDA:78,6,1,0
BRDA:81,7,0,0
BRDA:81,7,1,0
BRDA:84,8,0,0
BRDA:84,8,1,0
BRDA:87,9,0,0
BRDA:87,9,1,0
BRDA:90,10,0,0
BRDA:90,10,1,0
BRDA:93,11,0,0
BRDA:93,11,1,0
BRDA:96,12,0,0
BRDA:96,12,1,0
BRDA:100,13,0,0
BRDA:100,13,1,0
BRDA:109,14,0,0
BRDA:109,14,1,0
BRDA:129,15,0,0
BRDA:129,15,1,0
BRF:32
BRH:0
end_of_record
TN:
SF:/c/Users/PaoloCattani/Workspaces/Workspaces_private/calcetto/src/components/Auth/Wrapper.tsx
FN:6,(anonymous_7)
FN:6,(anonymous_8)
FN:7,(anonymous_9)
FN:7,(anonymous_10)
FN:9,(anonymous_11)
FN:30,(anonymous_12)
FNF:6
FNH:0
FNDA:0,(anonymous_7)
FNDA:0,(anonymous_8)
FNDA:0,(anonymous_9)
FNDA:0,(anonymous_10)
FNDA:0,(anonymous_11)
FNDA:0,(anonymous_12)
DA:1,0
DA:2,0
DA:3,0
DA:4,0
DA:6,0
DA:7,0
DA:9,0
DA:10,0
DA:12,0
DA:13,0
DA:17,0
DA:22,0
DA:30,0
DA:40,0
LF:14
LH:0
BRDA:14,0,0,0
BRDA:14,0,1,0
BRF:2
BRH:0
end_of_record
TN:
SF:/c/Users/PaoloCattani/Workspaces/Workspaces_private/calcetto/src/components/Header/Header.tsx
FN:16,(anonymous_7)
FN:23,(anonymous_8)
FN:55,(anonymous_9)
FN:85,(anonymous_10)
FNF:4
FNH:0
FNDA:0,(anonymous_7)
FNDA:0,(anonymous_8)
FNDA:0,(anonymous_9)
FNDA:0,(anonymous_10)
DA:1,1
DA:2,1
DA:3,1
DA:4,1
DA:5,1
DA:6,1
DA:7,1
DA:8,1
DA:9,1
DA:10,1
DA:11,1
DA:13,1
DA:16,1
DA:17,0
DA:18,0
DA:19,0
DA:21,0
DA:23,0
DA:26,0
DA:33,0
DA:37,0
DA:39,0
DA:56,0
DA:85,0
DA:116,1
LF:25
LH:14
BRDA:46,0,0,0
BRDA:46,0,1,0
BRDA:56,1,0,0
BRDA:56,1,1,0
BRDA:56,2,0,0
BRDA:56,2,1,0
BRDA:56,2,2,0
BRDA:59,3,0,0
BRDA:59,3,1,0
BRDA:66,4,0,0
BRDA:66,4,1,0
BRF:11
BRH:0
end_of_record
TN:
SF:/c/Users/PaoloCattani/Workspaces/Workspaces_private/calcetto/src/components/Pair/editor.js
FN:12,(anonymous_22)
FN:27,(anonymous_23)
FN:28,(anonymous_24)
FN:33,(anonymous_25)
FN:43,(anonymous_26)
FN:44,(anonymous_27)
FN:45,(anonymous_28)
FN:49,(anonymous_29)
FN:50,(anonymous_30)
FN:52,(anonymous_31)
FN:57,(anonymous_32)
FN:58,(anonymous_33)
FN:60,(anonymous_34)
FN:62,(anonymous_35)
FN:66,(anonymous_36)
FN:67,(anonymous_37)
FN:73,(anonymous_38)
FN:88,(anonymous_39)
FN:92,(anonymous_40)
FN:95,(anonymous_41)
FNF:20
FNH:0
FNDA:0,(anonymous_22)
FNDA:0,(anonymous_23)
FNDA:0,(anonymous_24)
FNDA:0,(anonymous_25)
FNDA:0,(anonymous_26)
FNDA:0,(anonymous_27)
FNDA:0,(anonymous_28)
FNDA:0,(anonymous_29)
FNDA:0,(anonymous_30)
FNDA:0,(anonymous_31)
FNDA:0,(anonymous_32)
FNDA:0,(anonymous_33)
FNDA:0,(anonymous_34)
FNDA:0,(anonymous_35)
FNDA:0,(anonymous_36)
FNDA:0,(anonymous_37)
FNDA:0,(anonymous_38)
FNDA:0,(anonymous_39)
FNDA:0,(anonymous_40)
FNDA:0,(anonymous_41)
DA:1,0
DA:2,0
DA:3,0
DA:4,0
DA:6,0
DA:8,0
DA:9,0
DA:10,0
DA:12,0
DA:26,0
DA:27,0
DA:28,0
DA:33,0
DA:43,0
DA:44,0
DA:45,0
DA:49,0
DA:51,0
DA:52,0
DA:57,0
DA:59,0
DA:60,0
DA:62,0
DA:66,0
DA:67,0
DA:73,0
DA:88,0
DA:89,0
DA:94,0
DA:95,0
DA:96,0
DA:101,0
LF:32
LH:0
BRDA:35,0,0,0
BRDA:35,0,1,0
BRDA:36,1,0,0
BRDA:36,1,1,0
BRDA:90,2,0,0
BRDA:90,2,1,0
BRDA:94,3,0,0
BRDA:94,3,1,0
BRDA:94,4,0,0
BRDA:94,4,1,0
BRDA:96,5,0,0
BRF:11
BRH:0
end_of_record
TN:
SF:/c/Users/PaoloCattani/Workspaces/Workspaces_private/calcetto/src/components/Pair/helper.ts
FN:6,(anonymous_17)
FN:19,(anonymous_18)
FN:20,(anonymous_19)
FN:29,(anonymous_22)
FN:32,createAlias
FN:43,(anonymous_24)
FN:52,(anonymous_25)
FN:53,(anonymous_26)
FN:54,(anonymous_27)
FN:55,(anonymous_28)
FN:58,(anonymous_29)
FN:58,(anonymous_30)
FNF:12
FNH:1
FNDA:4,(anonymous_17)
FNDA:0,(anonymous_18)
FNDA:0,(anonymous_19)
FNDA:0,(anonymous_22)
FNDA:0,createAlias
FNDA:0,(anonymous_24)
FNDA:0,(anonymous_25)
FNDA:0,(anonymous_26)
FNDA:0,(anonymous_27)
FNDA:0,(anonymous_28)
FNDA:0,(anonymous_29)
FNDA:0,(anonymous_30)
DA:1,4
DA:6,4
DA:19,4
DA:20,0
DA:21,0
DA:24,0
DA:25,0
DA:29,4
DA:30,0
DA:32,4
DA:33,0
DA:34,0
DA:35,0
DA:36,0
DA:38,0
DA:41,4
DA:43,0
DA:52,0
DA:53,0
DA:54,0
DA:55,0
DA:58,4
DA:60,0
DA:64,0
DA:66,0
DA:70,0
DA:71,0
DA:73,0
DA:74,0
LF:29
LH:7
BRDA:12,0,0,4
BRDA:12,0,1,0
BRDA:21,1,0,0
BRDA:30,2,0,0
BRDA:30,2,1,0
BRDA:35,3,0,0
BRDA:35,3,1,0
BRDA:36,4,0,0
BRDA:36,4,1,0
BRDA:60,5,0,0
BRDA:66,6,0,0
BRDA:66,6,1,0
BRF:12
BRH:1
end_of_record
TN:
SF:/c/Users/PaoloCattani/Workspaces/Workspaces_private/calcetto/src/components/Pair/noData.tsx
FN:13,(anonymous_1)
FNF:1
FNH:0
FNDA:0,(anonymous_1)
DA:1,0
DA:2,0
DA:3,0
DA:4,0
DA:13,0
DA:14,0
DA:15,0
DA:16,0
DA:17,0
DA:18,0
DA:19,0
DA:37,0
LF:12
LH:0
BRDA:17,0,0,0
BRDA:17,0,1,0
BRDA:18,1,0,0
BRDA:18,1,1,0
BRDA:20,2,0,0
BRDA:20,2,1,0
BRDA:29,3,0,0
BRDA:29,3,1,0
BRF:8
BRH:0
end_of_record
TN:
SF:/c/Users/PaoloCattani/Workspaces/Workspaces_private/calcetto/src/components/Pair/select.tsx
FN:24,(anonymous_7)
FN:27,(anonymous_8)
FNF:2
FNH:0
FNDA:0,(anonymous_7)
FNDA:0,(anonymous_8)
DA:2,0
DA:3,0
DA:23,0
DA:24,0
DA:25,0
DA:27,0
DA:28,0
DA:29,0
DA:32,0
DA:49,0
LF:10
LH:0
BRDA:29,0,0,0
BRDA:29,0,1,0
BRF:2
BRH:0
end_of_record
TN:
SF:/c/Users/PaoloCattani/Workspaces/Workspaces_private/calcetto/src/components/Pair/table.tsx
FN:33,(anonymous_24)
FN:38,(anonymous_25)
FN:60,(anonymous_26)
FN:62,(anonymous_27)
FN:66,showErrorMessage
FN:70,showSuccessMessage
FN:75,addRow
FN:88,(anonymous_35)
FN:98,addMultipleRows
FN:107,deleteRow
FN:112,(anonymous_42)
FN:117,(anonymous_43)
FN:119,(anonymous_44)
FN:129,(anonymous_45)
FN:130,(anonymous_46)
FN:130,(anonymous_47)
FN:143,updateOptions
FN:146,(anonymous_49)
FN:148,(anonymous_50)
FN:148,(anonymous_51)
FN:153,(anonymous_52)
FN:155,(anonymous_53)
FN:158,(anonymous_54)
FN:160,(anonymous_55)
FN:164,(anonymous_56)
FN:164,(anonymous_57)
FN:166,(anonymous_59)
FN:166,(anonymous_60)
FN:212,(anonymous_62)
FN:218,(anonymous_63)
FN:219,(anonymous_64)
FN:220,(anonymous_65)
FN:224,(anonymous_66)
FN:230,(anonymous_67)
FN:233,(anonymous_70)
FN:243,(anonymous_71)
FN:244,(anonymous_72)
FN:252,(anonymous_73)
FN:253,(anonymous_74)
FN:262,(anonymous_75)
FN:288,goBack
FN:295,(anonymous_77)
FN:300,(anonymous_78)
FN:324,deleteStage1
FN:332,(anonymous_82)
FN:333,(anonymous_83)
FN:339,setStage1Name
FN:374,(anonymous_87)
FN:381,(anonymous_88)
FN:392,(anonymous_89)
FN:406,(anonymous_90)
FN:424,(anonymous_91)
FN:436,(anonymous_92)
FN:442,(anonymous_93)
FN:454,(anonymous_94)
FN:468,(anonymous_95)
FN:534,(anonymous_96)
FN:535,(anonymous_97)
FNF:58
FNH:0
FNDA:0,(anonymous_24)
FNDA:0,(anonymous_25)
FNDA:0,(anonymous_26)
FNDA:0,(anonymous_27)
FNDA:0,showErrorMessage
FNDA:0,showSuccessMessage
FNDA:0,addRow
FNDA:0,(anonymous_35)
FNDA:0,addMultipleRows
FNDA:0,deleteRow
FNDA:0,(anonymous_42)
FNDA:0,(anonymous_43)
FNDA:0,(anonymous_44)
FNDA:0,(anonymous_45)
FNDA:0,(anonymous_46)
FNDA:0,(anonymous_47)
FNDA:0,updateOptions
FNDA:0,(anonymous_49)
FNDA:0,(anonymous_50)
FNDA:0,(anonymous_51)
FNDA:0,(anonymous_52)
FNDA:0,(anonymous_53)
FNDA:0,(anonymous_54)
FNDA:0,(anonymous_55)
FNDA:0,(anonymous_56)
FNDA:0,(anonymous_57)
FNDA:0,(anonymous_59)
FNDA:0,(anonymous_60)
FNDA:0,(anonymous_62)
FNDA:0,(anonymous_63)
FNDA:0,(anonymous_64)
FNDA:0,(anonymous_65)
FNDA:0,(anonymous_66)
FNDA:0,(anonymous_67)
FNDA:0,(anonymous_70)
FNDA:0,(anonymous_71)
FNDA:0,(anonymous_72)
FNDA:0,(anonymous_73)
FNDA:0,(anonymous_74)
FNDA:0,(anonymous_75)
FNDA:0,goBack
FNDA:0,(anonymous_77)
FNDA:0,(anonymous_78)
FNDA:0,deleteStage1
FNDA:0,(anonymous_82)
FNDA:0,(anonymous_83)
FNDA:0,setStage1Name
FNDA:0,(anonymous_87)
FNDA:0,(anonymous_88)
FNDA:0,(anonymous_89)
FNDA:0,(anonymous_90)
FNDA:0,(anonymous_91)
FNDA:0,(anonymous_92)
FNDA:0,(anonymous_93)
FNDA:0,(anonymous_94)
FNDA:0,(anonymous_95)
FNDA:0,(anonymous_96)
FNDA:0,(anonymous_97)
DA:1,0
DA:2,0
DA:3,0
DA:4,0
DA:5,0
DA:6,0
DA:7,0
DA:9,0
DA:11,0
DA:13,0
DA:14,0
DA:15,0
DA:17,0
DA:18,0
DA:20,0
DA:22,0
DA:23,0
DA:25,0
DA:26,0
DA:27,0
DA:29,0
DA:31,0
DA:33,0
DA:38,0
DA:40,0
DA:41,0
DA:42,0
DA:44,0
DA:45,0
DA:49,0
DA:50,0
DA:53,0
DA:54,0
DA:56,0
DA:57,0
DA:60,0
DA:61,0
DA:62,0
DA:67,0
DA:68,0
DA:71,0
DA:72,0
DA:77,0
DA:78,0
DA:79,0
DA:80,0
DA:85,0
DA:86,0
DA:87,0
DA:88,0
DA:92,0
DA:94,0
DA:99,0
DA:100,0
DA:101,0
DA:102,0
DA:104,0
DA:109,0
DA:111,0
DA:112,0
DA:113,0
DA:114,0
DA:116,0
DA:117,0
DA:119,0
DA:122,0
DA:127,0
DA:129,0
DA:130,0
DA:134,0
DA:136,0
DA:139,0
DA:144,0
DA:145,0
DA:146,0
DA:148,0
DA:149,0
DA:153,0
DA:155,0
DA:157,0
DA:158,0
DA:160,0
DA:164,0
DA:165,0
DA:166,0
DA:167,0
DA:168,0
DA:169,0
DA:170,0
DA:172,0
DA:173,0
DA:176,0
DA:177,0
DA:180,0
DA:181,0
DA:182,0
DA:184,0
DA:185,0
DA:189,0
DA:190,0
DA:195,0
DA:196,0
DA:197,0
DA:199,0
DA:203,0
DA:208,0
DA:209,0
DA:212,0
DA:218,0
DA:219,0
DA:220,0
DA:221,0
DA:222,0
DA:224,0
DA:227,0
DA:230,0
DA:231,0
DA:232,0
DA:233,0
DA:237,0
DA:238,0
DA:239,0
DA:242,0
DA:243,0
DA:244,0
DA:245,0
DA:246,0
DA:247,0
DA:251,0
DA:252,0
DA:253,0
DA:254,0
DA:255,0
DA:256,0
DA:260,0
DA:261,0
DA:262,0
DA:263,0
DA:264,0
DA:265,0
DA:267,0
DA:268,0
DA:270,0
DA:271,0
DA:274,0
DA:279,0
DA:280,0
DA:281,0
DA:284,0
DA:285,0
DA:289,0
DA:292,0
DA:295,0
DA:300,0
DA:302,0
DA:303,0
DA:308,0
DA:310,0
DA:311,0
DA:317,0
DA:318,0
DA:320,0
DA:325,0
DA:326,0
DA:327,0
DA:330,0
DA:332,0
DA:333,0
DA:340,0
DA:341,0
DA:342,0
DA:345,0
DA:346,0
DA:347,0
DA:350,0
DA:351,0
DA:352,0
DA:353,0
DA:354,0
DA:355,0
DA:358,0
DA:359,0
DA:360,0
DA:361,0
DA:362,0
DA:367,0
DA:369,0
DA:370,0
DA:373,0
DA:374,0
DA:377,0
DA:382,0
DA:383,0
DA:384,0
DA:388,0
DA:392,0
DA:406,0
DA:424,0
DA:436,0
DA:442,0
DA:454,0
DA:468,0
DA:509,0
DA:518,0
DA:534,0
DA:535,0
DA:550,0
LF:207
LH:0
BRDA:61,0,0,0
BRDA:61,0,1,0
BRDA:62,1,0,0
BRDA:79,2,0,0
BRDA:79,2,1,0
BRDA:87,3,0,0
BRDA:87,3,1,0
BRDA:100,4,0,0
BRDA:100,4,1,0
BRDA:113,5,0,0
BRDA:113,5,1,0
BRDA:113,6,0,0
BRDA:113,6,1,0
BRDA:114,7,0,0
BRDA:114,7,1,0
BRDA:114,8,0,0
BRDA:114,8,1,0
BRDA:116,9,0,0
BRDA:116,9,1,0
BRDA:134,10,0,0
BRDA:134,10,1,0
BRDA:144,11,0,0
BRDA:144,11,1,0
BRDA:144,12,0,0
BRDA:144,12,1,0
BRDA:145,13,0,0
BRDA:145,13,1,0
BRDA:157,14,0,0
BRDA:157,14,1,0
BRDA:165,15,0,0
BRDA:209,16,0,0
BRDA:167,17,0,0
BRDA:167,17,1,0
BRDA:169,18,0,0
BRDA:169,18,1,0
BRDA:170,19,0,0
BRDA:170,19,1,0
BRDA:170,20,0,0
BRDA:170,20,1,0
BRDA:170,20,2,0
BRDA:180,21,0,0
BRDA:180,21,1,0
BRDA:180,22,0,0
BRDA:180,22,1,0
BRDA:180,22,2,0
BRDA:189,23,0,0
BRDA:189,23,1,0
BRDA:189,24,0,0
BRDA:189,24,1,0
BRDA:189,24,2,0
BRDA:189,24,3,0
BRDA:189,24,4,0
BRDA:196,25,0,0
BRDA:196,25,1,0
BRDA:196,26,0,0
BRDA:196,26,1,0
BRDA:220,27,0,0
BRDA:220,27,1,0
BRDA:221,28,0,0
BRDA:221,28,1,0
BRDA:222,29,0,0
BRDA:222,29,1,0
BRDA:224,30,0,0
BRDA:224,30,1,0
BRDA:231,31,0,0
BRDA:231,31,1,0
BRDA:237,32,0,0
BRDA:237,32,1,0
BRDA:243,33,0,0
BRDA:243,33,1,0
BRDA:245,34,0,0
BRDA:245,34,1,0
BRDA:246,35,0,0
BRDA:246,35,1,0
BRDA:252,36,0,0
BRDA:252,36,1,0
BRDA:252,36,2,0
BRDA:252,36,3,0
BRDA:254,37,0,0
BRDA:254,37,1,0
BRDA:255,38,0,0
BRDA:255,38,1,0
BRDA:263,39,0,0
BRDA:263,39,1,0
BRDA:268,40,0,0
BRDA:268,40,1,0
BRDA:270,41,0,0
BRDA:270,41,1,0
BRDA:272,42,0,0
BRDA:272,42,1,0
BRDA:279,43,0,0
BRDA:279,43,1,0
BRDA:279,44,0,0
BRDA:279,44,1,0
BRDA:295,45,0,0
BRDA:295,45,1,0
BRDA:297,46,0,0
BRDA:297,46,1,0
BRDA:310,47,0,0
BRDA:310,47,1,0
BRDA:325,48,0,0
BRDA:325,48,1,0
BRDA:340,49,0,0
BRDA:340,49,1,0
BRDA:345,50,0,0
BRDA:345,50,1,0
BRDA:358,51,0,0
BRDA:358,51,1,0
BRDA:380,52,0,0
BRDA:380,52,1,0
BRDA:382,53,0,0
BRDA:382,53,1,0
BRDA:382,54,0,0
BRDA:382,54,1,0
BRDA:382,54,2,0
BRDA:382,54,3,0
BRDA:382,55,0,0
BRDA:382,55,1,0
BRDA:382,56,0,0
BRDA:382,56,1,0
BRDA:382,57,0,0
BRDA:382,57,1,0
BRDA:382,58,0,0
BRDA:382,58,1,0
BRDA:383,59,0,0
BRDA:383,59,1,0
BRDA:383,60,0,0
BRDA:383,60,1,0
BRDA:383,60,2,0
BRDA:383,60,3,0
BRDA:388,61,0,0
BRDA:388,61,1,0
BRDA:399,62,0,0
BRDA:399,62,1,0
BRDA:405,63,0,0
BRDA:405,63,1,0
BRDA:408,64,0,0
BRDA:408,64,1,0
BRDA:408,64,2,0
BRDA:417,65,0,0
BRDA:417,65,1,0
BRDA:417,65,2,0
BRDA:435,66,0,0
BRDA:435,66,1,0
BRDA:437,67,0,0
BRDA:437,67,1,0
BRDA:447,68,0,0
BRDA:447,68,1,0
BRDA:463,69,0,0
BRDA:463,69,1,0
BRDA:469,70,0,0
BRDA:469,70,1,0
BRDA:475,71,0,0
BRDA:475,71,1,0
BRDA:477,72,0,0
BRDA:477,72,1,0
BRDA:478,73,0,0
BRDA:478,73,1,0
BRDA:482,74,0,0
BRDA:482,74,1,0
BRDA:501,75,0,0
BRDA:501,75,1,0
BRDA:500,76,0,0
BRDA:500,76,1,0
BRDA:527,77,0,0
BRDA:527,77,1,0
BRDA:526,78,0,0
BRDA:526,78,1,0
BRDA:532,79,0,0
BRDA:532,79,1,0
BRDA:535,80,0,0
BRDA:535,80,1,0
BRF:172
BRH:0
end_of_record
TN:
SF:/c/Users/PaoloCattani/Workspaces/Workspaces_private/calcetto/src/components/Player/edit.tsx
FN:22,(anonymous_22)
FN:36,(anonymous_23)
FN:36,(anonymous_24)
FN:54,(anonymous_26)
FN:64,(anonymous_27)
FN:65,(anonymous_28)
FN:77,(anonymous_29)
FN:144,(anonymous_30)
FNF:8
FNH:0
FNDA:0,(anonymous_22)
FNDA:0,(anonymous_23)
FNDA:0,(anonymous_24)
FNDA:0,(anonymous_26)
FNDA:0,(anonymous_27)
FNDA:0,(anonymous_28)
FNDA:0,(anonymous_29)
FNDA:0,(anonymous_30)
DA:1,0
DA:2,0
DA:3,0
DA:4,0
DA:5,0
DA:6,0
DA:7,0
DA:8,0
DA:9,0
DA:10,0
DA:12,0
DA:14,0
DA:22,0
DA:23,0
DA:24,0
DA:25,0
DA:26,0
DA:27,0
DA:30,0
DA:31,0
DA:32,0
DA:33,0
DA:34,0
DA:36,0
DA:37,0
DA:38,0
DA:49,0
DA:50,0
DA:53,0
DA:54,0
DA:55,0
DA:57,0
DA:59,0
DA:64,0
DA:65,0
DA:77,0
DA:144,0
DA:155,0
LF:38
LH:0
BRDA:49,0,0,0
BRDA:49,0,1,0
BRDA:53,1,0,0
BRDA:53,1,1,0
BRDA:72,2,0,0
BRDA:72,2,1,0
BRDA:144,3,0,0
BRDA:144,3,1,0
BRF:8
BRH:0
end_of_record
TN:
SF:/c/Users/PaoloCattani/Workspaces/Workspaces_private/calcetto/src/components/Player/helper.js
FN:15,clearAllFilter
FN:29,(anonymous_8)
FN:30,(anonymous_9)
FN:35,(anonymous_10)
FN:38,(anonymous_11)
FN:45,(anonymous_12)
FN:48,(anonymous_13)
FN:54,(anonymous_14)
FN:58,(anonymous_15)
FN:64,(anonymous_16)
FN:72,(anonymous_17)
FN:76,(anonymous_18)
FN:88,(anonymous_19)
FN:93,(anonymous_20)
FN:98,(anonymous_21)
FN:104,(anonymous_22)
FN:113,(anonymous_23)
FN:114,(anonymous_24)
FN:126,valueFormatter
FNF:19
FNH:0
FNDA:0,clearAllFilter
FNDA:0,(anonymous_8)
FNDA:0,(anonymous_9)
FNDA:0,(anonymous_10)
FNDA:0,(anonymous_11)
FNDA:0,(anonymous_12)
FNDA:0,(anonymous_13)
FNDA:0,(anonymous_14)
FNDA:0,(anonymous_15)
FNDA:0,(anonymous_16)
FNDA:0,(anonymous_17)
FNDA:0,(anonymous_18)
FNDA:0,(anonymous_19)
FNDA:0,(anonymous_20)
FNDA:0,(anonymous_21)
FNDA:0,(anonymous_22)
FNDA:0,(anonymous_23)
FNDA:0,(anonymous_24)
FNDA:0,valueFormatter
DA:1,0
DA:2,0
DA:3,0
DA:4,0
DA:5,0
DA:6,0
DA:15,0
DA:16,0
DA:17,0
DA:18,0
DA:19,0
DA:20,0
DA:21,0
DA:22,0
DA:26,0
DA:29,0
DA:30,0
DA:35,0
DA:38,0
DA:45,0
DA:48,0
DA:54,0
DA:58,0
DA:64,0
DA:72,0
DA:77,0
DA:88,0
DA:93,0
DA:98,0
DA:104,0
DA:113,0
DA:114,0
DA:124,0
DA:126,0
DA:127,0
DA:128,0
DA:129,0
DA:130,0
DA:132,0
DA:134,0
LF:40
LH:0
BRDA:20,0,0,0
BRDA:20,0,1,0
BRDA:35,1,0,0
BRDA:35,1,1,0
BRDA:45,2,0,0
BRDA:45,2,1,0
BRDA:54,3,0,0
BRDA:54,3,1,0
BRDA:64,4,0,0
BRDA:64,4,1,0
BRDA:128,5,0,0
BRDA:128,5,1,0
BRDA:129,6,0,0
BRDA:129,6,1,0
BRDA:132,7,0,0
BRDA:132,7,1,0
BRF:16
BRH:0
end_of_record
TN:
SF:/c/Users/PaoloCattani/Workspaces/Workspaces_private/calcetto/src/components/Player/select.tsx
FN:16,(anonymous_8)
FN:19,(anonymous_9)
FN:29,(anonymous_10)
FN:30,(anonymous_11)
FNF:4
FNH:0
FNDA:0,(anonymous_8)
FNDA:0,(anonymous_9)
FNDA:0,(anonymous_10)
FNDA:0,(anonymous_11)
DA:2,0
DA:3,0
DA:15,0
DA:16,0
DA:17,0
DA:19,0
DA:20,0
DA:21,0
DA:24,0
DA:29,0
DA:30,0
DA:40,0
LF:12
LH:0
BRDA:30,0,0,0
BRDA:30,0,1,0
BRDA:30,1,0,0
BRDA:30,1,1,0
BRF:4
BRH:0
end_of_record
TN:
SF:/c/Users/PaoloCattani/Workspaces/Workspaces_private/calcetto/src/components/Player/table.tsx
FN:21,(anonymous_9)
FN:34,(anonymous_10)
FN:38,(anonymous_11)
FN:46,(anonymous_12)
FN:51,(anonymous_13)
FN:64,(anonymous_14)
FN:65,(anonymous_15)
FN:66,(anonymous_16)
FN:70,(anonymous_17)
FN:78,(anonymous_18)
FN:78,(anonymous_19)
FN:80,(anonymous_20)
FN:80,(anonymous_21)
FN:82,(anonymous_22)
FN:83,(anonymous_23)
FN:84,(anonymous_24)
FN:88,(anonymous_25)
FN:94,(anonymous_26)
FN:100,goBack
FN:133,(anonymous_28)
FNF:20
FNH:0
FNDA:0,(anonymous_9)
FNDA:0,(anonymous_10)
FNDA:0,(anonymous_11)
FNDA:0,(anonymous_12)
FNDA:0,(anonymous_13)
FNDA:0,(anonymous_14)
FNDA:0,(anonymous_15)
FNDA:0,(anonymous_16)
FNDA:0,(anonymous_17)
FNDA:0,(anonymous_18)
FNDA:0,(anonymous_19)
FNDA:0,(anonymous_20)
FNDA:0,(anonymous_21)
FNDA:0,(anonymous_22)
FNDA:0,(anonymous_23)
FNDA:0,(anonymous_24)
FNDA:0,(anonymous_25)
FNDA:0,(anonymous_26)
FNDA:0,goBack
FNDA:0,(anonymous_28)
DA:1,0
DA:2,0
DA:3,0
DA:4,0
DA:6,0
DA:7,0
DA:9,0
DA:10,0
DA:11,0
DA:13,0
DA:14,0
DA:15,0
DA:16,0
DA:17,0
DA:21,0
DA:22,0
DA:23,0
DA:24,0
DA:26,0
DA:27,0
DA:28,0
DA:29,0
DA:31,0
DA:34,0
DA:35,0
DA:38,0
DA:46,0
DA:51,0
DA:64,0
DA:65,0
DA:66,0
DA:67,0
DA:68,0
DA:70,0
DA:73,0
DA:76,0
DA:78,0
DA:80,0
DA:82,0
DA:83,0
DA:84,0
DA:85,0
DA:88,0
DA:89,0
DA:90,0
DA:91,0
DA:94,0
DA:95,0
DA:96,0
DA:97,0
DA:101,0
DA:104,0
DA:117,0
DA:133,0
DA:144,0
LF:55
LH:0
BRDA:46,0,0,0
BRDA:46,0,1,0
BRDA:56,1,0,0
BRDA:56,1,1,0
BRDA:57,2,0,0
BRDA:57,2,1,0
BRDA:67,3,0,0
BRDA:67,3,1,0
BRDA:68,4,0,0
BRDA:68,4,1,0
BRDA:70,5,0,0
BRDA:70,5,1,0
BRDA:78,6,0,0
BRDA:78,6,1,0
BRDA:83,7,0,0
BRDA:83,7,1,0
BRDA:85,8,0,0
BRDA:85,8,1,0
BRDA:95,9,0,0
BRDA:95,9,1,0
BRF:20
BRH:0
end_of_record
TN:
SF:/c/Users/PaoloCattani/Workspaces/Workspaces_private/calcetto/src/components/Stage1/editor.js
FN:10,(anonymous_2)
FN:16,(anonymous_3)
FN:18,(anonymous_4)
FN:20,(anonymous_5)
FN:44,(anonymous_6)
FN:52,(anonymous_7)
FN:63,(anonymous_8)
FN:65,(anonymous_9)
FN:82,(anonymous_10)
FN:92,(anonymous_11)
FNF:10
FNH:0
FNDA:0,(anonymous_2)
FNDA:0,(anonymous_3)
FNDA:0,(anonymous_4)
FNDA:0,(anonymous_5)
FNDA:0,(anonymous_6)
FNDA:0,(anonymous_7)
FNDA:0,(anonymous_8)
FNDA:0,(anonymous_9)
FNDA:0,(anonymous_10)
FNDA:0,(anonymous_11)
DA:1,0
DA:8,0
DA:9,0
DA:10,0
DA:11,0
DA:16,0
DA:18,0
DA:21,0
DA:22,0
DA:23,0
DA:24,0
DA:44,0
DA:45,0
DA:52,0
DA:63,0
DA:66,0
DA:72,0
DA:74,0
DA:82,0
DA:92,0
DA:96,0
LF:21
LH:0
BRDA:21,0,0,0
BRDA:21,0,1,0
BRDA:22,1,0,0
BRDA:22,1,1,0
BRDA:22,2,0,0
BRDA:22,2,1,0
BRDA:23,3,0,0
BRDA:23,3,1,0
BRDA:23,4,0,0
BRDA:23,4,1,0
BRF:10
BRH:0
end_of_record
TN:
SF:/c/Users/PaoloCattani/Workspaces/Workspaces_private/calcetto/src/components/Stage1/header.tsx
FN:8,(anonymous_1)
FNF:1
FNH:0
FNDA:0,(anonymous_1)
DA:1,0
DA:8,0
DA:9,0
DA:12,0
DA:22,0
LF:5
LH:0
BRDA:10,0,0,0
BRDA:10,0,1,0
BRDA:17,1,0,0
BRDA:17,1,1,0
BRF:4
BRH:0
end_of_record
TN:
SF:/c/Users/PaoloCattani/Workspaces/Workspaces_private/calcetto/src/components/Stage1/helper.ts
FN:10,getOpposite
FN:37,comparator
FN:57,(anonymous_2)
FN:58,(anonymous_3)
FNF:4
FNH:0
FNDA:0,getOpposite
FNDA:0,comparator
FNDA:0,(anonymous_2)
FNDA:0,(anonymous_3)
DA:10,4
DA:18,0
DA:19,0
DA:21,0
DA:23,0
DA:25,0
DA:27,0
DA:29,0
DA:37,4
DA:39,0
DA:40,0
DA:41,0
DA:43,0
DA:46,0
DA:57,4
DA:58,0
DA:59,0
DA:66,0
DA:67,0
DA:69,0
LF:20
LH:3
BRDA:18,0,0,0
BRDA:18,0,1,0
BRDA:20,1,0,0
BRDA:20,1,1,0
BRDA:20,1,2,0
BRDA:20,1,3,0
BRDA:20,1,4,0
BRDA:39,2,0,0
BRDA:39,2,1,0
BRDA:40,3,0,0
BRDA:40,3,1,0
BRDA:40,4,0,0
BRDA:40,4,1,0
BRDA:64,5,0,0
BRDA:64,5,1,0
BRF:15
BRH:0
end_of_record
TN:
SF:/c/Users/PaoloCattani/Workspaces/Workspaces_private/calcetto/src/components/Stage1/table.jsx
FN:18,(anonymous_22)
FN:33,(anonymous_23)
FN:34,(anonymous_24)
FN:44,(anonymous_27)
FN:45,(anonymous_28)
FN:56,(anonymous_29)
FN:60,(anonymous_30)
FN:66,(anonymous_31)
FN:66,(anonymous_32)
FN:84,(anonymous_34)
FN:109,(anonymous_35)
FN:110,(anonymous_36)
FN:115,(anonymous_37)
FN:120,(anonymous_38)
FN:121,(anonymous_39)
FN:126,(anonymous_40)
FN:140,(anonymous_41)
FNF:17
FNH:0
FNDA:0,(anonymous_22)
FNDA:0,(anonymous_23)
FNDA:0,(anonymous_24)
FNDA:0,(anonymous_27)
FNDA:0,(anonymous_28)
FNDA:0,(anonymous_29)
FNDA:0,(anonymous_30)
FNDA:0,(anonymous_31)
FNDA:0,(anonymous_32)
FNDA:0,(anonymous_34)
FNDA:0,(anonymous_35)
FNDA:0,(anonymous_36)
FNDA:0,(anonymous_37)
FNDA:0,(anonymous_38)
FNDA:0,(anonymous_39)
FNDA:0,(anonymous_40)
FNDA:0,(anonymous_41)
DA:1,0
DA:3,0
DA:4,0
DA:6,0
DA:7,0
DA:8,0
DA:10,0
DA:11,0
DA:13,0
DA:14,0
DA:15,0
DA:18,0
DA:19,0
DA:21,0
DA:22,0
DA:24,0
DA:25,0
DA:26,0
DA:27,0
DA:29,0
DA:32,0
DA:34,0
DA:35,0
DA:36,0
DA:41,0
DA:42,0
DA:43,0
DA:44,0
DA:45,0
DA:47,0
DA:48,0
DA:50,0
DA:56,0
DA:57,0
DA:61,0
DA:63,0
DA:66,0
DA:67,0
DA:68,0
DA:70,0
DA:81,0
DA:82,0
DA:83,0
DA:84,0
DA:88,0
DA:89,0
DA:90,0
DA:91,0
DA:92,0
DA:95,0
DA:96,0
DA:97,0
DA:98,0
DA:99,0
DA:100,0
DA:101,0
DA:103,0
DA:104,0
DA:107,0
DA:108,0
DA:109,0
DA:110,0
DA:113,0
DA:114,0
DA:115,0
DA:120,0
DA:121,0
DA:123,0
DA:124,0
DA:126,0
DA:129,0
DA:130,0
DA:131,0
DA:137,0
DA:140,0
DA:141,0
DA:142,0
DA:150,0
DA:158,0
DA:180,0
LF:80
LH:0
BRDA:42,0,0,0
BRDA:42,0,1,0
BRDA:58,1,0,0
BRDA:58,1,1,0
BRDA:61,2,0,0
BRDA:61,2,1,0
BRDA:68,3,0,0
BRDA:68,3,1,0
BRDA:82,4,0,0
BRDA:82,4,1,0
BRDA:89,5,0,0
BRDA:89,5,1,0
BRDA:89,6,0,0
BRDA:89,6,1,0
BRDA:92,7,0,0
BRDA:92,7,1,0
BRDA:98,8,0,0
BRDA:98,8,1,0
BRDA:98,9,0,0
BRDA:98,9,1,0
BRDA:101,10,0,0
BRDA:101,10,1,0
BRDA:107,11,0,0
BRDA:107,11,1,0
BRDA:121,12,0,0
BRDA:121,12,1,0
BRDA:123,13,0,0
BRDA:123,13,1,0
BRDA:124,14,0,0
BRDA:124,14,1,0
BRDA:126,15,0,0
BRDA:126,15,1,0
BRDA:141,16,0,0
BRDA:141,16,1,0
BRDA:145,17,0,0
BRDA:145,17,1,0
BRDA:155,18,0,0
BRDA:155,18,1,0
BRDA:159,19,0,0
BRDA:159,19,1,0
BRDA:170,20,0,0
BRDA:170,20,1,0
BRF:42
BRH:0
end_of_record
TN:
SF:/c/Users/PaoloCattani/Workspaces/Workspaces_private/calcetto/src/components/Stage1/wrapper.tsx
FN:21,(anonymous_5)
FN:36,goBack
FN:39,goToStage2
FN:71,(anonymous_8)
FN:97,(anonymous_9)
FN:123,renderTables
FN:129,(anonymous_11)
FN:131,(anonymous_12)
FNF:8
FNH:0
FNDA:0,(anonymous_5)
FNDA:0,goBack
FNDA:0,goToStage2
FNDA:0,(anonymous_8)
FNDA:0,(anonymous_9)
FNDA:0,renderTables
FNDA:0,(anonymous_11)
FNDA:0,(anonymous_12)
DA:2,0
DA:3,0
DA:4,0
DA:5,0
DA:7,0
DA:8,0
DA:9,0
DA:11,0
DA:12,0
DA:13,0
DA:14,0
DA:16,0
DA:21,0
DA:22,0
DA:23,0
DA:26,0
DA:28,0
DA:30,0
DA:32,0
DA:34,0
DA:37,0
DA:44,0
DA:45,0
DA:46,0
DA:49,0
DA:50,0
DA:51,0
DA:52,0
DA:54,0
DA:55,0
DA:58,0
DA:60,0
DA:71,0
DA:98,0
DA:112,0
DA:121,0
DA:124,0
DA:125,0
DA:126,0
DA:128,0
DA:129,0
DA:133,0
DA:134,0
DA:135,0
DA:136,0
DA:137,0
DA:139,0
DA:141,0
DA:142,0
DA:146,0
LF:50
LH:0
BRDA:37,0,0,0
BRDA:37,0,1,0
BRDA:44,1,0,0
BRDA:44,1,1,0
BRDA:44,2,0,0
BRDA:44,2,1,0
BRDA:50,3,0,0
BRDA:50,3,1,0
BRDA:50,4,0,0
BRDA:50,4,1,0
BRDA:68,5,0,0
BRDA:68,5,1,0
BRDA:72,6,0,0
BRDA:72,6,1,0
BRDA:72,6,2,0
BRDA:83,7,0,0
BRDA:83,7,1,0
BRDA:94,8,0,0
BRDA:94,8,1,0
BRDA:105,9,0,0
BRDA:105,9,1,0
BRDA:116,10,0,0
BRDA:116,10,1,0
BRDA:133,11,0,0
BRDA:133,11,1,0
BRDA:134,12,0,0
BRDA:134,12,1,0
BRDA:141,13,0,0
BRDA:141,13,1,0
BRF:29
BRH:0
end_of_record
TN:
SF:/c/Users/PaoloCattani/Workspaces/Workspaces_private/calcetto/src/components/Stage2/cell.tsx
FN:22,(anonymous_1)
FN:60,(anonymous_2)
FNF:2
FNH:0
FNDA:0,(anonymous_1)
FNDA:0,(anonymous_2)
DA:1,0
DA:2,0
DA:3,0
DA:4,0
DA:22,0
DA:23,0
DA:24,0
DA:25,0
DA:26,0
DA:27,0
DA:28,0
DA:29,0
DA:30,0
DA:31,0
DA:32,0
DA:35,0
DA:36,0
DA:38,0
DA:60,0
DA:70,0
LF:20
LH:0
BRDA:35,0,0,0
BRDA:35,0,1,0
BRDA:36,1,0,0
BRDA:36,1,1,0
BRDA:39,2,0,0
BRDA:39,2,1,0
BRDA:45,3,0,0
BRDA:45,3,1,0
BRDA:49,4,0,0
BRDA:49,4,1,0
BRDA:49,5,0,0
BRDA:49,5,1,0
BRDA:49,6,0,0
BRDA:49,6,1,0
BRDA:49,7,0,0
BRDA:49,7,1,0
BRDA:49,8,0,0
BRDA:49,8,1,0
BRF:18
BRH:0
end_of_record
TN:
SF:/c/Users/PaoloCattani/Workspaces/Workspaces_private/calcetto/src/components/Stage2/handler.tsx
FN:20,(anonymous_22)
FN:31,goBack
FN:35,(anonymous_24)
FN:36,(anonymous_25)
FN:46,(anonymous_28)
FN:74,(anonymous_29)
FN:85,(anonymous_30)
FNF:7
FNH:0
FNDA:0,(anonymous_22)
FNDA:0,goBack
FNDA:0,(anonymous_24)
FNDA:0,(anonymous_25)
FNDA:0,(anonymous_28)
FNDA:0,(anonymous_29)
FNDA:0,(anonymous_30)
DA:1,0
DA:2,0
DA:3,0
DA:4,0
DA:5,0
DA:6,0
DA:7,0
DA:8,0
DA:9,0
DA:10,0
DA:11,0
DA:12,0
DA:20,0
DA:21,0
DA:22,0
DA:24,0
DA:25,0
DA:26,0
DA:27,0
DA:29,0
DA:32,0
DA:35,0
DA:36,0
DA:37,0
DA:38,0
DA:39,0
DA:40,0
DA:46,0
DA:47,0
DA:49,0
DA:50,0
DA:52,0
DA:53,0
DA:54,0
DA:55,0
DA:57,0
DA:58,0
DA:60,0
DA:61,0
DA:63,0
DA:64,0
DA:65,0
DA:66,0
DA:67,0
DA:68,0
DA:69,0
DA:74,0
DA:75,0
DA:76,0
DA:78,0
DA:79,0
DA:80,0
DA:81,0
DA:84,0
DA:85,0
DA:88,0
DA:89,0
DA:91,0
DA:92,0
DA:93,0
DA:94,0
DA:98,0
DA:124,0
LF:63
LH:0
BRDA:53,0,0,0
BRDA:53,0,1,0
BRDA:65,1,0,0
BRDA:65,1,1,0
BRDA:65,2,0,0
BRDA:65,2,1,0
BRDA:68,3,0,0
BRDA:68,3,1,0
BRDA:75,4,0,0
BRDA:75,4,1,0
BRDA:84,5,0,0
BRDA:84,5,1,0
BRDA:84,6,0,0
BRDA:84,6,1,0
BRDA:88,7,0,0
BRDA:88,7,1,0
BRDA:88,8,0,0
BRDA:88,8,1,0
BRDA:99,9,0,0
BRDA:99,9,1,0
BRDA:98,10,0,0
BRDA:98,10,1,0
BRDA:98,10,2,0
BRF:23
BRH:0
end_of_record
TN:
SF:/c/Users/PaoloCattani/Workspaces/Workspaces_private/calcetto/src/components/Stage2/helper.tsx
FN:13,(anonymous_0)
FN:32,(anonymous_1)
FNF:2
FNH:0
FNDA:0,(anonymous_0)
FNDA:0,(anonymous_1)
DA:1,0
DA:13,0
DA:14,0
DA:19,0
DA:20,0
DA:21,0
DA:22,0
DA:23,0
DA:24,0
DA:25,0
DA:26,0
DA:29,0
DA:32,0
LF:13
LH:0
BRDA:22,0,0,0
BRDA:22,0,1,0
BRF:2
BRH:0
end_of_record
TN:
SF:/c/Users/PaoloCattani/Workspaces/Workspaces_private/calcetto/src/components/Stage2/table.tsx
FN:21,(anonymous_3)
FN:42,getTableHeaderElements
FN:60,getTableBodyRows
FN:75,(anonymous_6)
FN:77,(anonymous_7)
FN:81,(anonymous_8)
FN:82,(anonymous_9)
FN:89,(anonymous_10)
FN:147,(anonymous_11)
FNF:9
FNH:0
FNDA:0,(anonymous_3)
FNDA:0,getTableHeaderElements
FNDA:0,getTableBodyRows
FNDA:0,(anonymous_6)
FNDA:0,(anonymous_7)
FNDA:0,(anonymous_8)
FNDA:0,(anonymous_9)
FNDA:0,(anonymous_10)
FNDA:0,(anonymous_11)
DA:1,0
DA:2,0
DA:3,0
DA:4,0
DA:5,0
DA:6,0
DA:21,0
DA:26,0
DA:27,0
DA:28,0
DA:30,0
DA:40,0
DA:43,0
DA:44,0
DA:45,0
DA:57,0
DA:69,0
DA:71,0
DA:73,0
DA:75,0
DA:76,0
DA:77,0
DA:81,0
DA:82,0
DA:89,0
DA:90,0
DA:102,0
DA:103,0
DA:116,0
DA:117,0
DA:118,0
DA:119,0
DA:120,0
DA:121,0
DA:135,0
DA:141,0
DA:147,0
DA:148,0
LF:38
LH:0
BRDA:21,0,0,0
BRDA:21,0,1,0
BRDA:91,1,0,0
BRDA:91,1,1,0
BRDA:92,2,0,0
BRDA:92,2,1,0
BRDA:92,3,0,0
BRDA:92,3,1,0
BRDA:92,4,0,0
BRDA:92,4,1,0
BRDA:92,5,0,0
BRDA:92,5,1,0
BRDA:92,6,0,0
BRDA:92,6,1,0
BRDA:120,7,0,0
BRDA:120,7,1,0
BRDA:123,8,0,0
BRDA:123,8,1,0
BRDA:148,9,0,0
BRDA:148,9,1,0
BRDA:148,9,2,0
BRDA:150,10,0,0
BRDA:150,10,1,0
BRDA:150,11,0,0
BRDA:150,11,1,0
BRDA:150,11,2,0
BRDA:151,12,0,0
BRDA:151,12,1,0
BRDA:151,12,2,0
BRF:29
BRH:0
end_of_record
TN:
SF:/c/Users/PaoloCattani/Workspaces/Workspaces_private/calcetto/src/components/Swagger/Swagger.tsx
FN:9,(anonymous_1)
FNF:1
FNH:0
FNDA:0,(anonymous_1)
DA:1,0
DA:2,0
DA:3,0
DA:5,0
DA:6,0
DA:9,0
LF:6
LH:0
BRF:0
BRH:0
end_of_record
TN:
SF:/c/Users/PaoloCattani/Workspaces/Workspaces_private/calcetto/src/components/Tournament/badge.tsx
FN:9,(anonymous_1)
FNF:1
FNH:0
FNDA:0,(anonymous_1)
DA:1,0
DA:2,0
DA:3,0
DA:4,0
DA:5,0
DA:6,0
DA:9,0
DA:10,0
DA:11,0
DA:12,0
DA:32,0
LF:11
LH:0
BRF:0
BRH:0
end_of_record
TN:
SF:/c/Users/PaoloCattani/Workspaces/Workspaces_private/calcetto/src/components/Tournament/helper.tsx
FN:4,getEmptyTournament
FN:21,(anonymous_4)
FNF:2
FNH:1
FNDA:0,getEmptyTournament
FNDA:3,(anonymous_4)
DA:1,1
DA:2,1
DA:4,1
DA:5,0
DA:21,3
DA:22,1
DA:30,1
LF:7
LH:6
BRDA:7,0,0,0
BRDA:7,0,1,0
BRDA:13,1,0,0
BRDA:13,1,1,0
BRF:4
BRH:0
end_of_record
TN:
SF:/c/Users/PaoloCattani/Workspaces/Workspaces_private/calcetto/src/components/Tournament/new.tsx
FN:16,(anonymous_21)
FN:25,(anonymous_22)
FN:25,(anonymous_23)
FN:51,(anonymous_25)
FN:59,(anonymous_26)
FN:65,(anonymous_27)
FN:75,(anonymous_28)
FNF:7
FNH:0
FNDA:0,(anonymous_21)
FNDA:0,(anonymous_22)
FNDA:0,(anonymous_23)
FNDA:0,(anonymous_25)
FNDA:0,(anonymous_26)
FNDA:0,(anonymous_27)
FNDA:0,(anonymous_28)
DA:1,1
DA:2,1
DA:5,1
DA:6,1
DA:7,1
DA:8,1
DA:9,1
DA:10,1
DA:12,1
DA:16,1
DA:17,0
DA:18,0
DA:19,0
DA:21,0
DA:22,0
DA:23,0
DA:25,0
DA:26,0
DA:27,0
DA:28,0
DA:29,0
DA:32,0
DA:33,0
DA:34,0
DA:35,0
DA:38,0
DA:51,0
DA:59,0
DA:65,0
DA:75,0
DA:93,1
LF:31
LH:11
BRDA:27,0,0,0
BRDA:27,0,1,0
BRDA:65,1,0,0
BRDA:65,1,1,0
BRF:4
BRH:0
end_of_record
TN:
SF:/c/Users/PaoloCattani/Workspaces/Workspaces_private/calcetto/src/components/Tournament/select.tsx
FN:22,(anonymous_23)
FN:36,(anonymous_24)
FN:43,(anonymous_25)
FN:43,(anonymous_26)
FN:55,(anonymous_28)
FN:62,(anonymous_29)
FN:86,(anonymous_30)
FN:90,(anonymous_31)
FN:107,(anonymous_32)
FN:115,(anonymous_33)
FN:125,(anonymous_34)
FN:151,(anonymous_35)
FN:160,(anonymous_36)
FN:161,(anonymous_37)
FN:163,(anonymous_38)
FNF:15
FNH:8
FNDA:4,(anonymous_23)
FNDA:3,(anonymous_24)
FNDA:0,(anonymous_25)
FNDA:0,(anonymous_26)
FNDA:0,(anonymous_28)
FNDA:3,(anonymous_29)
FNDA:3,(anonymous_30)
FNDA:0,(anonymous_31)
FNDA:3,(anonymous_32)
FNDA:0,(anonymous_33)
FNDA:0,(anonymous_34)
FNDA:0,(anonymous_35)
FNDA:3,(anonymous_36)
FNDA:3,(anonymous_37)
FNDA:3,(anonymous_38)
DA:1,1
DA:3,1
DA:5,1
DA:6,1
DA:8,1
DA:10,1
DA:11,1
DA:12,1
DA:14,1
DA:15,1
DA:16,1
DA:17,1
DA:18,1
DA:19,1
DA:22,1
DA:24,4
DA:25,4
DA:26,4
DA:28,3
DA:31,3
DA:32,3
DA:35,3
DA:36,3
DA:37,3
DA:38,0
DA:43,3
DA:44,0
DA:45,0
DA:46,0
DA:47,0
DA:49,0
DA:50,0
DA:52,0
DA:55,3
DA:56,0
DA:57,0
DA:62,3
DA:64,3
DA:65,0
DA:71,3
DA:72,0
DA:74,3
DA:86,3
DA:87,3
DA:90,0
DA:107,3
DA:108,3
DA:115,0
DA:125,0
DA:132,3
DA:147,1
DA:149,1
DA:151,0
DA:160,3
DA:161,3
DA:163,3
LF:56
LH:40
BRDA:37,0,0,0
BRDA:37,0,1,3
BRDA:37,1,0,3
BRDA:37,1,1,3
BRDA:45,2,0,0
BRDA:45,2,1,0
BRDA:46,3,0,0
BRDA:46,3,1,0
BRDA:64,4,0,0
BRDA:64,4,1,3
BRDA:64,5,0,3
BRDA:64,5,1,3
BRDA:64,5,2,0
BRDA:71,6,0,0
BRDA:71,6,1,3
BRDA:71,7,0,3
BRDA:71,7,1,1
BRDA:109,8,0,1
BRDA:109,8,1,2
BRDA:110,9,0,0
BRDA:110,9,1,1
BRF:21
BRH:12
end_of_record
TN:
SF:/c/Users/PaoloCattani/Workspaces/Workspaces_private/calcetto/src/components/core/errorBoundary.tsx
FN:12,(anonymous_7)
FN:15,(anonymous_9)
FN:22,(anonymous_10)
FNF:3
FNH:1
FNDA:1,(anonymous_7)
FNDA:0,(anonymous_9)
FNDA:0,(anonymous_10)
DA:1,1
DA:12,1
DA:13,0
DA:15,1
DA:16,0
DA:22,1
DA:23,0
DA:24,0
DA:25,0
DA:27,0
DA:34,0
DA:41,0
DA:43,1
DA:45,1
LF:14
LH:6
BRDA:12,0,0,0
BRDA:12,0,1,0
BRDA:12,0,2,0
BRDA:25,1,0,0
BRDA:25,1,1,0
BRDA:28,2,0,0
BRDA:28,2,1,0
BRDA:29,3,0,0
BRDA:29,3,1,0
BRF:9
BRH:0
end_of_record
TN:
SF:/c/Users/PaoloCattani/Workspaces/Workspaces_private/calcetto/src/components/core/icons.tsx
FN:27,(anonymous_1)
FN:67,(anonymous_2)
FN:72,(anonymous_3)
FN:75,(anonymous_4)
FN:80,(anonymous_5)
FN:83,(anonymous_6)
FN:86,(anonymous_7)
FN:89,(anonymous_8)
FN:92,(anonymous_9)
FN:95,(anonymous_10)
FN:98,(anonymous_11)
FN:101,(anonymous_12)
FN:104,(anonymous_13)
FN:107,(anonymous_14)
FN:110,(anonymous_15)
FN:113,(anonymous_16)
FN:116,(anonymous_17)
FN:119,(anonymous_18)
FN:122,(anonymous_19)
FN:125,(anonymous_20)
FN:128,(anonymous_21)
FNF:21
FNH:3
FNDA:4,(anonymous_1)
FNDA:3,(anonymous_2)
FNDA:0,(anonymous_3)
FNDA:0,(anonymous_4)
FNDA:0,(anonymous_5)
FNDA:0,(anonymous_6)
FNDA:0,(anonymous_7)
FNDA:0,(anonymous_8)
FNDA:0,(anonymous_9)
FNDA:0,(anonymous_10)
FNDA:0,(anonymous_11)
FNDA:0,(anonymous_12)
FNDA:3,(anonymous_13)
FNDA:0,(anonymous_14)
FNDA:0,(anonymous_15)
FNDA:0,(anonymous_16)
FNDA:0,(anonymous_17)
FNDA:0,(anonymous_18)
FNDA:0,(anonymous_19)
FNDA:0,(anonymous_20)
FNDA:0,(anonymous_21)
DA:1,4
DA:2,4
DA:3,4
DA:5,4
DA:6,4
DA:25,4
DA:27,4
DA:28,4
DA:63,4
DA:64,4
DA:67,4
DA:72,4
DA:75,4
DA:80,4
DA:83,4
DA:86,4
DA:89,4
DA:92,4
DA:95,4
DA:98,4
DA:101,4
DA:104,4
DA:107,4
DA:110,4
DA:113,4
DA:116,4
DA:119,4
DA:122,4
DA:125,4
DA:128,4
LF:30
LH:30
BRF:0
BRH:0
end_of_record
TN:
SF:/c/Users/PaoloCattani/Workspaces/Workspaces_private/calcetto/src/components/core/generic/Commons.tsx
FN:27,(anonymous_1)
FN:31,(anonymous_2)
FN:52,(anonymous_3)
FN:56,(anonymous_4)
FN:74,(anonymous_5)
FN:79,(anonymous_6)
FN:98,(anonymous_7)
FN:111,RedirectionControl
FNF:8
FNH:1
FNDA:17,(anonymous_1)
FNDA:0,(anonymous_2)
FNDA:0,(anonymous_3)
FNDA:0,(anonymous_4)
FNDA:0,(anonymous_5)
FNDA:0,(anonymous_6)
FNDA:0,(anonymous_7)
FNDA:0,RedirectionControl
DA:1,4
DA:2,4
DA:3,4
DA:4,4
DA:6,4
DA:8,4
DA:27,4
DA:28,17
DA:29,17
DA:30,17
DA:31,17
DA:32,17
DA:52,4
DA:53,0
DA:54,0
DA:55,0
DA:56,0
DA:57,0
DA:58,0
DA:74,0
DA:79,0
DA:98,4
DA:99,0
DA:111,4
DA:112,0
DA:113,0
LF:26
LH:15
BRDA:28,0,0,17
BRDA:28,0,1,0
BRDA:29,1,0,17
BRDA:29,1,1,0
BRDA:30,2,0,3
BRDA:30,2,1,14
BRDA:31,3,0,17
BRDA:31,3,1,0
BRDA:56,4,0,0
BRDA:56,4,1,0
BRDA:100,5,0,0
BRDA:100,5,1,0
BRDA:99,6,0,0
BRDA:99,6,1,0
BRF:14
BRH:5
end_of_record
TN:
SF:/c/Users/PaoloCattani/Workspaces/Workspaces_private/calcetto/src/components/core/generic/Emoji.tsx
FN:8,(anonymous_1)
FNF:1
FNH:0
FNDA:0,(anonymous_1)
DA:1,0
DA:8,0
DA:13,0
LF:3
LH:0
BRDA:9,0,0,0
BRDA:9,0,1,0
BRDA:9,1,0,0
BRDA:9,1,1,0
BRF:4
BRH:0
end_of_record
TN:
SF:/c/Users/PaoloCattani/Workspaces/Workspaces_private/calcetto/src/components/core/generic/Input.tsx
FN:16,(anonymous_1)
FNF:1
FNH:1
FNDA:64,(anonymous_1)
DA:1,2
DA:2,2
DA:16,2
DA:17,64
DA:18,64
DA:19,64
DA:20,64
DA:21,64
DA:22,64
DA:23,64
DA:24,64
DA:25,64
DA:26,64
LF:13
LH:13
BRDA:20,0,0,8
BRDA:20,0,1,56
BRDA:28,1,0,64
BRDA:28,1,1,0
BRDA:30,2,0,0
BRDA:30,2,1,64
BRDA:31,3,0,0
BRDA:31,3,1,64
BRF:8
BRH:5
end_of_record
TN:
SF:/c/Users/PaoloCattani/Workspaces/Workspaces_private/calcetto/src/components/core/generic/Modal.tsx
FN:13,(anonymous_1)
FN:15,(anonymous_2)
FNF:2
FNH:0
FNDA:0,(anonymous_1)
FNDA:0,(anonymous_2)
DA:1,0
DA:2,0
DA:13,0
DA:14,0
DA:15,0
DA:16,0
DA:26,0
LF:7
LH:0
BRDA:15,0,0,0
BRDA:15,0,1,0
BRDA:17,1,0,0
BRDA:17,1,1,0
BRF:4
BRH:0
end_of_record
TN:
SF:/c/Users/PaoloCattani/Workspaces/Workspaces_private/calcetto/src/components/core/generic/TableHeader.tsx
FN:8,(anonymous_1)
FNF:1
FNH:0
FNDA:0,(anonymous_1)
DA:1,0
DA:2,0
DA:8,0
DA:9,0
DA:12,0
DA:13,0
DA:21,0
LF:7
LH:0
BRDA:10,0,0,0
BRDA:10,0,1,0
BRDA:15,1,0,0
BRDA:15,1,1,0
BRDA:16,2,0,0
BRDA:16,2,1,0
BRF:6
BRH:0
end_of_record
TN:
SF:/c/Users/PaoloCattani/Workspaces/Workspaces_private/calcetto/src/components/core/hooks/InputHook.ts
FN:6,(anonymous_1)
FN:11,(anonymous_2)
FN:14,(anonymous_3)
FNF:3
FNH:2
FNDA:68,(anonymous_1)
FNDA:0,(anonymous_2)
FNDA:19,(anonymous_3)
DA:1,2
DA:6,2
DA:7,68
DA:8,68
DA:11,0
DA:14,19
LF:6
LH:5
BRF:0
BRH:0
end_of_record
TN:
SF:/c/Users/PaoloCattani/Workspaces/Workspaces_private/calcetto/src/components/core/routing/ProtectedRoute.tsx
FN:12,(anonymous_8)
FN:19,(anonymous_9)
FNF:2
FNH:0
FNDA:0,(anonymous_8)
FNDA:0,(anonymous_9)
DA:3,1
DA:4,1
DA:5,1
DA:6,1
DA:7,1
DA:8,1
DA:9,1
DA:12,1
DA:13,0
DA:14,0
DA:15,0
DA:16,0
DA:20,0
DA:21,0
DA:23,0
DA:24,0
DA:25,0
DA:29,0
DA:30,0
DA:31,0
DA:35,0
DA:36,0
DA:37,0
DA:43,0
DA:44,0
DA:49,1
LF:26
LH:9
BRDA:23,0,0,0
BRDA:23,0,1,0
BRDA:23,1,0,0
BRDA:23,1,1,0
BRDA:29,2,0,0
BRDA:29,2,1,0
BRDA:35,3,0,0
BRDA:35,3,1,0
BRF:8
BRH:0
end_of_record
TN:
SF:/c/Users/PaoloCattani/Workspaces/Workspaces_private/calcetto/src/components/core/routing/Routes.ts
FN:4,(anonymous_6)
FN:4,(anonymous_7)
FN:5,(anonymous_8)
FN:5,(anonymous_9)
FN:6,(anonymous_10)
FN:6,(anonymous_11)
FN:7,(anonymous_12)
FN:7,(anonymous_13)
FN:8,(anonymous_14)
FN:8,(anonymous_15)
FN:9,(anonymous_16)
FN:9,(anonymous_17)
FN:10,(anonymous_18)
FN:10,(anonymous_19)
FN:11,(anonymous_20)
FN:11,(anonymous_21)
FN:12,(anonymous_22)
FN:12,(anonymous_23)
FN:13,(anonymous_24)
FN:14,(anonymous_25)
FN:14,(anonymous_26)
FN:126,getLabelByPathname
FN:127,(anonymous_28)
FN:131,getRouteByPathname
FN:132,(anonymous_30)
FNF:25
FNH:0
FNDA:0,(anonymous_6)
FNDA:0,(anonymous_7)
FNDA:0,(anonymous_8)
FNDA:0,(anonymous_9)
FNDA:0,(anonymous_10)
FNDA:0,(anonymous_11)
FNDA:0,(anonymous_12)
FNDA:0,(anonymous_13)
FNDA:0,(anonymous_14)
FNDA:0,(anonymous_15)
FNDA:0,(anonymous_16)
FNDA:0,(anonymous_17)
FNDA:0,(anonymous_18)
FNDA:0,(anonymous_19)
FNDA:0,(anonymous_20)
FNDA:0,(anonymous_21)
FNDA:0,(anonymous_22)
FNDA:0,(anonymous_23)
FNDA:0,(anonymous_24)
FNDA:0,(anonymous_25)
FNDA:0,(anonymous_26)
FNDA:0,getLabelByPathname
FNDA:0,(anonymous_28)
FNDA:0,getRouteByPathname
FNDA:0,(anonymous_30)
DA:1,1
DA:2,1
DA:4,1
DA:5,1
DA:6,1
DA:7,1
DA:8,1
DA:9,1
DA:10,1
DA:11,1
DA:12,1
DA:13,1
DA:14,0
DA:29,1
DA:124,1
DA:126,1
DA:127,0
DA:128,0
DA:131,1
DA:132,0
LF:20
LH:16
BRDA:128,0,0,0
BRDA:128,0,1,0
BRF:2
BRH:0
end_of_record
TN:
SF:/c/Users/PaoloCattani/Workspaces/Workspaces_private/calcetto/src/i18n/i18n.ts
FN:50,(anonymous_1)
FNF:1
FNH:0
FNDA:0,(anonymous_1)
DA:1,4
DA:2,4
DA:3,4
DA:4,4
DA:7,4
DA:48,4
DA:50,4
LF:7
LH:7
BRDA:50,0,0,0
BRDA:50,0,1,0
BRF:2
BRH:0
end_of_record
TN:
SF:/c/Users/PaoloCattani/Workspaces/Workspaces_private/calcetto/src/redux/store.ts
FN:70,(anonymous_9)
FN:87,rootSagas
FNF:2
FNH:2
FNDA:13,(anonymous_9)
FNDA:4,rootSagas
DA:1,4
DA:2,4
DA:3,4
DA:4,4
DA:5,4
DA:7,4
DA:21,4
DA:22,4
DA:30,4
DA:38,4
DA:40,4
DA:49,4
DA:59,4
DA:70,22
DA:71,13
DA:84,4
DA:88,8
DA:91,4
LF:18
LH:18
BRDA:30,0,0,4
BRDA:30,0,1,4
BRDA:30,0,2,0
BRDA:30,0,3,4
BRDA:70,1,0,9
BRDA:70,1,1,4
BRDA:88,2,0,4
BRF:7
BRH:6
end_of_record
TN:
SF:/c/Users/PaoloCattani/Workspaces/Workspaces_private/calcetto/src/redux/actions/auth.action.ts
FNF:0
FNH:0
DA:1,4
DA:2,4
DA:15,4
DA:17,4
LF:4
LH:4
BRF:0
BRH:0
end_of_record
TN:
SF:/c/Users/PaoloCattani/Workspaces/Workspaces_private/calcetto/src/redux/actions/constants.ts
FN:8,(anonymous_0)
FN:14,(anonymous_1)
FNF:2
FNH:2
FNDA:92,(anonymous_0)
FNDA:20,(anonymous_1)
DA:3,4
DA:4,4
DA:5,4
DA:6,4
DA:8,92
DA:14,20
LF:6
LH:6
BRF:0
BRH:0
end_of_record
TN:
SF:/c/Users/PaoloCattani/Workspaces/Workspaces_private/calcetto/src/redux/actions/index.ts
FNF:0
FNH:0
DA:1,4
DA:2,4
DA:3,4
DA:4,4
DA:5,4
DA:6,4
LF:6
LH:6
BRF:0
BRH:0
end_of_record
TN:
SF:/c/Users/PaoloCattani/Workspaces/Workspaces_private/calcetto/src/redux/actions/pair.action.ts
FNF:0
FNH:0
DA:1,4
DA:2,4
DA:5,4
DA:7,4
LF:4
LH:4
BRF:0
BRH:0
end_of_record
TN:
SF:/c/Users/PaoloCattani/Workspaces/Workspaces_private/calcetto/src/redux/actions/player.action.ts
FNF:0
FNH:0
DA:1,4
DA:2,4
DA:14,4
DA:15,4
LF:4
LH:4
BRF:0
BRH:0
end_of_record
TN:
SF:/c/Users/PaoloCattani/Workspaces/Workspaces_private/calcetto/src/redux/actions/stage1.action.ts
FNF:0
FNH:0
DA:1,4
DA:14,4
DA:16,4
DA:18,4
LF:4
LH:4
BRF:0
BRH:0
end_of_record
TN:
SF:/c/Users/PaoloCattani/Workspaces/Workspaces_private/calcetto/src/redux/actions/stage2.action.ts
FNF:0
FNH:0
DA:1,4
DA:10,4
DA:13,4
DA:15,4
LF:4
LH:4
BRF:0
BRH:0
end_of_record
TN:
SF:/c/Users/PaoloCattani/Workspaces/Workspaces_private/calcetto/src/redux/actions/tournament.action.ts
FNF:0
FNH:0
DA:10,4
DA:11,4
DA:14,4
DA:16,4
LF:4
LH:4
BRF:0
BRH:0
end_of_record
TN:
SF:/c/Users/PaoloCattani/Workspaces/Workspaces_private/calcetto/src/redux/reducers/auth.reducer.ts
FN:23,(anonymous_2)
FN:28,(anonymous_3)
FN:35,(anonymous_4)
FN:50,(anonymous_5)
FN:57,(anonymous_6)
FNF:5
FNH:0
FNDA:0,(anonymous_2)
FNDA:0,(anonymous_3)
FNDA:0,(anonymous_4)
FNDA:0,(anonymous_5)
FNDA:0,(anonymous_6)
DA:1,4
DA:3,4
DA:4,4
DA:6,4
DA:12,4
DA:23,0
DA:28,0
DA:35,0
DA:50,0
DA:57,0
LF:10
LH:5
BRDA:53,0,0,0
BRDA:53,0,1,0
BRF:2
BRH:0
end_of_record
TN:
SF:/c/Users/PaoloCattani/Workspaces/Workspaces_private/calcetto/src/redux/reducers/index.ts
FNF:0
FNH:0
DA:1,4
DA:2,4
DA:3,4
DA:4,4
DA:5,4
DA:6,4
LF:6
LH:6
BRF:0
BRH:0
end_of_record
TN:
SF:/c/Users/PaoloCattani/Workspaces/Workspaces_private/calcetto/src/redux/reducers/pair.reducer.ts
FN:11,(anonymous_2)
FN:17,(anonymous_3)
FN:23,(anonymous_4)
FN:28,(anonymous_5)
FNF:4
FNH:0
FNDA:0,(anonymous_2)
FNDA:0,(anonymous_3)
FNDA:0,(anonymous_4)
FNDA:0,(anonymous_5)
DA:1,4
DA:3,4
DA:5,4
DA:9,4
DA:11,0
DA:17,0
DA:23,0
DA:28,0
LF:8
LH:4
BRF:0
BRH:0
end_of_record
TN:
SF:/c/Users/PaoloCattani/Workspaces/Workspaces_private/calcetto/src/redux/reducers/player.reducer.ts
FN:13,(anonymous_4)
FN:20,(anonymous_5)
FN:34,(anonymous_6)
FN:40,(anonymous_7)
FN:45,(anonymous_8)
FN:46,(anonymous_9)
FN:46,(anonymous_10)
FN:50,(anonymous_11)
FN:51,(anonymous_12)
FN:55,(anonymous_13)
FN:56,(anonymous_14)
FNF:11
FNH:0
FNDA:0,(anonymous_4)
FNDA:0,(anonymous_5)
FNDA:0,(anonymous_6)
FNDA:0,(anonymous_7)
FNDA:0,(anonymous_8)
FNDA:0,(anonymous_9)
FNDA:0,(anonymous_10)
FNDA:0,(anonymous_11)
FNDA:0,(anonymous_12)
FNDA:0,(anonymous_13)
FNDA:0,(anonymous_14)
DA:1,4
DA:3,4
DA:5,4
DA:11,4
DA:13,0
DA:20,0
DA:34,0
DA:40,0
DA:45,0
DA:46,0
DA:50,0
DA:51,0
DA:55,0
DA:56,0
LF:14
LH:4
BRF:0
BRH:0
end_of_record
TN:
SF:/c/Users/PaoloCattani/Workspaces/Workspaces_private/calcetto/src/redux/reducers/stage1.reducer.ts
FN:17,(anonymous_4)
FN:18,(anonymous_5)
FN:19,(anonymous_6)
FN:21,(anonymous_7)
FN:25,(anonymous_8)
FN:30,(anonymous_9)
FN:35,(anonymous_10)
FN:36,(anonymous_11)
FN:43,(anonymous_12)
FN:48,(anonymous_13)
FN:57,(anonymous_14)
FN:58,(anonymous_15)
FN:60,(anonymous_16)
FN:69,(anonymous_17)
FNF:14
FNH:0
FNDA:0,(anonymous_4)
FNDA:0,(anonymous_5)
FNDA:0,(anonymous_6)
FNDA:0,(anonymous_7)
FNDA:0,(anonymous_8)
FNDA:0,(anonymous_9)
FNDA:0,(anonymous_10)
FNDA:0,(anonymous_11)
FNDA:0,(anonymous_12)
FNDA:0,(anonymous_13)
FNDA:0,(anonymous_14)
FNDA:0,(anonymous_15)
FNDA:0,(anonymous_16)
FNDA:0,(anonymous_17)
DA:1,4
DA:3,4
DA:4,4
DA:7,4
DA:14,4
DA:17,0
DA:18,0
DA:19,0
DA:21,0
DA:25,0
DA:30,0
DA:35,0
DA:36,0
DA:38,0
DA:41,0
DA:43,0
DA:48,0
DA:49,0
DA:50,0
DA:52,0
DA:57,0
DA:58,0
DA:60,0
DA:62,0
DA:69,0
LF:25
LH:5
BRDA:39,0,0,0
BRDA:39,0,1,0
BRDA:38,1,0,0
BRDA:38,1,1,0
BRDA:49,2,0,0
BRDA:49,2,1,0
BRDA:53,3,0,0
BRDA:53,3,1,0
BRDA:57,4,0,0
BRDA:57,4,1,0
BRF:10
BRH:0
end_of_record
TN:
SF:/c/Users/PaoloCattani/Workspaces/Workspaces_private/calcetto/src/redux/reducers/stage2.reducer.ts
FN:11,(anonymous_2)
FN:16,(anonymous_3)
FN:22,(anonymous_4)
FN:27,(anonymous_5)
FN:32,(anonymous_6)
FN:36,(anonymous_7)
FN:40,(anonymous_8)
FNF:7
FNH:0
FNDA:0,(anonymous_2)
FNDA:0,(anonymous_3)
FNDA:0,(anonymous_4)
FNDA:0,(anonymous_5)
FNDA:0,(anonymous_6)
FNDA:0,(anonymous_7)
FNDA:0,(anonymous_8)
DA:1,4
DA:3,4
DA:5,4
DA:9,4
DA:11,0
DA:16,0
DA:22,0
DA:27,0
DA:32,0
DA:36,0
DA:40,0
LF:11
LH:4
BRF:0
BRH:0
end_of_record
TN:
SF:/c/Users/PaoloCattani/Workspaces/Workspaces_private/calcetto/src/redux/reducers/tournament.reducer.ts
FN:15,(anonymous_2)
FN:23,(anonymous_3)
FN:27,(anonymous_4)
FN:33,(anonymous_5)
FN:41,(anonymous_6)
FN:47,(anonymous_7)
FNF:6
FNH:0
FNDA:0,(anonymous_2)
FNDA:0,(anonymous_3)
FNDA:0,(anonymous_4)
FNDA:0,(anonymous_5)
FNDA:0,(anonymous_6)
FNDA:0,(anonymous_7)
DA:1,4
DA:2,4
DA:5,4
DA:11,4
DA:15,0
DA:23,0
DA:27,0
DA:33,0
DA:41,0
DA:47,0
LF:10
LH:4
BRDA:28,0,0,0
BRDA:28,0,1,0
BRDA:28,1,0,0
BRDA:28,1,1,0
BRDA:29,2,0,0
BRDA:29,2,1,0
BRF:6
BRH:0
end_of_record
TN:
SF:/c/Users/PaoloCattani/Workspaces/Workspaces_private/calcetto/src/redux/sagas/auth.saga.ts
FN:22,checkAuthenticationSaga
FN:45,watchSessionSaga
FN:74,logoutSaga
FN:100,loginSaga
FN:120,registrationSaga
FN:135,(anonymous_17)
FN:142,updateUserSaga
FN:158,deleteUserSaga
FN:173,logger
FNF:9
FNH:1
FNDA:0,checkAuthenticationSaga
FNDA:0,watchSessionSaga
FNDA:0,logoutSaga
FNDA:0,loginSaga
FNDA:0,registrationSaga
FNDA:0,(anonymous_17)
FNDA:0,updateUserSaga
FNDA:0,deleteUserSaga
FNDA:4,logger
DA:1,4
DA:2,4
DA:4,4
DA:15,4
DA:17,4
DA:18,4
DA:19,4
DA:20,4
DA:23,0
DA:26,0
DA:27,0
DA:28,0
DA:29,0
DA:31,0
DA:34,0
DA:46,0
DA:49,0
DA:50,0
DA:51,0
DA:52,0
DA:53,0
DA:54,0
DA:55,0
DA:56,0
DA:64,0
DA:65,0
DA:69,0
DA:75,0
DA:77,0
DA:78,0
DA:79,0
DA:80,0
DA:81,0
DA:83,0
DA:84,0
DA:86,0
DA:87,0
DA:101,0
DA:104,0
DA:105,0
DA:106,0
DA:108,0
DA:110,0
DA:112,0
DA:114,0
DA:115,0
DA:121,0
DA:124,0
DA:125,0
DA:126,0
DA:128,0
DA:130,0
DA:131,0
DA:132,0
DA:134,0
DA:135,0
DA:137,0
DA:143,0
DA:146,0
DA:147,0
DA:148,0
DA:149,0
DA:150,0
DA:152,0
DA:153,0
DA:159,0
DA:162,0
DA:163,0
DA:164,0
DA:165,0
DA:166,0
DA:168,0
DA:169,0
DA:174,4
DA:175,0
DA:179,4
LF:76
LH:10
BRDA:31,0,0,0
BRDA:27,1,0,0
BRDA:27,1,1,0
BRDA:51,2,0,0
BRDA:51,2,1,0
BRDA:53,3,0,0
BRDA:53,3,1,0
BRDA:53,4,0,0
BRDA:53,4,1,0
BRDA:77,5,0,0
BRDA:78,6,0,0
BRDA:78,6,1,0
BRDA:104,7,0,0
BRDA:105,8,0,0
BRDA:105,8,1,0
BRDA:124,9,0,0
BRDA:125,10,0,0
BRDA:125,10,1,0
BRDA:134,11,0,0
BRDA:134,11,1,0
BRDA:146,12,0,0
BRDA:147,13,0,0
BRDA:147,13,1,0
BRDA:162,14,0,0
BRDA:163,15,0,0
BRDA:163,15,1,0
BRDA:174,16,0,0
BRDA:174,16,1,4
BRF:28
BRH:1
end_of_record
TN:
SF:/c/Users/PaoloCattani/Workspaces/Workspaces_private/calcetto/src/redux/sagas/index.ts
FNF:0
FNH:0
DA:1,4
DA:2,4
DA:3,4
DA:4,4
DA:5,4
DA:6,4
LF:6
LH:6
BRF:0
BRH:0
end_of_record
TN:
SF:/c/Users/PaoloCattani/Workspaces/Workspaces_private/calcetto/src/redux/sagas/pair.saga.ts
FN:7,getPairsSaga
FNF:1
FNH:0
FNDA:0,getPairsSaga
DA:1,4
DA:2,4
DA:3,4
DA:5,4
DA:7,0
DA:8,0
DA:11,4
LF:7
LH:5
BRDA:8,0,0,0
BRF:1
BRH:0
end_of_record
TN:
SF:/c/Users/PaoloCattani/Workspaces/Workspaces_private/calcetto/src/redux/sagas/player.saga.ts
FN:14,(anonymous_6)
FN:16,getPlayersSaga
FN:22,deletePlayersSaga
FN:29,(anonymous_11)
FN:33,savePlayerSaga
FN:36,(anonymous_14)
FN:41,updatePlayerSaga
FN:48,(anonymous_17)
FNF:8
FNH:0
FNDA:0,(anonymous_6)
FNDA:0,getPlayersSaga
FNDA:0,deletePlayersSaga
FNDA:0,(anonymous_11)
FNDA:0,savePlayerSaga
FNDA:0,(anonymous_14)
FNDA:0,updatePlayerSaga
FNDA:0,(anonymous_17)
DA:9,4
DA:10,4
DA:11,4
DA:12,4
DA:14,4
DA:17,0
DA:19,0
DA:23,0
DA:25,0
DA:29,0
DA:34,0
DA:36,0
DA:37,0
DA:42,0
DA:44,0
DA:48,0
DA:52,4
LF:17
LH:6
BRDA:14,0,0,0
BRDA:14,0,1,0
BRDA:14,1,0,0
BRDA:14,1,1,0
BRDA:19,2,0,0
BRDA:25,3,0,0
BRDA:36,4,0,0
BRDA:44,5,0,0
BRF:8
BRH:0
end_of_record
TN:
SF:/c/Users/PaoloCattani/Workspaces/Workspaces_private/calcetto/src/redux/sagas/stage1.saga.ts
FN:14,watchStage1Saga
FN:30,fetchSaga
FN:40,updateCellSaga
FN:52,updatePlacementSaga
FN:64,updateSelectedPairsSaga
FNF:5
FNH:0
FNDA:0,watchStage1Saga
FNDA:0,fetchSaga
FNDA:0,updateCellSaga
FNDA:0,updatePlacementSaga
FNDA:0,updateSelectedPairsSaga
DA:1,4
DA:2,4
DA:3,4
DA:11,4
DA:18,0
DA:19,0
DA:20,0
DA:21,0
DA:22,0
DA:23,0
DA:26,0
DA:32,0
DA:33,0
DA:35,0
DA:36,0
DA:44,0
DA:45,0
DA:47,0
DA:48,0
DA:56,0
DA:57,0
DA:59,0
DA:60,0
DA:68,0
DA:69,0
DA:71,0
DA:72,0
DA:73,0
DA:77,4
LF:29
LH:5
BRDA:21,0,0,0
BRDA:21,0,1,0
BRF:2
BRH:0
end_of_record
TN:
SF:/c/Users/PaoloCattani/Workspaces/Workspaces_private/calcetto/src/redux/sagas/stage2.saga.ts
FN:9,deleteStage2Saga
FN:23,fetchStage2Saga
FN:35,updateCellsSaga
FNF:3
FNH:0
FNDA:0,deleteStage2Saga
FNDA:0,fetchStage2Saga
FNDA:0,updateCellsSaga
DA:1,4
DA:2,4
DA:3,4
DA:5,4
DA:6,4
DA:7,4
DA:11,0
DA:12,0
DA:13,0
DA:14,0
DA:15,0
DA:16,0
DA:18,0
DA:19,0
DA:27,0
DA:28,0
DA:30,0
DA:31,0
DA:36,0
DA:39,0
DA:40,0
DA:42,0
DA:43,0
DA:47,4
LF:24
LH:7
BRF:0
BRH:0
end_of_record
TN:
SF:/c/Users/PaoloCattani/Workspaces/Workspaces_private/calcetto/src/redux/sagas/tournament.saga.ts
FN:17,getTournamentsSaga
FN:27,saveTournamentSaga
FN:45,updateTournamentSaga
FNF:3
FNH:0
FNDA:0,getTournamentsSaga
FNDA:0,saveTournamentSaga
FNDA:0,updateTournamentSaga
DA:1,4
DA:2,4
DA:10,4
DA:11,4
DA:12,4
DA:13,4
DA:14,4
DA:18,0
DA:20,0
DA:31,0
DA:32,0
DA:33,0
DA:34,0
DA:35,0
DA:37,0
DA:38,0
DA:41,0
DA:46,0
DA:48,0
DA:55,4
LF:20
LH:8
BRDA:20,0,0,0
BRDA:32,1,0,0
BRDA:32,1,1,0
BRDA:48,2,0,0
BRF:4
BRH:0
end_of_record
TN:
SF:/c/Users/PaoloCattani/Workspaces/Workspaces_private/calcetto/src/redux/sagas/utils.ts
FN:7,entityLifeCycle
FNF:1
FNH:0
FNDA:0,entityLifeCycle
DA:1,4
DA:2,4
DA:3,4
DA:4,4
DA:7,4
DA:16,0
DA:19,0
DA:21,0
DA:22,0
DA:25,0
DA:27,0
DA:28,0
DA:32,0
DA:33,0
DA:36,0
DA:38,0
DA:39,0
DA:43,0
LF:18
LH:5
BRDA:19,0,0,0
BRDA:19,0,1,0
BRDA:21,1,0,0
BRDA:21,1,1,0
BRDA:27,2,0,0
BRDA:27,2,1,0
BRDA:32,3,0,0
BRDA:32,3,1,0
BRDA:38,4,0,0
BRDA:38,4,1,0
BRF:10
BRH:0
end_of_record
TN:
SF:/c/Users/PaoloCattani/Workspaces/Workspaces_private/calcetto/src/redux/selectors/auth.selector.ts
FN:5,(anonymous_0)
FN:6,(anonymous_1)
FN:7,(anonymous_2)
FN:8,(anonymous_3)
FN:9,(anonymous_4)
FNF:5
FNH:1
FNDA:0,(anonymous_0)
FNDA:6,(anonymous_1)
FNDA:0,(anonymous_2)
FNDA:0,(anonymous_3)
FNDA:0,(anonymous_4)
DA:4,4
DA:5,0
DA:6,6
DA:7,0
DA:8,0
DA:9,0
LF:6
LH:2
BRF:0
BRH:0
end_of_record
TN:
SF:/c/Users/PaoloCattani/Workspaces/Workspaces_private/calcetto/src/redux/selectors/index.ts
FNF:0
FNH:0
DA:1,4
DA:2,4
DA:3,4
DA:4,4
DA:5,4
DA:6,4
LF:6
LH:6
BRF:0
BRH:0
end_of_record
TN:
SF:/c/Users/PaoloCattani/Workspaces/Workspaces_private/calcetto/src/redux/selectors/pair.selector.ts
FN:5,(anonymous_0)
FN:6,(anonymous_1)
FNF:2
FNH:0
FNDA:0,(anonymous_0)
FNDA:0,(anonymous_1)
DA:4,4
DA:5,0
DA:6,0
LF:3
LH:1
BRF:0
BRH:0
end_of_record
TN:
SF:/c/Users/PaoloCattani/Workspaces/Workspaces_private/calcetto/src/redux/selectors/player.selector.ts
FN:6,(anonymous_0)
FN:7,(anonymous_1)
FN:9,(anonymous_2)
FN:10,(anonymous_3)
FNF:4
FNH:0
FNDA:0,(anonymous_0)
FNDA:0,(anonymous_1)
FNDA:0,(anonymous_2)
FNDA:0,(anonymous_3)
DA:4,4
DA:6,0
DA:7,0
DA:9,0
DA:10,0
LF:5
LH:1
BRF:0
BRH:0
end_of_record
TN:
SF:/c/Users/PaoloCattani/Workspaces/Workspaces_private/calcetto/src/redux/selectors/stage1.selector.ts
FN:5,(anonymous_0)
FN:6,(anonymous_1)
FN:7,(anonymous_2)
FN:8,(anonymous_3)
FN:10,(anonymous_4)
FNF:5
FNH:0
FNDA:0,(anonymous_0)
FNDA:0,(anonymous_1)
FNDA:0,(anonymous_2)
FNDA:0,(anonymous_3)
FNDA:0,(anonymous_4)
DA:4,4
DA:5,0
DA:6,0
DA:7,0
DA:8,0
DA:10,0
LF:6
LH:1
BRDA:6,0,0,0
BRDA:6,0,1,0
BRF:2
BRH:0
end_of_record
TN:
SF:/c/Users/PaoloCattani/Workspaces/Workspaces_private/calcetto/src/redux/selectors/stage2.selector.ts
FN:5,(anonymous_0)
FN:6,(anonymous_1)
FN:7,(anonymous_2)
FNF:3
FNH:0
FNDA:0,(anonymous_0)
FNDA:0,(anonymous_1)
FNDA:0,(anonymous_2)
DA:4,4
DA:5,0
DA:6,0
DA:7,0
LF:4
LH:1
BRF:0
BRH:0
end_of_record
TN:
SF:/c/Users/PaoloCattani/Workspaces/Workspaces_private/calcetto/src/redux/selectors/tournament.selector.ts
FN:5,(anonymous_0)
FN:6,(anonymous_1)
FN:7,(anonymous_2)
FNF:3
FNH:2
FNDA:0,(anonymous_0)
FNDA:6,(anonymous_1)
FNDA:6,(anonymous_2)
DA:4,4
DA:5,0
DA:6,6
DA:7,6
LF:4
LH:3
BRF:0
BRH:0
end_of_record
TN:
SF:/c/Users/PaoloCattani/Workspaces/Workspaces_private/calcetto/src/redux/services/auth.service.ts
FN:15,(anonymous_15)
FN:28,(anonymous_16)
FN:28,(anonymous_17)
FN:32,(anonymous_19)
FN:32,(anonymous_20)
FN:36,(anonymous_22)
FN:36,(anonymous_23)
FN:40,(anonymous_25)
FN:44,(anonymous_28)
FN:45,(anonymous_29)
FN:49,(anonymous_31)
FN:71,(anonymous_34)
FN:72,(anonymous_35)
FN:74,(anonymous_36)
FN:77,(anonymous_37)
FN:87,(anonymous_38)
FN:96,(anonymous_39)
FNF:17
FNH:1
FNDA:4,(anonymous_15)
FNDA:0,(anonymous_16)
FNDA:0,(anonymous_17)
FNDA:0,(anonymous_19)
FNDA:0,(anonymous_20)
FNDA:0,(anonymous_22)
FNDA:0,(anonymous_23)
FNDA:0,(anonymous_25)
FNDA:0,(anonymous_28)
FNDA:0,(anonymous_29)
FNDA:0,(anonymous_31)
FNDA:0,(anonymous_34)
FNDA:0,(anonymous_35)
FNDA:0,(anonymous_36)
FNDA:0,(anonymous_37)
FNDA:0,(anonymous_38)
FNDA:0,(anonymous_39)
DA:10,4
DA:11,4
DA:12,4
DA:13,4
DA:15,4
DA:17,4
DA:19,4
DA:28,4
DA:29,0
DA:32,4
DA:33,0
DA:36,4
DA:37,0
DA:40,4
DA:41,0
DA:44,4
DA:45,0
DA:47,0
DA:49,4
DA:52,0
DA:53,0
DA:55,0
DA:56,0
DA:63,0
DA:71,4
DA:72,0
DA:74,0
DA:77,0
DA:78,0
DA:79,0
DA:80,0
DA:81,0
DA:82,0
DA:87,0
DA:88,0
DA:89,0
DA:90,0
DA:92,0
DA:93,0
DA:94,0
DA:96,0
DA:97,0
DA:98,0
DA:99,0
DA:100,0
DA:102,0
LF:46
LH:14
BRDA:15,0,0,4
BRDA:15,0,1,4
BRDA:29,1,0,0
BRDA:29,1,1,0
BRDA:33,2,0,0
BRDA:33,2,1,0
BRDA:37,3,0,0
BRDA:37,3,1,0
BRDA:41,4,0,0
BRDA:41,4,1,0
BRDA:47,5,0,0
BRDA:47,5,1,0
BRDA:53,6,0,0
BRDA:55,7,0,0
BRDA:55,7,1,0
BRDA:55,8,0,0
BRDA:55,8,1,0
BRDA:55,9,0,0
BRDA:55,9,1,0
BRDA:78,10,0,0
BRDA:78,10,1,0
BRDA:80,11,0,0
BRDA:80,11,1,0
BRF:23
BRH:2
end_of_record
TN:
SF:/c/Users/PaoloCattani/Workspaces/Workspaces_private/calcetto/src/redux/services/pair.service.ts
FN:6,(anonymous_15)
FN:29,(anonymous_18)
FNF:2
FNH:0
FNDA:0,(anonymous_15)
FNDA:0,(anonymous_18)
DA:2,4
DA:3,4
DA:4,4
DA:6,4
DA:8,0
DA:9,0
DA:13,0
DA:14,0
DA:15,0
DA:25,0
DA:29,4
DA:31,0
DA:36,0
DA:37,0
DA:39,0
LF:15
LH:5
BRF:0
BRH:0
end_of_record
TN:
SF:/c/Users/PaoloCattani/Workspaces/Workspaces_private/calcetto/src/redux/services/player.service.ts
FN:13,(anonymous_17)
FN:29,(anonymous_20)
FN:32,(anonymous_23)
FN:35,(anonymous_26)
FN:38,(anonymous_29)
FNF:5
FNH:1
FNDA:0,(anonymous_17)
FNDA:0,(anonymous_20)
FNDA:0,(anonymous_23)
FNDA:0,(anonymous_26)
FNDA:8,(anonymous_29)
DA:1,4
DA:10,4
DA:11,4
DA:13,4
DA:15,0
DA:19,0
DA:20,0
DA:25,0
DA:29,4
DA:30,0
DA:32,4
DA:33,0
DA:35,4
DA:36,0
DA:38,8
LF:15
LH:8
BRDA:15,0,0,0
BRDA:15,0,1,0
BRDA:22,1,0,0
BRDA:22,1,1,0
BRDA:43,2,0,8
BRDA:43,2,1,8
BRF:6
BRH:2
end_of_record
TN:
SF:/c/Users/PaoloCattani/Workspaces/Workspaces_private/calcetto/src/redux/services/stage1.service.ts
FN:14,(anonymous_15)
FN:29,(anonymous_18)
FN:42,(anonymous_21)
FN:47,(anonymous_24)
FN:55,(anonymous_25)
FN:55,(anonymous_26)
FN:68,(anonymous_28)
FN:69,(anonymous_29)
FN:71,(anonymous_30)
FN:74,(anonymous_31)
FN:84,(anonymous_32)
FN:93,(anonymous_33)
FNF:12
FNH:0
FNDA:0,(anonymous_15)
FNDA:0,(anonymous_18)
FNDA:0,(anonymous_21)
FNDA:0,(anonymous_24)
FNDA:0,(anonymous_25)
FNDA:0,(anonymous_26)
FNDA:0,(anonymous_28)
FNDA:0,(anonymous_29)
FNDA:0,(anonymous_30)
FNDA:0,(anonymous_31)
FNDA:0,(anonymous_32)
FNDA:0,(anonymous_33)
DA:1,4
DA:2,4
DA:11,4
DA:12,4
DA:14,4
DA:16,0
DA:17,0
DA:22,0
DA:23,0
DA:25,0
DA:29,4
DA:31,0
DA:36,0
DA:38,0
DA:42,4
DA:44,0
DA:47,0
DA:49,0
DA:51,0
DA:55,4
DA:57,0
DA:62,0
DA:63,0
DA:65,0
DA:68,4
DA:69,0
DA:71,0
DA:74,0
DA:75,0
DA:76,0
DA:77,0
DA:78,0
DA:79,0
DA:84,0
DA:85,0
DA:86,0
DA:87,0
DA:89,0
DA:90,0
DA:91,0
DA:93,0
DA:94,0
DA:95,0
DA:96,0
DA:97,0
DA:99,0
LF:46
LH:9
BRDA:75,0,0,0
BRDA:75,0,1,0
BRDA:77,1,0,0
BRDA:77,1,1,0
BRF:4
BRH:0
end_of_record
TN:
SF:/c/Users/PaoloCattani/Workspaces/Workspaces_private/calcetto/src/redux/services/stage2.service.ts
FN:6,(anonymous_17)
FN:6,(anonymous_18)
FN:15,(anonymous_20)
FN:15,(anonymous_21)
FN:28,(anonymous_23)
FN:28,(anonymous_24)
FN:39,(anonymous_26)
FNF:7
FNH:0
FNDA:0,(anonymous_17)
FNDA:0,(anonymous_18)
FNDA:0,(anonymous_20)
FNDA:0,(anonymous_21)
FNDA:0,(anonymous_23)
FNDA:0,(anonymous_24)
FNDA:0,(anonymous_26)
DA:2,4
DA:4,4
DA:6,4
DA:7,0
DA:12,0
DA:15,4
DA:17,0
DA:22,0
DA:24,0
DA:28,4
DA:30,0
DA:31,0
DA:32,0
DA:34,0
DA:36,0
DA:39,4
DA:40,0
DA:41,0
DA:44,0
DA:49,0
DA:50,0
DA:52,0
LF:22
LH:6
BRDA:7,0,0,0
BRDA:36,1,0,0
BRF:2
BRH:0
end_of_record
TN:
SF:/c/Users/PaoloCattani/Workspaces/Workspaces_private/calcetto/src/redux/services/tournament.service.ts
FN:11,(anonymous_13)
FN:11,(anonymous_14)
FN:16,(anonymous_16)
FN:16,(anonymous_17)
FN:19,(anonymous_19)
FN:19,(anonymous_20)
FNF:6
FNH:0
FNDA:0,(anonymous_13)
FNDA:0,(anonymous_14)
FNDA:0,(anonymous_16)
FNDA:0,(anonymous_17)
FNDA:0,(anonymous_19)
FNDA:0,(anonymous_20)
DA:9,4
DA:11,4
DA:12,0
DA:16,4
DA:17,0
DA:19,4
DA:20,0
LF:7
LH:4
BRDA:13,0,0,0
BRDA:13,0,1,0
BRDA:13,1,0,0
BRDA:13,1,1,0
BRDA:13,2,0,0
BRDA:13,2,1,0
BRF:6
BRH:0
end_of_record
TN:
SF:/c/Users/PaoloCattani/Workspaces/Workspaces_private/calcetto/src/test/commons.ts
FN:75,(anonymous_2)
FN:85,(anonymous_3)
FNF:2
FNH:2
FNDA:2,(anonymous_2)
FNDA:2,(anonymous_3)
DA:1,4
DA:4,4
DA:75,4
DA:76,2
DA:77,2
DA:82,2
DA:85,4
DA:86,2
DA:87,2
DA:92,2
DA:95,4
DA:218,4
DA:229,4
DA:246,4
LF:14
LH:14
BRF:0
BRH:0
end_of_record
TN:
SF:/c/Users/PaoloCattani/Workspaces/Workspaces_private/calcetto/src/test/test-utils.tsx
FN:19,(anonymous_9)
FN:21,(anonymous_10)
FNF:2
FNH:2
FNDA:13,(anonymous_9)
FNDA:13,(anonymous_10)
DA:2,3
DA:3,3
DA:4,3
DA:5,3
DA:6,3
DA:8,3
DA:9,3
DA:11,3
DA:12,3
DA:18,3
DA:19,3
DA:20,13
DA:21,13
DA:34,3
DA:37,3
LF:15
LH:15
BRDA:22,0,0,9
BRDA:22,0,1,4
BRDA:22,1,0,13
BRDA:22,1,1,13
BRF:4
BRH:4
end_of_record
